<?xml version="1.0" encoding="utf-8"?>
<CoverageSession xmlns:xsd="http://www.w3.org/2001/XMLSchema" xmlns:xsi="http://www.w3.org/2001/XMLSchema-instance" Version="4.6.0.0">
  <Summary numSequencePoints="241" visitedSequencePoints="200" numBranchPoints="91" visitedBranchPoints="78" sequenceCoverage="82.99" branchCoverage="85.71" maxCyclomaticComplexity="4" minCyclomaticComplexity="1" maxCrapScore="20" minCrapScore="1" visitedClasses="19" numClasses="20" visitedMethods="56" numMethods="59" />
  <Modules>
    <Module hash="7C-ED-B5-3C-D5-3F-0D-16-1F-43-63-2E-F8-B2-DD-C6-FC-39-8E-17">
      <Summary numSequencePoints="79" visitedSequencePoints="51" numBranchPoints="30" visitedBranchPoints="23" sequenceCoverage="64.56" branchCoverage="76.67" maxCyclomaticComplexity="4" minCyclomaticComplexity="1" maxCrapScore="20" minCrapScore="1" visitedClasses="10" numClasses="11" visitedMethods="13" numMethods="16" />
      <ModulePath>C:\Users\ndduser\Desktop\FlorianiProva\ProvaTDD\FlorianiProva\FlorianiProva.Aplicacao.Testes\bin\Debug\FlorianiProva.Dominio.dll</ModulePath>
      <ModuleTime>2018-06-19T21:47:40.7298086Z</ModuleTime>
      <ModuleName>FlorianiProva.Dominio</ModuleName>
      <Files>
        <File uid="1" fullPath="C:\Users\ndduser\Desktop\FlorianiProva\ProvaTDD\FlorianiProva\FlorianiProva.Dominio\Features\Resultados\Resultado.cs" />
        <File uid="2" fullPath="C:\Users\ndduser\Desktop\FlorianiProva\ProvaTDD\FlorianiProva\FlorianiProva.Dominio\Features\Resultados\Excecoes\NotaMenorQueZeroException.cs" />
        <File uid="3" fullPath="C:\Users\ndduser\Desktop\FlorianiProva\ProvaTDD\FlorianiProva\FlorianiProva.Dominio\Features\Avaliações\Avaliacao.cs" />
        <File uid="4" fullPath="C:\Users\ndduser\Desktop\FlorianiProva\ProvaTDD\FlorianiProva\FlorianiProva.Dominio\Features\Avaliações\Excecoes\AssuntoEmBrancoException.cs" />
        <File uid="5" fullPath="C:\Users\ndduser\Desktop\FlorianiProva\ProvaTDD\FlorianiProva\FlorianiProva.Dominio\Features\Alunos\Aluno.cs" />
        <File uid="6" fullPath="C:\Users\ndduser\Desktop\FlorianiProva\ProvaTDD\FlorianiProva\FlorianiProva.Dominio\Features\Alunos\Excecoes\AlunoComDoisResultadosException.cs" />
        <File uid="7" fullPath="C:\Users\ndduser\Desktop\FlorianiProva\ProvaTDD\FlorianiProva\FlorianiProva.Dominio\Features\Alunos\Excecoes\IdadeNegativaException.cs" />
        <File uid="8" fullPath="C:\Users\ndduser\Desktop\FlorianiProva\ProvaTDD\FlorianiProva\FlorianiProva.Dominio\Features\Alunos\Excecoes\NomeEmBrancoException.cs" />
        <File uid="9" fullPath="C:\Users\ndduser\Desktop\FlorianiProva\ProvaTDD\FlorianiProva\FlorianiProva.Dominio\Features\Alunos\Excecoes\NomeMuitoGrandeException.cs" />
        <File uid="10" fullPath="C:\Users\ndduser\Desktop\FlorianiProva\ProvaTDD\FlorianiProva\FlorianiProva.Dominio\Exceções\ExcecaoDeNegocio.cs" />
        <File uid="11" fullPath="C:\Users\ndduser\Desktop\FlorianiProva\ProvaTDD\FlorianiProva\FlorianiProva.Dominio\Exceções\ExcecaoIdentificadorInvalido.cs" />
      </Files>
      <Classes>
        <Class>
          <Summary numSequencePoints="10" visitedSequencePoints="10" numBranchPoints="4" visitedBranchPoints="4" sequenceCoverage="100" branchCoverage="100" maxCyclomaticComplexity="2" minCyclomaticComplexity="1" maxCrapScore="2" minCrapScore="1" visitedClasses="1" numClasses="1" visitedMethods="2" numMethods="2" />
          <FullName>FlorianiProva.Dominio.Features.Resultados.Resultado</FullName>
          <Methods>
            <Method skippedDueTo="AutoImplementedProperty" visited="false" cyclomaticComplexity="1" nPathComplexity="0" sequenceCoverage="0" branchCoverage="0" crapScore="0" isConstructor="false" isStatic="false" isGetter="true" isSetter="false">
              <MetadataToken>100663302</MetadataToken>
              <Name>System.Int32 FlorianiProva.Dominio.Features.Resultados.Resultado::get_Id()</Name>
              <FileRef uid="1" />
              <SequencePoints />
              <BranchPoints />
            </Method>
            <Method skippedDueTo="AutoImplementedProperty" visited="false" cyclomaticComplexity="1" nPathComplexity="0" sequenceCoverage="0" branchCoverage="0" crapScore="0" isConstructor="false" isStatic="false" isGetter="false" isSetter="true">
              <MetadataToken>100663303</MetadataToken>
              <Name>System.Void FlorianiProva.Dominio.Features.Resultados.Resultado::set_Id(System.Int32)</Name>
              <FileRef uid="1" />
              <SequencePoints />
              <BranchPoints />
            </Method>
            <Method skippedDueTo="AutoImplementedProperty" visited="false" cyclomaticComplexity="1" nPathComplexity="0" sequenceCoverage="0" branchCoverage="0" crapScore="0" isConstructor="false" isStatic="false" isGetter="true" isSetter="false">
              <MetadataToken>100663304</MetadataToken>
              <Name>System.Double FlorianiProva.Dominio.Features.Resultados.Resultado::get_Nota()</Name>
              <FileRef uid="1" />
              <SequencePoints />
              <BranchPoints />
            </Method>
            <Method skippedDueTo="AutoImplementedProperty" visited="false" cyclomaticComplexity="1" nPathComplexity="0" sequenceCoverage="0" branchCoverage="0" crapScore="0" isConstructor="false" isStatic="false" isGetter="false" isSetter="true">
              <MetadataToken>100663305</MetadataToken>
              <Name>System.Void FlorianiProva.Dominio.Features.Resultados.Resultado::set_Nota(System.Double)</Name>
              <FileRef uid="1" />
              <SequencePoints />
              <BranchPoints />
            </Method>
            <Method skippedDueTo="AutoImplementedProperty" visited="false" cyclomaticComplexity="1" nPathComplexity="0" sequenceCoverage="0" branchCoverage="0" crapScore="0" isConstructor="false" isStatic="false" isGetter="true" isSetter="false">
              <MetadataToken>100663306</MetadataToken>
              <Name>FlorianiProva.Dominio.Features.Alunos.Aluno FlorianiProva.Dominio.Features.Resultados.Resultado::get_Aluno()</Name>
              <FileRef uid="1" />
              <SequencePoints />
              <BranchPoints />
            </Method>
            <Method skippedDueTo="AutoImplementedProperty" visited="false" cyclomaticComplexity="1" nPathComplexity="0" sequenceCoverage="0" branchCoverage="0" crapScore="0" isConstructor="false" isStatic="false" isGetter="false" isSetter="true">
              <MetadataToken>100663307</MetadataToken>
              <Name>System.Void FlorianiProva.Dominio.Features.Resultados.Resultado::set_Aluno(FlorianiProva.Dominio.Features.Alunos.Aluno)</Name>
              <FileRef uid="1" />
              <SequencePoints />
              <BranchPoints />
            </Method>
            <Method skippedDueTo="AutoImplementedProperty" visited="false" cyclomaticComplexity="1" nPathComplexity="0" sequenceCoverage="0" branchCoverage="0" crapScore="0" isConstructor="false" isStatic="false" isGetter="true" isSetter="false">
              <MetadataToken>100663308</MetadataToken>
              <Name>FlorianiProva.Dominio.Features.Avaliações.Avaliacao FlorianiProva.Dominio.Features.Resultados.Resultado::get_Avaliacao()</Name>
              <FileRef uid="1" />
              <SequencePoints />
              <BranchPoints />
            </Method>
            <Method skippedDueTo="AutoImplementedProperty" visited="false" cyclomaticComplexity="1" nPathComplexity="0" sequenceCoverage="0" branchCoverage="0" crapScore="0" isConstructor="false" isStatic="false" isGetter="false" isSetter="true">
              <MetadataToken>100663309</MetadataToken>
              <Name>System.Void FlorianiProva.Dominio.Features.Resultados.Resultado::set_Avaliacao(FlorianiProva.Dominio.Features.Avaliações.Avaliacao)</Name>
              <FileRef uid="1" />
              <SequencePoints />
              <BranchPoints />
            </Method>
            <Method visited="true" cyclomaticComplexity="1" nPathComplexity="0" sequenceCoverage="100" branchCoverage="100" crapScore="1" isConstructor="true" isStatic="false" isGetter="false" isSetter="false">
              <Summary numSequencePoints="6" visitedSequencePoints="6" numBranchPoints="1" visitedBranchPoints="1" sequenceCoverage="100" branchCoverage="100" maxCyclomaticComplexity="1" minCyclomaticComplexity="1" maxCrapScore="1" minCrapScore="1" visitedClasses="0" numClasses="0" visitedMethods="1" numMethods="1" />
              <MetadataToken>100663310</MetadataToken>
              <Name>System.Void FlorianiProva.Dominio.Features.Resultados.Resultado::.ctor(FlorianiProva.Dominio.Features.Avaliações.Avaliacao,FlorianiProva.Dominio.Features.Alunos.Aluno,System.Double)</Name>
              <FileRef uid="1" />
              <SequencePoints>
                <SequencePoint vc="16" uspid="1" ordinal="0" offset="0" sl="19" sc="9" el="19" ec="72" bec="0" bev="0" fileid="1" />
                <SequencePoint vc="16" uspid="2" ordinal="1" offset="7" sl="20" sc="9" el="20" ec="10" bec="0" bev="0" fileid="1" />
                <SequencePoint vc="16" uspid="3" ordinal="2" offset="8" sl="21" sc="13" el="21" ec="35" bec="0" bev="0" fileid="1" />
                <SequencePoint vc="16" uspid="4" ordinal="3" offset="16" sl="22" sc="13" el="22" ec="27" bec="0" bev="0" fileid="1" />
                <SequencePoint vc="16" uspid="5" ordinal="4" offset="24" sl="23" sc="13" el="23" ec="25" bec="0" bev="0" fileid="1" />
                <SequencePoint vc="16" uspid="6" ordinal="5" offset="32" sl="24" sc="9" el="24" ec="10" bec="0" bev="0" fileid="1" />
              </SequencePoints>
              <BranchPoints />
              <MethodPoint xsi:type="SequencePoint" vc="16" uspid="1" ordinal="0" offset="0" sl="19" sc="9" el="19" ec="72" bec="0" bev="0" fileid="1" />
            </Method>
            <Method visited="true" cyclomaticComplexity="2" nPathComplexity="2" sequenceCoverage="100" branchCoverage="100" crapScore="2" isConstructor="false" isStatic="false" isGetter="false" isSetter="false">
              <Summary numSequencePoints="4" visitedSequencePoints="4" numBranchPoints="3" visitedBranchPoints="3" sequenceCoverage="100" branchCoverage="100" maxCyclomaticComplexity="2" minCyclomaticComplexity="2" maxCrapScore="2" minCrapScore="2" visitedClasses="0" numClasses="0" visitedMethods="1" numMethods="1" />
              <MetadataToken>100663311</MetadataToken>
              <Name>System.Void FlorianiProva.Dominio.Features.Resultados.Resultado::Validar()</Name>
              <FileRef uid="1" />
              <SequencePoints>
                <SequencePoint vc="4" uspid="7" ordinal="0" offset="0" sl="26" sc="9" el="26" ec="10" bec="0" bev="0" fileid="1" />
                <SequencePoint vc="4" uspid="8" ordinal="1" offset="1" sl="27" sc="13" el="27" ec="26" bec="2" bev="2" fileid="1" />
                <SequencePoint vc="2" uspid="9" ordinal="2" offset="22" sl="28" sc="17" el="28" ec="55" bec="0" bev="0" fileid="1" />
                <SequencePoint vc="2" uspid="10" ordinal="3" offset="28" sl="29" sc="9" el="29" ec="10" bec="0" bev="0" fileid="1" />
              </SequencePoints>
              <BranchPoints>
                <BranchPoint vc="2" uspid="11" ordinal="0" offset="20" sl="27" path="0" offsetend="22" fileid="1" />
                <BranchPoint vc="2" uspid="12" ordinal="1" offset="20" sl="27" path="1" offsetend="28" fileid="1" />
              </BranchPoints>
              <MethodPoint xsi:type="SequencePoint" vc="4" uspid="7" ordinal="0" offset="0" sl="26" sc="9" el="26" ec="10" bec="0" bev="0" fileid="1" />
            </Method>
          </Methods>
        </Class>
        <Class>
          <Summary numSequencePoints="3" visitedSequencePoints="3" numBranchPoints="1" visitedBranchPoints="1" sequenceCoverage="100" branchCoverage="100" maxCyclomaticComplexity="1" minCyclomaticComplexity="1" maxCrapScore="1" minCrapScore="1" visitedClasses="1" numClasses="1" visitedMethods="1" numMethods="1" />
          <FullName>FlorianiProva.Dominio.Features.Resultados.Excecoes.NotaMenorQueZeroException</FullName>
          <Methods>
            <Method visited="true" cyclomaticComplexity="1" nPathComplexity="0" sequenceCoverage="100" branchCoverage="100" crapScore="1" isConstructor="true" isStatic="false" isGetter="false" isSetter="false">
              <Summary numSequencePoints="3" visitedSequencePoints="3" numBranchPoints="1" visitedBranchPoints="1" sequenceCoverage="100" branchCoverage="100" maxCyclomaticComplexity="1" minCyclomaticComplexity="1" maxCrapScore="1" minCrapScore="1" visitedClasses="0" numClasses="0" visitedMethods="1" numMethods="1" />
              <MetadataToken>100663312</MetadataToken>
              <Name>System.Void FlorianiProva.Dominio.Features.Resultados.Excecoes.NotaMenorQueZeroException::.ctor()</Name>
              <FileRef uid="2" />
              <SequencePoints>
                <SequencePoint vc="2" uspid="13" ordinal="0" offset="0" sl="12" sc="46" el="12" ec="80" bec="0" bev="0" fileid="2" />
                <SequencePoint vc="2" uspid="14" ordinal="1" offset="12" sl="13" sc="9" el="13" ec="10" bec="0" bev="0" fileid="2" />
                <SequencePoint vc="2" uspid="15" ordinal="2" offset="13" sl="14" sc="9" el="14" ec="10" bec="0" bev="0" fileid="2" />
              </SequencePoints>
              <BranchPoints />
              <MethodPoint xsi:type="SequencePoint" vc="2" uspid="13" ordinal="0" offset="0" sl="12" sc="46" el="12" ec="80" bec="0" bev="0" fileid="2" />
            </Method>
          </Methods>
        </Class>
        <Class>
          <Summary numSequencePoints="8" visitedSequencePoints="8" numBranchPoints="4" visitedBranchPoints="4" sequenceCoverage="100" branchCoverage="100" maxCyclomaticComplexity="2" minCyclomaticComplexity="1" maxCrapScore="2" minCrapScore="1" visitedClasses="1" numClasses="1" visitedMethods="2" numMethods="2" />
          <FullName>FlorianiProva.Dominio.Features.Avaliações.Avaliacao</FullName>
          <Methods>
            <Method skippedDueTo="AutoImplementedProperty" visited="false" cyclomaticComplexity="1" nPathComplexity="0" sequenceCoverage="0" branchCoverage="0" crapScore="0" isConstructor="false" isStatic="false" isGetter="true" isSetter="false">
              <MetadataToken>100663313</MetadataToken>
              <Name>System.Int64 FlorianiProva.Dominio.Features.Avaliações.Avaliacao::get_Id()</Name>
              <FileRef uid="3" />
              <SequencePoints />
              <BranchPoints />
            </Method>
            <Method skippedDueTo="AutoImplementedProperty" visited="false" cyclomaticComplexity="1" nPathComplexity="0" sequenceCoverage="0" branchCoverage="0" crapScore="0" isConstructor="false" isStatic="false" isGetter="false" isSetter="true">
              <MetadataToken>100663314</MetadataToken>
              <Name>System.Void FlorianiProva.Dominio.Features.Avaliações.Avaliacao::set_Id(System.Int64)</Name>
              <FileRef uid="3" />
              <SequencePoints />
              <BranchPoints />
            </Method>
            <Method skippedDueTo="AutoImplementedProperty" visited="false" cyclomaticComplexity="1" nPathComplexity="0" sequenceCoverage="0" branchCoverage="0" crapScore="0" isConstructor="false" isStatic="false" isGetter="true" isSetter="false">
              <MetadataToken>100663315</MetadataToken>
              <Name>System.String FlorianiProva.Dominio.Features.Avaliações.Avaliacao::get_Assunto()</Name>
              <FileRef uid="3" />
              <SequencePoints />
              <BranchPoints />
            </Method>
            <Method skippedDueTo="AutoImplementedProperty" visited="false" cyclomaticComplexity="1" nPathComplexity="0" sequenceCoverage="0" branchCoverage="0" crapScore="0" isConstructor="false" isStatic="false" isGetter="false" isSetter="true">
              <MetadataToken>100663316</MetadataToken>
              <Name>System.Void FlorianiProva.Dominio.Features.Avaliações.Avaliacao::set_Assunto(System.String)</Name>
              <FileRef uid="3" />
              <SequencePoints />
              <BranchPoints />
            </Method>
            <Method skippedDueTo="AutoImplementedProperty" visited="false" cyclomaticComplexity="1" nPathComplexity="0" sequenceCoverage="0" branchCoverage="0" crapScore="0" isConstructor="false" isStatic="false" isGetter="true" isSetter="false">
              <MetadataToken>100663317</MetadataToken>
              <Name>System.DateTime FlorianiProva.Dominio.Features.Avaliações.Avaliacao::get_Data()</Name>
              <FileRef uid="3" />
              <SequencePoints />
              <BranchPoints />
            </Method>
            <Method skippedDueTo="AutoImplementedProperty" visited="false" cyclomaticComplexity="1" nPathComplexity="0" sequenceCoverage="0" branchCoverage="0" crapScore="0" isConstructor="false" isStatic="false" isGetter="false" isSetter="true">
              <MetadataToken>100663318</MetadataToken>
              <Name>System.Void FlorianiProva.Dominio.Features.Avaliações.Avaliacao::set_Data(System.DateTime)</Name>
              <FileRef uid="3" />
              <SequencePoints />
              <BranchPoints />
            </Method>
            <Method skippedDueTo="AutoImplementedProperty" visited="false" cyclomaticComplexity="1" nPathComplexity="0" sequenceCoverage="0" branchCoverage="0" crapScore="0" isConstructor="false" isStatic="false" isGetter="true" isSetter="false">
              <MetadataToken>100663319</MetadataToken>
              <Name>System.Collections.Generic.List`1&lt;FlorianiProva.Dominio.Features.Resultados.Resultado&gt; FlorianiProva.Dominio.Features.Avaliações.Avaliacao::get_Resultados()</Name>
              <FileRef uid="3" />
              <SequencePoints />
              <BranchPoints />
            </Method>
            <Method skippedDueTo="AutoImplementedProperty" visited="false" cyclomaticComplexity="1" nPathComplexity="0" sequenceCoverage="0" branchCoverage="0" crapScore="0" isConstructor="false" isStatic="false" isGetter="false" isSetter="true">
              <MetadataToken>100663320</MetadataToken>
              <Name>System.Void FlorianiProva.Dominio.Features.Avaliações.Avaliacao::set_Resultados(System.Collections.Generic.List`1&lt;FlorianiProva.Dominio.Features.Resultados.Resultado&gt;)</Name>
              <FileRef uid="3" />
              <SequencePoints />
              <BranchPoints />
            </Method>
            <Method visited="true" cyclomaticComplexity="1" nPathComplexity="0" sequenceCoverage="100" branchCoverage="100" crapScore="1" isConstructor="true" isStatic="false" isGetter="false" isSetter="false">
              <Summary numSequencePoints="4" visitedSequencePoints="4" numBranchPoints="1" visitedBranchPoints="1" sequenceCoverage="100" branchCoverage="100" maxCyclomaticComplexity="1" minCyclomaticComplexity="1" maxCrapScore="1" minCrapScore="1" visitedClasses="0" numClasses="0" visitedMethods="1" numMethods="1" />
              <MetadataToken>100663321</MetadataToken>
              <Name>System.Void FlorianiProva.Dominio.Features.Avaliações.Avaliacao::.ctor()</Name>
              <FileRef uid="3" />
              <SequencePoints>
                <SequencePoint vc="40" uspid="16" ordinal="0" offset="0" sl="17" sc="9" el="17" ec="27" bec="0" bev="0" fileid="3" />
                <SequencePoint vc="40" uspid="17" ordinal="1" offset="7" sl="18" sc="9" el="18" ec="10" bec="0" bev="0" fileid="3" />
                <SequencePoint vc="40" uspid="18" ordinal="2" offset="8" sl="19" sc="13" el="19" ec="48" bec="0" bev="0" fileid="3" />
                <SequencePoint vc="40" uspid="19" ordinal="3" offset="20" sl="20" sc="9" el="20" ec="10" bec="0" bev="0" fileid="3" />
              </SequencePoints>
              <BranchPoints />
              <MethodPoint xsi:type="SequencePoint" vc="40" uspid="16" ordinal="0" offset="0" sl="17" sc="9" el="17" ec="27" bec="0" bev="0" fileid="3" />
            </Method>
            <Method visited="true" cyclomaticComplexity="2" nPathComplexity="2" sequenceCoverage="100" branchCoverage="100" crapScore="2" isConstructor="false" isStatic="false" isGetter="false" isSetter="false">
              <Summary numSequencePoints="4" visitedSequencePoints="4" numBranchPoints="3" visitedBranchPoints="3" sequenceCoverage="100" branchCoverage="100" maxCyclomaticComplexity="2" minCyclomaticComplexity="2" maxCrapScore="2" minCrapScore="2" visitedClasses="0" numClasses="0" visitedMethods="1" numMethods="1" />
              <MetadataToken>100663322</MetadataToken>
              <Name>System.Void FlorianiProva.Dominio.Features.Avaliações.Avaliacao::Validar()</Name>
              <FileRef uid="3" />
              <SequencePoints>
                <SequencePoint vc="6" uspid="20" ordinal="0" offset="0" sl="22" sc="9" el="22" ec="10" bec="0" bev="0" fileid="3" />
                <SequencePoint vc="6" uspid="21" ordinal="1" offset="1" sl="23" sc="13" el="23" ec="47" bec="2" bev="2" fileid="3" />
                <SequencePoint vc="2" uspid="22" ordinal="2" offset="16" sl="24" sc="17" el="24" ec="54" bec="0" bev="0" fileid="3" />
                <SequencePoint vc="4" uspid="23" ordinal="3" offset="22" sl="25" sc="9" el="25" ec="10" bec="0" bev="0" fileid="3" />
              </SequencePoints>
              <BranchPoints>
                <BranchPoint vc="2" uspid="24" ordinal="0" offset="14" sl="23" path="0" offsetend="16" fileid="3" />
                <BranchPoint vc="4" uspid="25" ordinal="1" offset="14" sl="23" path="1" offsetend="22" fileid="3" />
              </BranchPoints>
              <MethodPoint xsi:type="SequencePoint" vc="6" uspid="20" ordinal="0" offset="0" sl="22" sc="9" el="22" ec="10" bec="0" bev="0" fileid="3" />
            </Method>
          </Methods>
        </Class>
        <Class>
          <Summary numSequencePoints="3" visitedSequencePoints="3" numBranchPoints="1" visitedBranchPoints="1" sequenceCoverage="100" branchCoverage="100" maxCyclomaticComplexity="1" minCyclomaticComplexity="1" maxCrapScore="1" minCrapScore="1" visitedClasses="1" numClasses="1" visitedMethods="1" numMethods="1" />
          <FullName>FlorianiProva.Dominio.Features.Avaliações.Excecoes.AssuntoEmBrancoException</FullName>
          <Methods>
            <Method visited="true" cyclomaticComplexity="1" nPathComplexity="0" sequenceCoverage="100" branchCoverage="100" crapScore="1" isConstructor="true" isStatic="false" isGetter="false" isSetter="false">
              <Summary numSequencePoints="3" visitedSequencePoints="3" numBranchPoints="1" visitedBranchPoints="1" sequenceCoverage="100" branchCoverage="100" maxCyclomaticComplexity="1" minCyclomaticComplexity="1" maxCrapScore="1" minCrapScore="1" visitedClasses="0" numClasses="0" visitedMethods="1" numMethods="1" />
              <MetadataToken>100663328</MetadataToken>
              <Name>System.Void FlorianiProva.Dominio.Features.Avaliações.Excecoes.AssuntoEmBrancoException::.ctor()</Name>
              <FileRef uid="4" />
              <SequencePoints>
                <SequencePoint vc="2" uspid="26" ordinal="0" offset="0" sl="12" sc="45" el="12" ec="85" bec="0" bev="0" fileid="4" />
                <SequencePoint vc="2" uspid="27" ordinal="1" offset="12" sl="13" sc="9" el="13" ec="10" bec="0" bev="0" fileid="4" />
                <SequencePoint vc="2" uspid="28" ordinal="2" offset="13" sl="14" sc="9" el="14" ec="10" bec="0" bev="0" fileid="4" />
              </SequencePoints>
              <BranchPoints />
              <MethodPoint xsi:type="SequencePoint" vc="2" uspid="26" ordinal="0" offset="0" sl="12" sc="45" el="12" ec="85" bec="0" bev="0" fileid="4" />
            </Method>
          </Methods>
        </Class>
        <Class>
          <Summary numSequencePoints="37" visitedSequencePoints="12" numBranchPoints="14" visitedBranchPoints="8" sequenceCoverage="32.43" branchCoverage="57.14" maxCyclomaticComplexity="4" minCyclomaticComplexity="1" maxCrapScore="20" minCrapScore="1" visitedClasses="1" numClasses="1" visitedMethods="2" numMethods="4" />
          <FullName>FlorianiProva.Dominio.Features.Alunos.Aluno</FullName>
          <Methods>
            <Method skippedDueTo="AutoImplementedProperty" visited="false" cyclomaticComplexity="1" nPathComplexity="0" sequenceCoverage="0" branchCoverage="0" crapScore="0" isConstructor="false" isStatic="false" isGetter="true" isSetter="false">
              <MetadataToken>100663329</MetadataToken>
              <Name>System.Int64 FlorianiProva.Dominio.Features.Alunos.Aluno::get_Id()</Name>
              <FileRef uid="5" />
              <SequencePoints />
              <BranchPoints />
            </Method>
            <Method skippedDueTo="AutoImplementedProperty" visited="false" cyclomaticComplexity="1" nPathComplexity="0" sequenceCoverage="0" branchCoverage="0" crapScore="0" isConstructor="false" isStatic="false" isGetter="false" isSetter="true">
              <MetadataToken>100663330</MetadataToken>
              <Name>System.Void FlorianiProva.Dominio.Features.Alunos.Aluno::set_Id(System.Int64)</Name>
              <FileRef uid="5" />
              <SequencePoints />
              <BranchPoints />
            </Method>
            <Method skippedDueTo="AutoImplementedProperty" visited="false" cyclomaticComplexity="1" nPathComplexity="0" sequenceCoverage="0" branchCoverage="0" crapScore="0" isConstructor="false" isStatic="false" isGetter="true" isSetter="false">
              <MetadataToken>100663331</MetadataToken>
              <Name>System.String FlorianiProva.Dominio.Features.Alunos.Aluno::get_Nome()</Name>
              <FileRef uid="5" />
              <SequencePoints />
              <BranchPoints />
            </Method>
            <Method skippedDueTo="AutoImplementedProperty" visited="false" cyclomaticComplexity="1" nPathComplexity="0" sequenceCoverage="0" branchCoverage="0" crapScore="0" isConstructor="false" isStatic="false" isGetter="false" isSetter="true">
              <MetadataToken>100663332</MetadataToken>
              <Name>System.Void FlorianiProva.Dominio.Features.Alunos.Aluno::set_Nome(System.String)</Name>
              <FileRef uid="5" />
              <SequencePoints />
              <BranchPoints />
            </Method>
            <Method skippedDueTo="AutoImplementedProperty" visited="false" cyclomaticComplexity="1" nPathComplexity="0" sequenceCoverage="0" branchCoverage="0" crapScore="0" isConstructor="false" isStatic="false" isGetter="true" isSetter="false">
              <MetadataToken>100663333</MetadataToken>
              <Name>System.Int32 FlorianiProva.Dominio.Features.Alunos.Aluno::get_Idade()</Name>
              <FileRef uid="5" />
              <SequencePoints />
              <BranchPoints />
            </Method>
            <Method skippedDueTo="AutoImplementedProperty" visited="false" cyclomaticComplexity="1" nPathComplexity="0" sequenceCoverage="0" branchCoverage="0" crapScore="0" isConstructor="false" isStatic="false" isGetter="false" isSetter="true">
              <MetadataToken>100663334</MetadataToken>
              <Name>System.Void FlorianiProva.Dominio.Features.Alunos.Aluno::set_Idade(System.Int32)</Name>
              <FileRef uid="5" />
              <SequencePoints />
              <BranchPoints />
            </Method>
            <Method skippedDueTo="AutoImplementedProperty" visited="false" cyclomaticComplexity="1" nPathComplexity="0" sequenceCoverage="0" branchCoverage="0" crapScore="0" isConstructor="false" isStatic="false" isGetter="true" isSetter="false">
              <MetadataToken>100663335</MetadataToken>
              <Name>System.Collections.Generic.List`1&lt;FlorianiProva.Dominio.Features.Resultados.Resultado&gt; FlorianiProva.Dominio.Features.Alunos.Aluno::get_Resultados()</Name>
              <FileRef uid="5" />
              <SequencePoints />
              <BranchPoints />
            </Method>
            <Method skippedDueTo="AutoImplementedProperty" visited="false" cyclomaticComplexity="1" nPathComplexity="0" sequenceCoverage="0" branchCoverage="0" crapScore="0" isConstructor="false" isStatic="false" isGetter="false" isSetter="true">
              <MetadataToken>100663336</MetadataToken>
              <Name>System.Void FlorianiProva.Dominio.Features.Alunos.Aluno::set_Resultados(System.Collections.Generic.List`1&lt;FlorianiProva.Dominio.Features.Resultados.Resultado&gt;)</Name>
              <FileRef uid="5" />
              <SequencePoints />
              <BranchPoints />
            </Method>
            <Method visited="true" cyclomaticComplexity="1" nPathComplexity="0" sequenceCoverage="100" branchCoverage="100" crapScore="1" isConstructor="true" isStatic="false" isGetter="false" isSetter="false">
              <Summary numSequencePoints="4" visitedSequencePoints="4" numBranchPoints="1" visitedBranchPoints="1" sequenceCoverage="100" branchCoverage="100" maxCyclomaticComplexity="1" minCyclomaticComplexity="1" maxCrapScore="1" minCrapScore="1" visitedClasses="0" numClasses="0" visitedMethods="1" numMethods="1" />
              <MetadataToken>100663337</MetadataToken>
              <Name>System.Void FlorianiProva.Dominio.Features.Alunos.Aluno::.ctor()</Name>
              <FileRef uid="5" />
              <SequencePoints>
                <SequencePoint vc="47" uspid="29" ordinal="0" offset="0" sl="18" sc="9" el="18" ec="23" bec="0" bev="0" fileid="5" />
                <SequencePoint vc="47" uspid="30" ordinal="1" offset="7" sl="19" sc="9" el="19" ec="10" bec="0" bev="0" fileid="5" />
                <SequencePoint vc="47" uspid="31" ordinal="2" offset="8" sl="20" sc="13" el="20" ec="48" bec="0" bev="0" fileid="5" />
                <SequencePoint vc="47" uspid="32" ordinal="3" offset="20" sl="21" sc="9" el="21" ec="10" bec="0" bev="0" fileid="5" />
              </SequencePoints>
              <BranchPoints />
              <MethodPoint xsi:type="SequencePoint" vc="47" uspid="29" ordinal="0" offset="0" sl="18" sc="9" el="18" ec="23" bec="0" bev="0" fileid="5" />
            </Method>
            <Method visited="false" cyclomaticComplexity="2" nPathComplexity="0" sequenceCoverage="0" branchCoverage="0" crapScore="6" isConstructor="false" isStatic="false" isGetter="false" isSetter="false">
              <Summary numSequencePoints="16" visitedSequencePoints="0" numBranchPoints="1" visitedBranchPoints="0" sequenceCoverage="0" branchCoverage="0" maxCyclomaticComplexity="2" minCyclomaticComplexity="2" maxCrapScore="6" minCrapScore="6" visitedClasses="0" numClasses="0" visitedMethods="0" numMethods="1" />
              <MetadataToken>100663338</MetadataToken>
              <Name>System.Double FlorianiProva.Dominio.Features.Alunos.Aluno::CalcularMedia()</Name>
              <FileRef uid="5" />
              <SequencePoints>
                <SequencePoint vc="0" uspid="33" ordinal="0" offset="0" sl="23" sc="9" el="23" ec="10" bec="0" bev="0" fileid="5" />
                <SequencePoint vc="0" uspid="34" ordinal="1" offset="1" sl="24" sc="13" el="24" ec="30" bec="0" bev="0" fileid="5" />
                <SequencePoint vc="0" uspid="35" ordinal="2" offset="3" sl="25" sc="13" el="25" ec="30" bec="0" bev="0" fileid="5" />
                <SequencePoint vc="0" uspid="36" ordinal="3" offset="13" sl="26" sc="13" el="26" ec="20" bec="0" bev="0" fileid="5" />
                <SequencePoint vc="0" uspid="37" ordinal="4" offset="14" sl="26" sc="39" el="26" ec="49" bec="0" bev="0" fileid="5" />
                <SequencePoint vc="0" uspid="38" ordinal="5" offset="28" sl="26" sc="22" el="26" ec="35" bec="0" bev="0" fileid="5" />
                <SequencePoint vc="0" uspid="39" ordinal="6" offset="36" sl="27" sc="13" el="27" ec="14" bec="0" bev="0" fileid="5" />
                <SequencePoint vc="0" uspid="40" ordinal="7" offset="37" sl="28" sc="17" el="28" ec="41" bec="0" bev="0" fileid="5" />
                <SequencePoint vc="0" uspid="41" ordinal="8" offset="46" sl="29" sc="17" el="29" ec="28" bec="0" bev="0" fileid="5" />
                <SequencePoint vc="0" uspid="42" ordinal="9" offset="50" sl="30" sc="13" el="30" ec="14" bec="0" bev="0" fileid="5" />
                <SequencePoint vc="0" uspid="43" ordinal="10" offset="51" sl="26" sc="36" el="26" ec="38" bec="0" bev="0" fileid="5" />
                <SequencePoint vc="0" uspid="44" ordinal="11" offset="77" sl="31" sc="13" el="31" ec="38" bec="0" bev="0" fileid="5" />
                <SequencePoint vc="0" uspid="45" ordinal="12" offset="82" sl="33" sc="13" el="33" ec="42" bec="0" bev="0" fileid="5" />
                <SequencePoint vc="0" uspid="46" ordinal="13" offset="89" sl="35" sc="13" el="35" ec="44" bec="0" bev="0" fileid="5" />
                <SequencePoint vc="0" uspid="47" ordinal="14" offset="99" sl="37" sc="13" el="37" ec="26" bec="0" bev="0" fileid="5" />
                <SequencePoint vc="0" uspid="48" ordinal="15" offset="104" sl="38" sc="9" el="38" ec="10" bec="0" bev="0" fileid="5" />
              </SequencePoints>
              <BranchPoints />
              <MethodPoint xsi:type="SequencePoint" vc="0" uspid="33" ordinal="0" offset="0" sl="23" sc="9" el="23" ec="10" bec="0" bev="0" fileid="5" />
            </Method>
            <Method visited="false" cyclomaticComplexity="4" nPathComplexity="4" sequenceCoverage="0" branchCoverage="0" crapScore="20" isConstructor="false" isStatic="false" isGetter="false" isSetter="false">
              <Summary numSequencePoints="9" visitedSequencePoints="0" numBranchPoints="5" visitedBranchPoints="0" sequenceCoverage="0" branchCoverage="0" maxCyclomaticComplexity="4" minCyclomaticComplexity="4" maxCrapScore="20" minCrapScore="20" visitedClasses="0" numClasses="0" visitedMethods="0" numMethods="1" />
              <MetadataToken>100663339</MetadataToken>
              <Name>System.Double FlorianiProva.Dominio.Features.Alunos.Aluno::Arredondamento(System.Double)</Name>
              <FileRef uid="5" />
              <SequencePoints>
                <SequencePoint vc="0" uspid="51" ordinal="0" offset="0" sl="40" sc="9" el="40" ec="10" bec="0" bev="0" fileid="5" />
                <SequencePoint vc="0" uspid="52" ordinal="1" offset="1" sl="41" sc="13" el="41" ec="57" bec="0" bev="0" fileid="5" />
                <SequencePoint vc="0" uspid="53" ordinal="2" offset="8" sl="43" sc="13" el="43" ec="54" bec="0" bev="0" fileid="5" />
                <SequencePoint vc="0" uspid="54" ordinal="3" offset="12" sl="45" sc="13" el="45" ec="34" bec="2" bev="0" fileid="5" />
                <SequencePoint vc="0" uspid="55" ordinal="4" offset="28" sl="46" sc="17" el="46" ec="26" bec="0" bev="0" fileid="5" />
                <SequencePoint vc="0" uspid="56" ordinal="5" offset="40" sl="47" sc="18" el="47" ec="64" bec="2" bev="0" fileid="5" />
                <SequencePoint vc="0" uspid="57" ordinal="6" offset="73" sl="48" sc="17" el="48" ec="28" bec="0" bev="0" fileid="5" />
                <SequencePoint vc="0" uspid="58" ordinal="7" offset="85" sl="50" sc="17" el="50" ec="26" bec="0" bev="0" fileid="5" />
                <SequencePoint vc="0" uspid="59" ordinal="8" offset="97" sl="51" sc="9" el="51" ec="10" bec="0" bev="0" fileid="5" />
              </SequencePoints>
              <BranchPoints>
                <BranchPoint vc="0" uspid="60" ordinal="0" offset="26" sl="45" path="0" offsetend="28" fileid="5" />
                <BranchPoint vc="0" uspid="61" ordinal="1" offset="26" sl="45" path="1" offsetend="40" fileid="5" />
                <BranchPoint vc="0" uspid="64" ordinal="4" offset="71" sl="47" path="0" offsetend="73" fileid="5" />
                <BranchPoint vc="0" uspid="65" ordinal="5" offset="71" sl="47" path="1" offsetend="85" fileid="5" />
              </BranchPoints>
              <MethodPoint xsi:type="SequencePoint" vc="0" uspid="51" ordinal="0" offset="0" sl="40" sc="9" el="40" ec="10" bec="0" bev="0" fileid="5" />
            </Method>
            <Method visited="true" cyclomaticComplexity="4" nPathComplexity="8" sequenceCoverage="100" branchCoverage="100" crapScore="4" isConstructor="false" isStatic="false" isGetter="false" isSetter="false">
              <Summary numSequencePoints="8" visitedSequencePoints="8" numBranchPoints="7" visitedBranchPoints="7" sequenceCoverage="100" branchCoverage="100" maxCyclomaticComplexity="4" minCyclomaticComplexity="4" maxCrapScore="4" minCrapScore="4" visitedClasses="0" numClasses="0" visitedMethods="1" numMethods="1" />
              <MetadataToken>100663340</MetadataToken>
              <Name>System.Void FlorianiProva.Dominio.Features.Alunos.Aluno::Validar()</Name>
              <FileRef uid="5" />
              <SequencePoints>
                <SequencePoint vc="11" uspid="66" ordinal="0" offset="0" sl="53" sc="9" el="53" ec="10" bec="0" bev="0" fileid="5" />
                <SequencePoint vc="11" uspid="67" ordinal="1" offset="1" sl="54" sc="13" el="54" ec="44" bec="2" bev="2" fileid="5" />
                <SequencePoint vc="2" uspid="68" ordinal="2" offset="16" sl="55" sc="17" el="55" ec="51" bec="0" bev="0" fileid="5" />
                <SequencePoint vc="9" uspid="69" ordinal="3" offset="22" sl="56" sc="13" el="56" ec="35" bec="2" bev="2" fileid="5" />
                <SequencePoint vc="2" uspid="70" ordinal="4" offset="44" sl="57" sc="17" el="57" ec="54" bec="0" bev="0" fileid="5" />
                <SequencePoint vc="7" uspid="71" ordinal="5" offset="50" sl="58" sc="13" el="58" ec="27" bec="2" bev="2" fileid="5" />
                <SequencePoint vc="2" uspid="72" ordinal="6" offset="63" sl="59" sc="17" el="59" ec="52" bec="0" bev="0" fileid="5" />
                <SequencePoint vc="5" uspid="73" ordinal="7" offset="69" sl="60" sc="9" el="60" ec="10" bec="0" bev="0" fileid="5" />
              </SequencePoints>
              <BranchPoints>
                <BranchPoint vc="2" uspid="74" ordinal="0" offset="14" sl="54" path="0" offsetend="16" fileid="5" />
                <BranchPoint vc="9" uspid="75" ordinal="1" offset="14" sl="54" path="1" offsetend="22" fileid="5" />
                <BranchPoint vc="2" uspid="76" ordinal="2" offset="42" sl="56" path="0" offsetend="44" fileid="5" />
                <BranchPoint vc="7" uspid="77" ordinal="3" offset="42" sl="56" path="1" offsetend="50" fileid="5" />
                <BranchPoint vc="2" uspid="78" ordinal="4" offset="61" sl="58" path="0" offsetend="63" fileid="5" />
                <BranchPoint vc="5" uspid="79" ordinal="5" offset="61" sl="58" path="1" offsetend="69" fileid="5" />
              </BranchPoints>
              <MethodPoint xsi:type="SequencePoint" vc="11" uspid="66" ordinal="0" offset="0" sl="53" sc="9" el="53" ec="10" bec="0" bev="0" fileid="5" />
            </Method>
          </Methods>
        </Class>
        <Class>
          <Summary numSequencePoints="3" visitedSequencePoints="0" numBranchPoints="1" visitedBranchPoints="0" sequenceCoverage="0" branchCoverage="0" maxCyclomaticComplexity="1" minCyclomaticComplexity="1" maxCrapScore="2" minCrapScore="2" visitedClasses="0" numClasses="1" visitedMethods="0" numMethods="1" />
          <FullName>FlorianiProva.Dominio.Features.Alunos.Excecoes.AlunoComDoisResultadosException</FullName>
          <Methods>
            <Method visited="false" cyclomaticComplexity="1" nPathComplexity="0" sequenceCoverage="0" branchCoverage="0" crapScore="2" isConstructor="true" isStatic="false" isGetter="false" isSetter="false">
              <Summary numSequencePoints="3" visitedSequencePoints="0" numBranchPoints="1" visitedBranchPoints="0" sequenceCoverage="0" branchCoverage="0" maxCyclomaticComplexity="1" minCyclomaticComplexity="1" maxCrapScore="2" minCrapScore="2" visitedClasses="0" numClasses="0" visitedMethods="0" numMethods="1" />
              <MetadataToken>100663346</MetadataToken>
              <Name>System.Void FlorianiProva.Dominio.Features.Alunos.Excecoes.AlunoComDoisResultadosException::.ctor()</Name>
              <FileRef uid="6" />
              <SequencePoints>
                <SequencePoint vc="0" uspid="80" ordinal="0" offset="0" sl="12" sc="52" el="12" ec="94" bec="0" bev="0" fileid="6" />
                <SequencePoint vc="0" uspid="81" ordinal="1" offset="12" sl="13" sc="9" el="13" ec="10" bec="0" bev="0" fileid="6" />
                <SequencePoint vc="0" uspid="82" ordinal="2" offset="13" sl="14" sc="9" el="14" ec="10" bec="0" bev="0" fileid="6" />
              </SequencePoints>
              <BranchPoints />
              <MethodPoint xsi:type="SequencePoint" vc="0" uspid="80" ordinal="0" offset="0" sl="12" sc="52" el="12" ec="94" bec="0" bev="0" fileid="6" />
            </Method>
          </Methods>
        </Class>
        <Class>
          <Summary numSequencePoints="3" visitedSequencePoints="3" numBranchPoints="1" visitedBranchPoints="1" sequenceCoverage="100" branchCoverage="100" maxCyclomaticComplexity="1" minCyclomaticComplexity="1" maxCrapScore="1" minCrapScore="1" visitedClasses="1" numClasses="1" visitedMethods="1" numMethods="1" />
          <FullName>FlorianiProva.Dominio.Features.Alunos.Excecoes.IdadeNegativaException</FullName>
          <Methods>
            <Method visited="true" cyclomaticComplexity="1" nPathComplexity="0" sequenceCoverage="100" branchCoverage="100" crapScore="1" isConstructor="true" isStatic="false" isGetter="false" isSetter="false">
              <Summary numSequencePoints="3" visitedSequencePoints="3" numBranchPoints="1" visitedBranchPoints="1" sequenceCoverage="100" branchCoverage="100" maxCyclomaticComplexity="1" minCyclomaticComplexity="1" maxCrapScore="1" minCrapScore="1" visitedClasses="0" numClasses="0" visitedMethods="1" numMethods="1" />
              <MetadataToken>100663347</MetadataToken>
              <Name>System.Void FlorianiProva.Dominio.Features.Alunos.Excecoes.IdadeNegativaException::.ctor()</Name>
              <FileRef uid="7" />
              <SequencePoints>
                <SequencePoint vc="2" uspid="83" ordinal="0" offset="0" sl="12" sc="43" el="12" ec="78" bec="0" bev="0" fileid="7" />
                <SequencePoint vc="2" uspid="84" ordinal="1" offset="12" sl="13" sc="9" el="13" ec="10" bec="0" bev="0" fileid="7" />
                <SequencePoint vc="2" uspid="85" ordinal="2" offset="13" sl="14" sc="9" el="14" ec="10" bec="0" bev="0" fileid="7" />
              </SequencePoints>
              <BranchPoints />
              <MethodPoint xsi:type="SequencePoint" vc="2" uspid="83" ordinal="0" offset="0" sl="12" sc="43" el="12" ec="78" bec="0" bev="0" fileid="7" />
            </Method>
          </Methods>
        </Class>
        <Class>
          <Summary numSequencePoints="3" visitedSequencePoints="3" numBranchPoints="1" visitedBranchPoints="1" sequenceCoverage="100" branchCoverage="100" maxCyclomaticComplexity="1" minCyclomaticComplexity="1" maxCrapScore="1" minCrapScore="1" visitedClasses="1" numClasses="1" visitedMethods="1" numMethods="1" />
          <FullName>FlorianiProva.Dominio.Features.Alunos.Excecoes.NomeEmBrancoException</FullName>
          <Methods>
            <Method visited="true" cyclomaticComplexity="1" nPathComplexity="0" sequenceCoverage="100" branchCoverage="100" crapScore="1" isConstructor="true" isStatic="false" isGetter="false" isSetter="false">
              <Summary numSequencePoints="3" visitedSequencePoints="3" numBranchPoints="1" visitedBranchPoints="1" sequenceCoverage="100" branchCoverage="100" maxCyclomaticComplexity="1" minCyclomaticComplexity="1" maxCrapScore="1" minCrapScore="1" visitedClasses="0" numClasses="0" visitedMethods="1" numMethods="1" />
              <MetadataToken>100663348</MetadataToken>
              <Name>System.Void FlorianiProva.Dominio.Features.Alunos.Excecoes.NomeEmBrancoException::.ctor()</Name>
              <FileRef uid="8" />
              <SequencePoints>
                <SequencePoint vc="2" uspid="86" ordinal="0" offset="0" sl="12" sc="42" el="12" ec="79" bec="0" bev="0" fileid="8" />
                <SequencePoint vc="2" uspid="87" ordinal="1" offset="12" sl="13" sc="9" el="13" ec="10" bec="0" bev="0" fileid="8" />
                <SequencePoint vc="2" uspid="88" ordinal="2" offset="13" sl="14" sc="9" el="14" ec="10" bec="0" bev="0" fileid="8" />
              </SequencePoints>
              <BranchPoints />
              <MethodPoint xsi:type="SequencePoint" vc="2" uspid="86" ordinal="0" offset="0" sl="12" sc="42" el="12" ec="79" bec="0" bev="0" fileid="8" />
            </Method>
          </Methods>
        </Class>
        <Class>
          <Summary numSequencePoints="3" visitedSequencePoints="3" numBranchPoints="1" visitedBranchPoints="1" sequenceCoverage="100" branchCoverage="100" maxCyclomaticComplexity="1" minCyclomaticComplexity="1" maxCrapScore="1" minCrapScore="1" visitedClasses="1" numClasses="1" visitedMethods="1" numMethods="1" />
          <FullName>FlorianiProva.Dominio.Features.Alunos.Excecoes.NomeMuitoGrandeException</FullName>
          <Methods>
            <Method visited="true" cyclomaticComplexity="1" nPathComplexity="0" sequenceCoverage="100" branchCoverage="100" crapScore="1" isConstructor="true" isStatic="false" isGetter="false" isSetter="false">
              <Summary numSequencePoints="3" visitedSequencePoints="3" numBranchPoints="1" visitedBranchPoints="1" sequenceCoverage="100" branchCoverage="100" maxCyclomaticComplexity="1" minCyclomaticComplexity="1" maxCrapScore="1" minCrapScore="1" visitedClasses="0" numClasses="0" visitedMethods="1" numMethods="1" />
              <MetadataToken>100663349</MetadataToken>
              <Name>System.Void FlorianiProva.Dominio.Features.Alunos.Excecoes.NomeMuitoGrandeException::.ctor()</Name>
              <FileRef uid="9" />
              <SequencePoints>
                <SequencePoint vc="2" uspid="89" ordinal="0" offset="0" sl="12" sc="45" el="12" ec="92" bec="0" bev="0" fileid="9" />
                <SequencePoint vc="2" uspid="90" ordinal="1" offset="12" sl="13" sc="9" el="13" ec="10" bec="0" bev="0" fileid="9" />
                <SequencePoint vc="2" uspid="91" ordinal="2" offset="13" sl="14" sc="9" el="14" ec="10" bec="0" bev="0" fileid="9" />
              </SequencePoints>
              <BranchPoints />
              <MethodPoint xsi:type="SequencePoint" vc="2" uspid="89" ordinal="0" offset="0" sl="12" sc="45" el="12" ec="92" bec="0" bev="0" fileid="9" />
            </Method>
          </Methods>
        </Class>
        <Class>
          <Summary numSequencePoints="3" visitedSequencePoints="3" numBranchPoints="1" visitedBranchPoints="1" sequenceCoverage="100" branchCoverage="100" maxCyclomaticComplexity="1" minCyclomaticComplexity="1" maxCrapScore="1" minCrapScore="1" visitedClasses="1" numClasses="1" visitedMethods="1" numMethods="1" />
          <FullName>FlorianiProva.Dominio.Exceções.ExcecaoDeNegocio</FullName>
          <Methods>
            <Method visited="true" cyclomaticComplexity="1" nPathComplexity="0" sequenceCoverage="100" branchCoverage="100" crapScore="1" isConstructor="true" isStatic="false" isGetter="false" isSetter="false">
              <Summary numSequencePoints="3" visitedSequencePoints="3" numBranchPoints="1" visitedBranchPoints="1" sequenceCoverage="100" branchCoverage="100" maxCyclomaticComplexity="1" minCyclomaticComplexity="1" maxCrapScore="1" minCrapScore="1" visitedClasses="0" numClasses="0" visitedMethods="1" numMethods="1" />
              <MetadataToken>100663350</MetadataToken>
              <Name>System.Void FlorianiProva.Dominio.Exceções.ExcecaoDeNegocio::.ctor(System.String)</Name>
              <FileRef uid="10" />
              <SequencePoints>
                <SequencePoint vc="12" uspid="92" ordinal="0" offset="0" sl="11" sc="52" el="11" ec="67" bec="0" bev="0" fileid="10" />
                <SequencePoint vc="12" uspid="93" ordinal="1" offset="8" sl="12" sc="9" el="12" ec="10" bec="0" bev="0" fileid="10" />
                <SequencePoint vc="12" uspid="94" ordinal="2" offset="9" sl="13" sc="9" el="13" ec="10" bec="0" bev="0" fileid="10" />
              </SequencePoints>
              <BranchPoints />
              <MethodPoint xsi:type="SequencePoint" vc="12" uspid="92" ordinal="0" offset="0" sl="11" sc="52" el="11" ec="67" bec="0" bev="0" fileid="10" />
            </Method>
          </Methods>
        </Class>
        <Class>
          <Summary numSequencePoints="3" visitedSequencePoints="3" numBranchPoints="1" visitedBranchPoints="1" sequenceCoverage="100" branchCoverage="100" maxCyclomaticComplexity="1" minCyclomaticComplexity="1" maxCrapScore="1" minCrapScore="1" visitedClasses="1" numClasses="1" visitedMethods="1" numMethods="1" />
          <FullName>FlorianiProva.Dominio.Exceções.ExcecaoIdentificadorInvalido</FullName>
          <Methods>
            <Method visited="true" cyclomaticComplexity="1" nPathComplexity="0" sequenceCoverage="100" branchCoverage="100" crapScore="1" isConstructor="true" isStatic="false" isGetter="false" isSetter="false">
              <Summary numSequencePoints="3" visitedSequencePoints="3" numBranchPoints="1" visitedBranchPoints="1" sequenceCoverage="100" branchCoverage="100" maxCyclomaticComplexity="1" minCyclomaticComplexity="1" maxCrapScore="1" minCrapScore="1" visitedClasses="0" numClasses="0" visitedMethods="1" numMethods="1" />
              <MetadataToken>100663351</MetadataToken>
              <Name>System.Void FlorianiProva.Dominio.Exceções.ExcecaoIdentificadorInvalido::.ctor()</Name>
              <FileRef uid="11" />
              <SequencePoints>
                <SequencePoint vc="2" uspid="95" ordinal="0" offset="0" sl="11" sc="49" el="11" ec="84" bec="0" bev="0" fileid="11" />
                <SequencePoint vc="2" uspid="96" ordinal="1" offset="12" sl="12" sc="9" el="12" ec="10" bec="0" bev="0" fileid="11" />
                <SequencePoint vc="2" uspid="97" ordinal="2" offset="13" sl="13" sc="9" el="13" ec="10" bec="0" bev="0" fileid="11" />
              </SequencePoints>
              <BranchPoints />
              <MethodPoint xsi:type="SequencePoint" vc="2" uspid="95" ordinal="0" offset="0" sl="11" sc="49" el="11" ec="84" bec="0" bev="0" fileid="11" />
            </Method>
          </Methods>
        </Class>
      </Classes>
    </Module>
    <Module hash="78-31-C7-89-2A-F9-C4-70-FE-D5-09-9B-BC-46-05-98-6A-BD-64-1E">
      <Summary numSequencePoints="65" visitedSequencePoints="54" numBranchPoints="25" visitedBranchPoints="21" sequenceCoverage="83.08" branchCoverage="84" maxCyclomaticComplexity="4" minCyclomaticComplexity="1" maxCrapScore="9.83" minCrapScore="1" visitedClasses="3" numClasses="3" visitedMethods="19" numMethods="19" />
      <ModulePath>C:\Users\ndduser\Desktop\FlorianiProva\ProvaTDD\FlorianiProva\FlorianiProva.Aplicacao.Testes\bin\Debug\FlorianiProva.Aplicacao.dll</ModulePath>
      <ModuleTime>2018-06-19T21:47:41.5509499Z</ModuleTime>
      <ModuleName>FlorianiProva.Aplicacao</ModuleName>
      <Files>
        <File uid="23" fullPath="C:\Users\ndduser\Desktop\FlorianiProva\ProvaTDD\FlorianiProva\FlorianiProva.Aplicacao\Features\Resultados\ResultadoService.cs" />
        <File uid="24" fullPath="C:\Users\ndduser\Desktop\FlorianiProva\ProvaTDD\FlorianiProva\FlorianiProva.Aplicacao\Features\Avaliacoes\AvaliacaoService.cs" />
        <File uid="25" fullPath="C:\Users\ndduser\Desktop\FlorianiProva\ProvaTDD\FlorianiProva\FlorianiProva.Aplicacao\Features\Alunos\AlunoService.cs" />
      </Files>
      <Classes>
        <Class>
          <Summary numSequencePoints="35" visitedSequencePoints="24" numBranchPoints="13" visitedBranchPoints="9" sequenceCoverage="68.57" branchCoverage="69.23" maxCyclomaticComplexity="4" minCyclomaticComplexity="1" maxCrapScore="9.83" minCrapScore="1" visitedClasses="1" numClasses="1" visitedMethods="7" numMethods="7" />
          <FullName>FlorianiProva.Aplicacao.Features.Resultados.ResultadoService</FullName>
          <Methods>
            <Method visited="true" cyclomaticComplexity="1" nPathComplexity="0" sequenceCoverage="100" branchCoverage="100" crapScore="1" isConstructor="true" isStatic="false" isGetter="false" isSetter="false">
              <Summary numSequencePoints="4" visitedSequencePoints="4" numBranchPoints="1" visitedBranchPoints="1" sequenceCoverage="100" branchCoverage="100" maxCyclomaticComplexity="1" minCyclomaticComplexity="1" maxCrapScore="1" minCrapScore="1" visitedClasses="0" numClasses="0" visitedMethods="1" numMethods="1" />
              <MetadataToken>100663302</MetadataToken>
              <Name>System.Void FlorianiProva.Aplicacao.Features.Resultados.ResultadoService::.ctor(FlorianiProva.Dominio.Features.Resultados.IResultadoRepository)</Name>
              <FileRef uid="23" />
              <SequencePoints>
                <SequencePoint vc="6" uspid="98" ordinal="0" offset="0" sl="15" sc="9" el="15" ec="65" bec="0" bev="0" fileid="23" />
                <SequencePoint vc="6" uspid="99" ordinal="1" offset="7" sl="16" sc="9" el="16" ec="10" bec="0" bev="0" fileid="23" />
                <SequencePoint vc="6" uspid="100" ordinal="2" offset="8" sl="17" sc="13" el="17" ec="47" bec="0" bev="0" fileid="23" />
                <SequencePoint vc="6" uspid="101" ordinal="3" offset="15" sl="18" sc="9" el="18" ec="10" bec="0" bev="0" fileid="23" />
              </SequencePoints>
              <BranchPoints />
              <MethodPoint xsi:type="SequencePoint" vc="6" uspid="98" ordinal="0" offset="0" sl="15" sc="9" el="15" ec="65" bec="0" bev="0" fileid="23" />
            </Method>
            <Method visited="true" cyclomaticComplexity="1" nPathComplexity="0" sequenceCoverage="100" branchCoverage="100" crapScore="1" isConstructor="false" isStatic="false" isGetter="false" isSetter="false">
              <Summary numSequencePoints="4" visitedSequencePoints="4" numBranchPoints="1" visitedBranchPoints="1" sequenceCoverage="100" branchCoverage="100" maxCyclomaticComplexity="1" minCyclomaticComplexity="1" maxCrapScore="1" minCrapScore="1" visitedClasses="0" numClasses="0" visitedMethods="1" numMethods="1" />
              <MetadataToken>100663303</MetadataToken>
              <Name>FlorianiProva.Dominio.Features.Resultados.Resultado FlorianiProva.Aplicacao.Features.Resultados.ResultadoService::Atualizar(FlorianiProva.Dominio.Features.Resultados.Resultado)</Name>
              <FileRef uid="23" />
              <SequencePoints>
                <SequencePoint vc="1" uspid="102" ordinal="0" offset="0" sl="20" sc="9" el="20" ec="10" bec="0" bev="0" fileid="23" />
                <SequencePoint vc="1" uspid="103" ordinal="1" offset="1" sl="21" sc="13" el="21" ec="30" bec="0" bev="0" fileid="23" />
                <SequencePoint vc="1" uspid="104" ordinal="2" offset="8" sl="22" sc="13" el="22" ec="59" bec="0" bev="0" fileid="23" />
                <SequencePoint vc="1" uspid="105" ordinal="3" offset="23" sl="23" sc="9" el="23" ec="10" bec="0" bev="0" fileid="23" />
              </SequencePoints>
              <BranchPoints />
              <MethodPoint xsi:type="SequencePoint" vc="1" uspid="102" ordinal="0" offset="0" sl="20" sc="9" el="20" ec="10" bec="0" bev="0" fileid="23" />
            </Method>
            <Method visited="true" cyclomaticComplexity="1" nPathComplexity="0" sequenceCoverage="100" branchCoverage="100" crapScore="1" isConstructor="false" isStatic="false" isGetter="false" isSetter="false">
              <Summary numSequencePoints="1" visitedSequencePoints="1" numBranchPoints="1" visitedBranchPoints="1" sequenceCoverage="100" branchCoverage="100" maxCyclomaticComplexity="1" minCyclomaticComplexity="1" maxCrapScore="1" minCrapScore="1" visitedClasses="0" numClasses="0" visitedMethods="1" numMethods="1" />
              <MetadataToken>100663304</MetadataToken>
              <Name>System.Boolean FlorianiProva.Aplicacao.Features.Resultados.ResultadoService::Deletar(System.Int64)</Name>
              <FileRef uid="23" />
              <SequencePoints>
                <SequencePoint vc="1" uspid="106" ordinal="0" offset="0" sl="25" sc="41" el="25" ec="73" bec="0" bev="0" fileid="23" />
              </SequencePoints>
              <BranchPoints />
              <MethodPoint xsi:type="SequencePoint" vc="1" uspid="106" ordinal="0" offset="0" sl="25" sc="41" el="25" ec="73" bec="0" bev="0" fileid="23" />
            </Method>
            <Method visited="true" cyclomaticComplexity="4" nPathComplexity="4" sequenceCoverage="28.57" branchCoverage="40" crapScore="9.83" isConstructor="false" isStatic="false" isGetter="false" isSetter="false">
              <Summary numSequencePoints="14" visitedSequencePoints="4" numBranchPoints="5" visitedBranchPoints="2" sequenceCoverage="28.57" branchCoverage="40" maxCyclomaticComplexity="4" minCyclomaticComplexity="4" maxCrapScore="9.83" minCrapScore="9.83" visitedClasses="0" numClasses="0" visitedMethods="1" numMethods="1" />
              <MetadataToken>100663305</MetadataToken>
              <Name>System.Boolean FlorianiProva.Aplicacao.Features.Resultados.ResultadoService::VerificarEstudantesComDoisResultados(FlorianiProva.Dominio.Features.Resultados.Resultado)</Name>
              <FileRef uid="23" />
              <SequencePoints>
                <SequencePoint vc="1" uspid="107" ordinal="0" offset="0" sl="27" sc="9" el="27" ec="10" bec="0" bev="0" fileid="23" />
                <SequencePoint vc="1" uspid="108" ordinal="1" offset="1" sl="28" sc="13" el="28" ec="55" bec="2" bev="1" fileid="23" />
                <SequencePoint vc="0" uspid="109" ordinal="2" offset="24" sl="29" sc="13" el="29" ec="14" bec="0" bev="0" fileid="23" />
                <SequencePoint vc="0" uspid="110" ordinal="3" offset="25" sl="30" sc="17" el="30" ec="24" bec="0" bev="0" fileid="23" />
                <SequencePoint vc="0" uspid="111" ordinal="4" offset="26" sl="30" sc="44" el="30" ec="71" bec="0" bev="0" fileid="23" />
                <SequencePoint vc="0" uspid="112" ordinal="5" offset="45" sl="30" sc="26" el="30" ec="40" bec="0" bev="0" fileid="23" />
                <SequencePoint vc="0" uspid="113" ordinal="6" offset="53" sl="31" sc="17" el="31" ec="18" bec="0" bev="0" fileid="23" />
                <SequencePoint vc="0" uspid="114" ordinal="7" offset="54" sl="32" sc="21" el="32" ec="64" bec="2" bev="0" fileid="23" />
                <SequencePoint vc="0" uspid="115" ordinal="8" offset="82" sl="33" sc="25" el="33" ec="37" bec="0" bev="0" fileid="23" />
                <SequencePoint vc="0" uspid="116" ordinal="9" offset="87" sl="35" sc="17" el="35" ec="18" bec="0" bev="0" fileid="23" />
                <SequencePoint vc="0" uspid="117" ordinal="10" offset="88" sl="30" sc="41" el="30" ec="43" bec="0" bev="0" fileid="23" />
                <SequencePoint vc="0" uspid="118" ordinal="11" offset="114" sl="36" sc="13" el="36" ec="14" bec="0" bev="0" fileid="23" />
                <SequencePoint vc="1" uspid="119" ordinal="12" offset="115" sl="37" sc="13" el="37" ec="26" bec="0" bev="0" fileid="23" />
                <SequencePoint vc="1" uspid="120" ordinal="13" offset="120" sl="38" sc="9" el="38" ec="10" bec="0" bev="0" fileid="23" />
              </SequencePoints>
              <BranchPoints>
                <BranchPoint vc="0" uspid="121" ordinal="0" offset="22" sl="28" path="0" offsetend="24" fileid="23" />
                <BranchPoint vc="1" uspid="122" ordinal="1" offset="22" sl="28" path="1" offsetend="115" fileid="23" />
                <BranchPoint vc="0" uspid="123" ordinal="2" offset="80" sl="32" path="0" offsetend="82" fileid="23" />
                <BranchPoint vc="0" uspid="124" ordinal="3" offset="80" sl="32" path="1" offsetend="87" fileid="23" />
              </BranchPoints>
              <MethodPoint xsi:type="SequencePoint" vc="1" uspid="107" ordinal="0" offset="0" sl="27" sc="9" el="27" ec="10" bec="0" bev="0" fileid="23" />
            </Method>
            <Method visited="true" cyclomaticComplexity="2" nPathComplexity="2" sequenceCoverage="90" branchCoverage="66.67" crapScore="2.00" isConstructor="false" isStatic="false" isGetter="false" isSetter="false">
              <Summary numSequencePoints="10" visitedSequencePoints="9" numBranchPoints="3" visitedBranchPoints="2" sequenceCoverage="90" branchCoverage="66.67" maxCyclomaticComplexity="2" minCyclomaticComplexity="2" maxCrapScore="2.00" minCrapScore="2.00" visitedClasses="0" numClasses="0" visitedMethods="1" numMethods="1" />
              <MetadataToken>100663306</MetadataToken>
              <Name>FlorianiProva.Dominio.Features.Resultados.Resultado FlorianiProva.Aplicacao.Features.Resultados.ResultadoService::Inserir(FlorianiProva.Dominio.Features.Resultados.Resultado)</Name>
              <FileRef uid="23" />
              <SequencePoints>
                <SequencePoint vc="1" uspid="127" ordinal="0" offset="0" sl="40" sc="9" el="40" ec="10" bec="0" bev="0" fileid="23" />
                <SequencePoint vc="1" uspid="128" ordinal="1" offset="1" sl="41" sc="13" el="41" ec="30" bec="0" bev="0" fileid="23" />
                <SequencePoint vc="1" uspid="129" ordinal="2" offset="8" sl="42" sc="13" el="42" ec="63" bec="2" bev="1" fileid="23" />
                <SequencePoint vc="1" uspid="130" ordinal="3" offset="22" sl="43" sc="13" el="43" ec="14" bec="0" bev="0" fileid="23" />
                <SequencePoint vc="1" uspid="131" ordinal="4" offset="23" sl="44" sc="17" el="44" ec="53" bec="0" bev="0" fileid="23" />
                <SequencePoint vc="1" uspid="132" ordinal="5" offset="41" sl="45" sc="17" el="45" ec="57" bec="0" bev="0" fileid="23" />
                <SequencePoint vc="1" uspid="133" ordinal="6" offset="59" sl="46" sc="13" el="46" ec="14" bec="0" bev="0" fileid="23" />
                <SequencePoint vc="0" uspid="134" ordinal="7" offset="62" sl="47" sc="18" el="47" ec="62" bec="0" bev="0" fileid="23" />
                <SequencePoint vc="1" uspid="135" ordinal="8" offset="68" sl="49" sc="13" el="49" ec="57" bec="0" bev="0" fileid="23" />
                <SequencePoint vc="1" uspid="136" ordinal="9" offset="83" sl="50" sc="9" el="50" ec="10" bec="0" bev="0" fileid="23" />
              </SequencePoints>
              <BranchPoints>
                <BranchPoint vc="1" uspid="137" ordinal="0" offset="20" sl="42" path="0" offsetend="22" fileid="23" />
                <BranchPoint vc="0" uspid="138" ordinal="1" offset="20" sl="42" path="1" offsetend="62" fileid="23" />
              </BranchPoints>
              <MethodPoint xsi:type="SequencePoint" vc="1" uspid="127" ordinal="0" offset="0" sl="40" sc="9" el="40" ec="10" bec="0" bev="0" fileid="23" />
            </Method>
            <Method visited="true" cyclomaticComplexity="1" nPathComplexity="0" sequenceCoverage="100" branchCoverage="100" crapScore="1" isConstructor="false" isStatic="false" isGetter="false" isSetter="false">
              <Summary numSequencePoints="1" visitedSequencePoints="1" numBranchPoints="1" visitedBranchPoints="1" sequenceCoverage="100" branchCoverage="100" maxCyclomaticComplexity="1" minCyclomaticComplexity="1" maxCrapScore="1" minCrapScore="1" visitedClasses="0" numClasses="0" visitedMethods="1" numMethods="1" />
              <MetadataToken>100663307</MetadataToken>
              <Name>FlorianiProva.Dominio.Features.Resultados.Resultado FlorianiProva.Aplicacao.Features.Resultados.ResultadoService::ObterPorId(System.Int64)</Name>
              <FileRef uid="23" />
              <SequencePoints>
                <SequencePoint vc="1" uspid="139" ordinal="0" offset="0" sl="52" sc="49" el="52" ec="84" bec="0" bev="0" fileid="23" />
              </SequencePoints>
              <BranchPoints />
              <MethodPoint xsi:type="SequencePoint" vc="1" uspid="139" ordinal="0" offset="0" sl="52" sc="49" el="52" ec="84" bec="0" bev="0" fileid="23" />
            </Method>
            <Method visited="true" cyclomaticComplexity="1" nPathComplexity="0" sequenceCoverage="100" branchCoverage="100" crapScore="1" isConstructor="false" isStatic="false" isGetter="false" isSetter="false">
              <Summary numSequencePoints="1" visitedSequencePoints="1" numBranchPoints="1" visitedBranchPoints="1" sequenceCoverage="100" branchCoverage="100" maxCyclomaticComplexity="1" minCyclomaticComplexity="1" maxCrapScore="1" minCrapScore="1" visitedClasses="0" numClasses="0" visitedMethods="1" numMethods="1" />
              <MetadataToken>100663308</MetadataToken>
              <Name>System.Collections.Generic.List`1&lt;FlorianiProva.Dominio.Features.Resultados.Resultado&gt; FlorianiProva.Aplicacao.Features.Resultados.ResultadoService::ObterTodos()</Name>
              <FileRef uid="23" />
              <SequencePoints>
                <SequencePoint vc="1" uspid="140" ordinal="0" offset="0" sl="54" sc="48" el="54" ec="81" bec="0" bev="0" fileid="23" />
              </SequencePoints>
              <BranchPoints />
              <MethodPoint xsi:type="SequencePoint" vc="1" uspid="140" ordinal="0" offset="0" sl="54" sc="48" el="54" ec="81" bec="0" bev="0" fileid="23" />
            </Method>
          </Methods>
        </Class>
        <Class>
          <Summary numSequencePoints="15" visitedSequencePoints="15" numBranchPoints="6" visitedBranchPoints="6" sequenceCoverage="100" branchCoverage="100" maxCyclomaticComplexity="1" minCyclomaticComplexity="1" maxCrapScore="1" minCrapScore="1" visitedClasses="1" numClasses="1" visitedMethods="6" numMethods="6" />
          <FullName>FlorianiProva.Aplicacao.Features.Avaliacoes.AvaliacaoService</FullName>
          <Methods>
            <Method visited="true" cyclomaticComplexity="1" nPathComplexity="0" sequenceCoverage="100" branchCoverage="100" crapScore="1" isConstructor="true" isStatic="false" isGetter="false" isSetter="false">
              <Summary numSequencePoints="4" visitedSequencePoints="4" numBranchPoints="1" visitedBranchPoints="1" sequenceCoverage="100" branchCoverage="100" maxCyclomaticComplexity="1" minCyclomaticComplexity="1" maxCrapScore="1" minCrapScore="1" visitedClasses="0" numClasses="0" visitedMethods="1" numMethods="1" />
              <MetadataToken>100663309</MetadataToken>
              <Name>System.Void FlorianiProva.Aplicacao.Features.Avaliacoes.AvaliacaoService::.ctor(FlorianiProva.Dominio.Features.Avaliações.IAvaliacaoRepository)</Name>
              <FileRef uid="24" />
              <SequencePoints>
                <SequencePoint vc="6" uspid="141" ordinal="0" offset="0" sl="14" sc="9" el="14" ec="65" bec="0" bev="0" fileid="24" />
                <SequencePoint vc="6" uspid="142" ordinal="1" offset="7" sl="15" sc="9" el="15" ec="10" bec="0" bev="0" fileid="24" />
                <SequencePoint vc="6" uspid="143" ordinal="2" offset="8" sl="16" sc="13" el="16" ec="47" bec="0" bev="0" fileid="24" />
                <SequencePoint vc="6" uspid="144" ordinal="3" offset="15" sl="17" sc="9" el="17" ec="10" bec="0" bev="0" fileid="24" />
              </SequencePoints>
              <BranchPoints />
              <MethodPoint xsi:type="SequencePoint" vc="6" uspid="141" ordinal="0" offset="0" sl="14" sc="9" el="14" ec="65" bec="0" bev="0" fileid="24" />
            </Method>
            <Method visited="true" cyclomaticComplexity="1" nPathComplexity="0" sequenceCoverage="100" branchCoverage="100" crapScore="1" isConstructor="false" isStatic="false" isGetter="false" isSetter="false">
              <Summary numSequencePoints="4" visitedSequencePoints="4" numBranchPoints="1" visitedBranchPoints="1" sequenceCoverage="100" branchCoverage="100" maxCyclomaticComplexity="1" minCyclomaticComplexity="1" maxCrapScore="1" minCrapScore="1" visitedClasses="0" numClasses="0" visitedMethods="1" numMethods="1" />
              <MetadataToken>100663310</MetadataToken>
              <Name>FlorianiProva.Dominio.Features.Avaliações.Avaliacao FlorianiProva.Aplicacao.Features.Avaliacoes.AvaliacaoService::Atualizar(FlorianiProva.Dominio.Features.Avaliações.Avaliacao)</Name>
              <FileRef uid="24" />
              <SequencePoints>
                <SequencePoint vc="1" uspid="145" ordinal="0" offset="0" sl="20" sc="9" el="20" ec="10" bec="0" bev="0" fileid="24" />
                <SequencePoint vc="1" uspid="146" ordinal="1" offset="1" sl="21" sc="13" el="21" ec="33" bec="0" bev="0" fileid="24" />
                <SequencePoint vc="1" uspid="147" ordinal="2" offset="8" sl="22" sc="13" el="22" ec="62" bec="0" bev="0" fileid="24" />
                <SequencePoint vc="1" uspid="148" ordinal="3" offset="23" sl="23" sc="9" el="23" ec="10" bec="0" bev="0" fileid="24" />
              </SequencePoints>
              <BranchPoints />
              <MethodPoint xsi:type="SequencePoint" vc="1" uspid="145" ordinal="0" offset="0" sl="20" sc="9" el="20" ec="10" bec="0" bev="0" fileid="24" />
            </Method>
            <Method visited="true" cyclomaticComplexity="1" nPathComplexity="0" sequenceCoverage="100" branchCoverage="100" crapScore="1" isConstructor="false" isStatic="false" isGetter="false" isSetter="false">
              <Summary numSequencePoints="1" visitedSequencePoints="1" numBranchPoints="1" visitedBranchPoints="1" sequenceCoverage="100" branchCoverage="100" maxCyclomaticComplexity="1" minCyclomaticComplexity="1" maxCrapScore="1" minCrapScore="1" visitedClasses="0" numClasses="0" visitedMethods="1" numMethods="1" />
              <MetadataToken>100663311</MetadataToken>
              <Name>System.Boolean FlorianiProva.Aplicacao.Features.Avaliacoes.AvaliacaoService::Deletar(System.Int64)</Name>
              <FileRef uid="24" />
              <SequencePoints>
                <SequencePoint vc="1" uspid="149" ordinal="0" offset="0" sl="25" sc="41" el="25" ec="73" bec="0" bev="0" fileid="24" />
              </SequencePoints>
              <BranchPoints />
              <MethodPoint xsi:type="SequencePoint" vc="1" uspid="149" ordinal="0" offset="0" sl="25" sc="41" el="25" ec="73" bec="0" bev="0" fileid="24" />
            </Method>
            <Method visited="true" cyclomaticComplexity="1" nPathComplexity="0" sequenceCoverage="100" branchCoverage="100" crapScore="1" isConstructor="false" isStatic="false" isGetter="false" isSetter="false">
              <Summary numSequencePoints="4" visitedSequencePoints="4" numBranchPoints="1" visitedBranchPoints="1" sequenceCoverage="100" branchCoverage="100" maxCyclomaticComplexity="1" minCyclomaticComplexity="1" maxCrapScore="1" minCrapScore="1" visitedClasses="0" numClasses="0" visitedMethods="1" numMethods="1" />
              <MetadataToken>100663312</MetadataToken>
              <Name>FlorianiProva.Dominio.Features.Avaliações.Avaliacao FlorianiProva.Aplicacao.Features.Avaliacoes.AvaliacaoService::Inserir(FlorianiProva.Dominio.Features.Avaliações.Avaliacao)</Name>
              <FileRef uid="24" />
              <SequencePoints>
                <SequencePoint vc="1" uspid="150" ordinal="0" offset="0" sl="28" sc="9" el="28" ec="10" bec="0" bev="0" fileid="24" />
                <SequencePoint vc="1" uspid="151" ordinal="1" offset="1" sl="29" sc="13" el="29" ec="33" bec="0" bev="0" fileid="24" />
                <SequencePoint vc="1" uspid="152" ordinal="2" offset="8" sl="30" sc="13" el="30" ec="60" bec="0" bev="0" fileid="24" />
                <SequencePoint vc="1" uspid="153" ordinal="3" offset="23" sl="31" sc="9" el="31" ec="10" bec="0" bev="0" fileid="24" />
              </SequencePoints>
              <BranchPoints />
              <MethodPoint xsi:type="SequencePoint" vc="1" uspid="150" ordinal="0" offset="0" sl="28" sc="9" el="28" ec="10" bec="0" bev="0" fileid="24" />
            </Method>
            <Method visited="true" cyclomaticComplexity="1" nPathComplexity="0" sequenceCoverage="100" branchCoverage="100" crapScore="1" isConstructor="false" isStatic="false" isGetter="false" isSetter="false">
              <Summary numSequencePoints="1" visitedSequencePoints="1" numBranchPoints="1" visitedBranchPoints="1" sequenceCoverage="100" branchCoverage="100" maxCyclomaticComplexity="1" minCyclomaticComplexity="1" maxCrapScore="1" minCrapScore="1" visitedClasses="0" numClasses="0" visitedMethods="1" numMethods="1" />
              <MetadataToken>100663313</MetadataToken>
              <Name>FlorianiProva.Dominio.Features.Avaliações.Avaliacao FlorianiProva.Aplicacao.Features.Avaliacoes.AvaliacaoService::ObterPorId(System.Int64)</Name>
              <FileRef uid="24" />
              <SequencePoints>
                <SequencePoint vc="1" uspid="154" ordinal="0" offset="0" sl="33" sc="49" el="33" ec="84" bec="0" bev="0" fileid="24" />
              </SequencePoints>
              <BranchPoints />
              <MethodPoint xsi:type="SequencePoint" vc="1" uspid="154" ordinal="0" offset="0" sl="33" sc="49" el="33" ec="84" bec="0" bev="0" fileid="24" />
            </Method>
            <Method visited="true" cyclomaticComplexity="1" nPathComplexity="0" sequenceCoverage="100" branchCoverage="100" crapScore="1" isConstructor="false" isStatic="false" isGetter="false" isSetter="false">
              <Summary numSequencePoints="1" visitedSequencePoints="1" numBranchPoints="1" visitedBranchPoints="1" sequenceCoverage="100" branchCoverage="100" maxCyclomaticComplexity="1" minCyclomaticComplexity="1" maxCrapScore="1" minCrapScore="1" visitedClasses="0" numClasses="0" visitedMethods="1" numMethods="1" />
              <MetadataToken>100663314</MetadataToken>
              <Name>System.Collections.Generic.List`1&lt;FlorianiProva.Dominio.Features.Avaliações.Avaliacao&gt; FlorianiProva.Aplicacao.Features.Avaliacoes.AvaliacaoService::ObterTodos()</Name>
              <FileRef uid="24" />
              <SequencePoints>
                <SequencePoint vc="1" uspid="155" ordinal="0" offset="0" sl="35" sc="48" el="35" ec="81" bec="0" bev="0" fileid="24" />
              </SequencePoints>
              <BranchPoints />
              <MethodPoint xsi:type="SequencePoint" vc="1" uspid="155" ordinal="0" offset="0" sl="35" sc="48" el="35" ec="81" bec="0" bev="0" fileid="24" />
            </Method>
          </Methods>
        </Class>
        <Class>
          <Summary numSequencePoints="15" visitedSequencePoints="15" numBranchPoints="6" visitedBranchPoints="6" sequenceCoverage="100" branchCoverage="100" maxCyclomaticComplexity="1" minCyclomaticComplexity="1" maxCrapScore="1" minCrapScore="1" visitedClasses="1" numClasses="1" visitedMethods="6" numMethods="6" />
          <FullName>FlorianiProva.Aplicacao.Features.Alunos.AlunoService</FullName>
          <Methods>
            <Method visited="true" cyclomaticComplexity="1" nPathComplexity="0" sequenceCoverage="100" branchCoverage="100" crapScore="1" isConstructor="true" isStatic="false" isGetter="false" isSetter="false">
              <Summary numSequencePoints="4" visitedSequencePoints="4" numBranchPoints="1" visitedBranchPoints="1" sequenceCoverage="100" branchCoverage="100" maxCyclomaticComplexity="1" minCyclomaticComplexity="1" maxCrapScore="1" minCrapScore="1" visitedClasses="0" numClasses="0" visitedMethods="1" numMethods="1" />
              <MetadataToken>100663320</MetadataToken>
              <Name>System.Void FlorianiProva.Aplicacao.Features.Alunos.AlunoService::.ctor(FlorianiProva.Dominio.Features.Alunos.IAlunoRepository)</Name>
              <FileRef uid="25" />
              <SequencePoints>
                <SequencePoint vc="8" uspid="156" ordinal="0" offset="0" sl="14" sc="9" el="14" ec="57" bec="0" bev="0" fileid="25" />
                <SequencePoint vc="8" uspid="157" ordinal="1" offset="7" sl="15" sc="9" el="15" ec="10" bec="0" bev="0" fileid="25" />
                <SequencePoint vc="8" uspid="158" ordinal="2" offset="8" sl="16" sc="13" el="16" ec="43" bec="0" bev="0" fileid="25" />
                <SequencePoint vc="8" uspid="159" ordinal="3" offset="15" sl="17" sc="9" el="17" ec="10" bec="0" bev="0" fileid="25" />
              </SequencePoints>
              <BranchPoints />
              <MethodPoint xsi:type="SequencePoint" vc="8" uspid="156" ordinal="0" offset="0" sl="14" sc="9" el="14" ec="57" bec="0" bev="0" fileid="25" />
            </Method>
            <Method visited="true" cyclomaticComplexity="1" nPathComplexity="0" sequenceCoverage="100" branchCoverage="100" crapScore="1" isConstructor="false" isStatic="false" isGetter="false" isSetter="false">
              <Summary numSequencePoints="4" visitedSequencePoints="4" numBranchPoints="1" visitedBranchPoints="1" sequenceCoverage="100" branchCoverage="100" maxCyclomaticComplexity="1" minCyclomaticComplexity="1" maxCrapScore="1" minCrapScore="1" visitedClasses="0" numClasses="0" visitedMethods="1" numMethods="1" />
              <MetadataToken>100663321</MetadataToken>
              <Name>FlorianiProva.Dominio.Features.Alunos.Aluno FlorianiProva.Aplicacao.Features.Alunos.AlunoService::Atualizar(FlorianiProva.Dominio.Features.Alunos.Aluno)</Name>
              <FileRef uid="25" />
              <SequencePoints>
                <SequencePoint vc="1" uspid="160" ordinal="0" offset="0" sl="20" sc="9" el="20" ec="10" bec="0" bev="0" fileid="25" />
                <SequencePoint vc="1" uspid="161" ordinal="1" offset="1" sl="21" sc="13" el="21" ec="29" bec="0" bev="0" fileid="25" />
                <SequencePoint vc="1" uspid="162" ordinal="2" offset="8" sl="22" sc="13" el="22" ec="54" bec="0" bev="0" fileid="25" />
                <SequencePoint vc="1" uspid="163" ordinal="3" offset="23" sl="23" sc="9" el="23" ec="10" bec="0" bev="0" fileid="25" />
              </SequencePoints>
              <BranchPoints />
              <MethodPoint xsi:type="SequencePoint" vc="1" uspid="160" ordinal="0" offset="0" sl="20" sc="9" el="20" ec="10" bec="0" bev="0" fileid="25" />
            </Method>
            <Method visited="true" cyclomaticComplexity="1" nPathComplexity="0" sequenceCoverage="100" branchCoverage="100" crapScore="1" isConstructor="false" isStatic="false" isGetter="false" isSetter="false">
              <Summary numSequencePoints="1" visitedSequencePoints="1" numBranchPoints="1" visitedBranchPoints="1" sequenceCoverage="100" branchCoverage="100" maxCyclomaticComplexity="1" minCyclomaticComplexity="1" maxCrapScore="1" minCrapScore="1" visitedClasses="0" numClasses="0" visitedMethods="1" numMethods="1" />
              <MetadataToken>100663322</MetadataToken>
              <Name>System.Boolean FlorianiProva.Aplicacao.Features.Alunos.AlunoService::Deletar(System.Int64)</Name>
              <FileRef uid="25" />
              <SequencePoints>
                <SequencePoint vc="1" uspid="164" ordinal="0" offset="0" sl="25" sc="41" el="25" ec="69" bec="0" bev="0" fileid="25" />
              </SequencePoints>
              <BranchPoints />
              <MethodPoint xsi:type="SequencePoint" vc="1" uspid="164" ordinal="0" offset="0" sl="25" sc="41" el="25" ec="69" bec="0" bev="0" fileid="25" />
            </Method>
            <Method visited="true" cyclomaticComplexity="1" nPathComplexity="0" sequenceCoverage="100" branchCoverage="100" crapScore="1" isConstructor="false" isStatic="false" isGetter="false" isSetter="false">
              <Summary numSequencePoints="4" visitedSequencePoints="4" numBranchPoints="1" visitedBranchPoints="1" sequenceCoverage="100" branchCoverage="100" maxCyclomaticComplexity="1" minCyclomaticComplexity="1" maxCrapScore="1" minCrapScore="1" visitedClasses="0" numClasses="0" visitedMethods="1" numMethods="1" />
              <MetadataToken>100663323</MetadataToken>
              <Name>FlorianiProva.Dominio.Features.Alunos.Aluno FlorianiProva.Aplicacao.Features.Alunos.AlunoService::Inserir(FlorianiProva.Dominio.Features.Alunos.Aluno)</Name>
              <FileRef uid="25" />
              <SequencePoints>
                <SequencePoint vc="1" uspid="165" ordinal="0" offset="0" sl="28" sc="9" el="28" ec="10" bec="0" bev="0" fileid="25" />
                <SequencePoint vc="1" uspid="166" ordinal="1" offset="1" sl="29" sc="13" el="29" ec="29" bec="0" bev="0" fileid="25" />
                <SequencePoint vc="1" uspid="167" ordinal="2" offset="8" sl="30" sc="13" el="30" ec="52" bec="0" bev="0" fileid="25" />
                <SequencePoint vc="1" uspid="168" ordinal="3" offset="23" sl="31" sc="9" el="31" ec="10" bec="0" bev="0" fileid="25" />
[...]
                <SequencePoint vc="1" uspid="354" ordinal="1" offset="1" sl="66" sc="13" el="66" ec="25" bec="2" bev="1" fileid="67" />
                <SequencePoint vc="0" uspid="355" ordinal="2" offset="13" sl="66" sc="26" el="66" ec="67" bec="0" bev="0" fileid="67" />
                <SequencePoint vc="1" uspid="356" ordinal="3" offset="19" sl="68" sc="13" el="68" ec="73" bec="0" bev="0" fileid="67" />
                <SequencePoint vc="1" uspid="357" ordinal="4" offset="43" sl="70" sc="13" el="70" ec="77" bec="0" bev="0" fileid="67" />
                <SequencePoint vc="1" uspid="358" ordinal="5" offset="69" sl="71" sc="9" el="71" ec="10" bec="0" bev="0" fileid="67" />
              </SequencePoints>
              <BranchPoints>
                <BranchPoint vc="0" uspid="359" ordinal="0" offset="11" sl="66" path="0" offsetend="13" fileid="67" />
                <BranchPoint vc="1" uspid="360" ordinal="1" offset="11" sl="66" path="1" offsetend="19" fileid="67" />
              </BranchPoints>
              <MethodPoint xsi:type="SequencePoint" vc="1" uspid="353" ordinal="0" offset="0" sl="65" sc="9" el="65" ec="10" bec="0" bev="0" fileid="67" />
            </Method>
            <Method visited="true" cyclomaticComplexity="1" nPathComplexity="0" sequenceCoverage="100" branchCoverage="100" crapScore="1" isConstructor="false" isStatic="false" isGetter="false" isSetter="false">
              <Summary numSequencePoints="1" visitedSequencePoints="1" numBranchPoints="1" visitedBranchPoints="1" sequenceCoverage="100" branchCoverage="100" maxCyclomaticComplexity="1" minCyclomaticComplexity="1" maxCrapScore="1" minCrapScore="1" visitedClasses="0" numClasses="0" visitedMethods="1" numMethods="1" />
              <MetadataToken>100663303</MetadataToken>
              <Name>System.Collections.Generic.List`1&lt;FlorianiProva.Dominio.Features.Avaliações.Avaliacao&gt; FlorianiProva.Infra.Data.Features.Avaliacoes.AvaliacaoRepository::ObterTodos()</Name>
              <FileRef uid="67" />
              <SequencePoints>
                <SequencePoint vc="1" uspid="361" ordinal="0" offset="0" sl="73" sc="48" el="73" ec="89" bec="0" bev="0" fileid="67" />
              </SequencePoints>
              <BranchPoints />
              <MethodPoint xsi:type="SequencePoint" vc="1" uspid="361" ordinal="0" offset="0" sl="73" sc="48" el="73" ec="89" bec="0" bev="0" fileid="67" />
            </Method>
            <Method visited="false" cyclomaticComplexity="1" nPathComplexity="0" sequenceCoverage="0" branchCoverage="0" crapScore="2" isConstructor="true" isStatic="false" isGetter="false" isSetter="false">
              <Summary numSequencePoints="0" visitedSequencePoints="0" numBranchPoints="0" visitedBranchPoints="0" sequenceCoverage="0" branchCoverage="0" maxCyclomaticComplexity="1" minCyclomaticComplexity="1" maxCrapScore="2" minCrapScore="2" visitedClasses="0" numClasses="0" visitedMethods="0" numMethods="0" />
              <MetadataToken>100663304</MetadataToken>
              <Name>System.Void FlorianiProva.Infra.Data.Features.Avaliacoes.AvaliacaoRepository::.ctor()</Name>
              <SequencePoints />
              <BranchPoints />
              <MethodPoint vc="0" uspid="362" ordinal="0" offset="0" />
            </Method>
          </Methods>
        </Class>
        <Class>
          <Summary numSequencePoints="36" visitedSequencePoints="35" numBranchPoints="14" visitedBranchPoints="13" sequenceCoverage="97.22" branchCoverage="92.86" maxCyclomaticComplexity="3" minCyclomaticComplexity="1" maxCrapScore="3" minCrapScore="1" visitedClasses="1" numClasses="1" visitedMethods="8" numMethods="8" />
          <FullName>FlorianiProva.Infra.Data.Features.Alunos.AlunoRepository</FullName>
          <Methods>
            <Method visited="true" cyclomaticComplexity="1" nPathComplexity="0" sequenceCoverage="100" branchCoverage="100" crapScore="1" isConstructor="false" isStatic="false" isGetter="false" isSetter="false">
              <Summary numSequencePoints="4" visitedSequencePoints="4" numBranchPoints="1" visitedBranchPoints="1" sequenceCoverage="100" branchCoverage="100" maxCyclomaticComplexity="1" minCyclomaticComplexity="1" maxCrapScore="1" minCrapScore="1" visitedClasses="0" numClasses="0" visitedMethods="1" numMethods="1" />
              <MetadataToken>100663305</MetadataToken>
              <Name>System.Collections.Generic.Dictionary`2&lt;System.String,System.Object&gt; FlorianiProva.Infra.Data.Features.Alunos.AlunoRepository::ObtemParametros(FlorianiProva.Dominio.Features.Alunos.Aluno)</Name>
              <FileRef uid="68" />
              <SequencePoints>
                <SequencePoint vc="2" uspid="363" ordinal="0" offset="0" sl="29" sc="9" el="29" ec="10" bec="0" bev="0" fileid="68" />
                <SequencePoint vc="2" uspid="364" ordinal="1" offset="1" sl="30" sc="13" el="35" ec="15" bec="0" bev="0" fileid="68" />
                <SequencePoint vc="2" uspid="365" ordinal="2" offset="71" sl="36" sc="13" el="36" ec="26" bec="0" bev="0" fileid="68" />
                <SequencePoint vc="2" uspid="366" ordinal="3" offset="75" sl="37" sc="9" el="37" ec="10" bec="0" bev="0" fileid="68" />
              </SequencePoints>
              <BranchPoints />
              <MethodPoint xsi:type="SequencePoint" vc="2" uspid="363" ordinal="0" offset="0" sl="29" sc="9" el="29" ec="10" bec="0" bev="0" fileid="68" />
            </Method>
            <Method visited="true" cyclomaticComplexity="1" nPathComplexity="0" sequenceCoverage="100" branchCoverage="100" crapScore="1" isConstructor="false" isStatic="false" isGetter="false" isSetter="false">
              <Summary numSequencePoints="1" visitedSequencePoints="1" numBranchPoints="1" visitedBranchPoints="1" sequenceCoverage="100" branchCoverage="100" maxCyclomaticComplexity="1" minCyclomaticComplexity="1" maxCrapScore="1" minCrapScore="1" visitedClasses="0" numClasses="0" visitedMethods="1" numMethods="1" />
              <MetadataToken>100663306</MetadataToken>
              <Name>FlorianiProva.Dominio.Features.Alunos.Aluno FlorianiProva.Infra.Data.Features.Alunos.AlunoRepository::SetarParmetros(System.Data.IDataReader)</Name>
              <FileRef uid="68" />
              <SequencePoints>
                <SequencePoint vc="2" uspid="367" ordinal="0" offset="0" sl="38" sc="61" el="43" ec="10" bec="0" bev="0" fileid="68" />
              </SequencePoints>
              <BranchPoints />
              <MethodPoint xsi:type="SequencePoint" vc="2" uspid="367" ordinal="0" offset="0" sl="38" sc="61" el="43" ec="10" bec="0" bev="0" fileid="68" />
            </Method>
            <Method visited="true" cyclomaticComplexity="1" nPathComplexity="0" sequenceCoverage="100" branchCoverage="100" crapScore="1" isConstructor="false" isStatic="false" isGetter="false" isSetter="false">
              <Summary numSequencePoints="5" visitedSequencePoints="5" numBranchPoints="1" visitedBranchPoints="1" sequenceCoverage="100" branchCoverage="100" maxCyclomaticComplexity="1" minCyclomaticComplexity="1" maxCrapScore="1" minCrapScore="1" visitedClasses="0" numClasses="0" visitedMethods="1" numMethods="1" />
              <MetadataToken>100663307</MetadataToken>
              <Name>FlorianiProva.Dominio.Features.Alunos.Aluno FlorianiProva.Infra.Data.Features.Alunos.AlunoRepository::Atualizar(FlorianiProva.Dominio.Features.Alunos.Aluno)</Name>
              <FileRef uid="68" />
              <SequencePoints>
                <SequencePoint vc="1" uspid="368" ordinal="0" offset="0" sl="45" sc="9" el="45" ec="10" bec="0" bev="0" fileid="68" />
                <SequencePoint vc="1" uspid="369" ordinal="1" offset="1" sl="46" sc="13" el="46" ec="29" bec="0" bev="0" fileid="68" />
                <SequencePoint vc="1" uspid="370" ordinal="2" offset="8" sl="47" sc="13" el="47" ec="59" bec="0" bev="0" fileid="68" />
                <SequencePoint vc="1" uspid="371" ordinal="3" offset="27" sl="48" sc="13" el="48" ec="26" bec="0" bev="0" fileid="68" />
                <SequencePoint vc="1" uspid="372" ordinal="4" offset="31" sl="49" sc="9" el="49" ec="10" bec="0" bev="0" fileid="68" />
              </SequencePoints>
              <BranchPoints />
              <MethodPoint xsi:type="SequencePoint" vc="1" uspid="368" ordinal="0" offset="0" sl="45" sc="9" el="45" ec="10" bec="0" bev="0" fileid="68" />
            </Method>
            <Method visited="true" cyclomaticComplexity="3" nPathComplexity="4" sequenceCoverage="100" branchCoverage="100" crapScore="3" isConstructor="false" isStatic="false" isGetter="false" isSetter="false">
              <Summary numSequencePoints="9" visitedSequencePoints="9" numBranchPoints="5" visitedBranchPoints="5" sequenceCoverage="100" branchCoverage="100" maxCyclomaticComplexity="3" minCyclomaticComplexity="3" maxCrapScore="3" minCrapScore="3" visitedClasses="0" numClasses="0" visitedMethods="1" numMethods="1" />
              <MetadataToken>100663308</MetadataToken>
              <Name>System.Boolean FlorianiProva.Infra.Data.Features.Alunos.AlunoRepository::Deletar(System.Int64)</Name>
              <FileRef uid="68" />
              <SequencePoints>
                <SequencePoint vc="3" uspid="373" ordinal="0" offset="0" sl="52" sc="9" el="52" ec="10" bec="0" bev="0" fileid="68" />
                <SequencePoint vc="3" uspid="374" ordinal="1" offset="1" sl="53" sc="13" el="53" ec="26" bec="2" bev="2" fileid="68" />
                <SequencePoint vc="1" uspid="375" ordinal="2" offset="13" sl="53" sc="27" el="53" ec="68" bec="0" bev="0" fileid="68" />
                <SequencePoint vc="2" uspid="376" ordinal="3" offset="19" sl="55" sc="13" el="55" ec="73" bec="0" bev="0" fileid="68" />
                <SequencePoint vc="2" uspid="377" ordinal="4" offset="43" sl="57" sc="13" el="57" ec="64" bec="0" bev="0" fileid="68" />
                <SequencePoint vc="2" uspid="378" ordinal="5" offset="56" sl="59" sc="13" el="59" ec="36" bec="2" bev="2" fileid="68" />
                <SequencePoint vc="1" uspid="379" ordinal="6" offset="64" sl="60" sc="17" el="60" ec="30" bec="0" bev="0" fileid="68" />
                <SequencePoint vc="1" uspid="380" ordinal="7" offset="69" sl="62" sc="13" el="62" ec="25" bec="0" bev="0" fileid="68" />
                <SequencePoint vc="2" uspid="381" ordinal="8" offset="74" sl="63" sc="9" el="63" ec="10" bec="0" bev="0" fileid="68" />
              </SequencePoints>
              <BranchPoints>
                <BranchPoint vc="1" uspid="382" ordinal="0" offset="11" sl="53" path="0" offsetend="13" fileid="68" />
                <BranchPoint vc="2" uspid="383" ordinal="1" offset="11" sl="53" path="1" offsetend="19" fileid="68" />
                <BranchPoint vc="1" uspid="384" ordinal="2" offset="62" sl="59" path="0" offsetend="64" fileid="68" />
                <BranchPoint vc="1" uspid="385" ordinal="3" offset="62" sl="59" path="1" offsetend="69" fileid="68" />
              </BranchPoints>
              <MethodPoint xsi:type="SequencePoint" vc="3" uspid="373" ordinal="0" offset="0" sl="52" sc="9" el="52" ec="10" bec="0" bev="0" fileid="68" />
            </Method>
            <Method visited="true" cyclomaticComplexity="1" nPathComplexity="0" sequenceCoverage="100" branchCoverage="100" crapScore="1" isConstructor="false" isStatic="false" isGetter="false" isSetter="false">
              <Summary numSequencePoints="5" visitedSequencePoints="5" numBranchPoints="1" visitedBranchPoints="1" sequenceCoverage="100" branchCoverage="100" maxCyclomaticComplexity="1" minCyclomaticComplexity="1" maxCrapScore="1" minCrapScore="1" visitedClasses="0" numClasses="0" visitedMethods="1" numMethods="1" />
              <MetadataToken>100663309</MetadataToken>
              <Name>FlorianiProva.Dominio.Features.Alunos.Aluno FlorianiProva.Infra.Data.Features.Alunos.AlunoRepository::Inserir(FlorianiProva.Dominio.Features.Alunos.Aluno)</Name>
              <FileRef uid="68" />
              <SequencePoints>
                <SequencePoint vc="1" uspid="386" ordinal="0" offset="0" sl="66" sc="9" el="66" ec="10" bec="0" bev="0" fileid="68" />
                <SequencePoint vc="1" uspid="387" ordinal="1" offset="1" sl="67" sc="13" el="67" ec="29" bec="0" bev="0" fileid="68" />
                <SequencePoint vc="1" uspid="388" ordinal="2" offset="8" sl="68" sc="13" el="68" ec="71" bec="0" bev="0" fileid="68" />
                <SequencePoint vc="1" uspid="389" ordinal="3" offset="35" sl="69" sc="13" el="69" ec="26" bec="0" bev="0" fileid="68" />
                <SequencePoint vc="1" uspid="390" ordinal="4" offset="39" sl="70" sc="9" el="70" ec="10" bec="0" bev="0" fileid="68" />
              </SequencePoints>
              <BranchPoints />
              <MethodPoint xsi:type="SequencePoint" vc="1" uspid="386" ordinal="0" offset="0" sl="66" sc="9" el="66" ec="10" bec="0" bev="0" fileid="68" />
            </Method>
            <Method visited="true" cyclomaticComplexity="2" nPathComplexity="2" sequenceCoverage="83.33" branchCoverage="66.67" crapScore="2.02" isConstructor="false" isStatic="false" isGetter="false" isSetter="false">
              <Summary numSequencePoints="6" visitedSequencePoints="5" numBranchPoints="3" visitedBranchPoints="2" sequenceCoverage="83.33" branchCoverage="66.67" maxCyclomaticComplexity="2" minCyclomaticComplexity="2" maxCrapScore="2.02" minCrapScore="2.02" visitedClasses="0" numClasses="0" visitedMethods="1" numMethods="1" />
              <MetadataToken>100663310</MetadataToken>
              <Name>FlorianiProva.Dominio.Features.Alunos.Aluno FlorianiProva.Infra.Data.Features.Alunos.AlunoRepository::ObterPorId(System.Int64)</Name>
              <FileRef uid="68" />
              <SequencePoints>
                <SequencePoint vc="1" uspid="391" ordinal="0" offset="0" sl="73" sc="9" el="73" ec="10" bec="0" bev="0" fileid="68" />
                <SequencePoint vc="1" uspid="392" ordinal="1" offset="1" sl="74" sc="13" el="74" ec="26" bec="2" bev="1" fileid="68" />
                <SequencePoint vc="0" uspid="393" ordinal="2" offset="13" sl="74" sc="27" el="74" ec="68" bec="0" bev="0" fileid="68" />
                <SequencePoint vc="1" uspid="394" ordinal="3" offset="19" sl="76" sc="13" el="76" ec="73" bec="0" bev="0" fileid="68" />
                <SequencePoint vc="1" uspid="395" ordinal="4" offset="43" sl="78" sc="13" el="78" ec="73" bec="0" bev="0" fileid="68" />
                <SequencePoint vc="1" uspid="396" ordinal="5" offset="70" sl="79" sc="9" el="79" ec="10" bec="0" bev="0" fileid="68" />
              </SequencePoints>
              <BranchPoints>
                <BranchPoint vc="0" uspid="397" ordinal="0" offset="11" sl="74" path="0" offsetend="13" fileid="68" />
                <BranchPoint vc="1" uspid="398" ordinal="1" offset="11" sl="74" path="1" offsetend="19" fileid="68" />
              </BranchPoints>
              <MethodPoint xsi:type="SequencePoint" vc="1" uspid="391" ordinal="0" offset="0" sl="73" sc="9" el="73" ec="10" bec="0" bev="0" fileid="68" />
            </Method>
            <Method visited="true" cyclomaticComplexity="1" nPathComplexity="0" sequenceCoverage="100" branchCoverage="100" crapScore="1" isConstructor="false" isStatic="false" isGetter="false" isSetter="false">
              <Summary numSequencePoints="1" visitedSequencePoints="1" numBranchPoints="1" visitedBranchPoints="1" sequenceCoverage="100" branchCoverage="100" maxCyclomaticComplexity="1" minCyclomaticComplexity="1" maxCrapScore="1" minCrapScore="1" visitedClasses="0" numClasses="0" visitedMethods="1" numMethods="1" />
              <MetadataToken>100663311</MetadataToken>
              <Name>System.Collections.Generic.List`1&lt;FlorianiProva.Dominio.Features.Alunos.Aluno&gt; FlorianiProva.Infra.Data.Features.Alunos.AlunoRepository::ObterTodos()</Name>
              <FileRef uid="68" />
              <SequencePoints>
                <SequencePoint vc="1" uspid="399" ordinal="0" offset="0" sl="81" sc="44" el="81" ec="85" bec="0" bev="0" fileid="68" />
              </SequencePoints>
              <BranchPoints />
              <MethodPoint xsi:type="SequencePoint" vc="1" uspid="399" ordinal="0" offset="0" sl="81" sc="44" el="81" ec="85" bec="0" bev="0" fileid="68" />
            </Method>
            <Method visited="true" cyclomaticComplexity="1" nPathComplexity="0" sequenceCoverage="100" branchCoverage="100" crapScore="1" isConstructor="true" isStatic="false" isGetter="false" isSetter="false">
              <Summary numSequencePoints="5" visitedSequencePoints="5" numBranchPoints="1" visitedBranchPoints="1" sequenceCoverage="100" branchCoverage="100" maxCyclomaticComplexity="1" minCyclomaticComplexity="1" maxCrapScore="1" minCrapScore="1" visitedClasses="0" numClasses="0" visitedMethods="1" numMethods="1" />
              <MetadataToken>100663312</MetadataToken>
              <Name>System.Void FlorianiProva.Infra.Data.Features.Alunos.AlunoRepository::.ctor()</Name>
              <FileRef uid="68" />
              <SequencePoints>
                <SequencePoint vc="7" uspid="400" ordinal="0" offset="0" sl="16" sc="9" el="21" ec="68" bec="0" bev="0" fileid="68" />
                <SequencePoint vc="7" uspid="401" ordinal="1" offset="11" sl="22" sc="9" el="22" ec="107" bec="0" bev="0" fileid="68" />
                <SequencePoint vc="7" uspid="402" ordinal="2" offset="22" sl="23" sc="9" el="23" ec="86" bec="0" bev="0" fileid="68" />
                <SequencePoint vc="7" uspid="403" ordinal="3" offset="33" sl="24" sc="9" el="24" ec="91" bec="0" bev="0" fileid="68" />
                <SequencePoint vc="7" uspid="404" ordinal="4" offset="44" sl="25" sc="9" el="25" ec="74" bec="0" bev="0" fileid="68" />
              </SequencePoints>
              <BranchPoints />
              <MethodPoint xsi:type="SequencePoint" vc="7" uspid="400" ordinal="0" offset="0" sl="16" sc="9" el="21" ec="68" bec="0" bev="0" fileid="68" />
            </Method>
          </Methods>
        </Class>
      </Classes>
    </Module>
    <Module hash="EF-55-3B-38-DD-F1-5B-1A-24-3B-00-90-01-62-F9-C9-22-E6-31-CD">
      <Summary numSequencePoints="0" visitedSequencePoints="0" numBranchPoints="0" visitedBranchPoints="0" sequenceCoverage="0" branchCoverage="0" maxCyclomaticComplexity="1" minCyclomaticComplexity="1" maxCrapScore="2" minCrapScore="2" visitedClasses="0" numClasses="0" visitedMethods="0" numMethods="0" />
      <ModulePath>C:\Users\ndduser\Desktop\FlorianiProva\ProvaTDD\FlorianiProva\FlorianiProva.Infra.Data.Testes\bin\Debug\FlorianiProva.Infra.dll</ModulePath>
      <ModuleTime>2018-06-19T17:45:03.2998174Z</ModuleTime>
      <ModuleName>FlorianiProva.Infra</ModuleName>
      <Files />
      <Classes>
        <Class>
          <Summary numSequencePoints="0" visitedSequencePoints="0" numBranchPoints="0" visitedBranchPoints="0" sequenceCoverage="0" branchCoverage="0" maxCyclomaticComplexity="1" minCyclomaticComplexity="1" maxCrapScore="2" minCrapScore="2" visitedClasses="0" numClasses="0" visitedMethods="0" numMethods="0" />
          <FullName>FlorianiProva.Infra.Class1</FullName>
          <Methods>
            <Method visited="false" cyclomaticComplexity="1" nPathComplexity="0" sequenceCoverage="0" branchCoverage="0" crapScore="2" isConstructor="true" isStatic="false" isGetter="false" isSetter="false">
              <Summary numSequencePoints="0" visitedSequencePoints="0" numBranchPoints="0" visitedBranchPoints="0" sequenceCoverage="0" branchCoverage="0" maxCyclomaticComplexity="1" minCyclomaticComplexity="1" maxCrapScore="2" minCrapScore="2" visitedClasses="0" numClasses="0" visitedMethods="0" numMethods="0" />
              <MetadataToken>100663297</MetadataToken>
              <Name>System.Void FlorianiProva.Infra.Class1::.ctor()</Name>
              <SequencePoints />
              <BranchPoints />
              <MethodPoint vc="0" uspid="529" ordinal="0" offset="0" />
            </Method>
          </Methods>
        </Class>
      </Classes>
    </Module>
  </Modules>
</CoverageSession>