<?xml version="1.0" encoding="utf-8"?>
<CoverageSession xmlns:xsd="http://www.w3.org/2001/XMLSchema" xmlns:xsi="http://www.w3.org/2001/XMLSchema-instance" Version="4.6.0.0">
  <Summary numSequencePoints="1671" visitedSequencePoints="559" numBranchPoints="616" visitedBranchPoints="192" sequenceCoverage="33.45" branchCoverage="31.17" maxCyclomaticComplexity="16" minCyclomaticComplexity="1" maxCrapScore="42" minCrapScore="1" visitedClasses="28" numClasses="98" visitedMethods="95" numMethods="330" />
  <Modules>
    <Module hash="10-84-E0-AF-E1-CD-C9-56-2B-FA-8C-F2-0D-3B-16-68-C1-4A-30-01">
      <Summary numSequencePoints="425" visitedSequencePoints="103" numBranchPoints="156" visitedBranchPoints="35" sequenceCoverage="24.24" branchCoverage="22.44" maxCyclomaticComplexity="6" minCyclomaticComplexity="1" maxCrapScore="42" minCrapScore="1" visitedClasses="5" numClasses="13" visitedMethods="24" numMethods="84" />
      <ModulePath>C:\Users\Isabel\Desktop\Apollo 4\Projeto_NFe\Projeto_NFe.Integration.Tests\bin\Debug\Projeto_NFe.Infra.Data.dll</ModulePath>
      <ModuleTime>2018-06-14T20:21:20Z</ModuleTime>
      <ModuleName>Projeto_NFe.Infra.Data</ModuleName>
      <Files>
        <File uid="1" fullPath="C:\Users\ndduser\Desktop\Academia Programador 2018\Apollo 4\Projeto_NFe\Projeto_NFe.Infra.Data\Features\Receivers\ReceiverSQLRepository.cs" />
        <File uid="3" fullPath="C:\Users\ndduser\Desktop\Academia Programador 2018\Apollo 4\Projeto_NFe\Projeto_NFe.Infra.Data\Features\Products\ProductSQLRepository.cs" />
        <File uid="5" fullPath="C:\Users\ndduser\Desktop\Academia Programador 2018\Apollo 4\Projeto_NFe\Projeto_NFe.Infra.Data\Features\ItemInvoices\ItemInvoiceSQLRepository.cs" />
        <File uid="7" fullPath="C:\Users\ndduser\Desktop\Academia Programador 2018\Apollo 4\Projeto_NFe\Projeto_NFe.Infra.Data\Features\Invoices\InvoiceInProcessSQLRepository.cs" />
        <File uid="9" fullPath="C:\Users\ndduser\Desktop\Academia Programador 2018\Apollo 4\Projeto_NFe\Projeto_NFe.Infra.Data\Features\Invoices\InvoiceIssuedSQLRepository.cs" />
        <File uid="10" fullPath="C:\Users\ndduser\Desktop\Academia Programador 2018\Apollo 4\Projeto_NFe\Projeto_NFe.Infra.Data\Features\Emitters\EmitterSqlRepository.cs" />
        <File uid="12" fullPath="C:\Users\ndduser\Desktop\Academia Programador 2018\Apollo 4\Projeto_NFe\Projeto_NFe.Infra.Data\Features\Conveyors\ConveyorSQLRepository.cs" />
      </Files>
      <Classes>
        <Class>
          <Summary numSequencePoints="67" visitedSequencePoints="0" numBranchPoints="24" visitedBranchPoints="0" sequenceCoverage="0" branchCoverage="0" maxCyclomaticComplexity="4" minCyclomaticComplexity="1" maxCrapScore="20" minCrapScore="2" visitedClasses="0" numClasses="1" visitedMethods="0" numMethods="12" />
          <FullName>Projeto_NFe.Infra.Data.Features.Receivers.ReceiverSQLRepository</FullName>
          <Methods>
            <Method visited="false" cyclomaticComplexity="1" nPathComplexity="0" sequenceCoverage="0" branchCoverage="0" crapScore="2" isConstructor="false" isStatic="false" isGetter="false" isSetter="false">
              <Summary numSequencePoints="5" visitedSequencePoints="0" numBranchPoints="1" visitedBranchPoints="0" sequenceCoverage="0" branchCoverage="0" maxCyclomaticComplexity="1" minCyclomaticComplexity="1" maxCrapScore="2" minCrapScore="2" visitedClasses="0" numClasses="0" visitedMethods="0" numMethods="1" />
              <MetadataToken>100663305</MetadataToken>
              <Name>Projeto_NFe.Domain.Features.Receivers.Receiver Projeto_NFe.Infra.Data.Features.Receivers.ReceiverSQLRepository::Save(Projeto_NFe.Domain.Features.Receivers.Receiver)</Name>
              <FileRef uid="1" />
              <SequencePoints>
                <SequencePoint vc="0" uspid="1" ordinal="0" offset="0" sl="29" sc="9" el="29" ec="10" bec="0" bev="0" fileid="1" />
                <SequencePoint vc="0" uspid="2" ordinal="1" offset="1" sl="30" sc="13" el="30" ec="33" bec="0" bev="0" fileid="1" />
                <SequencePoint vc="0" uspid="3" ordinal="2" offset="8" sl="31" sc="13" el="31" ec="72" bec="0" bev="0" fileid="1" />
                <SequencePoint vc="0" uspid="4" ordinal="3" offset="34" sl="33" sc="13" el="33" ec="29" bec="0" bev="0" fileid="1" />
                <SequencePoint vc="0" uspid="5" ordinal="4" offset="38" sl="34" sc="9" el="34" ec="10" bec="0" bev="0" fileid="1" />
              </SequencePoints>
              <BranchPoints />
              <MethodPoint xsi:type="SequencePoint" vc="0" uspid="1" ordinal="0" offset="0" sl="29" sc="9" el="29" ec="10" bec="0" bev="0" fileid="1" />
            </Method>
            <Method visited="false" cyclomaticComplexity="2" nPathComplexity="2" sequenceCoverage="0" branchCoverage="0" crapScore="6" isConstructor="false" isStatic="false" isGetter="false" isSetter="false">
              <Summary numSequencePoints="7" visitedSequencePoints="0" numBranchPoints="3" visitedBranchPoints="0" sequenceCoverage="0" branchCoverage="0" maxCyclomaticComplexity="2" minCyclomaticComplexity="2" maxCrapScore="6" minCrapScore="6" visitedClasses="0" numClasses="0" visitedMethods="0" numMethods="1" />
              <MetadataToken>100663306</MetadataToken>
              <Name>Projeto_NFe.Domain.Features.Receivers.Receiver Projeto_NFe.Infra.Data.Features.Receivers.ReceiverSQLRepository::Update(Projeto_NFe.Domain.Features.Receivers.Receiver)</Name>
              <FileRef uid="1" />
              <SequencePoints>
                <SequencePoint vc="0" uspid="6" ordinal="0" offset="0" sl="37" sc="9" el="37" ec="10" bec="0" bev="0" fileid="1" />
                <SequencePoint vc="0" uspid="7" ordinal="1" offset="1" sl="38" sc="13" el="38" ec="41" bec="2" bev="0" fileid="1" />
                <SequencePoint vc="0" uspid="8" ordinal="2" offset="19" sl="39" sc="17" el="39" ec="58" bec="0" bev="0" fileid="1" />
                <SequencePoint vc="0" uspid="9" ordinal="3" offset="25" sl="41" sc="13" el="41" ec="33" bec="0" bev="0" fileid="1" />
                <SequencePoint vc="0" uspid="10" ordinal="4" offset="32" sl="42" sc="13" el="42" ec="51" bec="0" bev="0" fileid="1" />
                <SequencePoint vc="0" uspid="11" ordinal="5" offset="52" sl="44" sc="13" el="44" ec="29" bec="0" bev="0" fileid="1" />
                <SequencePoint vc="0" uspid="12" ordinal="6" offset="56" sl="45" sc="9" el="45" ec="10" bec="0" bev="0" fileid="1" />
              </SequencePoints>
              <BranchPoints>
                <BranchPoint vc="0" uspid="13" ordinal="0" offset="17" sl="38" path="0" offsetend="19" fileid="1" />
                <BranchPoint vc="0" uspid="14" ordinal="1" offset="17" sl="38" path="1" offsetend="25" fileid="1" />
              </BranchPoints>
              <MethodPoint xsi:type="SequencePoint" vc="0" uspid="6" ordinal="0" offset="0" sl="37" sc="9" el="37" ec="10" bec="0" bev="0" fileid="1" />
            </Method>
            <Method visited="false" cyclomaticComplexity="2" nPathComplexity="2" sequenceCoverage="0" branchCoverage="0" crapScore="6" isConstructor="false" isStatic="false" isGetter="false" isSetter="false">
              <Summary numSequencePoints="5" visitedSequencePoints="0" numBranchPoints="3" visitedBranchPoints="0" sequenceCoverage="0" branchCoverage="0" maxCyclomaticComplexity="2" minCyclomaticComplexity="2" maxCrapScore="6" minCrapScore="6" visitedClasses="0" numClasses="0" visitedMethods="0" numMethods="1" />
              <MetadataToken>100663307</MetadataToken>
              <Name>Projeto_NFe.Domain.Features.Receivers.Receiver Projeto_NFe.Infra.Data.Features.Receivers.ReceiverSQLRepository::Get(System.Int64)</Name>
              <FileRef uid="1" />
              <SequencePoints>
                <SequencePoint vc="0" uspid="15" ordinal="0" offset="0" sl="48" sc="9" el="48" ec="10" bec="0" bev="0" fileid="1" />
                <SequencePoint vc="0" uspid="16" ordinal="1" offset="1" sl="49" sc="13" el="49" ec="32" bec="2" bev="0" fileid="1" />
                <SequencePoint vc="0" uspid="17" ordinal="2" offset="14" sl="50" sc="17" el="50" ec="58" bec="0" bev="0" fileid="1" />
                <SequencePoint vc="0" uspid="18" ordinal="3" offset="20" sl="52" sc="13" el="52" ec="78" bec="0" bev="0" fileid="1" />
                <SequencePoint vc="0" uspid="19" ordinal="4" offset="62" sl="53" sc="9" el="53" ec="10" bec="0" bev="0" fileid="1" />
              </SequencePoints>
              <BranchPoints>
                <BranchPoint vc="0" uspid="20" ordinal="0" offset="12" sl="49" path="0" offsetend="14" fileid="1" />
                <BranchPoint vc="0" uspid="21" ordinal="1" offset="12" sl="49" path="1" offsetend="20" fileid="1" />
              </BranchPoints>
              <MethodPoint xsi:type="SequencePoint" vc="0" uspid="15" ordinal="0" offset="0" sl="48" sc="9" el="48" ec="10" bec="0" bev="0" fileid="1" />
            </Method>
            <Method visited="false" cyclomaticComplexity="1" nPathComplexity="0" sequenceCoverage="0" branchCoverage="0" crapScore="2" isConstructor="false" isStatic="false" isGetter="false" isSetter="false">
              <Summary numSequencePoints="3" visitedSequencePoints="0" numBranchPoints="1" visitedBranchPoints="0" sequenceCoverage="0" branchCoverage="0" maxCyclomaticComplexity="1" minCyclomaticComplexity="1" maxCrapScore="2" minCrapScore="2" visitedClasses="0" numClasses="0" visitedMethods="0" numMethods="1" />
              <MetadataToken>100663308</MetadataToken>
              <Name>System.Collections.Generic.IEnumerable`1&lt;Projeto_NFe.Domain.Features.Receivers.Receiver&gt; Projeto_NFe.Infra.Data.Features.Receivers.ReceiverSQLRepository::GetAll()</Name>
              <FileRef uid="1" />
              <SequencePoints>
                <SequencePoint vc="0" uspid="22" ordinal="0" offset="0" sl="56" sc="9" el="56" ec="10" bec="0" bev="0" fileid="1" />
                <SequencePoint vc="0" uspid="23" ordinal="1" offset="1" sl="57" sc="13" el="57" ec="48" bec="0" bev="0" fileid="1" />
                <SequencePoint vc="0" uspid="24" ordinal="2" offset="21" sl="58" sc="9" el="58" ec="10" bec="0" bev="0" fileid="1" />
              </SequencePoints>
              <BranchPoints />
              <MethodPoint xsi:type="SequencePoint" vc="0" uspid="22" ordinal="0" offset="0" sl="56" sc="9" el="56" ec="10" bec="0" bev="0" fileid="1" />
            </Method>
            <Method visited="false" cyclomaticComplexity="2" nPathComplexity="2" sequenceCoverage="0" branchCoverage="0" crapScore="6" isConstructor="false" isStatic="false" isGetter="false" isSetter="false">
              <Summary numSequencePoints="5" visitedSequencePoints="0" numBranchPoints="3" visitedBranchPoints="0" sequenceCoverage="0" branchCoverage="0" maxCyclomaticComplexity="2" minCyclomaticComplexity="2" maxCrapScore="6" minCrapScore="6" visitedClasses="0" numClasses="0" visitedMethods="0" numMethods="1" />
              <MetadataToken>100663309</MetadataToken>
              <Name>System.Void Projeto_NFe.Infra.Data.Features.Receivers.ReceiverSQLRepository::Delete(Projeto_NFe.Domain.Features.Receivers.Receiver)</Name>
              <FileRef uid="1" />
              <SequencePoints>
                <SequencePoint vc="0" uspid="25" ordinal="0" offset="0" sl="61" sc="9" el="61" ec="10" bec="0" bev="0" fileid="1" />
                <SequencePoint vc="0" uspid="26" ordinal="1" offset="1" sl="62" sc="13" el="62" ec="41" bec="2" bev="0" fileid="1" />
                <SequencePoint vc="0" uspid="27" ordinal="2" offset="19" sl="63" sc="17" el="63" ec="58" bec="0" bev="0" fileid="1" />
                <SequencePoint vc="0" uspid="28" ordinal="3" offset="25" sl="65" sc="13" el="65" ec="80" bec="0" bev="0" fileid="1" />
                <SequencePoint vc="0" uspid="29" ordinal="4" offset="65" sl="66" sc="9" el="66" ec="10" bec="0" bev="0" fileid="1" />
              </SequencePoints>
              <BranchPoints>
                <BranchPoint vc="0" uspid="30" ordinal="0" offset="17" sl="62" path="0" offsetend="19" fileid="1" />
                <BranchPoint vc="0" uspid="31" ordinal="1" offset="17" sl="62" path="1" offsetend="25" fileid="1" />
              </BranchPoints>
              <MethodPoint xsi:type="SequencePoint" vc="0" uspid="25" ordinal="0" offset="0" sl="61" sc="9" el="61" ec="10" bec="0" bev="0" fileid="1" />
            </Method>
            <Method visited="false" cyclomaticComplexity="1" nPathComplexity="0" sequenceCoverage="0" branchCoverage="0" crapScore="2" isConstructor="false" isStatic="false" isGetter="false" isSetter="false">
              <Summary numSequencePoints="4" visitedSequencePoints="0" numBranchPoints="1" visitedBranchPoints="0" sequenceCoverage="0" branchCoverage="0" maxCyclomaticComplexity="1" minCyclomaticComplexity="1" maxCrapScore="2" minCrapScore="2" visitedClasses="0" numClasses="0" visitedMethods="0" numMethods="1" />
              <MetadataToken>100663310</MetadataToken>
              <Name>System.Boolean Projeto_NFe.Infra.Data.Features.Receivers.ReceiverSQLRepository::CheckDependency(Projeto_NFe.Domain.Features.Receivers.Receiver)</Name>
              <FileRef uid="1" />
              <SequencePoints>
                <SequencePoint vc="0" uspid="32" ordinal="0" offset="0" sl="69" sc="9" el="69" ec="10" bec="0" bev="0" fileid="1" />
                <SequencePoint vc="0" uspid="33" ordinal="1" offset="1" sl="70" sc="13" el="74" ec="15" bec="0" bev="0" fileid="1" />
                <SequencePoint vc="0" uspid="34" ordinal="2" offset="46" sl="76" sc="13" el="76" ec="37" bec="0" bev="0" fileid="1" />
                <SequencePoint vc="0" uspid="35" ordinal="3" offset="58" sl="77" sc="9" el="77" ec="10" bec="0" bev="0" fileid="1" />
              </SequencePoints>
              <BranchPoints />
              <MethodPoint xsi:type="SequencePoint" vc="0" uspid="32" ordinal="0" offset="0" sl="69" sc="9" el="69" ec="10" bec="0" bev="0" fileid="1" />
            </Method>
            <Method visited="false" cyclomaticComplexity="1" nPathComplexity="0" sequenceCoverage="0" branchCoverage="0" crapScore="2" isConstructor="false" isStatic="true" isGetter="false" isSetter="false">
              <Summary numSequencePoints="3" visitedSequencePoints="0" numBranchPoints="1" visitedBranchPoints="0" sequenceCoverage="0" branchCoverage="0" maxCyclomaticComplexity="1" minCyclomaticComplexity="1" maxCrapScore="2" minCrapScore="2" visitedClasses="0" numClasses="0" visitedMethods="0" numMethods="1" />
              <MetadataToken>100663311</MetadataToken>
              <Name>System.Int32 Projeto_NFe.Infra.Data.Features.Receivers.ReceiverSQLRepository::ReadInt(System.Data.IDataReader)</Name>
              <FileRef uid="1" />
              <SequencePoints>
                <SequencePoint vc="0" uspid="36" ordinal="0" offset="0" sl="82" sc="9" el="82" ec="10" bec="0" bev="0" fileid="1" />
                <SequencePoint vc="0" uspid="37" ordinal="1" offset="1" sl="83" sc="13" el="83" ec="53" bec="0" bev="0" fileid="1" />
                <SequencePoint vc="0" uspid="38" ordinal="2" offset="20" sl="84" sc="9" el="84" ec="10" bec="0" bev="0" fileid="1" />
              </SequencePoints>
              <BranchPoints />
              <MethodPoint xsi:type="SequencePoint" vc="0" uspid="36" ordinal="0" offset="0" sl="82" sc="9" el="82" ec="10" bec="0" bev="0" fileid="1" />
            </Method>
            <Method visited="false" cyclomaticComplexity="2" nPathComplexity="2" sequenceCoverage="0" branchCoverage="0" crapScore="6" isConstructor="false" isStatic="true" isGetter="false" isSetter="false">
              <Summary numSequencePoints="7" visitedSequencePoints="0" numBranchPoints="3" visitedBranchPoints="0" sequenceCoverage="0" branchCoverage="0" maxCyclomaticComplexity="2" minCyclomaticComplexity="2" maxCrapScore="6" minCrapScore="6" visitedClasses="0" numClasses="0" visitedMethods="0" numMethods="1" />
              <MetadataToken>100663312</MetadataToken>
              <Name>Projeto_NFe.Infra.CPF.Cpf Projeto_NFe.Infra.Data.Features.Receivers.ReceiverSQLRepository::MakeCpf(System.Data.IDataReader)</Name>
              <FileRef uid="1" />
              <SequencePoints>
                <SequencePoint vc="0" uspid="39" ordinal="0" offset="0" sl="107" sc="9" el="107" ec="10" bec="0" bev="0" fileid="1" />
                <SequencePoint vc="0" uspid="40" ordinal="1" offset="1" sl="108" sc="13" el="108" ec="101" bec="0" bev="0" fileid="1" />
                <SequencePoint vc="0" uspid="41" ordinal="2" offset="38" sl="110" sc="13" el="110" ec="45" bec="2" bev="0" fileid="1" />
                <SequencePoint vc="0" uspid="42" ordinal="3" offset="46" sl="111" sc="13" el="111" ec="14" bec="0" bev="0" fileid="1" />
                <SequencePoint vc="0" uspid="43" ordinal="4" offset="47" sl="112" sc="17" el="115" ec="19" bec="0" bev="0" fileid="1" />
                <SequencePoint vc="0" uspid="44" ordinal="5" offset="78" sl="118" sc="13" el="118" ec="25" bec="0" bev="0" fileid="1" />
                <SequencePoint vc="0" uspid="45" ordinal="6" offset="82" sl="119" sc="9" el="119" ec="10" bec="0" bev="0" fileid="1" />
              </SequencePoints>
              <BranchPoints>
                <BranchPoint vc="0" uspid="46" ordinal="0" offset="44" sl="110" path="0" offsetend="46" fileid="1" />
                <BranchPoint vc="0" uspid="47" ordinal="1" offset="44" sl="110" path="1" offsetend="78" fileid="1" />
              </BranchPoints>
              <MethodPoint xsi:type="SequencePoint" vc="0" uspid="39" ordinal="0" offset="0" sl="107" sc="9" el="107" ec="10" bec="0" bev="0" fileid="1" />
            </Method>
            <Method visited="false" cyclomaticComplexity="2" nPathComplexity="2" sequenceCoverage="0" branchCoverage="0" crapScore="6" isConstructor="false" isStatic="true" isGetter="false" isSetter="false">
              <Summary numSequencePoints="7" visitedSequencePoints="0" numBranchPoints="3" visitedBranchPoints="0" sequenceCoverage="0" branchCoverage="0" maxCyclomaticComplexity="2" minCyclomaticComplexity="2" maxCrapScore="6" minCrapScore="6" visitedClasses="0" numClasses="0" visitedMethods="0" numMethods="1" />
              <MetadataToken>100663313</MetadataToken>
              <Name>Projeto_NFe.Infra.CNPJ.Cnpj Projeto_NFe.Infra.Data.Features.Receivers.ReceiverSQLRepository::MakeCnpj(System.Data.IDataReader)</Name>
              <FileRef uid="1" />
              <SequencePoints>
                <SequencePoint vc="0" uspid="48" ordinal="0" offset="0" sl="122" sc="9" el="122" ec="10" bec="0" bev="0" fileid="1" />
                <SequencePoint vc="0" uspid="49" ordinal="1" offset="1" sl="123" sc="13" el="123" ec="101" bec="0" bev="0" fileid="1" />
                <SequencePoint vc="0" uspid="50" ordinal="2" offset="38" sl="125" sc="13" el="125" ec="42" bec="2" bev="0" fileid="1" />
                <SequencePoint vc="0" uspid="51" ordinal="3" offset="46" sl="126" sc="13" el="126" ec="14" bec="0" bev="0" fileid="1" />
                <SequencePoint vc="0" uspid="52" ordinal="4" offset="47" sl="127" sc="17" el="130" ec="19" bec="0" bev="0" fileid="1" />
                <SequencePoint vc="0" uspid="53" ordinal="5" offset="78" sl="133" sc="13" el="133" ec="25" bec="0" bev="0" fileid="1" />
                <SequencePoint vc="0" uspid="54" ordinal="6" offset="82" sl="134" sc="9" el="134" ec="10" bec="0" bev="0" fileid="1" />
              </SequencePoints>
              <BranchPoints>
                <BranchPoint vc="0" uspid="55" ordinal="0" offset="44" sl="125" path="0" offsetend="46" fileid="1" />
                <BranchPoint vc="0" uspid="56" ordinal="1" offset="44" sl="125" path="1" offsetend="78" fileid="1" />
              </BranchPoints>
              <MethodPoint xsi:type="SequencePoint" vc="0" uspid="48" ordinal="0" offset="0" sl="122" sc="9" el="122" ec="10" bec="0" bev="0" fileid="1" />
            </Method>
            <Method visited="false" cyclomaticComplexity="4" nPathComplexity="2" sequenceCoverage="0" branchCoverage="0" crapScore="20" isConstructor="false" isStatic="false" isGetter="false" isSetter="false">
              <Summary numSequencePoints="11" visitedSequencePoints="0" numBranchPoints="3" visitedBranchPoints="0" sequenceCoverage="0" branchCoverage="0" maxCyclomaticComplexity="4" minCyclomaticComplexity="4" maxCrapScore="20" minCrapScore="20" visitedClasses="0" numClasses="0" visitedMethods="0" numMethods="1" />
              <MetadataToken>100663314</MetadataToken>
              <Name>System.Object[] Projeto_NFe.Infra.Data.Features.Receivers.ReceiverSQLRepository::Take(Projeto_NFe.Domain.Features.Receivers.Receiver,System.Boolean)</Name>
              <FileRef uid="1" />
              <SequencePoints>
                <SequencePoint vc="0" uspid="57" ordinal="0" offset="0" sl="137" sc="9" el="137" ec="10" bec="0" bev="0" fileid="1" />
                <SequencePoint vc="0" uspid="58" ordinal="1" offset="1" sl="138" sc="13" el="138" ec="40" bec="0" bev="0" fileid="1" />
                <SequencePoint vc="0" uspid="59" ordinal="2" offset="3" sl="139" sc="13" el="139" ec="23" bec="2" bev="0" fileid="1" />
                <SequencePoint vc="0" uspid="60" ordinal="3" offset="11" sl="140" sc="13" el="140" ec="14" bec="0" bev="0" fileid="1" />
                <SequencePoint vc="0" uspid="61" ordinal="4" offset="12" sl="141" sc="17" el="153" ec="19" bec="0" bev="0" fileid="1" />
                <SequencePoint vc="0" uspid="62" ordinal="5" offset="296" sl="154" sc="13" el="154" ec="14" bec="0" bev="0" fileid="1" />
                <SequencePoint vc="0" uspid="63" ordinal="6" offset="302" sl="156" sc="13" el="156" ec="14" bec="0" bev="0" fileid="1" />
                <SequencePoint vc="0" uspid="64" ordinal="7" offset="303" sl="157" sc="17" el="168" ec="17" bec="0" bev="0" fileid="1" />
                <SequencePoint vc="0" uspid="65" ordinal="8" offset="563" sl="169" sc="13" el="169" ec="14" bec="0" bev="0" fileid="1" />
                <SequencePoint vc="0" uspid="66" ordinal="9" offset="564" sl="171" sc="13" el="171" ec="31" bec="0" bev="0" fileid="1" />
                <SequencePoint vc="0" uspid="67" ordinal="10" offset="569" sl="172" sc="9" el="172" ec="10" bec="0" bev="0" fileid="1" />
              </SequencePoints>
              <BranchPoints>
                <BranchPoint vc="0" uspid="68" ordinal="0" offset="6" sl="139" path="0" offsetend="11" fileid="1" />
                <BranchPoint vc="0" uspid="69" ordinal="1" offset="6" sl="139" path="1" offsetend="302" fileid="1" />
              </BranchPoints>
              <MethodPoint xsi:type="SequencePoint" vc="0" uspid="57" ordinal="0" offset="0" sl="137" sc="9" el="137" ec="10" bec="0" bev="0" fileid="1" />
            </Method>
            <Method visited="false" cyclomaticComplexity="1" nPathComplexity="0" sequenceCoverage="0" branchCoverage="0" crapScore="2" isConstructor="true" isStatic="false" isGetter="false" isSetter="false">
              <Summary numSequencePoints="8" visitedSequencePoints="0" numBranchPoints="1" visitedBranchPoints="0" sequenceCoverage="0" branchCoverage="0" maxCyclomaticComplexity="1" minCyclomaticComplexity="1" maxCrapScore="2" minCrapScore="2" visitedClasses="0" numClasses="0" visitedMethods="0" numMethods="1" />
              <MetadataToken>100663315</MetadataToken>
              <Name>System.Void Projeto_NFe.Infra.Data.Features.Receivers.ReceiverSQLRepository::.ctor()</Name>
              <FileRef uid="1" />
              <SequencePoints>
                <SequencePoint vc="0" uspid="74" ordinal="0" offset="0" sl="18" sc="9" el="18" ec="266" bec="0" bev="0" fileid="1" />
                <SequencePoint vc="0" uspid="75" ordinal="1" offset="11" sl="19" sc="9" el="19" ec="312" bec="0" bev="0" fileid="1" />
                <SequencePoint vc="0" uspid="76" ordinal="2" offset="22" sl="20" sc="9" el="20" ec="101" bec="0" bev="0" fileid="1" />
                <SequencePoint vc="0" uspid="77" ordinal="3" offset="33" sl="21" sc="9" el="21" ec="73" bec="0" bev="0" fileid="1" />
                <SequencePoint vc="0" uspid="78" ordinal="4" offset="44" sl="22" sc="9" el="22" ec="102" bec="0" bev="0" fileid="1" />
                <SequencePoint vc="0" uspid="79" ordinal="5" offset="55" sl="23" sc="9" el="23" ec="245" bec="0" bev="0" fileid="1" />
                <SequencePoint vc="0" uspid="80" ordinal="6" offset="66" sl="25" sc="9" el="25" ec="45" bec="0" bev="0" fileid="1" />
                <SequencePoint vc="0" uspid="81" ordinal="7" offset="74" sl="26" sc="9" el="26" ec="41" bec="0" bev="0" fileid="1" />
              </SequencePoints>
              <BranchPoints />
              <MethodPoint xsi:type="SequencePoint" vc="0" uspid="74" ordinal="0" offset="0" sl="18" sc="9" el="18" ec="266" bec="0" bev="0" fileid="1" />
            </Method>
            <Method visited="false" cyclomaticComplexity="1" nPathComplexity="0" sequenceCoverage="0" branchCoverage="0" crapScore="2" isConstructor="true" isStatic="true" isGetter="false" isSetter="false">
              <Summary numSequencePoints="2" visitedSequencePoints="0" numBranchPoints="1" visitedBranchPoints="0" sequenceCoverage="0" branchCoverage="0" maxCyclomaticComplexity="1" minCyclomaticComplexity="1" maxCrapScore="2" minCrapScore="2" visitedClasses="0" numClasses="0" visitedMethods="0" numMethods="1" />
              <MetadataToken>100663316</MetadataToken>
              <Name>System.Void Projeto_NFe.Infra.Data.Features.Receivers.ReceiverSQLRepository::.cctor()</Name>
              <FileRef uid="1" />
              <SequencePoints>
                <SequencePoint vc="0" uspid="82" ordinal="0" offset="0" sl="79" sc="9" el="79" ec="67" bec="0" bev="0" fileid="1" />
                <SequencePoint vc="0" uspid="83" ordinal="1" offset="17" sl="86" sc="9" el="104" ec="13" bec="0" bev="0" fileid="1" />
              </SequencePoints>
              <BranchPoints />
              <MethodPoint xsi:type="SequencePoint" vc="0" uspid="82" ordinal="0" offset="0" sl="79" sc="9" el="79" ec="67" bec="0" bev="0" fileid="1" />
            </Method>
          </Methods>
        </Class>
        <Class>
          <Summary numSequencePoints="1" visitedSequencePoints="0" numBranchPoints="1" visitedBranchPoints="0" sequenceCoverage="0" branchCoverage="0" maxCyclomaticComplexity="1" minCyclomaticComplexity="1" maxCrapScore="2" minCrapScore="2" visitedClasses="0" numClasses="1" visitedMethods="0" numMethods="1" />
          <FullName>Projeto_NFe.Infra.Data.Features.Receivers.ReceiverSQLRepository/&lt;&gt;c</FullName>
          <Methods>
            <Method visited="false" cyclomaticComplexity="1" nPathComplexity="0" sequenceCoverage="0" branchCoverage="0" crapScore="2" isConstructor="true" isStatic="true" isGetter="false" isSetter="false">
              <Summary numSequencePoints="0" visitedSequencePoints="0" numBranchPoints="0" visitedBranchPoints="0" sequenceCoverage="0" branchCoverage="0" maxCyclomaticComplexity="1" minCyclomaticComplexity="1" maxCrapScore="2" minCrapScore="2" visitedClasses="0" numClasses="0" visitedMethods="0" numMethods="0" />
              <MetadataToken>100663383</MetadataToken>
              <Name>System.Void Projeto_NFe.Infra.Data.Features.Receivers.ReceiverSQLRepository/&lt;&gt;c::.cctor()</Name>
              <SequencePoints />
              <BranchPoints />
              <MethodPoint vc="0" uspid="84" ordinal="0" offset="0" />
            </Method>
            <Method visited="false" cyclomaticComplexity="1" nPathComplexity="0" sequenceCoverage="0" branchCoverage="0" crapScore="2" isConstructor="true" isStatic="false" isGetter="false" isSetter="false">
              <Summary numSequencePoints="0" visitedSequencePoints="0" numBranchPoints="0" visitedBranchPoints="0" sequenceCoverage="0" branchCoverage="0" maxCyclomaticComplexity="1" minCyclomaticComplexity="1" maxCrapScore="2" minCrapScore="2" visitedClasses="0" numClasses="0" visitedMethods="0" numMethods="0" />
              <MetadataToken>100663384</MetadataToken>
              <Name>System.Void Projeto_NFe.Infra.Data.Features.Receivers.ReceiverSQLRepository/&lt;&gt;c::.ctor()</Name>
              <SequencePoints />
              <BranchPoints />
              <MethodPoint vc="0" uspid="85" ordinal="0" offset="0" />
            </Method>
            <Method visited="false" cyclomaticComplexity="1" nPathComplexity="0" sequenceCoverage="0" branchCoverage="0" crapScore="2" isConstructor="false" isStatic="false" isGetter="false" isSetter="false">
              <Summary numSequencePoints="1" visitedSequencePoints="0" numBranchPoints="1" visitedBranchPoints="0" sequenceCoverage="0" branchCoverage="0" maxCyclomaticComplexity="1" minCyclomaticComplexity="1" maxCrapScore="2" minCrapScore="2" visitedClasses="0" numClasses="0" visitedMethods="0" numMethods="1" />
              <MetadataToken>100663385</MetadataToken>
              <Name>Projeto_NFe.Domain.Features.Receivers.Receiver Projeto_NFe.Infra.Data.Features.Receivers.ReceiverSQLRepository/&lt;&gt;c::&lt;.cctor&gt;b__21_0(System.Data.IDataReader)</Name>
              <FileRef uid="1" />
              <SequencePoints>
                <SequencePoint vc="0" uspid="86" ordinal="0" offset="0" sl="87" sc="11" el="104" ec="12" bec="0" bev="0" fileid="1" />
              </SequencePoints>
              <BranchPoints />
              <MethodPoint xsi:type="SequencePoint" vc="0" uspid="86" ordinal="0" offset="0" sl="87" sc="11" el="104" ec="12" bec="0" bev="0" fileid="1" />
            </Method>
          </Methods>
        </Class>
        <Class>
          <Summary numSequencePoints="53" visitedSequencePoints="0" numBranchPoints="18" visitedBranchPoints="0" sequenceCoverage="0" branchCoverage="0" maxCyclomaticComplexity="2" minCyclomaticComplexity="1" maxCrapScore="6" minCrapScore="2" visitedClasses="0" numClasses="1" visitedMethods="0" numMethods="10" />
          <FullName>Projeto_NFe.Infra.Data.Features.Products.ProductSQLRepository</FullName>
          <Methods>
            <Method visited="false" cyclomaticComplexity="1" nPathComplexity="0" sequenceCoverage="0" branchCoverage="0" crapScore="2" isConstructor="false" isStatic="false" isGetter="false" isSetter="false">
              <Summary numSequencePoints="5" visitedSequencePoints="0" numBranchPoints="1" visitedBranchPoints="0" sequenceCoverage="0" branchCoverage="0" maxCyclomaticComplexity="1" minCyclomaticComplexity="1" maxCrapScore="2" minCrapScore="2" visitedClasses="0" numClasses="0" visitedMethods="0" numMethods="1" />
              <MetadataToken>100663317</MetadataToken>
              <Name>Projeto_NFe.Domain.Features.Products.Product Projeto_NFe.Infra.Data.Features.Products.ProductSQLRepository::Save(Projeto_NFe.Domain.Features.Products.Product)</Name>
              <FileRef uid="3" />
              <SequencePoints>
                <SequencePoint vc="0" uspid="87" ordinal="0" offset="0" sl="26" sc="9" el="26" ec="10" bec="0" bev="0" fileid="3" />
                <SequencePoint vc="0" uspid="88" ordinal="1" offset="1" sl="27" sc="13" el="27" ec="32" bec="0" bev="0" fileid="3" />
                <SequencePoint vc="0" uspid="89" ordinal="2" offset="8" sl="28" sc="13" el="28" ec="70" bec="0" bev="0" fileid="3" />
                <SequencePoint vc="0" uspid="90" ordinal="3" offset="34" sl="30" sc="13" el="30" ec="28" bec="0" bev="0" fileid="3" />
                <SequencePoint vc="0" uspid="91" ordinal="4" offset="38" sl="31" sc="9" el="31" ec="10" bec="0" bev="0" fileid="3" />
              </SequencePoints>
              <BranchPoints />
              <MethodPoint xsi:type="SequencePoint" vc="0" uspid="87" ordinal="0" offset="0" sl="26" sc="9" el="26" ec="10" bec="0" bev="0" fileid="3" />
            </Method>
            <Method visited="false" cyclomaticComplexity="2" nPathComplexity="2" sequenceCoverage="0" branchCoverage="0" crapScore="6" isConstructor="false" isStatic="false" isGetter="false" isSetter="false">
              <Summary numSequencePoints="7" visitedSequencePoints="0" numBranchPoints="3" visitedBranchPoints="0" sequenceCoverage="0" branchCoverage="0" maxCyclomaticComplexity="2" minCyclomaticComplexity="2" maxCrapScore="6" minCrapScore="6" visitedClasses="0" numClasses="0" visitedMethods="0" numMethods="1" />
              <MetadataToken>100663318</MetadataToken>
              <Name>Projeto_NFe.Domain.Features.Products.Product Projeto_NFe.Infra.Data.Features.Products.ProductSQLRepository::Update(Projeto_NFe.Domain.Features.Products.Product)</Name>
              <FileRef uid="3" />
              <SequencePoints>
                <SequencePoint vc="0" uspid="92" ordinal="0" offset="0" sl="34" sc="9" el="34" ec="10" bec="0" bev="0" fileid="3" />
                <SequencePoint vc="0" uspid="93" ordinal="1" offset="1" sl="35" sc="13" el="35" ec="40" bec="2" bev="0" fileid="3" />
                <SequencePoint vc="0" uspid="94" ordinal="2" offset="19" sl="36" sc="17" el="36" ec="58" bec="0" bev="0" fileid="3" />
                <SequencePoint vc="0" uspid="95" ordinal="3" offset="25" sl="38" sc="13" el="38" ec="32" bec="0" bev="0" fileid="3" />
                <SequencePoint vc="0" uspid="96" ordinal="4" offset="32" sl="39" sc="13" el="39" ec="50" bec="0" bev="0" fileid="3" />
                <SequencePoint vc="0" uspid="97" ordinal="5" offset="52" sl="41" sc="13" el="41" ec="28" bec="0" bev="0" fileid="3" />
                <SequencePoint vc="0" uspid="98" ordinal="6" offset="56" sl="42" sc="9" el="42" ec="10" bec="0" bev="0" fileid="3" />
              </SequencePoints>
              <BranchPoints>
                <BranchPoint vc="0" uspid="99" ordinal="0" offset="17" sl="35" path="0" offsetend="19" fileid="3" />
                <BranchPoint vc="0" uspid="100" ordinal="1" offset="17" sl="35" path="1" offsetend="25" fileid="3" />
              </BranchPoints>
              <MethodPoint xsi:type="SequencePoint" vc="0" uspid="92" ordinal="0" offset="0" sl="34" sc="9" el="34" ec="10" bec="0" bev="0" fileid="3" />
            </Method>
            <Method visited="false" cyclomaticComplexity="2" nPathComplexity="2" sequenceCoverage="0" branchCoverage="0" crapScore="6" isConstructor="false" isStatic="false" isGetter="false" isSetter="false">
              <Summary numSequencePoints="5" visitedSequencePoints="0" numBranchPoints="3" visitedBranchPoints="0" sequenceCoverage="0" branchCoverage="0" maxCyclomaticComplexity="2" minCyclomaticComplexity="2" maxCrapScore="6" minCrapScore="6" visitedClasses="0" numClasses="0" visitedMethods="0" numMethods="1" />
              <MetadataToken>100663319</MetadataToken>
              <Name>Projeto_NFe.Domain.Features.Products.Product Projeto_NFe.Infra.Data.Features.Products.ProductSQLRepository::Get(System.Int64)</Name>
              <FileRef uid="3" />
              <SequencePoints>
                <SequencePoint vc="0" uspid="101" ordinal="0" offset="0" sl="45" sc="9" el="45" ec="10" bec="0" bev="0" fileid="3" />
                <SequencePoint vc="0" uspid="102" ordinal="1" offset="1" sl="46" sc="13" el="46" ec="32" bec="2" bev="0" fileid="3" />
                <SequencePoint vc="0" uspid="103" ordinal="2" offset="14" sl="47" sc="17" el="47" ec="58" bec="0" bev="0" fileid="3" />
                <SequencePoint vc="0" uspid="104" ordinal="3" offset="20" sl="49" sc="13" el="49" ec="77" bec="0" bev="0" fileid="3" />
                <SequencePoint vc="0" uspid="105" ordinal="4" offset="62" sl="50" sc="9" el="50" ec="10" bec="0" bev="0" fileid="3" />
              </SequencePoints>
              <BranchPoints>
                <BranchPoint vc="0" uspid="106" ordinal="0" offset="12" sl="46" path="0" offsetend="14" fileid="3" />
                <BranchPoint vc="0" uspid="107" ordinal="1" offset="12" sl="46" path="1" offsetend="20" fileid="3" />
              </BranchPoints>
              <MethodPoint xsi:type="SequencePoint" vc="0" uspid="101" ordinal="0" offset="0" sl="45" sc="9" el="45" ec="10" bec="0" bev="0" fileid="3" />
            </Method>
            <Method visited="false" cyclomaticComplexity="1" nPathComplexity="0" sequenceCoverage="0" branchCoverage="0" crapScore="2" isConstructor="false" isStatic="false" isGetter="false" isSetter="false">
              <Summary numSequencePoints="3" visitedSequencePoints="0" numBranchPoints="1" visitedBranchPoints="0" sequenceCoverage="0" branchCoverage="0" maxCyclomaticComplexity="1" minCyclomaticComplexity="1" maxCrapScore="2" minCrapScore="2" visitedClasses="0" numClasses="0" visitedMethods="0" numMethods="1" />
              <MetadataToken>100663320</MetadataToken>
              <Name>System.Collections.Generic.IEnumerable`1&lt;Projeto_NFe.Domain.Features.Products.Product&gt; Projeto_NFe.Infra.Data.Features.Products.ProductSQLRepository::GetAll()</Name>
              <FileRef uid="3" />
              <SequencePoints>
                <SequencePoint vc="0" uspid="108" ordinal="0" offset="0" sl="53" sc="9" el="53" ec="10" bec="0" bev="0" fileid="3" />
                <SequencePoint vc="0" uspid="109" ordinal="1" offset="1" sl="54" sc="13" el="54" ec="48" bec="0" bev="0" fileid="3" />
                <SequencePoint vc="0" uspid="110" ordinal="2" offset="21" sl="55" sc="9" el="55" ec="10" bec="0" bev="0" fileid="3" />
              </SequencePoints>
              <BranchPoints />
              <MethodPoint xsi:type="SequencePoint" vc="0" uspid="108" ordinal="0" offset="0" sl="53" sc="9" el="53" ec="10" bec="0" bev="0" fileid="3" />
            </Method>
            <Method visited="false" cyclomaticComplexity="2" nPathComplexity="2" sequenceCoverage="0" branchCoverage="0" crapScore="6" isConstructor="false" isStatic="false" isGetter="false" isSetter="false">
              <Summary numSequencePoints="5" visitedSequencePoints="0" numBranchPoints="3" visitedBranchPoints="0" sequenceCoverage="0" branchCoverage="0" maxCyclomaticComplexity="2" minCyclomaticComplexity="2" maxCrapScore="6" minCrapScore="6" visitedClasses="0" numClasses="0" visitedMethods="0" numMethods="1" />
              <MetadataToken>100663321</MetadataToken>
              <Name>System.Void Projeto_NFe.Infra.Data.Features.Products.ProductSQLRepository::Delete(Projeto_NFe.Domain.Features.Products.Product)</Name>
              <FileRef uid="3" />
              <SequencePoints>
                <SequencePoint vc="0" uspid="111" ordinal="0" offset="0" sl="58" sc="9" el="58" ec="10" bec="0" bev="0" fileid="3" />
                <SequencePoint vc="0" uspid="112" ordinal="1" offset="1" sl="59" sc="13" el="59" ec="40" bec="2" bev="0" fileid="3" />
                <SequencePoint vc="0" uspid="113" ordinal="2" offset="19" sl="60" sc="17" el="60" ec="58" bec="0" bev="0" fileid="3" />
                <SequencePoint vc="0" uspid="114" ordinal="3" offset="25" sl="62" sc="13" el="62" ec="78" bec="0" bev="0" fileid="3" />
                <SequencePoint vc="0" uspid="115" ordinal="4" offset="65" sl="63" sc="9" el="63" ec="10" bec="0" bev="0" fileid="3" />
              </SequencePoints>
              <BranchPoints>
                <BranchPoint vc="0" uspid="116" ordinal="0" offset="17" sl="59" path="0" offsetend="19" fileid="3" />
                <BranchPoint vc="0" uspid="117" ordinal="1" offset="17" sl="59" path="1" offsetend="25" fileid="3" />
              </BranchPoints>
              <MethodPoint xsi:type="SequencePoint" vc="0" uspid="111" ordinal="0" offset="0" sl="58" sc="9" el="58" ec="10" bec="0" bev="0" fileid="3" />
            </Method>
            <Method visited="false" cyclomaticComplexity="1" nPathComplexity="0" sequenceCoverage="0" branchCoverage="0" crapScore="2" isConstructor="false" isStatic="false" isGetter="false" isSetter="false">
              <Summary numSequencePoints="4" visitedSequencePoints="0" numBranchPoints="1" visitedBranchPoints="0" sequenceCoverage="0" branchCoverage="0" maxCyclomaticComplexity="1" minCyclomaticComplexity="1" maxCrapScore="2" minCrapScore="2" visitedClasses="0" numClasses="0" visitedMethods="0" numMethods="1" />
              <MetadataToken>100663322</MetadataToken>
              <Name>System.Boolean Projeto_NFe.Infra.Data.Features.Products.ProductSQLRepository::CheckDependency(Projeto_NFe.Domain.Features.Products.Product)</Name>
              <FileRef uid="3" />
              <SequencePoints>
                <SequencePoint vc="0" uspid="118" ordinal="0" offset="0" sl="66" sc="9" el="66" ec="10" bec="0" bev="0" fileid="3" />
                <SequencePoint vc="0" uspid="119" ordinal="1" offset="1" sl="67" sc="13" el="71" ec="15" bec="0" bev="0" fileid="3" />
                <SequencePoint vc="0" uspid="120" ordinal="2" offset="46" sl="73" sc="13" el="73" ec="37" bec="0" bev="0" fileid="3" />
                <SequencePoint vc="0" uspid="121" ordinal="3" offset="58" sl="74" sc="9" el="74" ec="10" bec="0" bev="0" fileid="3" />
              </SequencePoints>
              <BranchPoints />
              <MethodPoint xsi:type="SequencePoint" vc="0" uspid="118" ordinal="0" offset="0" sl="66" sc="9" el="66" ec="10" bec="0" bev="0" fileid="3" />
            </Method>
            <Method visited="false" cyclomaticComplexity="1" nPathComplexity="0" sequenceCoverage="0" branchCoverage="0" crapScore="2" isConstructor="false" isStatic="true" isGetter="false" isSetter="false">
              <Summary numSequencePoints="3" visitedSequencePoints="0" numBranchPoints="1" visitedBranchPoints="0" sequenceCoverage="0" branchCoverage="0" maxCyclomaticComplexity="1" minCyclomaticComplexity="1" maxCrapScore="2" minCrapScore="2" visitedClasses="0" numClasses="0" visitedMethods="0" numMethods="1" />
              <MetadataToken>100663323</MetadataToken>
              <Name>System.Int32 Projeto_NFe.Infra.Data.Features.Products.ProductSQLRepository::ReadInt(System.Data.IDataReader)</Name>
              <FileRef uid="3" />
              <SequencePoints>
                <SequencePoint vc="0" uspid="122" ordinal="0" offset="0" sl="79" sc="9" el="79" ec="10" bec="0" bev="0" fileid="3" />
                <SequencePoint vc="0" uspid="123" ordinal="1" offset="1" sl="80" sc="13" el="80" ec="53" bec="0" bev="0" fileid="3" />
                <SequencePoint vc="0" uspid="124" ordinal="2" offset="20" sl="81" sc="9" el="81" ec="10" bec="0" bev="0" fileid="3" />
              </SequencePoints>
              <BranchPoints />
              <MethodPoint xsi:type="SequencePoint" vc="0" uspid="122" ordinal="0" offset="0" sl="79" sc="9" el="79" ec="10" bec="0" bev="0" fileid="3" />
            </Method>
            <Method visited="false" cyclomaticComplexity="2" nPathComplexity="2" sequenceCoverage="0" branchCoverage="0" crapScore="6" isConstructor="false" isStatic="false" isGetter="false" isSetter="false">
              <Summary numSequencePoints="11" visitedSequencePoints="0" numBranchPoints="3" visitedBranchPoints="0" sequenceCoverage="0" branchCoverage="0" maxCyclomaticComplexity="2" minCyclomaticComplexity="2" maxCrapScore="6" minCrapScore="6" visitedClasses="0" numClasses="0" visitedMethods="0" numMethods="1" />
              <MetadataToken>100663324</MetadataToken>
              <Name>System.Object[] Projeto_NFe.Infra.Data.Features.Products.ProductSQLRepository::Take(Projeto_NFe.Domain.Features.Products.Product,System.Boolean)</Name>
              <FileRef uid="3" />
              <SequencePoints>
                <SequencePoint vc="0" uspid="125" ordinal="0" offset="0" sl="92" sc="9" el="92" ec="10" bec="0" bev="0" fileid="3" />
                <SequencePoint vc="0" uspid="126" ordinal="1" offset="1" sl="93" sc="13" el="93" ec="40" bec="0" bev="0" fileid="3" />
                <SequencePoint vc="0" uspid="127" ordinal="2" offset="3" sl="94" sc="13" el="94" ec="23" bec="2" bev="0" fileid="3" />
                <SequencePoint vc="0" uspid="128" ordinal="3" offset="8" sl="95" sc="13" el="95" ec="14" bec="0" bev="0" fileid="3" />
                <SequencePoint vc="0" uspid="129" ordinal="4" offset="9" sl="96" sc="17" el="101" ec="19" bec="0" bev="0" fileid="3" />
                <SequencePoint vc="0" uspid="130" ordinal="5" offset="77" sl="102" sc="13" el="102" ec="14" bec="0" bev="0" fileid="3" />
                <SequencePoint vc="0" uspid="131" ordinal="6" offset="80" sl="104" sc="13" el="104" ec="14" bec="0" bev="0" fileid="3" />
                <SequencePoint vc="0" uspid="132" ordinal="7" offset="81" sl="105" sc="17" el="109" ec="17" bec="0" bev="0" fileid="3" />
                <SequencePoint vc="0" uspid="133" ordinal="8" offset="127" sl="110" sc="13" el="110" ec="14" bec="0" bev="0" fileid="3" />
                <SequencePoint vc="0" uspid="134" ordinal="9" offset="128" sl="112" sc="13" el="112" ec="31" bec="0" bev="0" fileid="3" />
                <SequencePoint vc="0" uspid="135" ordinal="10" offset="132" sl="113" sc="9" el="113" ec="10" bec="0" bev="0" fileid="3" />
              </SequencePoints>
              <BranchPoints>
                <BranchPoint vc="0" uspid="136" ordinal="0" offset="6" sl="94" path="0" offsetend="8" fileid="3" />
                <BranchPoint vc="0" uspid="137" ordinal="1" offset="6" sl="94" path="1" offsetend="80" fileid="3" />
              </BranchPoints>
              <MethodPoint xsi:type="SequencePoint" vc="0" uspid="125" ordinal="0" offset="0" sl="92" sc="9" el="92" ec="10" bec="0" bev="0" fileid="3" />
            </Method>
            <Method visited="false" cyclomaticComplexity="1" nPathComplexity="0" sequenceCoverage="0" branchCoverage="0" crapScore="2" isConstructor="true" isStatic="false" isGetter="false" isSetter="false">
              <Summary numSequencePoints="8" visitedSequencePoints="0" numBranchPoints="1" visitedBranchPoints="0" sequenceCoverage="0" branchCoverage="0" maxCyclomaticComplexity="1" minCyclomaticComplexity="1" maxCrapScore="2" minCrapScore="2" visitedClasses="0" numClasses="0" visitedMethods="0" numMethods="1" />
              <MetadataToken>100663325</MetadataToken>
              <Name>System.Void Projeto_NFe.Infra.Data.Features.Products.ProductSQLRepository::.ctor()</Name>
              <FileRef uid="3" />
              <SequencePoints>
                <SequencePoint vc="0" uspid="138" ordinal="0" offset="0" sl="15" sc="9" el="15" ec="135" bec="0" bev="0" fileid="3" />
                <SequencePoint vc="0" uspid="139" ordinal="1" offset="11" sl="16" sc="9" el="16" ec="155" bec="0" bev="0" fileid="3" />
                <SequencePoint vc="0" uspid="140" ordinal="2" offset="22" sl="17" sc="9" el="17" ec="98" bec="0" bev="0" fileid="3" />
                <SequencePoint vc="0" uspid="141" ordinal="3" offset="33" sl="18" sc="9" el="18" ec="72" bec="0" bev="0" fileid="3" />
                <SequencePoint vc="0" uspid="142" ordinal="4" offset="44" sl="19" sc="9" el="19" ec="99" bec="0" bev="0" fileid="3" />
                <SequencePoint vc="0" uspid="143" ordinal="5" offset="55" sl="20" sc="9" el="20" ec="234" bec="0" bev="0" fileid="3" />
                <SequencePoint vc="0" uspid="144" ordinal="6" offset="66" sl="22" sc="9" el="22" ec="45" bec="0" bev="0" fileid="3" />
                <SequencePoint vc="0" uspid="145" ordinal="7" offset="74" sl="23" sc="9" el="23" ec="41" bec="0" bev="0" fileid="3" />
              </SequencePoints>
              <BranchPoints />
              <MethodPoint xsi:type="SequencePoint" vc="0" uspid="138" ordinal="0" offset="0" sl="15" sc="9" el="15" ec="135" bec="0" bev="0" fileid="3" />
            </Method>
            <Method visited="false" cyclomaticComplexity="1" nPathComplexity="0" sequenceCoverage="0" branchCoverage="0" crapScore="2" isConstructor="true" isStatic="true" isGetter="false" isSetter="false">
              <Summary numSequencePoints="2" visitedSequencePoints="0" numBranchPoints="1" visitedBranchPoints="0" sequenceCoverage="0" branchCoverage="0" maxCyclomaticComplexity="1" minCyclomaticComplexity="1" maxCrapScore="2" minCrapScore="2" visitedClasses="0" numClasses="0" visitedMethods="0" numMethods="1" />
              <MetadataToken>100663326</MetadataToken>
              <Name>System.Void Projeto_NFe.Infra.Data.Features.Products.ProductSQLRepository::.cctor()</Name>
              <FileRef uid="3" />
              <SequencePoints>
                <SequencePoint vc="0" uspid="146" ordinal="0" offset="0" sl="76" sc="9" el="76" ec="67" bec="0" bev="0" fileid="3" />
                <SequencePoint vc="0" uspid="147" ordinal="1" offset="17" sl="83" sc="9" el="89" ec="12" bec="0" bev="0" fileid="3" />
              </SequencePoints>
              <BranchPoints />
              <MethodPoint xsi:type="SequencePoint" vc="0" uspid="146" ordinal="0" offset="0" sl="76" sc="9" el="76" ec="67" bec="0" bev="0" fileid="3" />
            </Method>
          </Methods>
        </Class>
        <Class>
          <Summary numSequencePoints="1" visitedSequencePoints="0" numBranchPoints="1" visitedBranchPoints="0" sequenceCoverage="0" branchCoverage="0" maxCyclomaticComplexity="1" minCyclomaticComplexity="1" maxCrapScore="2" minCrapScore="2" visitedClasses="0" numClasses="1" visitedMethods="0" numMethods="1" />
          <FullName>Projeto_NFe.Infra.Data.Features.Products.ProductSQLRepository/&lt;&gt;c</FullName>
          <Methods>
            <Method visited="false" cyclomaticComplexity="1" nPathComplexity="0" sequenceCoverage="0" branchCoverage="0" crapScore="2" isConstructor="true" isStatic="true" isGetter="false" isSetter="false">
              <Summary numSequencePoints="0" visitedSequencePoints="0" numBranchPoints="0" visitedBranchPoints="0" sequenceCoverage="0" branchCoverage="0" maxCyclomaticComplexity="1" minCyclomaticComplexity="1" maxCrapScore="2" minCrapScore="2" visitedClasses="0" numClasses="0" visitedMethods="0" numMethods="0" />
              <MetadataToken>100663386</MetadataToken>
              <Name>System.Void Projeto_NFe.Infra.Data.Features.Products.ProductSQLRepository/&lt;&gt;c::.cctor()</Name>
              <SequencePoints />
              <BranchPoints />
              <MethodPoint vc="0" uspid="148" ordinal="0" offset="0" />
            </Method>
            <Method visited="false" cyclomaticComplexity="1" nPathComplexity="0" sequenceCoverage="0" branchCoverage="0" crapScore="2" isConstructor="true" isStatic="false" isGetter="false" isSetter="false">
              <Summary numSequencePoints="0" visitedSequencePoints="0" numBranchPoints="0" visitedBranchPoints="0" sequenceCoverage="0" branchCoverage="0" maxCyclomaticComplexity="1" minCyclomaticComplexity="1" maxCrapScore="2" minCrapScore="2" visitedClasses="0" numClasses="0" visitedMethods="0" numMethods="0" />
              <MetadataToken>100663387</MetadataToken>
              <Name>System.Void Projeto_NFe.Infra.Data.Features.Products.ProductSQLRepository/&lt;&gt;c::.ctor()</Name>
              <SequencePoints />
              <BranchPoints />
              <MethodPoint vc="0" uspid="149" ordinal="0" offset="0" />
            </Method>
            <Method visited="false" cyclomaticComplexity="1" nPathComplexity="0" sequenceCoverage="0" branchCoverage="0" crapScore="2" isConstructor="false" isStatic="false" isGetter="false" isSetter="false">
              <Summary numSequencePoints="1" visitedSequencePoints="0" numBranchPoints="1" visitedBranchPoints="0" sequenceCoverage="0" branchCoverage="0" maxCyclomaticComplexity="1" minCyclomaticComplexity="1" maxCrapScore="2" minCrapScore="2" visitedClasses="0" numClasses="0" visitedMethods="0" numMethods="1" />
              <MetadataToken>100663388</MetadataToken>
              <Name>Projeto_NFe.Domain.Features.Products.Product Projeto_NFe.Infra.Data.Features.Products.ProductSQLRepository/&lt;&gt;c::&lt;.cctor&gt;b__19_0(System.Data.IDataReader)</Name>
              <FileRef uid="3" />
              <SequencePoints>
                <SequencePoint vc="0" uspid="150" ordinal="0" offset="0" sl="84" sc="10" el="89" ec="11" bec="0" bev="0" fileid="3" />
              </SequencePoints>
              <BranchPoints />
              <MethodPoint xsi:type="SequencePoint" vc="0" uspid="150" ordinal="0" offset="0" sl="84" sc="10" el="89" ec="11" bec="0" bev="0" fileid="3" />
            </Method>
          </Methods>
        </Class>
        <Class>
          <Summary numSequencePoints="43" visitedSequencePoints="10" numBranchPoints="16" visitedBranchPoints="3" sequenceCoverage="23.26" branchCoverage="18.75" maxCyclomaticComplexity="2" minCyclomaticComplexity="1" maxCrapScore="6" minCrapScore="1" visitedClasses="1" numClasses="1" visitedMethods="3" numMethods="8" />
          <FullName>Projeto_NFe.Infra.Data.Features.ItemInvoices.ItemInvoiceSQLRepository</FullName>
          <Methods>
            <Method visited="false" cyclomaticComplexity="1" nPathComplexity="0" sequenceCoverage="0" branchCoverage="0" crapScore="2" isConstructor="false" isStatic="false" isGetter="false" isSetter="false">
              <Summary numSequencePoints="5" visitedSequencePoints="0" numBranchPoints="1" visitedBranchPoints="0" sequenceCoverage="0" branchCoverage="0" maxCyclomaticComplexity="1" minCyclomaticComplexity="1" maxCrapScore="2" minCrapScore="2" visitedClasses="0" numClasses="0" visitedMethods="0" numMethods="1" />
              <MetadataToken>100663327</MetadataToken>
              <Name>Projeto_NFe.Domain.Features.ItemInvoices.ItemInvoice Projeto_NFe.Infra.Data.Features.ItemInvoices.ItemInvoiceSQLRepository::Save(Projeto_NFe.Domain.Features.ItemInvoices.ItemInvoice)</Name>
              <FileRef uid="5" />
              <SequencePoints>
                <SequencePoint vc="0" uspid="151" ordinal="0" offset="0" sl="24" sc="9" el="24" ec="10" bec="0" bev="0" fileid="5" />
                <SequencePoint vc="0" uspid="152" ordinal="1" offset="1" sl="25" sc="13" el="25" ec="36" bec="0" bev="0" fileid="5" />
                <SequencePoint vc="0" uspid="153" ordinal="2" offset="8" sl="27" sc="13" el="27" ec="78" bec="0" bev="0" fileid="5" />
                <SequencePoint vc="0" uspid="154" ordinal="3" offset="34" sl="29" sc="13" el="29" ec="32" bec="0" bev="0" fileid="5" />
                <SequencePoint vc="0" uspid="155" ordinal="4" offset="38" sl="30" sc="9" el="30" ec="10" bec="0" bev="0" fileid="5" />
              </SequencePoints>
              <BranchPoints />
              <MethodPoint xsi:type="SequencePoint" vc="0" uspid="151" ordinal="0" offset="0" sl="24" sc="9" el="24" ec="10" bec="0" bev="0" fileid="5" />
            </Method>
            <Method visited="false" cyclomaticComplexity="2" nPathComplexity="2" sequenceCoverage="0" branchCoverage="0" crapScore="6" isConstructor="false" isStatic="false" isGetter="false" isSetter="false">
              <Summary numSequencePoints="7" visitedSequencePoints="0" numBranchPoints="3" visitedBranchPoints="0" sequenceCoverage="0" branchCoverage="0" maxCyclomaticComplexity="2" minCyclomaticComplexity="2" maxCrapScore="6" minCrapScore="6" visitedClasses="0" numClasses="0" visitedMethods="0" numMethods="1" />
              <MetadataToken>100663328</MetadataToken>
              <Name>Projeto_NFe.Domain.Features.ItemInvoices.ItemInvoice Projeto_NFe.Infra.Data.Features.ItemInvoices.ItemInvoiceSQLRepository::Update(Projeto_NFe.Domain.Features.ItemInvoices.ItemInvoice)</Name>
              <FileRef uid="5" />
              <SequencePoints>
                <SequencePoint vc="0" uspid="156" ordinal="0" offset="0" sl="33" sc="9" el="33" ec="10" bec="0" bev="0" fileid="5" />
                <SequencePoint vc="0" uspid="157" ordinal="1" offset="1" sl="34" sc="13" el="34" ec="44" bec="2" bev="0" fileid="5" />
                <SequencePoint vc="0" uspid="158" ordinal="2" offset="19" sl="35" sc="17" el="35" ec="58" bec="0" bev="0" fileid="5" />
                <SequencePoint vc="0" uspid="159" ordinal="3" offset="25" sl="37" sc="13" el="37" ec="36" bec="0" bev="0" fileid="5" />
                <SequencePoint vc="0" uspid="160" ordinal="4" offset="32" sl="39" sc="13" el="39" ec="54" bec="0" bev="0" fileid="5" />
                <SequencePoint vc="0" uspid="161" ordinal="5" offset="52" sl="41" sc="13" el="41" ec="32" bec="0" bev="0" fileid="5" />
                <SequencePoint vc="0" uspid="162" ordinal="6" offset="56" sl="42" sc="9" el="42" ec="10" bec="0" bev="0" fileid="5" />
              </SequencePoints>
              <BranchPoints>
                <BranchPoint vc="0" uspid="163" ordinal="0" offset="17" sl="34" path="0" offsetend="19" fileid="5" />
                <BranchPoint vc="0" uspid="164" ordinal="1" offset="17" sl="34" path="1" offsetend="25" fileid="5" />
              </BranchPoints>
              <MethodPoint xsi:type="SequencePoint" vc="0" uspid="156" ordinal="0" offset="0" sl="33" sc="9" el="33" ec="10" bec="0" bev="0" fileid="5" />
            </Method>
            <Method visited="true" cyclomaticComplexity="1" nPathComplexity="0" sequenceCoverage="100" branchCoverage="100" crapScore="1" isConstructor="false" isStatic="false" isGetter="false" isSetter="false">
              <Summary numSequencePoints="3" visitedSequencePoints="3" numBranchPoints="1" visitedBranchPoints="1" sequenceCoverage="100" branchCoverage="100" maxCyclomaticComplexity="1" minCyclomaticComplexity="1" maxCrapScore="1" minCrapScore="1" visitedClasses="0" numClasses="0" visitedMethods="1" numMethods="1" />
              <MetadataToken>100663329</MetadataToken>
              <Name>System.Collections.Generic.IEnumerable`1&lt;Projeto_NFe.Domain.Features.ItemInvoices.ItemInvoice&gt; Projeto_NFe.Infra.Data.Features.ItemInvoices.ItemInvoiceSQLRepository::GetByInvoice(Projeto_NFe.Domain.Features.Invoices.InvoiceInProcess)</Name>
              <FileRef uid="5" />
              <SequencePoints>
                <SequencePoint vc="1" uspid="165" ordinal="0" offset="0" sl="45" sc="9" el="45" ec="10" bec="0" bev="0" fileid="5" />
                <SequencePoint vc="1" uspid="166" ordinal="1" offset="1" sl="46" sc="13" el="46" ec="106" bec="0" bev="0" fileid="5" />
                <SequencePoint vc="1" uspid="167" ordinal="2" offset="48" sl="47" sc="9" el="47" ec="10" bec="0" bev="0" fileid="5" />
              </SequencePoints>
              <BranchPoints />
              <MethodPoint xsi:type="SequencePoint" vc="1" uspid="165" ordinal="0" offset="0" sl="45" sc="9" el="45" ec="10" bec="0" bev="0" fileid="5" />
            </Method>
            <Method visited="false" cyclomaticComplexity="2" nPathComplexity="2" sequenceCoverage="0" branchCoverage="0" crapScore="6" isConstructor="false" isStatic="false" isGetter="false" isSetter="false">
              <Summary numSequencePoints="5" visitedSequencePoints="0" numBranchPoints="3" visitedBranchPoints="0" sequenceCoverage="0" branchCoverage="0" maxCyclomaticComplexity="2" minCyclomaticComplexity="2" maxCrapScore="6" minCrapScore="6" visitedClasses="0" numClasses="0" visitedMethods="0" numMethods="1" />
              <MetadataToken>100663330</MetadataToken>
              <Name>System.Void Projeto_NFe.Infra.Data.Features.ItemInvoices.ItemInvoiceSQLRepository::Delete(Projeto_NFe.Domain.Features.ItemInvoices.ItemInvoice)</Name>
              <FileRef uid="5" />
              <SequencePoints>
                <SequencePoint vc="0" uspid="168" ordinal="0" offset="0" sl="50" sc="9" el="50" ec="10" bec="0" bev="0" fileid="5" />
                <SequencePoint vc="0" uspid="169" ordinal="1" offset="1" sl="51" sc="13" el="51" ec="44" bec="2" bev="0" fileid="5" />
                <SequencePoint vc="0" uspid="170" ordinal="2" offset="19" sl="52" sc="17" el="52" ec="58" bec="0" bev="0" fileid="5" />
                <SequencePoint vc="0" uspid="171" ordinal="3" offset="25" sl="54" sc="13" el="54" ec="85" bec="0" bev="0" fileid="5" />
                <SequencePoint vc="0" uspid="172" ordinal="4" offset="65" sl="55" sc="9" el="55" ec="10" bec="0" bev="0" fileid="5" />
              </SequencePoints>
              <BranchPoints>
                <BranchPoint vc="0" uspid="173" ordinal="0" offset="17" sl="51" path="0" offsetend="19" fileid="5" />
                <BranchPoint vc="0" uspid="174" ordinal="1" offset="17" sl="51" path="1" offsetend="25" fileid="5" />
              </BranchPoints>
              <MethodPoint xsi:type="SequencePoint" vc="0" uspid="168" ordinal="0" offset="0" sl="50" sc="9" el="50" ec="10" bec="0" bev="0" fileid="5" />
            </Method>
            <Method visited="false" cyclomaticComplexity="2" nPathComplexity="2" sequenceCoverage="0" branchCoverage="0" crapScore="6" isConstructor="false" isStatic="false" isGetter="false" isSetter="false">
              <Summary numSequencePoints="5" visitedSequencePoints="0" numBranchPoints="3" visitedBranchPoints="0" sequenceCoverage="0" branchCoverage="0" maxCyclomaticComplexity="2" minCyclomaticComplexity="2" maxCrapScore="6" minCrapScore="6" visitedClasses="0" numClasses="0" visitedMethods="0" numMethods="1" />
              <MetadataToken>100663331</MetadataToken>
              <Name>Projeto_NFe.Domain.Features.ItemInvoices.ItemInvoice Projeto_NFe.Infra.Data.Features.ItemInvoices.ItemInvoiceSQLRepository::Get(System.Int64)</Name>
              <FileRef uid="5" />
              <SequencePoints>
                <SequencePoint vc="0" uspid="175" ordinal="0" offset="0" sl="58" sc="9" el="58" ec="10" bec="0" bev="0" fileid="5" />
                <SequencePoint vc="0" uspid="176" ordinal="1" offset="1" sl="59" sc="13" el="59" ec="32" bec="2" bev="0" fileid="5" />
                <SequencePoint vc="0" uspid="177" ordinal="2" offset="14" sl="60" sc="17" el="60" ec="58" bec="0" bev="0" fileid="5" />
                <SequencePoint vc="0" uspid="178" ordinal="3" offset="20" sl="62" sc="13" el="62" ec="79" bec="0" bev="0" fileid="5" />
                <SequencePoint vc="0" uspid="179" ordinal="4" offset="62" sl="63" sc="9" el="63" ec="10" bec="0" bev="0" fileid="5" />
              </SequencePoints>
              <BranchPoints>
                <BranchPoint vc="0" uspid="180" ordinal="0" offset="12" sl="59" path="0" offsetend="14" fileid="5" />
                <BranchPoint vc="0" uspid="181" ordinal="1" offset="12" sl="59" path="1" offsetend="20" fileid="5" />
              </BranchPoints>
              <MethodPoint xsi:type="SequencePoint" vc="0" uspid="175" ordinal="0" offset="0" sl="58" sc="9" el="58" ec="10" bec="0" bev="0" fileid="5" />
            </Method>
            <Method visited="false" cyclomaticComplexity="2" nPathComplexity="2" sequenceCoverage="0" branchCoverage="0" crapScore="6" isConstructor="false" isStatic="false" isGetter="false" isSetter="false">
              <Summary numSequencePoints="11" visitedSequencePoints="0" numBranchPoints="3" visitedBranchPoints="0" sequenceCoverage="0" branchCoverage="0" maxCyclomaticComplexity="2" minCyclomaticComplexity="2" maxCrapScore="6" minCrapScore="6" visitedClasses="0" numClasses="0" visitedMethods="0" numMethods="1" />
              <MetadataToken>100663332</MetadataToken>
              <Name>System.Object[] Projeto_NFe.Infra.Data.Features.ItemInvoices.ItemInvoiceSQLRepository::Take(Projeto_NFe.Domain.Features.ItemInvoices.ItemInvoice,System.Boolean)</Name>
              <FileRef uid="5" />
              <SequencePoints>
                <SequencePoint vc="0" uspid="182" ordinal="0" offset="0" sl="83" sc="9" el="83" ec="10" bec="0" bev="0" fileid="5" />
                <SequencePoint vc="0" uspid="183" ordinal="1" offset="1" sl="84" sc="13" el="84" ec="40" bec="0" bev="0" fileid="5" />
                <SequencePoint vc="0" uspid="184" ordinal="2" offset="3" sl="85" sc="13" el="85" ec="23" bec="2" bev="0" fileid="5" />
                <SequencePoint vc="0" uspid="185" ordinal="3" offset="8" sl="86" sc="13" el="86" ec="14" bec="0" bev="0" fileid="5" />
                <SequencePoint vc="0" uspid="186" ordinal="4" offset="9" sl="87" sc="17" el="92" ec="19" bec="0" bev="0" fileid="5" />
                <SequencePoint vc="0" uspid="187" ordinal="5" offset="87" sl="93" sc="13" el="93" ec="14" bec="0" bev="0" fileid="5" />
                <SequencePoint vc="0" uspid="188" ordinal="6" offset="90" sl="95" sc="13" el="95" ec="14" bec="0" bev="0" fileid="5" />
                <SequencePoint vc="0" uspid="189" ordinal="7" offset="91" sl="96" sc="17" el="101" ec="17" bec="0" bev="0" fileid="5" />
                <SequencePoint vc="0" uspid="190" ordinal="8" offset="174" sl="102" sc="13" el="102" ec="14" bec="0" bev="0" fileid="5" />
                <SequencePoint vc="0" uspid="191" ordinal="9" offset="175" sl="104" sc="13" el="104" ec="31" bec="0" bev="0" fileid="5" />
                <SequencePoint vc="0" uspid="192" ordinal="10" offset="179" sl="105" sc="9" el="105" ec="10" bec="0" bev="0" fileid="5" />
              </SequencePoints>
              <BranchPoints>
                <BranchPoint vc="0" uspid="193" ordinal="0" offset="6" sl="85" path="0" offsetend="8" fileid="5" />
                <BranchPoint vc="0" uspid="194" ordinal="1" offset="6" sl="85" path="1" offsetend="90" fileid="5" />
              </BranchPoints>
              <MethodPoint xsi:type="SequencePoint" vc="0" uspid="182" ordinal="0" offset="0" sl="83" sc="9" el="83" ec="10" bec="0" bev="0" fileid="5" />
            </Method>
            <Method visited="true" cyclomaticComplexity="1" nPathComplexity="0" sequenceCoverage="100" branchCoverage="100" crapScore="1" isConstructor="true" isStatic="false" isGetter="false" isSetter="false">
              <Summary numSequencePoints="6" visitedSequencePoints="6" numBranchPoints="1" visitedBranchPoints="1" sequenceCoverage="100" branchCoverage="100" maxCyclomaticComplexity="1" minCyclomaticComplexity="1" maxCrapScore="1" minCrapScore="1" visitedClasses="0" numClasses="0" visitedMethods="1" numMethods="1" />
              <MetadataToken>100663333</MetadataToken>
              <Name>System.Void Projeto_NFe.Infra.Data.Features.ItemInvoices.ItemInvoiceSQLRepository::.ctor()</Name>
              <FileRef uid="5" />
              <SequencePoints>
                <SequencePoint vc="10" uspid="195" ordinal="0" offset="0" sl="13" sc="9" el="13" ec="149" bec="0" bev="0" fileid="5" />
                <SequencePoint vc="10" uspid="196" ordinal="1" offset="11" sl="14" sc="9" el="14" ec="155" bec="0" bev="0" fileid="5" />
                <SequencePoint vc="10" uspid="197" ordinal="2" offset="22" sl="15" sc="9" el="15" ec="111" bec="0" bev="0" fileid="5" />
                <SequencePoint vc="10" uspid="198" ordinal="3" offset="33" sl="16" sc="9" el="16" ec="183" bec="0" bev="0" fileid="5" />
                <SequencePoint vc="10" uspid="199" ordinal="4" offset="44" sl="17" sc="9" el="19" ec="83" bec="0" bev="0" fileid="5" />
                <SequencePoint vc="10" uspid="200" ordinal="5" offset="55" sl="21" sc="9" el="21" ec="45" bec="0" bev="0" fileid="5" />
              </SequencePoints>
              <BranchPoints />
              <MethodPoint xsi:type="SequencePoint" vc="10" uspid="195" ordinal="0" offset="0" sl="13" sc="9" el="13" ec="149" bec="0" bev="0" fileid="5" />
            </Method>
            <Method visited="true" cyclomaticComplexity="1" nPathComplexity="0" sequenceCoverage="100" branchCoverage="100" crapScore="1" isConstructor="true" isStatic="true" isGetter="false" isSetter="false">
              <Summary numSequencePoints="1" visitedSequencePoints="1" numBranchPoints="1" visitedBranchPoints="1" sequenceCoverage="100" branchCoverage="100" maxCyclomaticComplexity="1" minCyclomaticComplexity="1" maxCrapScore="1" minCrapScore="1" visitedClasses="0" numClasses="0" visitedMethods="1" numMethods="1" />
              <MetadataToken>100663334</MetadataToken>
              <Name>System.Void Projeto_NFe.Infra.Data.Features.ItemInvoices.ItemInvoiceSQLRepository::.cctor()</Name>
              <FileRef uid="5" />
              <SequencePoints>
                <SequencePoint vc="1" uspid="201" ordinal="0" offset="0" sl="65" sc="9" el="80" ec="12" bec="0" bev="0" fileid="5" />
              </SequencePoints>
              <BranchPoints />
              <MethodPoint xsi:type="SequencePoint" vc="1" uspid="201" ordinal="0" offset="0" sl="65" sc="9" el="80" ec="12" bec="0" bev="0" fileid="5" />
            </Method>
          </Methods>
        </Class>
        <Class>
          <Summary numSequencePoints="1" visitedSequencePoints="1" numBranchPoints="1" visitedBranchPoints="1" sequenceCoverage="100" branchCoverage="100" maxCyclomaticComplexity="1" minCyclomaticComplexity="1" maxCrapScore="2" minCrapScore="1" visitedClasses="1" numClasses="1" visitedMethods="1" numMethods="1" />
          <FullName>Projeto_NFe.Infra.Data.Features.ItemInvoices.ItemInvoiceSQLRepository/&lt;&gt;c</FullName>
          <Methods>
            <Method visited="false" cyclomaticComplexity="1" nPathComplexity="0" sequenceCoverage="0" branchCoverage="0" crapScore="2" isConstructor="true" isStatic="true" isGetter="false" isSetter="false">
              <Summary numSequencePoints="0" visitedSequencePoints="0" numBranchPoints="0" visitedBranchPoints="0" sequenceCoverage="0" branchCoverage="0" maxCyclomaticComplexity="1" minCyclomaticComplexity="1" maxCrapScore="2" minCrapScore="2" visitedClasses="0" numClasses="0" visitedMethods="0" numMethods="0" />
              <MetadataToken>100663389</MetadataToken>
              <Name>System.Void Projeto_NFe.Infra.Data.Features.ItemInvoices.ItemInvoiceSQLRepository/&lt;&gt;c::.cctor()</Name>
              <SequencePoints />
              <BranchPoints />
              <MethodPoint vc="0" uspid="202" ordinal="0" offset="0" />
            </Method>
            <Method visited="false" cyclomaticComplexity="1" nPathComplexity="0" sequenceCoverage="0" branchCoverage="0" crapScore="2" isConstructor="true" isStatic="false" isGetter="false" isSetter="false">
              <Summary numSequencePoints="0" visitedSequencePoints="0" numBranchPoints="0" visitedBranchPoints="0" sequenceCoverage="0" branchCoverage="0" maxCyclomaticComplexity="1" minCyclomaticComplexity="1" maxCrapScore="2" minCrapScore="2" visitedClasses="0" numClasses="0" visitedMethods="0" numMethods="0" />
              <MetadataToken>100663390</MetadataToken>
              <Name>System.Void Projeto_NFe.Infra.Data.Features.ItemInvoices.ItemInvoiceSQLRepository/&lt;&gt;c::.ctor()</Name>
              <SequencePoints />
              <BranchPoints />
              <MethodPoint vc="0" uspid="203" ordinal="0" offset="0" />
            </Method>
            <Method visited="true" cyclomaticComplexity="1" nPathComplexity="0" sequenceCoverage="100" branchCoverage="100" crapScore="1" isConstructor="false" isStatic="false" isGetter="false" isSetter="false">
              <Summary numSequencePoints="1" visitedSequencePoints="1" numBranchPoints="1" visitedBranchPoints="1" sequenceCoverage="100" branchCoverage="100" maxCyclomaticComplexity="1" minCyclomaticComplexity="1" maxCrapScore="1" minCrapScore="1" visitedClasses="0" numClasses="0" visitedMethods="1" numMethods="1" />
              <MetadataToken>100663391</MetadataToken>
              <Name>Projeto_NFe.Domain.Features.ItemInvoices.ItemInvoice Projeto_NFe.Infra.Data.Features.ItemInvoices.ItemInvoiceSQLRepository/&lt;&gt;c::&lt;.cctor&gt;b__14_0(System.Data.IDataReader)</Name>
              <FileRef uid="5" />
              <SequencePoints>
                <SequencePoint vc="1" uspid="204" ordinal="0" offset="0" sl="66" sc="10" el="80" ec="11" bec="0" bev="0" fileid="5" />
              </SequencePoints>
              <BranchPoints />
              <MethodPoint xsi:type="SequencePoint" vc="1" uspid="204" ordinal="0" offset="0" sl="66" sc="10" el="80" ec="11" bec="0" bev="0" fileid="5" />
            </Method>
          </Methods>
        </Class>
        <Class>
          <Summary numSequencePoints="72" visitedSequencePoints="33" numBranchPoints="27" visitedBranchPoints="12" sequenceCoverage="45.83" branchCoverage="44.44" maxCyclomaticComplexity="6" minCyclomaticComplexity="1" maxCrapScore="42" minCrapScore="1" visitedClasses="1" numClasses="1" visitedMethods="7" numMethods="13" />
          <FullName>Projeto_NFe.Infra.Data.Features.Invoices.InvoiceInProcessSQLRepository</FullName>
          <Methods>
            <Method visited="false" cyclomaticComplexity="1" nPathComplexity="0" sequenceCoverage="0" branchCoverage="0" crapScore="2" isConstructor="false" isStatic="false" isGetter="false" isSetter="false">
              <Summary numSequencePoints="5" visitedSequencePoints="0" numBranchPoints="1" visitedBranchPoints="0" sequenceCoverage="0" branchCoverage="0" maxCyclomaticComplexity="1" minCyclomaticComplexity="1" maxCrapScore="2" minCrapScore="2" visitedClasses="0" numClasses="0" visitedMethods="0" numMethods="1" />
              <MetadataToken>100663335</MetadataToken>
              <Name>Projeto_NFe.Domain.Features.Invoices.InvoiceInProcess Projeto_NFe.Infra.Data.Features.Invoices.InvoiceInProcessSQLRepository::Save(Projeto_NFe.Domain.Features.Invoices.InvoiceInProcess)</Name>
              <FileRef uid="7" />
              <SequencePoints>
                <SequencePoint vc="0" uspid="205" ordinal="0" offset="0" sl="102" sc="9" el="102" ec="10" bec="0" bev="0" fileid="7" />
                <SequencePoint vc="0" uspid="206" ordinal="1" offset="1" sl="103" sc="13" el="103" ec="41" bec="0" bev="0" fileid="7" />
                <SequencePoint vc="0" uspid="207" ordinal="2" offset="8" sl="104" sc="13" el="104" ec="88" bec="0" bev="0" fileid="7" />
                <SequencePoint vc="0" uspid="208" ordinal="3" offset="34" sl="106" sc="13" el="106" ec="37" bec="0" bev="0" fileid="7" />
                <SequencePoint vc="0" uspid="209" ordinal="4" offset="38" sl="107" sc="9" el="107" ec="10" bec="0" bev="0" fileid="7" />
              </SequencePoints>
              <BranchPoints />
              <MethodPoint xsi:type="SequencePoint" vc="0" uspid="205" ordinal="0" offset="0" sl="102" sc="9" el="102" ec="10" bec="0" bev="0" fileid="7" />
            </Method>
            <Method visited="false" cyclomaticComplexity="2" nPathComplexity="2" sequenceCoverage="0" branchCoverage="0" crapScore="6" isConstructor="false" isStatic="false" isGetter="false" isSetter="false">
              <Summary numSequencePoints="7" visitedSequencePoints="0" numBranchPoints="3" visitedBranchPoints="0" sequenceCoverage="0" branchCoverage="0" maxCyclomaticComplexity="2" minCyclomaticComplexity="2" maxCrapScore="6" minCrapScore="6" visitedClasses="0" numClasses="0" visitedMethods="0" numMethods="1" />
              <MetadataToken>100663336</MetadataToken>
              <Name>Projeto_NFe.Domain.Features.Invoices.InvoiceInProcess Projeto_NFe.Infra.Data.Features.Invoices.InvoiceInProcessSQLRepository::Update(Projeto_NFe.Domain.Features.Invoices.InvoiceInProcess)</Name>
              <FileRef uid="7" />
              <SequencePoints>
                <SequencePoint vc="0" uspid="210" ordinal="0" offset="0" sl="110" sc="9" el="110" ec="10" bec="0" bev="0" fileid="7" />
                <SequencePoint vc="0" uspid="211" ordinal="1" offset="1" sl="111" sc="13" el="111" ec="49" bec="2" bev="0" fileid="7" />
                <SequencePoint vc="0" uspid="212" ordinal="2" offset="19" sl="112" sc="17" el="112" ec="58" bec="0" bev="0" fileid="7" />
                <SequencePoint vc="0" uspid="213" ordinal="3" offset="25" sl="114" sc="13" el="114" ec="41" bec="0" bev="0" fileid="7" />
                <SequencePoint vc="0" uspid="214" ordinal="4" offset="32" sl="115" sc="13" el="115" ec="59" bec="0" bev="0" fileid="7" />
                <SequencePoint vc="0" uspid="215" ordinal="5" offset="52" sl="117" sc="13" el="117" ec="37" bec="0" bev="0" fileid="7" />
                <SequencePoint vc="0" uspid="216" ordinal="6" offset="56" sl="118" sc="9" el="118" ec="10" bec="0" bev="0" fileid="7" />
              </SequencePoints>
              <BranchPoints>
                <BranchPoint vc="0" uspid="217" ordinal="0" offset="17" sl="111" path="0" offsetend="19" fileid="7" />
                <BranchPoint vc="0" uspid="218" ordinal="1" offset="17" sl="111" path="1" offsetend="25" fileid="7" />
              </BranchPoints>
              <MethodPoint xsi:type="SequencePoint" vc="0" uspid="210" ordinal="0" offset="0" sl="110" sc="9" el="110" ec="10" bec="0" bev="0" fileid="7" />
            </Method>
            <Method visited="true" cyclomaticComplexity="2" nPathComplexity="2" sequenceCoverage="80" branchCoverage="66.67" crapScore="2.03" isConstructor="false" isStatic="false" isGetter="false" isSetter="false">
              <Summary numSequencePoints="5" visitedSequencePoints="4" numBranchPoints="3" visitedBranchPoints="2" sequenceCoverage="80" branchCoverage="66.67" maxCyclomaticComplexity="2" minCyclomaticComplexity="2" maxCrapScore="2.03" minCrapScore="2.03" visitedClasses="0" numClasses="0" visitedMethods="1" numMethods="1" />
              <MetadataToken>100663337</MetadataToken>
              <Name>Projeto_NFe.Domain.Features.Invoices.InvoiceInProcess Projeto_NFe.Infra.Data.Features.Invoices.InvoiceInProcessSQLRepository::Get(System.Int64)</Name>
              <FileRef uid="7" />
              <SequencePoints>
                <SequencePoint vc="1" uspid="219" ordinal="0" offset="0" sl="121" sc="9" el="121" ec="10" bec="0" bev="0" fileid="7" />
                <SequencePoint vc="1" uspid="220" ordinal="1" offset="1" sl="122" sc="13" el="122" ec="32" bec="2" bev="1" fileid="7" />
                <SequencePoint vc="0" uspid="221" ordinal="2" offset="14" sl="123" sc="17" el="123" ec="58" bec="0" bev="0" fileid="7" />
                <SequencePoint vc="1" uspid="222" ordinal="3" offset="20" sl="125" sc="13" el="125" ec="85" bec="0" bev="0" fileid="7" />
                <SequencePoint vc="1" uspid="223" ordinal="4" offset="62" sl="126" sc="9" el="126" ec="10" bec="0" bev="0" fileid="7" />
              </SequencePoints>
              <BranchPoints>
                <BranchPoint vc="0" uspid="224" ordinal="0" offset="12" sl="122" path="0" offsetend="14" fileid="7" />
                <BranchPoint vc="1" uspid="225" ordinal="1" offset="12" sl="122" path="1" offsetend="20" fileid="7" />
              </BranchPoints>
              <MethodPoint xsi:type="SequencePoint" vc="1" uspid="219" ordinal="0" offset="0" sl="121" sc="9" el="121" ec="10" bec="0" bev="0" fileid="7" />
            </Method>
            <Method visited="false" cyclomaticComplexity="1" nPathComplexity="0" sequenceCoverage="0" branchCoverage="0" crapScore="2" isConstructor="false" isStatic="false" isGetter="false" isSetter="false">
              <Summary numSequencePoints="3" visitedSequencePoints="0" numBranchPoints="1" visitedBranchPoints="0" sequenceCoverage="0" branchCoverage="0" maxCyclomaticComplexity="1" minCyclomaticComplexity="1" maxCrapScore="2" minCrapScore="2" visitedClasses="0" numClasses="0" visitedMethods="0" numMethods="1" />
              <MetadataToken>100663338</MetadataToken>
              <Name>System.Collections.Generic.IEnumerable`1&lt;Projeto_NFe.Domain.Features.Invoices.InvoiceInProcess&gt; Projeto_NFe.Infra.Data.Features.Invoices.InvoiceInProcessSQLRepository::GetAll()</Name>
              <FileRef uid="7" />
              <SequencePoints>
                <SequencePoint vc="0" uspid="226" ordinal="0" offset="0" sl="129" sc="9" el="129" ec="10" bec="0" bev="0" fileid="7" />
                <SequencePoint vc="0" uspid="227" ordinal="1" offset="1" sl="130" sc="13" el="130" ec="48" bec="0" bev="0" fileid="7" />
                <SequencePoint vc="0" uspid="228" ordinal="2" offset="21" sl="131" sc="9" el="131" ec="10" bec="0" bev="0" fileid="7" />
              </SequencePoints>
              <BranchPoints />
              <MethodPoint xsi:type="SequencePoint" vc="0" uspid="226" ordinal="0" offset="0" sl="129" sc="9" el="129" ec="10" bec="0" bev="0" fileid="7" />
            </Method>
            <Method visited="true" cyclomaticComplexity="2" nPathComplexity="2" sequenceCoverage="80" branchCoverage="66.67" crapScore="2.03" isConstructor="false" isStatic="false" isGetter="false" isSetter="false">
[...]
              <MetadataToken>100663374</MetadataToken>
              <Name>Projeto_NFe.Domain.Features.Products.Product Projeto_NFe.Common.Tests.Base.ObjectMother::GetProductWithUnitaryValueWithLessThanNumberZero()</Name>
              <FileRef uid="230" />
              <SequencePoints>
                <SequencePoint vc="0" uspid="1996" ordinal="0" offset="0" sl="39" sc="9" el="39" ec="10" bec="0" bev="0" fileid="230" />
                <SequencePoint vc="0" uspid="1997" ordinal="1" offset="1" sl="40" sc="13" el="44" ec="15" bec="0" bev="0" fileid="230" />
                <SequencePoint vc="0" uspid="1998" ordinal="2" offset="37" sl="45" sc="9" el="45" ec="10" bec="0" bev="0" fileid="230" />
              </SequencePoints>
              <BranchPoints />
              <MethodPoint xsi:type="SequencePoint" vc="0" uspid="1996" ordinal="0" offset="0" sl="39" sc="9" el="39" ec="10" bec="0" bev="0" fileid="230" />
            </Method>
            <Method visited="false" cyclomaticComplexity="1" nPathComplexity="0" sequenceCoverage="0" branchCoverage="0" crapScore="2" isConstructor="false" isStatic="true" isGetter="false" isSetter="false">
              <Summary numSequencePoints="3" visitedSequencePoints="0" numBranchPoints="1" visitedBranchPoints="0" sequenceCoverage="0" branchCoverage="0" maxCyclomaticComplexity="1" minCyclomaticComplexity="1" maxCrapScore="2" minCrapScore="2" visitedClasses="0" numClasses="0" visitedMethods="0" numMethods="1" />
              <MetadataToken>100663375</MetadataToken>
              <Name>Projeto_NFe.Domain.Features.Receivers.Receiver Projeto_NFe.Common.Tests.Base.ObjectMother::GetReceiver(Projeto_NFe.Domain.Features.Addresses.Address)</Name>
              <FileRef uid="231" />
              <SequencePoints>
                <SequencePoint vc="0" uspid="1999" ordinal="0" offset="0" sl="17" sc="9" el="17" ec="10" bec="0" bev="0" fileid="231" />
                <SequencePoint vc="0" uspid="2000" ordinal="1" offset="1" sl="18" sc="13" el="23" ec="15" bec="0" bev="0" fileid="231" />
                <SequencePoint vc="0" uspid="2001" ordinal="2" offset="41" sl="24" sc="9" el="24" ec="10" bec="0" bev="0" fileid="231" />
              </SequencePoints>
              <BranchPoints />
              <MethodPoint xsi:type="SequencePoint" vc="0" uspid="1999" ordinal="0" offset="0" sl="17" sc="9" el="17" ec="10" bec="0" bev="0" fileid="231" />
            </Method>
            <Method visited="false" cyclomaticComplexity="1" nPathComplexity="0" sequenceCoverage="0" branchCoverage="0" crapScore="2" isConstructor="false" isStatic="true" isGetter="false" isSetter="false">
              <Summary numSequencePoints="3" visitedSequencePoints="0" numBranchPoints="1" visitedBranchPoints="0" sequenceCoverage="0" branchCoverage="0" maxCyclomaticComplexity="1" minCyclomaticComplexity="1" maxCrapScore="2" minCrapScore="2" visitedClasses="0" numClasses="0" visitedMethods="0" numMethods="1" />
              <MetadataToken>100663376</MetadataToken>
              <Name>Projeto_NFe.Domain.Features.Receivers.Receiver Projeto_NFe.Common.Tests.Base.ObjectMother::GetReceiverPhysical(Projeto_NFe.Domain.Features.Addresses.Address)</Name>
              <FileRef uid="231" />
              <SequencePoints>
                <SequencePoint vc="0" uspid="2002" ordinal="0" offset="0" sl="27" sc="9" el="27" ec="10" bec="0" bev="0" fileid="231" />
                <SequencePoint vc="0" uspid="2003" ordinal="1" offset="1" sl="28" sc="13" el="34" ec="15" bec="0" bev="0" fileid="231" />
                <SequencePoint vc="0" uspid="2004" ordinal="2" offset="49" sl="35" sc="9" el="35" ec="10" bec="0" bev="0" fileid="231" />
              </SequencePoints>
              <BranchPoints />
              <MethodPoint xsi:type="SequencePoint" vc="0" uspid="2002" ordinal="0" offset="0" sl="27" sc="9" el="27" ec="10" bec="0" bev="0" fileid="231" />
            </Method>
            <Method visited="true" cyclomaticComplexity="1" nPathComplexity="0" sequenceCoverage="100" branchCoverage="100" crapScore="1" isConstructor="false" isStatic="true" isGetter="false" isSetter="false">
              <Summary numSequencePoints="3" visitedSequencePoints="3" numBranchPoints="1" visitedBranchPoints="1" sequenceCoverage="100" branchCoverage="100" maxCyclomaticComplexity="1" minCyclomaticComplexity="1" maxCrapScore="1" minCrapScore="1" visitedClasses="0" numClasses="0" visitedMethods="1" numMethods="1" />
              <MetadataToken>100663377</MetadataToken>
              <Name>Projeto_NFe.Domain.Features.Receivers.Receiver Projeto_NFe.Common.Tests.Base.ObjectMother::GetReceiverPhysicalWithCpf(Projeto_NFe.Domain.Features.Addresses.Address,Projeto_NFe.Infra.CPF.Cpf)</Name>
              <FileRef uid="231" />
              <SequencePoints>
                <SequencePoint vc="20" uspid="2005" ordinal="0" offset="0" sl="38" sc="9" el="38" ec="10" bec="0" bev="0" fileid="231" />
                <SequencePoint vc="20" uspid="2006" ordinal="1" offset="1" sl="39" sc="13" el="46" ec="15" bec="0" bev="0" fileid="231" />
                <SequencePoint vc="20" uspid="2007" ordinal="2" offset="57" sl="47" sc="9" el="47" ec="10" bec="0" bev="0" fileid="231" />
              </SequencePoints>
              <BranchPoints />
              <MethodPoint xsi:type="SequencePoint" vc="20" uspid="2005" ordinal="0" offset="0" sl="38" sc="9" el="38" ec="10" bec="0" bev="0" fileid="231" />
            </Method>
            <Method visited="false" cyclomaticComplexity="1" nPathComplexity="0" sequenceCoverage="0" branchCoverage="0" crapScore="2" isConstructor="false" isStatic="true" isGetter="false" isSetter="false">
              <Summary numSequencePoints="3" visitedSequencePoints="0" numBranchPoints="1" visitedBranchPoints="0" sequenceCoverage="0" branchCoverage="0" maxCyclomaticComplexity="1" minCyclomaticComplexity="1" maxCrapScore="2" minCrapScore="2" visitedClasses="0" numClasses="0" visitedMethods="0" numMethods="1" />
              <MetadataToken>100663378</MetadataToken>
              <Name>Projeto_NFe.Domain.Features.Receivers.Receiver Projeto_NFe.Common.Tests.Base.ObjectMother::GetReceiverLegalWithoutCnpj(Projeto_NFe.Domain.Features.Addresses.Address)</Name>
              <FileRef uid="231" />
              <SequencePoints>
                <SequencePoint vc="0" uspid="2008" ordinal="0" offset="0" sl="50" sc="9" el="50" ec="10" bec="0" bev="0" fileid="231" />
                <SequencePoint vc="0" uspid="2009" ordinal="1" offset="1" sl="51" sc="13" el="57" ec="15" bec="0" bev="0" fileid="231" />
                <SequencePoint vc="0" uspid="2010" ordinal="2" offset="49" sl="58" sc="9" el="58" ec="10" bec="0" bev="0" fileid="231" />
              </SequencePoints>
              <BranchPoints />
              <MethodPoint xsi:type="SequencePoint" vc="0" uspid="2008" ordinal="0" offset="0" sl="50" sc="9" el="50" ec="10" bec="0" bev="0" fileid="231" />
            </Method>
            <Method visited="false" cyclomaticComplexity="1" nPathComplexity="0" sequenceCoverage="0" branchCoverage="0" crapScore="2" isConstructor="false" isStatic="true" isGetter="false" isSetter="false">
              <Summary numSequencePoints="3" visitedSequencePoints="0" numBranchPoints="1" visitedBranchPoints="0" sequenceCoverage="0" branchCoverage="0" maxCyclomaticComplexity="1" minCyclomaticComplexity="1" maxCrapScore="2" minCrapScore="2" visitedClasses="0" numClasses="0" visitedMethods="0" numMethods="1" />
              <MetadataToken>100663379</MetadataToken>
              <Name>Projeto_NFe.Domain.Features.Receivers.Receiver Projeto_NFe.Common.Tests.Base.ObjectMother::GetReceiverLegalWithCnpj(Projeto_NFe.Domain.Features.Addresses.Address,Projeto_NFe.Infra.CNPJ.Cnpj)</Name>
              <FileRef uid="231" />
              <SequencePoints>
                <SequencePoint vc="0" uspid="2011" ordinal="0" offset="0" sl="60" sc="9" el="60" ec="10" bec="0" bev="0" fileid="231" />
                <SequencePoint vc="0" uspid="2012" ordinal="1" offset="1" sl="61" sc="13" el="68" ec="15" bec="0" bev="0" fileid="231" />
                <SequencePoint vc="0" uspid="2013" ordinal="2" offset="57" sl="69" sc="9" el="69" ec="10" bec="0" bev="0" fileid="231" />
              </SequencePoints>
              <BranchPoints />
              <MethodPoint xsi:type="SequencePoint" vc="0" uspid="2011" ordinal="0" offset="0" sl="60" sc="9" el="60" ec="10" bec="0" bev="0" fileid="231" />
            </Method>
            <Method visited="false" cyclomaticComplexity="1" nPathComplexity="0" sequenceCoverage="0" branchCoverage="0" crapScore="2" isConstructor="false" isStatic="true" isGetter="false" isSetter="false">
              <Summary numSequencePoints="3" visitedSequencePoints="0" numBranchPoints="1" visitedBranchPoints="0" sequenceCoverage="0" branchCoverage="0" maxCyclomaticComplexity="1" minCyclomaticComplexity="1" maxCrapScore="2" minCrapScore="2" visitedClasses="0" numClasses="0" visitedMethods="0" numMethods="1" />
              <MetadataToken>100663380</MetadataToken>
              <Name>Projeto_NFe.Domain.Features.Receivers.Receiver Projeto_NFe.Common.Tests.Base.ObjectMother::GetReceiverPhysicalWithNameEmpty(Projeto_NFe.Domain.Features.Addresses.Address)</Name>
              <FileRef uid="231" />
              <SequencePoints>
                <SequencePoint vc="0" uspid="2014" ordinal="0" offset="0" sl="72" sc="9" el="72" ec="10" bec="0" bev="0" fileid="231" />
                <SequencePoint vc="0" uspid="2015" ordinal="1" offset="1" sl="73" sc="13" el="79" ec="15" bec="0" bev="0" fileid="231" />
                <SequencePoint vc="0" uspid="2016" ordinal="2" offset="49" sl="80" sc="9" el="80" ec="10" bec="0" bev="0" fileid="231" />
              </SequencePoints>
              <BranchPoints />
              <MethodPoint xsi:type="SequencePoint" vc="0" uspid="2014" ordinal="0" offset="0" sl="72" sc="9" el="72" ec="10" bec="0" bev="0" fileid="231" />
            </Method>
            <Method visited="false" cyclomaticComplexity="1" nPathComplexity="0" sequenceCoverage="0" branchCoverage="0" crapScore="2" isConstructor="false" isStatic="true" isGetter="false" isSetter="false">
              <Summary numSequencePoints="3" visitedSequencePoints="0" numBranchPoints="1" visitedBranchPoints="0" sequenceCoverage="0" branchCoverage="0" maxCyclomaticComplexity="1" minCyclomaticComplexity="1" maxCrapScore="2" minCrapScore="2" visitedClasses="0" numClasses="0" visitedMethods="0" numMethods="1" />
              <MetadataToken>100663381</MetadataToken>
              <Name>Projeto_NFe.Domain.Features.Receivers.Receiver Projeto_NFe.Common.Tests.Base.ObjectMother::GetReceiverLegalWithCompanyNameEmpty(Projeto_NFe.Domain.Features.Addresses.Address)</Name>
              <FileRef uid="231" />
              <SequencePoints>
                <SequencePoint vc="0" uspid="2017" ordinal="0" offset="0" sl="83" sc="9" el="83" ec="10" bec="0" bev="0" fileid="231" />
                <SequencePoint vc="0" uspid="2018" ordinal="1" offset="1" sl="84" sc="13" el="90" ec="15" bec="0" bev="0" fileid="231" />
                <SequencePoint vc="0" uspid="2019" ordinal="2" offset="49" sl="91" sc="9" el="91" ec="10" bec="0" bev="0" fileid="231" />
              </SequencePoints>
              <BranchPoints />
              <MethodPoint xsi:type="SequencePoint" vc="0" uspid="2017" ordinal="0" offset="0" sl="83" sc="9" el="83" ec="10" bec="0" bev="0" fileid="231" />
            </Method>
            <Method visited="false" cyclomaticComplexity="1" nPathComplexity="0" sequenceCoverage="0" branchCoverage="0" crapScore="2" isConstructor="false" isStatic="true" isGetter="false" isSetter="false">
              <Summary numSequencePoints="3" visitedSequencePoints="0" numBranchPoints="1" visitedBranchPoints="0" sequenceCoverage="0" branchCoverage="0" maxCyclomaticComplexity="1" minCyclomaticComplexity="1" maxCrapScore="2" minCrapScore="2" visitedClasses="0" numClasses="0" visitedMethods="0" numMethods="1" />
              <MetadataToken>100663382</MetadataToken>
              <Name>Projeto_NFe.Domain.Features.Receivers.Receiver Projeto_NFe.Common.Tests.Base.ObjectMother::GetReceiverWithStateRegistrationEmpty(Projeto_NFe.Domain.Features.Addresses.Address)</Name>
              <FileRef uid="231" />
              <SequencePoints>
                <SequencePoint vc="0" uspid="2020" ordinal="0" offset="0" sl="94" sc="9" el="94" ec="10" bec="0" bev="0" fileid="231" />
                <SequencePoint vc="0" uspid="2021" ordinal="1" offset="1" sl="95" sc="13" el="101" ec="15" bec="0" bev="0" fileid="231" />
                <SequencePoint vc="0" uspid="2022" ordinal="2" offset="49" sl="102" sc="9" el="102" ec="10" bec="0" bev="0" fileid="231" />
              </SequencePoints>
              <BranchPoints />
              <MethodPoint xsi:type="SequencePoint" vc="0" uspid="2020" ordinal="0" offset="0" sl="94" sc="9" el="94" ec="10" bec="0" bev="0" fileid="231" />
            </Method>
            <Method visited="false" cyclomaticComplexity="1" nPathComplexity="0" sequenceCoverage="0" branchCoverage="0" crapScore="2" isConstructor="false" isStatic="true" isGetter="false" isSetter="false">
              <Summary numSequencePoints="3" visitedSequencePoints="0" numBranchPoints="1" visitedBranchPoints="0" sequenceCoverage="0" branchCoverage="0" maxCyclomaticComplexity="1" minCyclomaticComplexity="1" maxCrapScore="2" minCrapScore="2" visitedClasses="0" numClasses="0" visitedMethods="0" numMethods="1" />
              <MetadataToken>100663383</MetadataToken>
              <Name>Projeto_NFe.Domain.Features.Receivers.Receiver Projeto_NFe.Common.Tests.Base.ObjectMother::GetReceiverWithoutAddress()</Name>
              <FileRef uid="231" />
              <SequencePoints>
                <SequencePoint vc="0" uspid="2023" ordinal="0" offset="0" sl="105" sc="9" el="105" ec="10" bec="0" bev="0" fileid="231" />
                <SequencePoint vc="0" uspid="2024" ordinal="1" offset="1" sl="106" sc="13" el="110" ec="15" bec="0" bev="0" fileid="231" />
                <SequencePoint vc="0" uspid="2025" ordinal="2" offset="33" sl="111" sc="9" el="111" ec="10" bec="0" bev="0" fileid="231" />
              </SequencePoints>
              <BranchPoints />
              <MethodPoint xsi:type="SequencePoint" vc="0" uspid="2023" ordinal="0" offset="0" sl="105" sc="9" el="105" ec="10" bec="0" bev="0" fileid="231" />
            </Method>
            <Method visited="true" cyclomaticComplexity="1" nPathComplexity="0" sequenceCoverage="100" branchCoverage="100" crapScore="1" isConstructor="false" isStatic="true" isGetter="false" isSetter="false">
              <Summary numSequencePoints="3" visitedSequencePoints="3" numBranchPoints="1" visitedBranchPoints="1" sequenceCoverage="100" branchCoverage="100" maxCyclomaticComplexity="1" minCyclomaticComplexity="1" maxCrapScore="1" minCrapScore="1" visitedClasses="0" numClasses="0" visitedMethods="1" numMethods="1" />
              <MetadataToken>100663384</MetadataToken>
              <Name>Projeto_NFe.Domain.Features.Taxes.Tax Projeto_NFe.Common.Tests.Base.ObjectMother::GetTax(Projeto_NFe.Domain.Features.Invoices.InvoiceIssued)</Name>
              <FileRef uid="232" />
              <SequencePoints>
                <SequencePoint vc="10" uspid="2026" ordinal="0" offset="0" sl="14" sc="9" el="14" ec="10" bec="0" bev="0" fileid="232" />
                <SequencePoint vc="10" uspid="2027" ordinal="1" offset="1" sl="15" sc="13" el="19" ec="15" bec="0" bev="0" fileid="232" />
                <SequencePoint vc="10" uspid="2028" ordinal="2" offset="33" sl="20" sc="9" el="20" ec="10" bec="0" bev="0" fileid="232" />
              </SequencePoints>
              <BranchPoints />
              <MethodPoint xsi:type="SequencePoint" vc="10" uspid="2026" ordinal="0" offset="0" sl="14" sc="9" el="14" ec="10" bec="0" bev="0" fileid="232" />
            </Method>
            <Method visited="false" cyclomaticComplexity="1" nPathComplexity="0" sequenceCoverage="0" branchCoverage="0" crapScore="2" isConstructor="false" isStatic="true" isGetter="false" isSetter="false">
              <Summary numSequencePoints="3" visitedSequencePoints="0" numBranchPoints="1" visitedBranchPoints="0" sequenceCoverage="0" branchCoverage="0" maxCyclomaticComplexity="1" minCyclomaticComplexity="1" maxCrapScore="2" minCrapScore="2" visitedClasses="0" numClasses="0" visitedMethods="0" numMethods="1" />
              <MetadataToken>100663385</MetadataToken>
              <Name>Projeto_NFe.Domain.Features.Taxes.Tax Projeto_NFe.Common.Tests.Base.ObjectMother::GetTaxWithOutInvoice()</Name>
              <FileRef uid="232" />
              <SequencePoints>
                <SequencePoint vc="0" uspid="2029" ordinal="0" offset="0" sl="23" sc="9" el="23" ec="10" bec="0" bev="0" fileid="232" />
                <SequencePoint vc="0" uspid="2030" ordinal="1" offset="1" sl="24" sc="13" el="27" ec="15" bec="0" bev="0" fileid="232" />
                <SequencePoint vc="0" uspid="2031" ordinal="2" offset="25" sl="28" sc="9" el="28" ec="10" bec="0" bev="0" fileid="232" />
              </SequencePoints>
              <BranchPoints />
              <MethodPoint xsi:type="SequencePoint" vc="0" uspid="2029" ordinal="0" offset="0" sl="23" sc="9" el="23" ec="10" bec="0" bev="0" fileid="232" />
            </Method>
            <Method visited="false" cyclomaticComplexity="1" nPathComplexity="0" sequenceCoverage="0" branchCoverage="0" crapScore="2" isConstructor="false" isStatic="true" isGetter="false" isSetter="false">
              <Summary numSequencePoints="3" visitedSequencePoints="0" numBranchPoints="1" visitedBranchPoints="0" sequenceCoverage="0" branchCoverage="0" maxCyclomaticComplexity="1" minCyclomaticComplexity="1" maxCrapScore="2" minCrapScore="2" visitedClasses="0" numClasses="0" visitedMethods="0" numMethods="1" />
              <MetadataToken>100663386</MetadataToken>
              <Name>Projeto_NFe.Domain.Features.Taxes.Tax Projeto_NFe.Common.Tests.Base.ObjectMother::GetInvalidValueFreightTax(Projeto_NFe.Domain.Features.Invoices.InvoiceIssued)</Name>
              <FileRef uid="232" />
              <SequencePoints>
                <SequencePoint vc="0" uspid="2032" ordinal="0" offset="0" sl="31" sc="9" el="31" ec="10" bec="0" bev="0" fileid="232" />
                <SequencePoint vc="0" uspid="2033" ordinal="1" offset="1" sl="32" sc="13" el="35" ec="15" bec="0" bev="0" fileid="232" />
                <SequencePoint vc="0" uspid="2034" ordinal="2" offset="25" sl="36" sc="9" el="36" ec="10" bec="0" bev="0" fileid="232" />
              </SequencePoints>
              <BranchPoints />
              <MethodPoint xsi:type="SequencePoint" vc="0" uspid="2032" ordinal="0" offset="0" sl="31" sc="9" el="31" ec="10" bec="0" bev="0" fileid="232" />
            </Method>
            <Method visited="false" cyclomaticComplexity="1" nPathComplexity="0" sequenceCoverage="0" branchCoverage="0" crapScore="2" isConstructor="true" isStatic="false" isGetter="false" isSetter="false">
              <Summary numSequencePoints="0" visitedSequencePoints="0" numBranchPoints="0" visitedBranchPoints="0" sequenceCoverage="0" branchCoverage="0" maxCyclomaticComplexity="1" minCyclomaticComplexity="1" maxCrapScore="2" minCrapScore="2" visitedClasses="0" numClasses="0" visitedMethods="0" numMethods="0" />
              <MetadataToken>100663387</MetadataToken>
              <Name>System.Void Projeto_NFe.Common.Tests.Base.ObjectMother::.ctor()</Name>
              <SequencePoints />
              <BranchPoints />
              <MethodPoint vc="0" uspid="2035" ordinal="0" offset="0" />
            </Method>
          </Methods>
        </Class>
      </Classes>
    </Module>
  </Modules>
</CoverageSession>