<?xml version="1.0" encoding="utf-8"?>
<CoverageSession xmlns:xsd="http://www.w3.org/2001/XMLSchema" xmlns:xsi="http://www.w3.org/2001/XMLSchema-instance" Version="4.6.0.0">
  <Summary numSequencePoints="1201" visitedSequencePoints="341" numBranchPoints="453" visitedBranchPoints="136" sequenceCoverage="28.39" branchCoverage="30.02" maxCyclomaticComplexity="16" minCyclomaticComplexity="1" maxCrapScore="24.11" minCrapScore="1" visitedClasses="21" numClasses="84" visitedMethods="52" numMethods="241" />
  <Modules>
    <Module hash="26-94-40-E4-D3-3B-33-B0-E9-D4-AC-BB-B9-22-49-D4-2C-7F-F8-75">
      <Summary numSequencePoints="373" visitedSequencePoints="110" numBranchPoints="163" visitedBranchPoints="52" sequenceCoverage="29.49" branchCoverage="31.90" maxCyclomaticComplexity="11" minCyclomaticComplexity="1" maxCrapScore="24.11" minCrapScore="1" visitedClasses="15" numClasses="56" visitedMethods="18" numMethods="79" />
      <ModulePath>C:\Users\Isabel\Desktop\Apollo 4\Projeto_NFe\Projeto_NFe.Application.Test\bin\Debug\Projeto_NFe.Domain.dll</ModulePath>
      <ModuleTime>2018-06-14T20:21:18Z</ModuleTime>
      <ModuleName>Projeto_NFe.Domain</ModuleName>
      <Files>
        <File uid="1" fullPath="C:\Users\ndduser\Desktop\Academia Programador 2018\Apollo 4\Projeto_NFe\Projeto_NFe.Domain\Features\Taxes\Tax.cs" />
        <File uid="2" fullPath="C:\Users\ndduser\Desktop\Academia Programador 2018\Apollo 4\Projeto_NFe\Projeto_NFe.Domain\Features\Receivers\Receiver.cs" />
        <File uid="3" fullPath="C:\Users\ndduser\Desktop\Academia Programador 2018\Apollo 4\Projeto_NFe\Projeto_NFe.Domain\Features\Receivers\ReceiverAddressNullException.cs" />
        <File uid="4" fullPath="C:\Users\ndduser\Desktop\Academia Programador 2018\Apollo 4\Projeto_NFe\Projeto_NFe.Domain\Features\Receivers\ReceiverCnpjNullException.cs" />
        <File uid="5" fullPath="C:\Users\ndduser\Desktop\Academia Programador 2018\Apollo 4\Projeto_NFe\Projeto_NFe.Domain\Features\Receivers\ReceiverCpfNullException.cs" />
        <File uid="6" fullPath="C:\Users\ndduser\Desktop\Academia Programador 2018\Apollo 4\Projeto_NFe\Projeto_NFe.Domain\Features\Receivers\ReceiverNameNullOrEmptyException.cs" />
        <File uid="7" fullPath="C:\Users\ndduser\Desktop\Academia Programador 2018\Apollo 4\Projeto_NFe\Projeto_NFe.Domain\Features\Receivers\ReceiverStateRegistrationNullOrEmptyException.cs" />
        <File uid="8" fullPath="C:\Users\ndduser\Desktop\Academia Programador 2018\Apollo 4\Projeto_NFe\Projeto_NFe.Domain\Features\Receivers\ReceiverTypeDefaultException.cs" />
        <File uid="9" fullPath="C:\Users\ndduser\Desktop\Academia Programador 2018\Apollo 4\Projeto_NFe\Projeto_NFe.Domain\Features\Receivers\ReceiverWithDependencyException.cs" />
        <File uid="10" fullPath="C:\Users\ndduser\Desktop\Academia Programador 2018\Apollo 4\Projeto_NFe\Projeto_NFe.Domain\Features\Products\Product.cs" />
        <File uid="11" fullPath="C:\Users\ndduser\Desktop\Academia Programador 2018\Apollo 4\Projeto_NFe\Projeto_NFe.Domain\Features\Products\ProductDescriptionNullOrEmptyException.cs" />
        <File uid="12" fullPath="C:\Users\ndduser\Desktop\Academia Programador 2018\Apollo 4\Projeto_NFe\Projeto_NFe.Domain\Features\Products\ProductDescriptionWithLessThanThreeCharactersException.cs" />
        <File uid="13" fullPath="C:\Users\ndduser\Desktop\Academia Programador 2018\Apollo 4\Projeto_NFe\Projeto_NFe.Domain\Features\Products\ProductUnitaryValueLessThanZeroException.cs" />
        <File uid="14" fullPath="C:\Users\ndduser\Desktop\Academia Programador 2018\Apollo 4\Projeto_NFe\Projeto_NFe.Domain\Features\Products\ProductWithDependencyException.cs" />
        <File uid="15" fullPath="C:\Users\ndduser\Desktop\Academia Programador 2018\Apollo 4\Projeto_NFe\Projeto_NFe.Domain\Features\ItemInvoices\ItemInvoice.cs" />
        <File uid="16" fullPath="C:\Users\ndduser\Desktop\Academia Programador 2018\Apollo 4\Projeto_NFe\Projeto_NFe.Domain\Features\ItemInvoices\ItemInvoiceNullProductException.cs" />
        <File uid="17" fullPath="C:\Users\ndduser\Desktop\Academia Programador 2018\Apollo 4\Projeto_NFe\Projeto_NFe.Domain\Features\ItemInvoices\ItemInvoiceQuantityLessThanOneException.cs" />
        <File uid="18" fullPath="C:\Users\ndduser\Desktop\Academia Programador 2018\Apollo 4\Projeto_NFe\Projeto_NFe.Domain\Features\Invoices\InvoiceInProcessEmitterEqualReceiverException.cs" />
        <File uid="19" fullPath="C:\Users\ndduser\Desktop\Academia Programador 2018\Apollo 4\Projeto_NFe\Projeto_NFe.Domain\Features\Invoices\Invoice.cs" />
        <File uid="20" fullPath="C:\Users\ndduser\Desktop\Academia Programador 2018\Apollo 4\Projeto_NFe\Projeto_NFe.Domain\Features\Invoices\InvoiceInProcessNatureOperationNullOrEmptyException.cs" />
        <File uid="21" fullPath="C:\Users\ndduser\Desktop\Academia Programador 2018\Apollo 4\Projeto_NFe\Projeto_NFe.Domain\Features\Invoices\InvoiceInProcessItemsCountLessThanOneException.cs" />
        <File uid="22" fullPath="C:\Users\ndduser\Desktop\Academia Programador 2018\Apollo 4\Projeto_NFe\Projeto_NFe.Domain\Features\Invoices\InvoiceInProcessReceiverNullException.cs" />
        <File uid="23" fullPath="C:\Users\ndduser\Desktop\Academia Programador 2018\Apollo 4\Projeto_NFe\Projeto_NFe.Domain\Features\Invoices\InvoiceInProcessEmitterNullException.cs" />
        <File uid="24" fullPath="C:\Users\ndduser\Desktop\Academia Programador 2018\Apollo 4\Projeto_NFe\Projeto_NFe.Domain\Features\Invoices\InvoiceInProcess.cs" />
        <File uid="25" fullPath="C:\Users\ndduser\Desktop\Academia Programador 2018\Apollo 4\Projeto_NFe\Projeto_NFe.Domain\Features\Invoices\InvoiceInProcessWithDependencyException.cs" />
        <File uid="26" fullPath="C:\Users\ndduser\Desktop\Academia Programador 2018\Apollo 4\Projeto_NFe\Projeto_NFe.Domain\Features\Invoices\InvoiceIssued.cs" />
        <File uid="27" fullPath="C:\Users\ndduser\Desktop\Academia Programador 2018\Apollo 4\Projeto_NFe\Projeto_NFe.Domain\Features\Invoices\InvoiceIssuedAccessKeyNumberAccessKeyNullOrEmptyException.cs" />
        <File uid="28" fullPath="C:\Users\ndduser\Desktop\Academia Programador 2018\Apollo 4\Projeto_NFe\Projeto_NFe.Domain\Features\Invoices\InvoiceIssuedDateSmallerThanEntryDateException.cs" />
        <File uid="29" fullPath="C:\Users\ndduser\Desktop\Academia Programador 2018\Apollo 4\Projeto_NFe\Projeto_NFe.Domain\Features\Invoices\InvoiceIssuedAccessKeyIsRepeatException.cs" />
        <File uid="30" fullPath="C:\Users\ndduser\Desktop\Academia Programador 2018\Apollo 4\Projeto_NFe\Projeto_NFe.Domain\Features\Invoices\InvoiceInProcessValueFreightLessThanZeroException.cs" />
        <File uid="31" fullPath="C:\Users\ndduser\Desktop\Academia Programador 2018\Apollo 4\Projeto_NFe\Projeto_NFe.Domain\Features\Emitters\Emitter.cs" />
        <File uid="32" fullPath="C:\Users\ndduser\Desktop\Academia Programador 2018\Apollo 4\Projeto_NFe\Projeto_NFe.Domain\Features\Emitters\EmitterAddressNullException.cs" />
        <File uid="33" fullPath="C:\Users\ndduser\Desktop\Academia Programador 2018\Apollo 4\Projeto_NFe\Projeto_NFe.Domain\Features\Emitters\EmitterCnpjNullException.cs" />
        <File uid="34" fullPath="C:\Users\ndduser\Desktop\Academia Programador 2018\Apollo 4\Projeto_NFe\Projeto_NFe.Domain\Features\Emitters\EmitterCompanyNameNullOrEmptyException.cs" />
        <File uid="35" fullPath="C:\Users\ndduser\Desktop\Academia Programador 2018\Apollo 4\Projeto_NFe\Projeto_NFe.Domain\Features\Emitters\EmitterFantasyNameNullOrEmptyException.cs" />
        <File uid="36" fullPath="C:\Users\ndduser\Desktop\Academia Programador 2018\Apollo 4\Projeto_NFe\Projeto_NFe.Domain\Features\Emitters\EmitterMunicipalRegistrationNullOrEmptyException.cs" />
        <File uid="37" fullPath="C:\Users\ndduser\Desktop\Academia Programador 2018\Apollo 4\Projeto_NFe\Projeto_NFe.Domain\Features\Emitters\EmitterStateRegistrationNullOrEmptyException.cs" />
        <File uid="38" fullPath="C:\Users\ndduser\Desktop\Academia Programador 2018\Apollo 4\Projeto_NFe\Projeto_NFe.Domain\Features\Emitters\EmitterWithDependencyException.cs" />
        <File uid="39" fullPath="C:\Users\ndduser\Desktop\Academia Programador 2018\Apollo 4\Projeto_NFe\Projeto_NFe.Domain\Features\Conveyors\ConveyorWithDependencyException.cs" />
        <File uid="40" fullPath="C:\Users\ndduser\Desktop\Academia Programador 2018\Apollo 4\Projeto_NFe\Projeto_NFe.Domain\Features\Conveyors\ConveyorTypeDefaultException.cs" />
        <File uid="41" fullPath="C:\Users\ndduser\Desktop\Academia Programador 2018\Apollo 4\Projeto_NFe\Projeto_NFe.Domain\Features\Conveyors\ConveyorFreightResponsibilityDefaultException.cs" />
        <File uid="42" fullPath="C:\Users\ndduser\Desktop\Academia Programador 2018\Apollo 4\Projeto_NFe\Projeto_NFe.Domain\Features\Conveyors\ConveyorAddressNullException.cs" />
        <File uid="43" fullPath="C:\Users\ndduser\Desktop\Academia Programador 2018\Apollo 4\Projeto_NFe\Projeto_NFe.Domain\Features\Conveyors\ConveyorCompanyNameNullOrEmptyException.cs" />
        <File uid="44" fullPath="C:\Users\ndduser\Desktop\Academia Programador 2018\Apollo 4\Projeto_NFe\Projeto_NFe.Domain\Features\Conveyors\ConveyorCnpjNullException.cs" />
        <File uid="45" fullPath="C:\Users\ndduser\Desktop\Academia Programador 2018\Apollo 4\Projeto_NFe\Projeto_NFe.Domain\Features\Conveyors\ConveyorCpfNullException.cs" />
        <File uid="46" fullPath="C:\Users\ndduser\Desktop\Academia Programador 2018\Apollo 4\Projeto_NFe\Projeto_NFe.Domain\Features\Conveyors\Conveyor.cs" />
        <File uid="47" fullPath="C:\Users\ndduser\Desktop\Academia Programador 2018\Apollo 4\Projeto_NFe\Projeto_NFe.Domain\Features\Conveyors\ConveyorNameNullOrEmptyException.cs" />
        <File uid="48" fullPath="C:\Users\ndduser\Desktop\Academia Programador 2018\Apollo 4\Projeto_NFe\Projeto_NFe.Domain\Features\Addresses\Address.cs" />
        <File uid="49" fullPath="C:\Users\ndduser\Desktop\Academia Programador 2018\Apollo 4\Projeto_NFe\Projeto_NFe.Domain\Features\Addresses\AddressCityNullOrEmptyException.cs" />
        <File uid="50" fullPath="C:\Users\ndduser\Desktop\Academia Programador 2018\Apollo 4\Projeto_NFe\Projeto_NFe.Domain\Features\Addresses\AddressDefaultStateEnumException.cs" />
        <File uid="51" fullPath="C:\Users\ndduser\Desktop\Academia Programador 2018\Apollo 4\Projeto_NFe\Projeto_NFe.Domain\Features\Addresses\AddressNumberLessThanOneException.cs" />
        <File uid="52" fullPath="C:\Users\ndduser\Desktop\Academia Programador 2018\Apollo 4\Projeto_NFe\Projeto_NFe.Domain\Features\Addresses\AddressNeighbourhoodNullOrEmptyException.cs" />
        <File uid="53" fullPath="C:\Users\ndduser\Desktop\Academia Programador 2018\Apollo 4\Projeto_NFe\Projeto_NFe.Domain\Features\Addresses\AddressStreetNullOrEmptyException.cs" />
        <File uid="54" fullPath="C:\Users\ndduser\Desktop\Academia Programador 2018\Apollo 4\Projeto_NFe\Projeto_NFe.Domain\Exceptions\BusinessException.cs" />
        <File uid="55" fullPath="C:\Users\ndduser\Desktop\Academia Programador 2018\Apollo 4\Projeto_NFe\Projeto_NFe.Domain\Exceptions\IdentifierUndefinedException.cs" />
        <File uid="56" fullPath="C:\Users\ndduser\Desktop\Academia Programador 2018\Apollo 4\Projeto_NFe\Projeto_NFe.Domain\Exceptions\InvalidPathException.cs" />
        <File uid="57" fullPath="C:\Users\ndduser\Desktop\Academia Programador 2018\Apollo 4\Projeto_NFe\Projeto_NFe.Domain\Exceptions\UnsupportedOperationException.cs" />
      </Files>
      <Classes>
        <Class>
          <Summary numSequencePoints="42" visitedSequencePoints="0" numBranchPoints="8" visitedBranchPoints="0" sequenceCoverage="0" branchCoverage="0" maxCyclomaticComplexity="2" minCyclomaticComplexity="1" maxCrapScore="6" minCrapScore="2" visitedClasses="0" numClasses="1" visitedMethods="0" numMethods="8" />
          <FullName>Projeto_NFe.Domain.Features.Taxes.Tax</FullName>
          <Methods>
            <Method skippedDueTo="AutoImplementedProperty" visited="false" cyclomaticComplexity="1" nPathComplexity="0" sequenceCoverage="0" branchCoverage="0" crapScore="0" isConstructor="false" isStatic="false" isGetter="true" isSetter="false">
              <MetadataToken>100663297</MetadataToken>
              <Name>Projeto_NFe.Domain.Features.Invoices.Invoice Projeto_NFe.Domain.Features.Taxes.Tax::get_invoice()</Name>
              <FileRef uid="1" />
              <SequencePoints />
              <BranchPoints />
            </Method>
            <Method skippedDueTo="AutoImplementedProperty" visited="false" cyclomaticComplexity="1" nPathComplexity="0" sequenceCoverage="0" branchCoverage="0" crapScore="0" isConstructor="false" isStatic="false" isGetter="false" isSetter="true">
              <MetadataToken>100663298</MetadataToken>
              <Name>System.Void Projeto_NFe.Domain.Features.Taxes.Tax::set_invoice(Projeto_NFe.Domain.Features.Invoices.Invoice)</Name>
              <FileRef uid="1" />
              <SequencePoints />
              <BranchPoints />
            </Method>
            <Method skippedDueTo="AutoImplementedProperty" visited="false" cyclomaticComplexity="1" nPathComplexity="0" sequenceCoverage="0" branchCoverage="0" crapScore="0" isConstructor="false" isStatic="false" isGetter="true" isSetter="false">
              <MetadataToken>100663299</MetadataToken>
              <Name>System.Double Projeto_NFe.Domain.Features.Taxes.Tax::get_ValueFreight()</Name>
              <FileRef uid="1" />
              <SequencePoints />
              <BranchPoints />
            </Method>
            <Method skippedDueTo="AutoImplementedProperty" visited="false" cyclomaticComplexity="1" nPathComplexity="0" sequenceCoverage="0" branchCoverage="0" crapScore="0" isConstructor="false" isStatic="false" isGetter="false" isSetter="true">
              <MetadataToken>100663300</MetadataToken>
              <Name>System.Void Projeto_NFe.Domain.Features.Taxes.Tax::set_ValueFreight(System.Double)</Name>
              <FileRef uid="1" />
              <SequencePoints />
              <BranchPoints />
            </Method>
            <Method visited="false" cyclomaticComplexity="1" nPathComplexity="0" sequenceCoverage="0" branchCoverage="0" crapScore="2" isConstructor="false" isStatic="false" isGetter="true" isSetter="false">
              <Summary numSequencePoints="3" visitedSequencePoints="0" numBranchPoints="1" visitedBranchPoints="0" sequenceCoverage="0" branchCoverage="0" maxCyclomaticComplexity="1" minCyclomaticComplexity="1" maxCrapScore="2" minCrapScore="2" visitedClasses="0" numClasses="0" visitedMethods="0" numMethods="1" />
              <MetadataToken>100663301</MetadataToken>
              <Name>System.Double Projeto_NFe.Domain.Features.Taxes.Tax::get_TotalIcmsValue()</Name>
              <FileRef uid="1" />
              <SequencePoints>
                <SequencePoint vc="0" uspid="1" ordinal="0" offset="0" sl="22" sc="13" el="22" ec="14" bec="0" bev="0" fileid="1" />
                <SequencePoint vc="0" uspid="2" ordinal="1" offset="1" sl="23" sc="17" el="23" ec="40" bec="0" bev="0" fileid="1" />
                <SequencePoint vc="0" uspid="3" ordinal="2" offset="10" sl="24" sc="13" el="24" ec="14" bec="0" bev="0" fileid="1" />
              </SequencePoints>
              <BranchPoints />
              <MethodPoint xsi:type="SequencePoint" vc="0" uspid="1" ordinal="0" offset="0" sl="22" sc="13" el="22" ec="14" bec="0" bev="0" fileid="1" />
            </Method>
            <Method visited="false" cyclomaticComplexity="1" nPathComplexity="0" sequenceCoverage="0" branchCoverage="0" crapScore="2" isConstructor="false" isStatic="false" isGetter="true" isSetter="false">
              <Summary numSequencePoints="3" visitedSequencePoints="0" numBranchPoints="1" visitedBranchPoints="0" sequenceCoverage="0" branchCoverage="0" maxCyclomaticComplexity="1" minCyclomaticComplexity="1" maxCrapScore="2" minCrapScore="2" visitedClasses="0" numClasses="0" visitedMethods="0" numMethods="1" />
              <MetadataToken>100663302</MetadataToken>
              <Name>System.Double Projeto_NFe.Domain.Features.Taxes.Tax::get_TotalProductValue()</Name>
              <FileRef uid="1" />
              <SequencePoints>
                <SequencePoint vc="0" uspid="4" ordinal="0" offset="0" sl="30" sc="13" el="30" ec="14" bec="0" bev="0" fileid="1" />
                <SequencePoint vc="0" uspid="5" ordinal="1" offset="1" sl="31" sc="17" el="31" ec="48" bec="0" bev="0" fileid="1" />
                <SequencePoint vc="0" uspid="6" ordinal="2" offset="10" sl="32" sc="13" el="32" ec="14" bec="0" bev="0" fileid="1" />
              </SequencePoints>
              <BranchPoints />
              <MethodPoint xsi:type="SequencePoint" vc="0" uspid="4" ordinal="0" offset="0" sl="30" sc="13" el="30" ec="14" bec="0" bev="0" fileid="1" />
            </Method>
            <Method visited="false" cyclomaticComplexity="1" nPathComplexity="0" sequenceCoverage="0" branchCoverage="0" crapScore="2" isConstructor="false" isStatic="false" isGetter="true" isSetter="false">
              <Summary numSequencePoints="3" visitedSequencePoints="0" numBranchPoints="1" visitedBranchPoints="0" sequenceCoverage="0" branchCoverage="0" maxCyclomaticComplexity="1" minCyclomaticComplexity="1" maxCrapScore="2" minCrapScore="2" visitedClasses="0" numClasses="0" visitedMethods="0" numMethods="1" />
              <MetadataToken>100663303</MetadataToken>
              <Name>System.Double Projeto_NFe.Domain.Features.Taxes.Tax::get_TotalIpiValue()</Name>
              <FileRef uid="1" />
              <SequencePoints>
                <SequencePoint vc="0" uspid="7" ordinal="0" offset="0" sl="38" sc="13" el="38" ec="14" bec="0" bev="0" fileid="1" />
                <SequencePoint vc="0" uspid="8" ordinal="1" offset="1" sl="39" sc="17" el="39" ec="39" bec="0" bev="0" fileid="1" />
                <SequencePoint vc="0" uspid="9" ordinal="2" offset="10" sl="40" sc="13" el="40" ec="14" bec="0" bev="0" fileid="1" />
              </SequencePoints>
              <BranchPoints />
              <MethodPoint xsi:type="SequencePoint" vc="0" uspid="7" ordinal="0" offset="0" sl="38" sc="13" el="38" ec="14" bec="0" bev="0" fileid="1" />
            </Method>
            <Method visited="false" cyclomaticComplexity="1" nPathComplexity="0" sequenceCoverage="0" branchCoverage="0" crapScore="2" isConstructor="false" isStatic="false" isGetter="true" isSetter="false">
              <Summary numSequencePoints="3" visitedSequencePoints="0" numBranchPoints="1" visitedBranchPoints="0" sequenceCoverage="0" branchCoverage="0" maxCyclomaticComplexity="1" minCyclomaticComplexity="1" maxCrapScore="2" minCrapScore="2" visitedClasses="0" numClasses="0" visitedMethods="0" numMethods="1" />
              <MetadataToken>100663304</MetadataToken>
              <Name>System.Double Projeto_NFe.Domain.Features.Taxes.Tax::get_TotalInvoice()</Name>
              <FileRef uid="1" />
              <SequencePoints>
                <SequencePoint vc="0" uspid="10" ordinal="0" offset="0" sl="45" sc="13" el="45" ec="14" bec="0" bev="0" fileid="1" />
                <SequencePoint vc="0" uspid="11" ordinal="1" offset="1" sl="46" sc="17" el="46" ec="48" bec="0" bev="0" fileid="1" />
                <SequencePoint vc="0" uspid="12" ordinal="2" offset="10" sl="47" sc="13" el="47" ec="14" bec="0" bev="0" fileid="1" />
              </SequencePoints>
              <BranchPoints />
              <MethodPoint xsi:type="SequencePoint" vc="0" uspid="10" ordinal="0" offset="0" sl="45" sc="13" el="45" ec="14" bec="0" bev="0" fileid="1" />
            </Method>
            <Method visited="false" cyclomaticComplexity="2" nPathComplexity="0" sequenceCoverage="0" branchCoverage="0" crapScore="6" isConstructor="false" isStatic="false" isGetter="false" isSetter="false">
              <Summary numSequencePoints="9" visitedSequencePoints="0" numBranchPoints="1" visitedBranchPoints="0" sequenceCoverage="0" branchCoverage="0" maxCyclomaticComplexity="2" minCyclomaticComplexity="2" maxCrapScore="6" minCrapScore="6" visitedClasses="0" numClasses="0" visitedMethods="0" numMethods="1" />
              <MetadataToken>100663305</MetadataToken>
              <Name>System.Double Projeto_NFe.Domain.Features.Taxes.Tax::CalculateICMS()</Name>
              <FileRef uid="1" />
              <SequencePoints>
                <SequencePoint vc="0" uspid="13" ordinal="0" offset="0" sl="51" sc="9" el="51" ec="10" bec="0" bev="0" fileid="1" />
                <SequencePoint vc="0" uspid="14" ordinal="1" offset="1" sl="52" sc="13" el="52" ec="30" bec="0" bev="0" fileid="1" />
                <SequencePoint vc="0" uspid="15" ordinal="2" offset="11" sl="53" sc="13" el="53" ec="20" bec="0" bev="0" fileid="1" />
                <SequencePoint vc="0" uspid="16" ordinal="3" offset="12" sl="53" sc="39" el="53" ec="52" bec="0" bev="0" fileid="1" />
                <SequencePoint vc="0" uspid="17" ordinal="4" offset="31" sl="53" sc="22" el="53" ec="35" bec="0" bev="0" fileid="1" />
                <SequencePoint vc="0" uspid="18" ordinal="5" offset="39" sl="54" sc="17" el="54" ec="38" bec="0" bev="0" fileid="1" />
                <SequencePoint vc="0" uspid="19" ordinal="6" offset="48" sl="53" sc="36" el="53" ec="38" bec="0" bev="0" fileid="1" />
                <SequencePoint vc="0" uspid="20" ordinal="7" offset="74" sl="56" sc="13" el="56" ec="26" bec="0" bev="0" fileid="1" />
                <SequencePoint vc="0" uspid="21" ordinal="8" offset="78" sl="57" sc="9" el="57" ec="10" bec="0" bev="0" fileid="1" />
              </SequencePoints>
              <BranchPoints />
              <MethodPoint xsi:type="SequencePoint" vc="0" uspid="13" ordinal="0" offset="0" sl="51" sc="9" el="51" ec="10" bec="0" bev="0" fileid="1" />
            </Method>
            <Method visited="false" cyclomaticComplexity="2" nPathComplexity="0" sequenceCoverage="0" branchCoverage="0" crapScore="6" isConstructor="false" isStatic="false" isGetter="false" isSetter="false">
              <Summary numSequencePoints="9" visitedSequencePoints="0" numBranchPoints="1" visitedBranchPoints="0" sequenceCoverage="0" branchCoverage="0" maxCyclomaticComplexity="2" minCyclomaticComplexity="2" maxCrapScore="6" minCrapScore="6" visitedClasses="0" numClasses="0" visitedMethods="0" numMethods="1" />
              <MetadataToken>100663306</MetadataToken>
              <Name>System.Double Projeto_NFe.Domain.Features.Taxes.Tax::CalculateIPI()</Name>
              <FileRef uid="1" />
              <SequencePoints>
                <SequencePoint vc="0" uspid="24" ordinal="0" offset="0" sl="60" sc="9" el="60" ec="10" bec="0" bev="0" fileid="1" />
                <SequencePoint vc="0" uspid="25" ordinal="1" offset="1" sl="61" sc="13" el="61" ec="30" bec="0" bev="0" fileid="1" />
                <SequencePoint vc="0" uspid="26" ordinal="2" offset="11" sl="62" sc="13" el="62" ec="20" bec="0" bev="0" fileid="1" />
                <SequencePoint vc="0" uspid="27" ordinal="3" offset="12" sl="62" sc="39" el="62" ec="52" bec="0" bev="0" fileid="1" />
                <SequencePoint vc="0" uspid="28" ordinal="4" offset="31" sl="62" sc="22" el="62" ec="35" bec="0" bev="0" fileid="1" />
                <SequencePoint vc="0" uspid="29" ordinal="5" offset="39" sl="63" sc="17" el="63" ec="37" bec="0" bev="0" fileid="1" />
                <SequencePoint vc="0" uspid="30" ordinal="6" offset="48" sl="62" sc="36" el="62" ec="38" bec="0" bev="0" fileid="1" />
                <SequencePoint vc="0" uspid="31" ordinal="7" offset="74" sl="64" sc="13" el="64" ec="26" bec="0" bev="0" fileid="1" />
                <SequencePoint vc="0" uspid="32" ordinal="8" offset="78" sl="65" sc="9" el="65" ec="10" bec="0" bev="0" fileid="1" />
              </SequencePoints>
              <BranchPoints />
              <MethodPoint xsi:type="SequencePoint" vc="0" uspid="24" ordinal="0" offset="0" sl="60" sc="9" el="60" ec="10" bec="0" bev="0" fileid="1" />
            </Method>
            <Method visited="false" cyclomaticComplexity="2" nPathComplexity="0" sequenceCoverage="0" branchCoverage="0" crapScore="6" isConstructor="false" isStatic="false" isGetter="false" isSetter="false">
              <Summary numSequencePoints="9" visitedSequencePoints="0" numBranchPoints="1" visitedBranchPoints="0" sequenceCoverage="0" branchCoverage="0" maxCyclomaticComplexity="2" minCyclomaticComplexity="2" maxCrapScore="6" minCrapScore="6" visitedClasses="0" numClasses="0" visitedMethods="0" numMethods="1" />
              <MetadataToken>100663307</MetadataToken>
              <Name>System.Double Projeto_NFe.Domain.Features.Taxes.Tax::CalculateTotalProduct()</Name>
              <FileRef uid="1" />
              <SequencePoints>
                <SequencePoint vc="0" uspid="35" ordinal="0" offset="0" sl="68" sc="9" el="68" ec="10" bec="0" bev="0" fileid="1" />
                <SequencePoint vc="0" uspid="36" ordinal="1" offset="1" sl="69" sc="13" el="69" ec="30" bec="0" bev="0" fileid="1" />
                <SequencePoint vc="0" uspid="37" ordinal="2" offset="11" sl="70" sc="13" el="70" ec="20" bec="0" bev="0" fileid="1" />
                <SequencePoint vc="0" uspid="38" ordinal="3" offset="12" sl="70" sc="39" el="70" ec="52" bec="0" bev="0" fileid="1" />
                <SequencePoint vc="0" uspid="39" ordinal="4" offset="31" sl="70" sc="22" el="70" ec="35" bec="0" bev="0" fileid="1" />
                <SequencePoint vc="0" uspid="40" ordinal="5" offset="39" sl="71" sc="17" el="71" ec="39" bec="0" bev="0" fileid="1" />
                <SequencePoint vc="0" uspid="41" ordinal="6" offset="48" sl="70" sc="36" el="70" ec="38" bec="0" bev="0" fileid="1" />
                <SequencePoint vc="0" uspid="42" ordinal="7" offset="74" sl="72" sc="13" el="72" ec="26" bec="0" bev="0" fileid="1" />
                <SequencePoint vc="0" uspid="43" ordinal="8" offset="78" sl="73" sc="9" el="73" ec="10" bec="0" bev="0" fileid="1" />
              </SequencePoints>
              <BranchPoints />
              <MethodPoint xsi:type="SequencePoint" vc="0" uspid="35" ordinal="0" offset="0" sl="68" sc="9" el="68" ec="10" bec="0" bev="0" fileid="1" />
            </Method>
            <Method visited="false" cyclomaticComplexity="1" nPathComplexity="0" sequenceCoverage="0" branchCoverage="0" crapScore="2" isConstructor="false" isStatic="false" isGetter="false" isSetter="false">
              <Summary numSequencePoints="3" visitedSequencePoints="0" numBranchPoints="1" visitedBranchPoints="0" sequenceCoverage="0" branchCoverage="0" maxCyclomaticComplexity="1" minCyclomaticComplexity="1" maxCrapScore="2" minCrapScore="2" visitedClasses="0" numClasses="0" visitedMethods="0" numMethods="1" />
              <MetadataToken>100663308</MetadataToken>
              <Name>System.Double Projeto_NFe.Domain.Features.Taxes.Tax::CalculateTotalInvoice()</Name>
              <FileRef uid="1" />
              <SequencePoints>
                <SequencePoint vc="0" uspid="46" ordinal="0" offset="0" sl="76" sc="9" el="76" ec="10" bec="0" bev="0" fileid="1" />
                <SequencePoint vc="0" uspid="47" ordinal="1" offset="1" sl="77" sc="13" el="77" ec="86" bec="0" bev="0" fileid="1" />
                <SequencePoint vc="0" uspid="48" ordinal="2" offset="31" sl="78" sc="9" el="78" ec="10" bec="0" bev="0" fileid="1" />
              </SequencePoints>
              <BranchPoints />
              <MethodPoint xsi:type="SequencePoint" vc="0" uspid="46" ordinal="0" offset="0" sl="76" sc="9" el="76" ec="10" bec="0" bev="0" fileid="1" />
            </Method>
            <Method visited="false" cyclomaticComplexity="1" nPathComplexity="0" sequenceCoverage="0" branchCoverage="0" crapScore="2" isConstructor="true" isStatic="false" isGetter="false" isSetter="false">
              <Summary numSequencePoints="0" visitedSequencePoints="0" numBranchPoints="0" visitedBranchPoints="0" sequenceCoverage="0" branchCoverage="0" maxCyclomaticComplexity="1" minCyclomaticComplexity="1" maxCrapScore="2" minCrapScore="2" visitedClasses="0" numClasses="0" visitedMethods="0" numMethods="0" />
              <MetadataToken>100663309</MetadataToken>
              <Name>System.Void Projeto_NFe.Domain.Features.Taxes.Tax::.ctor()</Name>
              <SequencePoints />
              <BranchPoints />
              <MethodPoint vc="0" uspid="49" ordinal="0" offset="0" />
            </Method>
          </Methods>
        </Class>
        <Class>
          <Summary numSequencePoints="33" visitedSequencePoints="9" numBranchPoints="19" visitedBranchPoints="5" sequenceCoverage="27.27" branchCoverage="26.32" maxCyclomaticComplexity="9" minCyclomaticComplexity="1" maxCrapScore="24.11" minCrapScore="2" visitedClasses="1" numClasses="1" visitedMethods="1" numMethods="3" />
          <FullName>Projeto_NFe.Domain.Features.Receivers.Receiver</FullName>
          <Methods>
            <Method skippedDueTo="AutoImplementedProperty" visited="false" cyclomaticComplexity="1" nPathComplexity="0" sequenceCoverage="0" branchCoverage="0" crapScore="0" isConstructor="false" isStatic="false" isGetter="true" isSetter="false">
              <MetadataToken>100663316</MetadataToken>
              <Name>System.Int64 Projeto_NFe.Domain.Features.Receivers.Receiver::get_Id()</Name>
              <FileRef uid="2" />
              <SequencePoints />
              <BranchPoints />
            </Method>
            <Method skippedDueTo="AutoImplementedProperty" visited="false" cyclomaticComplexity="1" nPathComplexity="0" sequenceCoverage="0" branchCoverage="0" crapScore="0" isConstructor="false" isStatic="false" isGetter="false" isSetter="true">
              <MetadataToken>100663317</MetadataToken>
              <Name>System.Void Projeto_NFe.Domain.Features.Receivers.Receiver::set_Id(System.Int64)</Name>
              <FileRef uid="2" />
              <SequencePoints />
              <BranchPoints />
            </Method>
            <Method skippedDueTo="AutoImplementedProperty" visited="false" cyclomaticComplexity="1" nPathComplexity="0" sequenceCoverage="0" branchCoverage="0" crapScore="0" isConstructor="false" isStatic="false" isGetter="true" isSetter="false">
              <MetadataToken>100663318</MetadataToken>
              <Name>Projeto_NFe.Domain.Enums.PersonType Projeto_NFe.Domain.Features.Receivers.Receiver::get_Type()</Name>
              <FileRef uid="2" />
              <SequencePoints />
              <BranchPoints />
            </Method>
            <Method skippedDueTo="AutoImplementedProperty" visited="false" cyclomaticComplexity="1" nPathComplexity="0" sequenceCoverage="0" branchCoverage="0" crapScore="0" isConstructor="false" isStatic="false" isGetter="false" isSetter="true">
              <MetadataToken>100663319</MetadataToken>
              <Name>System.Void Projeto_NFe.Domain.Features.Receivers.Receiver::set_Type(Projeto_NFe.Domain.Enums.PersonType)</Name>
              <FileRef uid="2" />
              <SequencePoints />
              <BranchPoints />
            </Method>
            <Method skippedDueTo="AutoImplementedProperty" visited="false" cyclomaticComplexity="1" nPathComplexity="0" sequenceCoverage="0" branchCoverage="0" crapScore="0" isConstructor="false" isStatic="false" isGetter="true" isSetter="false">
              <MetadataToken>100663320</MetadataToken>
              <Name>System.String Projeto_NFe.Domain.Features.Receivers.Receiver::get_NameCompanyName()</Name>
              <FileRef uid="2" />
              <SequencePoints />
              <BranchPoints />
            </Method>
            <Method skippedDueTo="AutoImplementedProperty" visited="false" cyclomaticComplexity="1" nPathComplexity="0" sequenceCoverage="0" branchCoverage="0" crapScore="0" isConstructor="false" isStatic="false" isGetter="false" isSetter="true">
              <MetadataToken>100663321</MetadataToken>
              <Name>System.Void Projeto_NFe.Domain.Features.Receivers.Receiver::set_NameCompanyName(System.String)</Name>
              <FileRef uid="2" />
              <SequencePoints />
              <BranchPoints />
            </Method>
            <Method skippedDueTo="AutoImplementedProperty" visited="false" cyclomaticComplexity="1" nPathComplexity="0" sequenceCoverage="0" branchCoverage="0" crapScore="0" isConstructor="false" isStatic="false" isGetter="true" isSetter="false">
              <MetadataToken>100663322</MetadataToken>
              <Name>Projeto_NFe.Infra.CPF.Cpf Projeto_NFe.Domain.Features.Receivers.Receiver::get_Cpf()</Name>
              <FileRef uid="2" />
              <SequencePoints />
              <BranchPoints />
            </Method>
            <Method skippedDueTo="AutoImplementedProperty" visited="false" cyclomaticComplexity="1" nPathComplexity="0" sequenceCoverage="0" branchCoverage="0" crapScore="0" isConstructor="false" isStatic="false" isGetter="false" isSetter="true">
              <MetadataToken>100663323</MetadataToken>
              <Name>System.Void Projeto_NFe.Domain.Features.Receivers.Receiver::set_Cpf(Projeto_NFe.Infra.CPF.Cpf)</Name>
              <FileRef uid="2" />
              <SequencePoints />
              <BranchPoints />
            </Method>
            <Method skippedDueTo="AutoImplementedProperty" visited="false" cyclomaticComplexity="1" nPathComplexity="0" sequenceCoverage="0" branchCoverage="0" crapScore="0" isConstructor="false" isStatic="false" isGetter="true" isSetter="false">
              <MetadataToken>100663324</MetadataToken>
              <Name>Projeto_NFe.Infra.CNPJ.Cnpj Projeto_NFe.Domain.Features.Receivers.Receiver::get_Cnpj()</Name>
              <FileRef uid="2" />
              <SequencePoints />
              <BranchPoints />
            </Method>
            <Method skippedDueTo="AutoImplementedProperty" visited="false" cyclomaticComplexity="1" nPathComplexity="0" sequenceCoverage="0" branchCoverage="0" crapScore="0" isConstructor="false" isStatic="false" isGetter="false" isSetter="true">
              <MetadataToken>100663325</MetadataToken>
              <Name>System.Void Projeto_NFe.Domain.Features.Receivers.Receiver::set_Cnpj(Projeto_NFe.Infra.CNPJ.Cnpj)</Name>
              <FileRef uid="2" />
              <SequencePoints />
              <BranchPoints />
            </Method>
            <Method skippedDueTo="AutoImplementedProperty" visited="false" cyclomaticComplexity="1" nPathComplexity="0" sequenceCoverage="0" branchCoverage="0" crapScore="0" isConstructor="false" isStatic="false" isGetter="true" isSetter="false">
              <MetadataToken>100663326</MetadataToken>
              <Name>System.String Projeto_NFe.Domain.Features.Receivers.Receiver::get_StateRegistration()</Name>
              <FileRef uid="2" />
              <SequencePoints />
              <BranchPoints />
            </Method>
            <Method skippedDueTo="AutoImplementedProperty" visited="false" cyclomaticComplexity="1" nPathComplexity="0" sequenceCoverage="0" branchCoverage="0" crapScore="0" isConstructor="false" isStatic="false" isGetter="false" isSetter="true">
              <MetadataToken>100663327</MetadataToken>
              <Name>System.Void Projeto_NFe.Domain.Features.Receivers.Receiver::set_StateRegistration(System.String)</Name>
              <FileRef uid="2" />
              <SequencePoints />
              <BranchPoints />
            </Method>
            <Method skippedDueTo="AutoImplementedProperty" visited="false" cyclomaticComplexity="1" nPathComplexity="0" sequenceCoverage="0" branchCoverage="0" crapScore="0" isConstructor="false" isStatic="false" isGetter="true" isSetter="false">
              <MetadataToken>100663328</MetadataToken>
              <Name>Projeto_NFe.Domain.Features.Addresses.Address Projeto_NFe.Domain.Features.Receivers.Receiver::get_Address()</Name>
              <FileRef uid="2" />
              <SequencePoints />
              <BranchPoints />
            </Method>
            <Method skippedDueTo="AutoImplementedProperty" visited="false" cyclomaticComplexity="1" nPathComplexity="0" sequenceCoverage="0" branchCoverage="0" crapScore="0" isConstructor="false" isStatic="false" isGetter="false" isSetter="true">
              <MetadataToken>100663329</MetadataToken>
              <Name>System.Void Projeto_NFe.Domain.Features.Receivers.Receiver::set_Address(Projeto_NFe.Domain.Features.Addresses.Address)</Name>
              <FileRef uid="2" />
              <SequencePoints />
              <BranchPoints />
            </Method>
            <Method visited="true" cyclomaticComplexity="9" nPathComplexity="256" sequenceCoverage="42.86" branchCoverage="29.41" crapScore="24.11" isConstructor="false" isStatic="false" isGetter="false" isSetter="false">
              <Summary numSequencePoints="21" visitedSequencePoints="9" numBranchPoints="17" visitedBranchPoints="5" sequenceCoverage="42.86" branchCoverage="29.41" maxCyclomaticComplexity="9" minCyclomaticComplexity="9" maxCrapScore="24.11" minCrapScore="24.11" visitedClasses="0" numClasses="0" visitedMethods="1" numMethods="1" />
              <MetadataToken>100663330</MetadataToken>
              <Name>System.Void Projeto_NFe.Domain.Features.Receivers.Receiver::Validate()</Name>
              <FileRef uid="2" />
              <SequencePoints>
                <SequencePoint vc="2" uspid="50" ordinal="0" offset="0" sl="25" sc="9" el="25" ec="10" bec="0" bev="0" fileid="2" />
                <SequencePoint vc="2" uspid="51" ordinal="1" offset="1" sl="27" sc="13" el="27" ec="33" bec="2" bev="1" fileid="2" />
                <SequencePoint vc="0" uspid="52" ordinal="2" offset="14" sl="28" sc="17" el="28" ec="58" bec="0" bev="0" fileid="2" />
                <SequencePoint vc="2" uspid="53" ordinal="3" offset="20" sl="30" sc="17" el="30" ec="36" bec="0" bev="0" fileid="2" />
                <SequencePoint vc="2" uspid="54" ordinal="4" offset="32" sl="33" sc="13" el="33" ec="26" bec="4" bev="1" fileid="2" />
                <SequencePoint vc="2" uspid="55" ordinal="5" offset="54" sl="37" sc="21" el="37" ec="63" bec="2" bev="1" fileid="2" />
                <SequencePoint vc="0" uspid="56" ordinal="6" offset="69" sl="38" sc="25" el="38" ec="70" bec="0" bev="0" fileid="2" />
                <SequencePoint vc="2" uspid="57" ordinal="7" offset="75" sl="40" sc="21" el="40" ec="37" bec="2" bev="1" fileid="2" />
                <SequencePoint vc="0" uspid="58" ordinal="8" offset="88" sl="41" sc="25" el="41" ec="62" bec="0" bev="0" fileid="2" />
                <SequencePoint vc="2" uspid="59" ordinal="9" offset="94" sl="43" sc="21" el="43" ec="36" bec="0" bev="0" fileid="2" />
                <SequencePoint vc="2" uspid="60" ordinal="10" offset="106" sl="44" sc="21" el="44" ec="27" bec="0" bev="0" fileid="2" />
                <SequencePoint vc="0" uspid="61" ordinal="11" offset="108" sl="47" sc="21" el="47" ec="65" bec="2" bev="0" fileid="2" />
                <SequencePoint vc="0" uspid="62" ordinal="12" offset="125" sl="48" sc="25" el="48" ec="83" bec="0" bev="0" fileid="2" />
                <SequencePoint vc="0" uspid="63" ordinal="13" offset="131" sl="50" sc="21" el="50" ec="63" bec="2" bev="0" fileid="2" />
                <SequencePoint vc="0" uspid="64" ordinal="14" offset="148" sl="51" sc="25" el="51" ec="70" bec="0" bev="0" fileid="2" />
                <SequencePoint vc="0" uspid="65" ordinal="15" offset="154" sl="53" sc="21" el="53" ec="38" bec="2" bev="0" fileid="2" />
                <SequencePoint vc="0" uspid="66" ordinal="16" offset="169" sl="54" sc="25" el="54" ec="63" bec="0" bev="0" fileid="2" />
                <SequencePoint vc="0" uspid="67" ordinal="17" offset="175" sl="56" sc="21" el="56" ec="37" bec="0" bev="0" fileid="2" />
                <SequencePoint vc="0" uspid="68" ordinal="18" offset="187" sl="57" sc="21" el="57" ec="27" bec="0" bev="0" fileid="2" />
                <SequencePoint vc="0" uspid="69" ordinal="19" offset="189" sl="59" sc="21" el="59" ec="62" bec="0" bev="0" fileid="2" />
                <SequencePoint vc="2" uspid="70" ordinal="20" offset="195" sl="66" sc="9" el="66" ec="10" bec="0" bev="0" fileid="2" />
              </SequencePoints>
              <BranchPoints>
                <BranchPoint vc="0" uspid="71" ordinal="0" offset="12" sl="27" path="0" offsetend="14" fileid="2" />
                <BranchPoint vc="2" uspid="72" ordinal="1" offset="12" sl="27" path="1" offsetend="20" fileid="2" />
                <BranchPoint vc="0" uspid="73" ordinal="2" offset="41" sl="33" path="0" offsetchain="43" offsetend="45" fileid="2" />
                <BranchPoint vc="2" uspid="74" ordinal="3" offset="41" sl="33" path="1" offsetend="54" fileid="2" />
                <BranchPoint vc="0" uspid="75" ordinal="4" offset="47" sl="33" path="0" offsetchain="49" offsetend="189" fileid="2" />
                <BranchPoint vc="0" uspid="76" ordinal="5" offset="47" sl="33" path="1" offsetend="108" fileid="2" />
                <BranchPoint vc="0" uspid="77" ordinal="6" offset="67" sl="37" path="0" offsetend="69" fileid="2" />
                <BranchPoint vc="2" uspid="78" ordinal="7" offset="67" sl="37" path="1" offsetend="75" fileid="2" />
                <BranchPoint vc="0" uspid="79" ordinal="8" offset="86" sl="40" path="0" offsetend="88" fileid="2" />
                <BranchPoint vc="2" uspid="80" ordinal="9" offset="86" sl="40" path="1" offsetend="94" fileid="2" />
                <BranchPoint vc="0" uspid="81" ordinal="10" offset="123" sl="47" path="0" offsetend="125" fileid="2" />
                <BranchPoint vc="0" uspid="82" ordinal="11" offset="123" sl="47" path="1" offsetend="131" fileid="2" />
                <BranchPoint vc="0" uspid="83" ordinal="12" offset="146" sl="50" path="0" offsetend="148" fileid="2" />
                <BranchPoint vc="0" uspid="84" ordinal="13" offset="146" sl="50" path="1" offsetend="154" fileid="2" />
                <BranchPoint vc="0" uspid="85" ordinal="14" offset="167" sl="53" path="0" offsetend="169" fileid="2" />
                <BranchPoint vc="0" uspid="86" ordinal="15" offset="167" sl="53" path="1" offsetend="175" fileid="2" />
              </BranchPoints>
              <MethodPoint xsi:type="SequencePoint" vc="2" uspid="50" ordinal="0" offset="0" sl="25" sc="9" el="25" ec="10" bec="0" bev="0" fileid="2" />
            </Method>
            <Method visited="false" cyclomaticComplexity="1" nPathComplexity="0" sequenceCoverage="0" branchCoverage="0" crapScore="2" isConstructor="false" isStatic="false" isGetter="false" isSetter="false">
              <Summary numSequencePoints="6" visitedSequencePoints="0" numBranchPoints="1" visitedBranchPoints="0" sequenceCoverage="0" branchCoverage="0" maxCyclomaticComplexity="1" minCyclomaticComplexity="1" maxCrapScore="2" minCrapScore="2" visitedClasses="0" numClasses="0" visitedMethods="0" numMethods="1" />
              <MetadataToken>100663331</MetadataToken>
              <Name>System.Void Projeto_NFe.Domain.Features.Receivers.Receiver::SetCpf(System.String)</Name>
              <FileRef uid="2" />
              <SequencePoints>
                <SequencePoint vc="0" uspid="87" ordinal="0" offset="0" sl="69" sc="9" el="69" ec="10" bec="0" bev="0" fileid="2" />
                <SequencePoint vc="0" uspid="88" ordinal="1" offset="1" sl="70" sc="13" el="70" ec="29" bec="0" bev="0" fileid="2" />
                <SequencePoint vc="0" uspid="89" ordinal="2" offset="13" sl="71" sc="13" el="71" ec="31" bec="0" bev="0" fileid="2" />
                <SequencePoint vc="0" uspid="90" ordinal="3" offset="26" sl="73" sc="13" el="73" ec="28" bec="0" bev="0" fileid="2" />
                <SequencePoint vc="0" uspid="91" ordinal="4" offset="38" sl="74" sc="13" el="74" ec="40" bec="0" bev="0" fileid="2" />
                <SequencePoint vc="0" uspid="92" ordinal="5" offset="46" sl="75" sc="9" el="75" ec="10" bec="0" bev="0" fileid="2" />
              </SequencePoints>
              <BranchPoints />
              <MethodPoint xsi:type="SequencePoint" vc="0" uspid="87" ordinal="0" offset="0" sl="69" sc="9" el="69" ec="10" bec="0" bev="0" fileid="2" />
            </Method>
            <Method visited="false" cyclomaticComplexity="1" nPathComplexity="0" sequenceCoverage="0" branchCoverage="0" crapScore="2" isConstructor="false" isStatic="false" isGetter="false" isSetter="false">
              <Summary numSequencePoints="6" visitedSequencePoints="0" numBranchPoints="1" visitedBranchPoints="0" sequenceCoverage="0" branchCoverage="0" maxCyclomaticComplexity="1" minCyclomaticComplexity="1" maxCrapScore="2" minCrapScore="2" visitedClasses="0" numClasses="0" visitedMethods="0" numMethods="1" />
              <MetadataToken>100663332</MetadataToken>
              <Name>System.Void Projeto_NFe.Domain.Features.Receivers.Receiver::SetCnpj(System.String)</Name>
              <FileRef uid="2" />
              <SequencePoints>
                <SequencePoint vc="0" uspid="93" ordinal="0" offset="0" sl="78" sc="9" el="78" ec="10" bec="0" bev="0" fileid="2" />
                <SequencePoint vc="0" uspid="94" ordinal="1" offset="1" sl="79" sc="13" el="79" ec="31" bec="0" bev="0" fileid="2" />
                <SequencePoint vc="0" uspid="95" ordinal="2" offset="13" sl="80" sc="13" el="80" ec="32" bec="0" bev="0" fileid="2" />
                <SequencePoint vc="0" uspid="96" ordinal="3" offset="26" sl="82" sc="13" el="82" ec="29" bec="0" bev="0" fileid="2" />
                <SequencePoint vc="0" uspid="97" ordinal="4" offset="38" sl="83" sc="13" el="83" ec="37" bec="0" bev="0" fileid="2" />
                <SequencePoint vc="0" uspid="98" ordinal="5" offset="46" sl="84" sc="9" el="84" ec="10" bec="0" bev="0" fileid="2" />
              </SequencePoints>
              <BranchPoints />
              <MethodPoint xsi:type="SequencePoint" vc="0" uspid="93" ordinal="0" offset="0" sl="78" sc="9" el="78" ec="10" bec="0" bev="0" fileid="2" />
            </Method>
            <Method visited="false" cyclomaticComplexity="1" nPathComplexity="0" sequenceCoverage="0" branchCoverage="0" crapScore="2" isConstructor="true" isStatic="false" isGetter="false" isSetter="false">
              <Summary numSequencePoints="0" visitedSequencePoints="0" numBranchPoints="0" visitedBranchPoints="0" sequenceCoverage="0" branchCoverage="0" maxCyclomaticComplexity="1" minCyclomaticComplexity="1" maxCrapScore="2" minCrapScore="2" visitedClasses="0" numClasses="0" visitedMethods="0" numMethods="0" />
              <MetadataToken>100663333</MetadataToken>
              <Name>System.Void Projeto_NFe.Domain.Features.Receivers.Receiver::.ctor()</Name>
              <SequencePoints />
              <BranchPoints />
              <MethodPoint vc="0" uspid="99" ordinal="0" offset="0" />
            </Method>
          </Methods>
        </Class>
        <Class>
          <Summary numSequencePoints="3" visitedSequencePoints="0" numBranchPoints="1" visitedBranchPoints="0" sequenceCoverage="0" branchCoverage="0" maxCyclomaticComplexity="1" minCyclomaticComplexity="1" maxCrapScore="2" minCrapScore="2" visitedClasses="0" numClasses="1" visitedMethods="0" numMethods="1" />
          <FullName>Projeto_NFe.Domain.Features.Receivers.ReceiverAddressNullException</FullName>
          <Methods>
            <Method visited="false" cyclomaticComplexity="1" nPathComplexity="0" sequenceCoverage="0" branchCoverage="0" crapScore="2" isConstructor="true" isStatic="false" isGetter="false" isSetter="false">
              <Summary numSequencePoints="3" visitedSequencePoints="0" numBranchPoints="1" visitedBranchPoints="0" sequenceCoverage="0" branchCoverage="0" maxCyclomaticComplexity="1" minCyclomaticComplexity="1" maxCrapScore="2" minCrapScore="2" visitedClasses="0" numClasses="0" visitedMethods="0" numMethods="1" />
              <MetadataToken>100663334</MetadataToken>
              <Name>System.Void Projeto_NFe.Domain.Features.Receivers.ReceiverAddressNullException::.ctor()</Name>
              <FileRef uid="3" />
              <SequencePoints>
                <SequencePoint vc="0" uspid="100" ordinal="0" offset="0" sl="12" sc="49" el="12" ec="91" bec="0" bev="0" fileid="3" />
                <SequencePoint vc="0" uspid="101" ordinal="1" offset="12" sl="13" sc="9" el="13" ec="10" bec="0" bev="0" fileid="3" />
                <SequencePoint vc="0" uspid="102" ordinal="2" offset="13" sl="14" sc="9" el="14" ec="10" bec="0" bev="0" fileid="3" />
              </SequencePoints>
              <BranchPoints />
              <MethodPoint xsi:type="SequencePoint" vc="0" uspid="100" ordinal="0" offset="0" sl="12" sc="49" el="12" ec="91" bec="0" bev="0" fileid="3" />
            </Method>
          </Methods>
        </Class>
        <Class>
          <Summary numSequencePoints="3" visitedSequencePoints="0" numBranchPoints="1" visitedBranchPoints="0" sequenceCoverage="0" branchCoverage="0" maxCyclomaticComplexity="1" minCyclomaticComplexity="1" maxCrapScore="2" minCrapScore="2" visitedClasses="0" numClasses="1" visitedMethods="0" numMethods="1" />
          <FullName>Projeto_NFe.Domain.Features.Receivers.ReceiverCnpjNullException</FullName>
          <Methods>
            <Method visited="false" cyclomaticComplexity="1" nPathComplexity="0" sequenceCoverage="0" branchCoverage="0" crapScore="2" isConstructor="true" isStatic="false" isGetter="false" isSetter="false">
              <Summary numSequencePoints="3" visitedSequencePoints="0" numBranchPoints="1" visitedBranchPoints="0" sequenceCoverage="0" branchCoverage="0" maxCyclomaticComplexity="1" minCyclomaticComplexity="1" maxCrapScore="2" minCrapScore="2" visitedClasses="0" numClasses="0" visitedMethods="0" numMethods="1" />
              <MetadataToken>100663335</MetadataToken>
              <Name>System.Void Projeto_NFe.Domain.Features.Receivers.ReceiverCnpjNullException::.ctor()</Name>
              <FileRef uid="4" />
              <SequencePoints>
                <SequencePoint vc="0" uspid="103" ordinal="0" offset="0" sl="12" sc="46" el="12" ec="79" bec="0" bev="0" fileid="4" />
                <SequencePoint vc="0" uspid="104" ordinal="1" offset="12" sl="13" sc="9" el="13" ec="10" bec="0" bev="0" fileid="4" />
                <SequencePoint vc="0" uspid="105" ordinal="2" offset="13" sl="14" sc="9" el="14" ec="10" bec="0" bev="0" fileid="4" />
              </SequencePoints>
              <BranchPoints />
              <MethodPoint xsi:type="SequencePoint" vc="0" uspid="103" ordinal="0" offset="0" sl="12" sc="46" el="12" ec="79" bec="0" bev="0" fileid="4" />
            </Method>
          </Methods>
        </Class>
        <Class>
          <Summary numSequencePoints="3" visitedSequencePoints="0" numBranchPoints="1" visitedBranchPoints="0" sequenceCoverage="0" branchCoverage="0" maxCyclomaticComplexity="1" minCyclomaticComplexity="1" maxCrapScore="2" minCrapScore="2" visitedClasses="0" numClasses="1" visitedMethods="0" numMethods="1" />
          <FullName>Projeto_NFe.Domain.Features.Receivers.ReceiverCpfNullException</FullName>
          <Methods>
            <Method visited="false" cyclomaticComplexity="1" nPathComplexity="0" sequenceCoverage="0" branchCoverage="0" crapScore="2" isConstructor="true" isStatic="false" isGetter="false" isSetter="false">
              <Summary numSequencePoints="3" visitedSequencePoints="0" numBranchPoints="1" visitedBranchPoints="0" sequenceCoverage="0" branchCoverage="0" maxCyclomaticComplexity="1" minCyclomaticComplexity="1" maxCrapScore="2" minCrapScore="2" visitedClasses="0" numClasses="0" visitedMethods="0" numMethods="1" />
              <MetadataToken>100663336</MetadataToken>
              <Name>System.Void Projeto_NFe.Domain.Features.Receivers.ReceiverCpfNullException::.ctor()</Name>
              <FileRef uid="5" />
              <SequencePoints>
                <SequencePoint vc="0" uspid="106" ordinal="0" offset="0" sl="12" sc="45" el="12" ec="77" bec="0" bev="0" fileid="5" />
                <SequencePoint vc="0" uspid="107" ordinal="1" offset="12" sl="13" sc="9" el="13" ec="10" bec="0" bev="0" fileid="5" />
                <SequencePoint vc="0" uspid="108" ordinal="2" offset="13" sl="14" sc="9" el="14" ec="10" bec="0" bev="0" fileid="5" />
              </SequencePoints>
              <BranchPoints />
              <MethodPoint xsi:type="SequencePoint" vc="0" uspid="106" ordinal="0" offset="0" sl="12" sc="45" el="12" ec="77" bec="0" bev="0" fileid="5" />
            </Method>
          </Methods>
        </Class>
        <Class>
          <Summary numSequencePoints="3" visitedSequencePoints="0" numBranchPoints="1" visitedBranchPoints="0" sequenceCoverage="0" branchCoverage="0" maxCyclomaticComplexity="1" minCyclomaticComplexity="1" maxCrapScore="2" minCrapScore="2" visitedClasses="0" numClasses="1" visitedMethods="0" numMethods="1" />
          <FullName>Projeto_NFe.Domain.Features.Receivers.ReceiverNameNullOrEmptyException</FullName>
          <Methods>
            <Method visited="false" cyclomaticComplexity="1" nPathComplexity="0" sequenceCoverage="0" branchCoverage="0" crapScore="2" isConstructor="true" isStatic="false" isGetter="false" isSetter="false">
              <Summary numSequencePoints="3" visitedSequencePoints="0" numBranchPoints="1" visitedBranchPoints="0" sequenceCoverage="0" branchCoverage="0" maxCyclomaticComplexity="1" minCyclomaticComplexity="1" maxCrapScore="2" minCrapScore="2" visitedClasses="0" numClasses="0" visitedMethods="0" numMethods="1" />
              <MetadataToken>100663337</MetadataToken>
              <Name>System.Void Projeto_NFe.Domain.Features.Receivers.ReceiverNameNullOrEmptyException::.ctor()</Name>
              <FileRef uid="6" />
              <SequencePoints>
                <SequencePoint vc="0" uspid="109" ordinal="0" offset="0" sl="12" sc="53" el="12" ec="86" bec="0" bev="0" fileid="6" />
                <SequencePoint vc="0" uspid="110" ordinal="1" offset="12" sl="13" sc="9" el="13" ec="10" bec="0" bev="0" fileid="6" />
                <SequencePoint vc="0" uspid="111" ordinal="2" offset="13" sl="14" sc="9" el="14" ec="10" bec="0" bev="0" fileid="6" />
              </SequencePoints>
              <BranchPoints />
              <MethodPoint xsi:type="SequencePoint" vc="0" uspid="109" ordinal="0" offset="0" sl="12" sc="53" el="12" ec="86" bec="0" bev="0" fileid="6" />
            </Method>
          </Methods>
        </Class>
        <Class>
          <Summary numSequencePoints="3" visitedSequencePoints="0" numBranchPoints="1" visitedBranchPoints="0" sequenceCoverage="0" branchCoverage="0" maxCyclomaticComplexity="1" minCyclomaticComplexity="1" maxCrapScore="2" minCrapScore="2" visitedClasses="0" numClasses="1" visitedMethods="0" numMethods="1" />
          <FullName>Projeto_NFe.Domain.Features.Receivers.ReceiverStateRegistrationNullOrEmptyException</FullName>
          <Methods>
            <Method visited="false" cyclomaticComplexity="1" nPathComplexity="0" sequenceCoverage="0" branchCoverage="0" crapScore="2" isConstructor="true" isStatic="false" isGetter="false" isSetter="false">
              <Summary numSequencePoints="3" visitedSequencePoints="0" numBranchPoints="1" visitedBranchPoints="0" sequenceCoverage="0" branchCoverage="0" maxCyclomaticComplexity="1" minCyclomaticComplexity="1" maxCrapScore="2" minCrapScore="2" visitedClasses="0" numClasses="0" visitedMethods="0" numMethods="1" />
              <MetadataToken>100663338</MetadataToken>
              <Name>System.Void Projeto_NFe.Domain.Features.Receivers.ReceiverStateRegistrationNullOrEmptyException::.ctor()</Name>
              <FileRef uid="7" />
              <SequencePoints>
                <SequencePoint vc="0" uspid="112" ordinal="0" offset="0" sl="12" sc="66" el="12" ec="113" bec="0" bev="0" fileid="7" />
                <SequencePoint vc="0" uspid="113" ordinal="1" offset="12" sl="13" sc="9" el="13" ec="10" bec="0" bev="0" fileid="7" />
                <SequencePoint vc="0" uspid="114" ordinal="2" offset="13" sl="14" sc="9" el="14" ec="10" bec="0" bev="0" fileid="7" />
              </SequencePoints>
              <BranchPoints />
              <MethodPoint xsi:type="SequencePoint" vc="0" uspid="112" ordinal="0" offset="0" sl="12" sc="66" el="12" ec="113" bec="0" bev="0" fileid="7" />
            </Method>
          </Methods>
        </Class>
        <Class>
          <Summary numSequencePoints="3" visitedSequencePoints="0" numBranchPoints="1" visitedBranchPoints="0" sequenceCoverage="0" branchCoverage="0" maxCyclomaticComplexity="1" minCyclomaticComplexity="1" maxCrapScore="2" minCrapScore="2" visitedClasses="0" numClasses="1" visitedMethods="0" numMethods="1" />
          <FullName>Projeto_NFe.Domain.Features.Receivers.ReceiverTypeDefaultException</FullName>
          <Methods>
            <Method visited="false" cyclomaticComplexity="1" nPathComplexity="0" sequenceCoverage="0" branchCoverage="0" crapScore="2" isConstructor="true" isStatic="false" isGetter="false" isSetter="false">
              <Summary numSequencePoints="3" visitedSequencePoints="0" numBranchPoints="1" visitedBranchPoints="0" sequenceCoverage="0" branchCoverage="0" maxCyclomaticComplexity="1" minCyclomaticComplexity="1" maxCrapScore="2" minCrapScore="2" visitedClasses="0" numClasses="0" visitedMethods="0" numMethods="1" />
              <MetadataToken>100663339</MetadataToken>
              <Name>System.Void Projeto_NFe.Domain.Features.Receivers.ReceiverTypeDefaultException::.ctor()</Name>
              <FileRef uid="8" />
              <SequencePoints>
                <SequencePoint vc="0" uspid="115" ordinal="0" offset="0" sl="12" sc="49" el="12" ec="87" bec="0" bev="0" fileid="8" />
                <SequencePoint vc="0" uspid="116" ordinal="1" offset="12" sl="13" sc="9" el="13" ec="10" bec="0" bev="0" fileid="8" />
                <SequencePoint vc="0" uspid="117" ordinal="2" offset="13" sl="15" sc="9" el="15" ec="10" bec="0" bev="0" fileid="8" />
              </SequencePoints>
              <BranchPoints />
              <MethodPoint xsi:type="SequencePoint" vc="0" uspid="115" ordinal="0" offset="0" sl="12" sc="49" el="12" ec="87" bec="0" bev="0" fileid="8" />
            </Method>
          </Methods>
        </Class>
        <Class>
          <Summary numSequencePoints="3" visitedSequencePoints="0" numBranchPoints="1" visitedBranchPoints="0" sequenceCoverage="0" branchCoverage="0" maxCyclomaticComplexity="1" minCyclomaticComplexity="1" maxCrapScore="2" minCrapScore="2" visitedClasses="0" numClasses="1" visitedMethods="0" numMethods="1" />
          <FullName>Projeto_NFe.Domain.Features.Receivers.ReceiverWithDependencyException</FullName>
          <Methods>
            <Method visited="false" cyclomaticComplexity="1" nPathComplexity="0" sequenceCoverage="0" branchCoverage="0" crapScore="2" isConstructor="true" isStatic="false" isGetter="false" isSetter="false">
              <Summary numSequencePoints="3" visitedSequencePoints="0" numBranchPoints="1" visitedBranchPoints="0" sequenceCoverage="0" branchCoverage="0" maxCyclomaticComplexity="1" minCyclomaticComplexity="1" maxCrapScore="2" minCrapScore="2" visitedClasses="0" numClasses="0" visitedMethods="0" numMethods="1" />
              <MetadataToken>100663340</MetadataToken>
              <Name>System.Void Projeto_NFe.Domain.Features.Receivers.ReceiverWithDependencyException::.ctor()</Name>
              <FileRef uid="9" />
              <SequencePoints>
                <SequencePoint vc="0" uspid="118" ordinal="0" offset="0" sl="12" sc="52" el="12" ec="117" bec="0" bev="0" fileid="9" />
                <SequencePoint vc="0" uspid="119" ordinal="1" offset="12" sl="13" sc="9" el="13" ec="10" bec="0" bev="0" fileid="9" />
                <SequencePoint vc="0" uspid="120" ordinal="2" offset="13" sl="14" sc="9" el="14" ec="10" bec="0" bev="0" fileid="9" />
              </SequencePoints>
              <BranchPoints />
              <MethodPoint xsi:type="SequencePoint" vc="0" uspid="118" ordinal="0" offset="0" sl="12" sc="52" el="12" ec="117" bec="0" bev="0" fileid="9" />
            </Method>
          </Methods>
        </Class>
        <Class>
          <Summary numSequencePoints="10" visitedSequencePoints="5" numBranchPoints="9" visitedBranchPoints="4" sequenceCoverage="50" branchCoverage="44.44" maxCyclomaticComplexity="4" minCyclomaticComplexity="1" maxCrapScore="4.84" minCrapScore="2" visitedClasses="1" numClasses="1" visitedMethods="1" numMethods="3" />
          <FullName>Projeto_NFe.Domain.Features.Products.Product</FullName>
          <Methods>
            <Method skippedDueTo="AutoImplementedProperty" visited="false" cyclomaticComplexity="1" nPathComplexity="0" sequenceCoverage="0" branchCoverage="0" crapScore="0" isConstructor="false" isStatic="false" isGetter="true" isSetter="false">
              <MetadataToken>100663347</MetadataToken>
              <Name>System.Int64 Projeto_NFe.Domain.Features.Products.Product::get_Id()</Name>
              <FileRef uid="10" />
              <SequencePoints />
              <BranchPoints />
            </Method>
            <Method skippedDueTo="AutoImplementedProperty" visited="false" cyclomaticComplexity="1" nPathComplexity="0" sequenceCoverage="0" branchCoverage="0" crapScore="0" isConstructor="false" isStatic="false" isGetter="false" isSetter="true">
              <MetadataToken>100663348</MetadataToken>
              <Name>System.Void Projeto_NFe.Domain.Features.Products.Product::set_Id(System.Int64)</Name>
              <FileRef uid="10" />
              <SequencePoints />
              <BranchPoints />
            </Method>
            <Method skippedDueTo="AutoImplementedProperty" visited="false" cyclomaticComplexity="1" nPathComplexity="0" sequenceCoverage="0" branchCoverage="0" crapScore="0" isConstructor="false" isStatic="false" isGetter="true" isSetter="false">
              <MetadataToken>100663349</MetadataToken>
              <Name>System.String Projeto_NFe.Domain.Features.Products.Product::get_Description()</Name>
              <FileRef uid="10" />
              <SequencePoints />
              <BranchPoints />
            </Method>
            <Method skippedDueTo="AutoImplementedProperty" visited="false" cyclomaticComplexity="1" nPathComplexity="0" sequenceCoverage="0" branchCoverage="0" crapScore="0" isConstructor="false" isStatic="false" isGetter="false" isSetter="true">
              <MetadataToken>100663350</MetadataToken>
              <Name>System.Void Projeto_NFe.Domain.Features.Products.Product::set_Description(System.String)</Name>
              <FileRef uid="10" />
              <SequencePoints />
              <BranchPoints />
            </Method>
            <Method skippedDueTo="AutoImplementedProperty" visited="false" cyclomaticComplexity="1" nPathComplexity="0" sequenceCoverage="0" branchCoverage="0" crapScore="0" isConstructor="false" isStatic="false" isGetter="true" isSetter="false">
              <MetadataToken>100663351</MetadataToken>
              <Name>System.Double Projeto_NFe.Domain.Features.Products.Product::get_UnitaryValue()</Name>
              <FileRef uid="10" />
              <SequencePoints />
              <BranchPoints />
            </Method>
            <Method skippedDueTo="AutoImplementedProperty" visited="false" cyclomaticComplexity="1" nPathComplexity="0" sequenceCoverage="0" branchCoverage="0" crapScore="0" isConstructor="false" isStatic="false" isGetter="false" isSetter="true">
              <MetadataToken>100663352</MetadataToken>
              <Name>System.Void Projeto_NFe.Domain.Features.Products.Product::set_UnitaryValue(System.Double)</Name>
              <FileRef uid="10" />
              <SequencePoints />
              <BranchPoints />
            </Method>
            <Method visited="false" cyclomaticComplexity="1" nPathComplexity="0" sequenceCoverage="0" branchCoverage="0" crapScore="2" isConstructor="false" isStatic="false" isGetter="true" isSetter="false">
              <Summary numSequencePoints="1" visitedSequencePoints="0" numBranchPoints="1" visitedBranchPoints="0" sequenceCoverage="0" branchCoverage="0" maxCyclomaticComplexity="1" minCyclomaticComplexity="1" maxCrapScore="2" minCrapScore="2" visitedClasses="0" numClasses="0" visitedMethods="0" numMethods="1" />
              <MetadataToken>100663353</MetadataToken>
              <Name>System.Double Projeto_NFe.Domain.Features.Products.Product::get_AliquotICMS()</Name>
              <FileRef uid="10" />
              <SequencePoints>
                <SequencePoint vc="0" uspid="121" ordinal="0" offset="0" sl="15" sc="44" el="15" ec="48" bec="0" bev="0" fileid="10" />
              </SequencePoints>
              <BranchPoints />
              <MethodPoint xsi:type="SequencePoint" vc="0" uspid="121" ordinal="0" offset="0" sl="15" sc="44" el="15" ec="48" bec="0" bev="0" fileid="10" />
            </Method>
            <Method visited="false" cyclomaticComplexity="1" nPathComplexity="0" sequenceCoverage="0" branchCoverage="0" crapScore="2" isConstructor="false" isStatic="false" isGetter="true" isSetter="false">
              <Summary numSequencePoints="1" visitedSequencePoints="0" numBranchPoints="1" visitedBranchPoints="0" sequenceCoverage="0" branchCoverage="0" maxCyclomaticComplexity="1" minCyclomaticComplexity="1" maxCrapScore="2" minCrapScore="2" visitedClasses="0" numClasses="0" visitedMethods="0" numMethods="1" />
              <MetadataToken>100663354</MetadataToken>
              <Name>System.Double Projeto_NFe.Domain.Features.Products.Product::get_AliquotIPI()</Name>
              <FileRef uid="10" />
              <SequencePoints>
                <SequencePoint vc="0" uspid="122" ordinal="0" offset="0" sl="16" sc="43" el="16" ec="47" bec="0" bev="0" fileid="10" />
              </SequencePoints>
              <BranchPoints />
              <MethodPoint xsi:type="SequencePoint" vc="0" uspid="122" ordinal="0" offset="0" sl="16" sc="43" el="16" ec="47" bec="0" bev="0" fileid="10" />
            </Method>
            <Method visited="true" cyclomaticComplexity="4" nPathComplexity="8" sequenceCoverage="62.5" branchCoverage="57.14" crapScore="4.84" isConstructor="false" isStatic="false" isGetter="false" isSetter="false">
              <Summary numSequencePoints="8" visitedSequencePoints="5" numBranchPoints="7" visitedBranchPoints="4" sequenceCoverage="62.5" branchCoverage="57.14" maxCyclomaticComplexity="4" minCyclomaticComplexity="4" maxCrapScore="4.84" minCrapScore="4.84" visitedClasses="0" numClasses="0" visitedMethods="1" numMethods="1" />
              <MetadataToken>100663355</MetadataToken>
              <Name>System.Void Projeto_NFe.Domain.Features.Products.Product::Validate()</Name>
              <FileRef uid="10" />
              <SequencePoints>
                <SequencePoint vc="2" uspid="123" ordinal="0" offset="0" sl="20" sc="9" el="20" ec="10" bec="0" bev="0" fileid="10" />
                <SequencePoint vc="2" uspid="124" ordinal="1" offset="1" sl="21" sc="13" el="21" ec="37" bec="2" bev="1" fileid="10" />
                <SequencePoint vc="0" uspid="125" ordinal="2" offset="14" sl="22" sc="17" el="22" ec="68" bec="0" bev="0" fileid="10" />
                <SequencePoint vc="2" uspid="126" ordinal="3" offset="20" sl="23" sc="13" el="23" ec="41" bec="2" bev="1" fileid="10" />
                <SequencePoint vc="0" uspid="127" ordinal="4" offset="38" sl="24" sc="17" el="24" ec="84" bec="0" bev="0" fileid="10" />
                <SequencePoint vc="2" uspid="128" ordinal="5" offset="44" sl="25" sc="13" el="25" ec="35" bec="2" bev="1" fileid="10" />
                <SequencePoint vc="0" uspid="129" ordinal="6" offset="68" sl="26" sc="17" el="26" ec="70" bec="0" bev="0" fileid="10" />
                <SequencePoint vc="2" uspid="130" ordinal="7" offset="74" sl="27" sc="9" el="27" ec="10" bec="0" bev="0" fileid="10" />
              </SequencePoints>
              <BranchPoints>
                <BranchPoint vc="0" uspid="131" ordinal="0" offset="12" sl="21" path="0" offsetend="14" fileid="10" />
                <BranchPoint vc="2" uspid="132" ordinal="1" offset="12" sl="21" path="1" offsetend="20" fileid="10" />
                <BranchPoint vc="0" uspid="133" ordinal="2" offset="36" sl="23" path="0" offsetend="38" fileid="10" />
                <BranchPoint vc="2" uspid="134" ordinal="3" offset="36" sl="23" path="1" offsetend="44" fileid="10" />
                <BranchPoint vc="0" uspid="135" ordinal="4" offset="66" sl="25" path="0" offsetend="68" fileid="10" />
                <BranchPoint vc="2" uspid="136" ordinal="5" offset="66" sl="25" path="1" offsetend="74" fileid="10" />
              </BranchPoints>
              <MethodPoint xsi:type="SequencePoint" vc="2" uspid="123" ordinal="0" offset="0" sl="20" sc="9" el="20" ec="10" bec="0" bev="0" fileid="10" />
            </Method>
            <Method visited="false" cyclomaticComplexity="1" nPathComplexity="0" sequenceCoverage="0" branchCoverage="0" crapScore="2" isConstructor="true" isStatic="false" isGetter="false" isSetter="false">
              <Summary numSequencePoints="0" visitedSequencePoints="0" numBranchPoints="0" visitedBranchPoints="0" sequenceCoverage="0" branchCoverage="0" maxCyclomaticComplexity="1" minCyclomaticComplexity="1" maxCrapScore="2" minCrapScore="2" visitedClasses="0" numClasses="0" visitedMethods="0" numMethods="0" />
              <MetadataToken>100663356</MetadataToken>
              <Name>System.Void Projeto_NFe.Domain.Features.Products.Product::.ctor()</Name>
              <SequencePoints />
              <BranchPoints />
              <MethodPoint vc="0" uspid="137" ordinal="0" offset="0" />
            </Method>
          </Methods>
        </Class>
        <Class>
          <Summary numSequencePoints="3" visitedSequencePoints="0" numBranchPoints="1" visitedBranchPoints="0" sequenceCoverage="0" branchCoverage="0" maxCyclomaticComplexity="1" minCyclomaticComplexity="1" maxCrapScore="2" minCrapScore="2" visitedClasses="0" numClasses="1" visitedMethods="0" numMethods="1" />
          <FullName>Projeto_NFe.Domain.Features.Products.ProductDescriptionNullOrEmptyException</FullName>
          <Methods>
            <Method visited="false" cyclomaticComplexity="1" nPathComplexity="0" sequenceCoverage="0" branchCoverage="0" crapScore="2" isConstructor="true" isStatic="false" isGetter="false" isSetter="false">
              <Summary numSequencePoints="3" visitedSequencePoints="0" numBranchPoints="1" visitedBranchPoints="0" sequenceCoverage="0" branchCoverage="0" maxCyclomaticComplexity="1" minCyclomaticComplexity="1" maxCrapScore="2" minCrapScore="2" visitedClasses="0" numClasses="0" visitedMethods="0" numMethods="1" />
              <MetadataToken>100663357</MetadataToken>
              <Name>System.Void Projeto_NFe.Domain.Features.Products.ProductDescriptionNullOrEmptyException::.ctor()</Name>
              <FileRef uid="11" />
              <SequencePoints>
                <SequencePoint vc="0" uspid="138" ordinal="0" offset="0" sl="12" sc="59" el="12" ec="106" bec="0" bev="0" fileid="11" />
                <SequencePoint vc="0" uspid="139" ordinal="1" offset="12" sl="13" sc="9" el="13" ec="10" bec="0" bev="0" fileid="11" />
                <SequencePoint vc="0" uspid="140" ordinal="2" offset="13" sl="14" sc="9" el="14" ec="10" bec="0" bev="0" fileid="11" />
              </SequencePoints>
              <BranchPoints />
              <MethodPoint xsi:type="SequencePoint" vc="0" uspid="138" ordinal="0" offset="0" sl="12" sc="59" el="12" ec="106" bec="0" bev="0" fileid="11" />
            </Method>
          </Methods>
        </Class>
        <Class>
          <Summary numSequencePoints="3" visitedSequencePoints="0" numBranchPoints="1" visitedBranchPoints="0" sequenceCoverage="0" branchCoverage="0" maxCyclomaticComplexity="1" minCyclomaticComplexity="1" maxCrapScore="2" minCrapScore="2" visitedClasses="0" numClasses="1" visitedMethods="0" numMethods="1" />
          <FullName>Projeto_NFe.Domain.Features.Products.ProductDescriptionWithLessThanThreeCharactersException</FullName>
          <Methods>
            <Method visited="false" cyclomaticComplexity="1" nPathComplexity="0" sequenceCoverage="0" branchCoverage="0" crapScore="2" isConstructor="true" isStatic="false" isGetter="false" isSetter="false">
              <Summary numSequencePoints="3" visitedSequencePoints="0" numBranchPoints="1" visitedBranchPoints="0" sequenceCoverage="0" branchCoverage="0" maxCyclomaticComplexity="1" minCyclomaticComplexity="1" maxCrapScore="2" minCrapScore="2" visitedClasses="0" numClasses="0" visitedMethods="0" numMethods="1" />
              <MetadataToken>100663358</MetadataToken>
              <Name>System.Void Projeto_NFe.Domain.Features.Products.ProductDescriptionWithLessThanThreeCharactersException::.ctor()</Name>
              <FileRef uid="12" />
              <SequencePoints>
                <SequencePoint vc="0" uspid="141" ordinal="0" offset="0" sl="12" sc="75" el="12" ec="127" bec="0" bev="0" fileid="12" />
                <SequencePoint vc="0" uspid="142" ordinal="1" offset="12" sl="13" sc="9" el="13" ec="10" bec="0" bev="0" fileid="12" />
                <SequencePoint vc="0" uspid="143" ordinal="2" offset="13" sl="14" sc="9" el="14" ec="10" bec="0" bev="0" fileid="12" />
              </SequencePoints>
              <BranchPoints />
              <MethodPoint xsi:type="SequencePoint" vc="0" uspid="141" ordinal="0" offset="0" sl="12" sc="75" el="12" ec="127" bec="0" bev="0" fileid="12" />
            </Method>
          </Methods>
        </Class>
        <Class>
          <Summary numSequencePoints="3" visitedSequencePoints="0" numBranchPoints="1" visitedBranchPoints="0" sequenceCoverage="0" branchCoverage="0" maxCyclomaticComplexity="1" minCyclomaticComplexity="1" maxCrapScore="2" minCrapScore="2" visitedClasses="0" numClasses="1" visitedMethods="0" numMethods="1" />
          <FullName>Projeto_NFe.Domain.Features.Products.ProductUnitaryValueLessThanZeroException</FullName>
          <Methods>
            <Method visited="false" cyclomaticComplexity="1" nPathComplexity="0" sequenceCoverage="0" branchCoverage="0" crapScore="2" isConstructor="true" isStatic="false" isGetter="false" isSetter="false">
              <Summary numSequencePoints="3" visitedSequencePoints="0" numBranchPoints="1" visitedBranchPoints="0" sequenceCoverage="0" branchCoverage="0" maxCyclomaticComplexity="1" minCyclomaticComplexity="1" maxCrapScore="2" minCrapScore="2" visitedClasses="0" numClasses="0" visitedMethods="0" numMethods="1" />
              <MetadataToken>100663359</MetadataToken>
              <Name>System.Void Projeto_NFe.Domain.Features.Products.ProductUnitaryValueLessThanZeroException::.ctor()</Name>
              <FileRef uid="13" />
              <SequencePoints>
                <SequencePoint vc="0" uspid="144" ordinal="0" offset="0" sl="12" sc="61" el="12" ec="113" bec="0" bev="0" fileid="13" />
                <SequencePoint vc="0" uspid="145" ordinal="1" offset="12" sl="13" sc="9" el="13" ec="10" bec="0" bev="0" fileid="13" />
                <SequencePoint vc="0" uspid="146" ordinal="2" offset="13" sl="14" sc="9" el="14" ec="10" bec="0" bev="0" fileid="13" />
              </SequencePoints>
              <BranchPoints />
              <MethodPoint xsi:type="SequencePoint" vc="0" uspid="144" ordinal="0" offset="0" sl="12" sc="61" el="12" ec="113" bec="0" bev="0" fileid="13" />
            </Method>
          </Methods>
        </Class>
        <Class>
          <Summary numSequencePoints="3" visitedSequencePoints="0" numBranchPoints="1" visitedBranchPoints="0" sequenceCoverage="0" branchCoverage="0" maxCyclomaticComplexity="1" minCyclomaticComplexity="1" maxCrapScore="2" minCrapScore="2" visitedClasses="0" numClasses="1" visitedMethods="0" numMethods="1" />
          <FullName>Projeto_NFe.Domain.Features.Products.ProductWithDependencyException</FullName>
          <Methods>
            <Method visited="false" cyclomaticComplexity="1" nPathComplexity="0" sequenceCoverage="0" branchCoverage="0" crapScore="2" isConstructor="true" isStatic="false" isGetter="false" isSetter="false">
              <Summary numSequencePoints="3" visitedSequencePoints="0" numBranchPoints="1" visitedBranchPoints="0" sequenceCoverage="0" branchCoverage="0" maxCyclomaticComplexity="1" minCyclomaticComplexity="1" maxCrapScore="2" minCrapScore="2" visitedClasses="0" numClasses="0" visitedMethods="0" numMethods="1" />
              <MetadataToken>100663360</MetadataToken>
              <Name>System.Void Projeto_NFe.Domain.Features.Products.ProductWithDependencyException::.ctor()</Name>
              <FileRef uid="14" />
              <SequencePoints>
                <SequencePoint vc="0" uspid="147" ordinal="0" offset="0" sl="12" sc="51" el="12" ec="129" bec="0" bev="0" fileid="14" />
                <SequencePoint vc="0" uspid="148" ordinal="1" offset="12" sl="13" sc="9" el="13" ec="10" bec="0" bev="0" fileid="14" />
                <SequencePoint vc="0" uspid="149" ordinal="2" offset="13" sl="14" sc="9" el="14" ec="10" bec="0" bev="0" fileid="14" />
              </SequencePoints>
              <BranchPoints />
              <MethodPoint xsi:type="SequencePoint" vc="0" uspid="147" ordinal="0" offset="0" sl="12" sc="51" el="12" ec="129" bec="0" bev="0" fileid="14" />
            </Method>
          </Methods>
        </Class>
        <Class>
          <Summary numSequencePoints="24" visitedSequencePoints="5" numBranchPoints="11" visitedBranchPoints="3" sequenceCoverage="20.83" branchCoverage="27.27" maxCyclomaticComplexity="3" minCyclomaticComplexity="1" maxCrapScore="6" minCrapScore="2" visitedClasses="1" numClasses="1" visitedMethods="1" numMethods="5" />
          <FullName>Projeto_NFe.Domain.Features.ItemInvoices.ItemInvoice</FullName>
          <Methods>
            <Method skippedDueTo="AutoImplementedProperty" visited="false" cyclomaticComplexity="1" nPathComplexity="0" sequenceCoverage="0" branchCoverage="0" crapScore="0" isConstructor="false" isStatic="false" isGetter="true" isSetter="false">
              <MetadataToken>100663366</MetadataToken>
              <Name>System.Int64 Projeto_NFe.Domain.Features.ItemInvoices.ItemInvoice::get_Id()</Name>
              <FileRef uid="15" />
              <SequencePoints />
              <BranchPoints />
            </Method>
            <Method skippedDueTo="AutoImplementedProperty" visited="false" cyclomaticComplexity="1" nPathComplexity="0" sequenceCoverage="0" branchCoverage="0" crapScore="0" isConstructor="false" isStatic="false" isGetter="false" isSetter="true">
              <MetadataToken>100663367</MetadataToken>
              <Name>System.Void Projeto_NFe.Domain.Features.ItemInvoices.ItemInvoice::set_Id(System.Int64)</Name>
              <FileRef uid="15" />
              <SequencePoints />
              <BranchPoints />
            </Method>
            <Method skippedDueTo="AutoImplementedProperty" visited="false" cyclomaticComplexity="1" nPathComplexity="0" sequenceCoverage="0" branchCoverage="0" crapScore="0" isConstructor="false" isStatic="false" isGetter="true" isSetter="false">
              <MetadataToken>100663368</MetadataToken>
              <Name>Projeto_NFe.Domain.Features.Invoices.InvoiceInProcess Projeto_NFe.Domain.Features.ItemInvoices.ItemInvoice::get_Invoice()</Name>
              <FileRef uid="15" />
              <SequencePoints />
              <BranchPoints />
            </Method>
            <Method skippedDueTo="AutoImplementedProperty" visited="false" cyclomaticComplexity="1" nPathComplexity="0" sequenceCoverage="0" branchCoverage="0" crapScore="0" isConstructor="false" isStatic="false" isGetter="false" isSetter="true">
              <MetadataToken>100663369</MetadataToken>
              <Name>System.Void Projeto_NFe.Domain.Features.ItemInvoices.ItemInvoice::set_Invoice(Projeto_NFe.Domain.Features.Invoices.InvoiceInProcess)</Name>
              <FileRef uid="15" />
              <SequencePoints />
              <BranchPoints />
            </Method>
[...]
                <SequencePoint vc="0" uspid="1378" ordinal="2" offset="19" sl="35" sc="17" el="35" ec="58" bec="0" bev="0" fileid="183" />
                <SequencePoint vc="0" uspid="1379" ordinal="3" offset="25" sl="37" sc="13" el="37" ec="33" bec="0" bev="0" fileid="183" />
                <SequencePoint vc="0" uspid="1380" ordinal="4" offset="32" sl="39" sc="13" el="39" ec="61" bec="0" bev="0" fileid="183" />
                <SequencePoint vc="0" uspid="1381" ordinal="5" offset="46" sl="41" sc="13" el="41" ec="29" bec="0" bev="0" fileid="183" />
                <SequencePoint vc="0" uspid="1382" ordinal="6" offset="50" sl="42" sc="9" el="42" ec="10" bec="0" bev="0" fileid="183" />
              </SequencePoints>
              <BranchPoints>
                <BranchPoint vc="0" uspid="1383" ordinal="0" offset="17" sl="34" path="0" offsetend="19" fileid="183" />
                <BranchPoint vc="0" uspid="1384" ordinal="1" offset="17" sl="34" path="1" offsetend="25" fileid="183" />
              </BranchPoints>
              <MethodPoint xsi:type="SequencePoint" vc="0" uspid="1376" ordinal="0" offset="0" sl="33" sc="9" el="33" ec="10" bec="0" bev="0" fileid="183" />
            </Method>
            <Method visited="false" cyclomaticComplexity="2" nPathComplexity="2" sequenceCoverage="0" branchCoverage="0" crapScore="6" isConstructor="false" isStatic="false" isGetter="false" isSetter="false">
              <Summary numSequencePoints="5" visitedSequencePoints="0" numBranchPoints="3" visitedBranchPoints="0" sequenceCoverage="0" branchCoverage="0" maxCyclomaticComplexity="2" minCyclomaticComplexity="2" maxCrapScore="6" minCrapScore="6" visitedClasses="0" numClasses="0" visitedMethods="0" numMethods="1" />
              <MetadataToken>100663348</MetadataToken>
              <Name>Projeto_NFe.Domain.Features.Conveyors.Conveyor Projeto_NFe.Application.Features.Conveyors.ConveyorService::Get(System.Int64)</Name>
              <FileRef uid="183" />
              <SequencePoints>
                <SequencePoint vc="0" uspid="1385" ordinal="0" offset="0" sl="45" sc="9" el="45" ec="10" bec="0" bev="0" fileid="183" />
                <SequencePoint vc="0" uspid="1386" ordinal="1" offset="1" sl="46" sc="13" el="46" ec="32" bec="2" bev="0" fileid="183" />
                <SequencePoint vc="0" uspid="1387" ordinal="2" offset="14" sl="47" sc="17" el="47" ec="58" bec="0" bev="0" fileid="183" />
                <SequencePoint vc="0" uspid="1388" ordinal="3" offset="20" sl="49" sc="13" el="49" ec="48" bec="0" bev="0" fileid="183" />
                <SequencePoint vc="0" uspid="1389" ordinal="4" offset="35" sl="50" sc="9" el="50" ec="10" bec="0" bev="0" fileid="183" />
              </SequencePoints>
              <BranchPoints>
                <BranchPoint vc="0" uspid="1390" ordinal="0" offset="12" sl="46" path="0" offsetend="14" fileid="183" />
                <BranchPoint vc="0" uspid="1391" ordinal="1" offset="12" sl="46" path="1" offsetend="20" fileid="183" />
              </BranchPoints>
              <MethodPoint xsi:type="SequencePoint" vc="0" uspid="1385" ordinal="0" offset="0" sl="45" sc="9" el="45" ec="10" bec="0" bev="0" fileid="183" />
            </Method>
            <Method visited="false" cyclomaticComplexity="1" nPathComplexity="0" sequenceCoverage="0" branchCoverage="0" crapScore="2" isConstructor="false" isStatic="false" isGetter="false" isSetter="false">
              <Summary numSequencePoints="3" visitedSequencePoints="0" numBranchPoints="1" visitedBranchPoints="0" sequenceCoverage="0" branchCoverage="0" maxCyclomaticComplexity="1" minCyclomaticComplexity="1" maxCrapScore="2" minCrapScore="2" visitedClasses="0" numClasses="0" visitedMethods="0" numMethods="1" />
              <MetadataToken>100663349</MetadataToken>
              <Name>System.Collections.Generic.IEnumerable`1&lt;Projeto_NFe.Domain.Features.Conveyors.Conveyor&gt; Projeto_NFe.Application.Features.Conveyors.ConveyorService::GetAll()</Name>
              <FileRef uid="183" />
              <SequencePoints>
                <SequencePoint vc="0" uspid="1392" ordinal="0" offset="0" sl="53" sc="9" el="53" ec="10" bec="0" bev="0" fileid="183" />
                <SequencePoint vc="0" uspid="1393" ordinal="1" offset="1" sl="54" sc="13" el="54" ec="49" bec="0" bev="0" fileid="183" />
                <SequencePoint vc="0" uspid="1394" ordinal="2" offset="15" sl="55" sc="9" el="55" ec="10" bec="0" bev="0" fileid="183" />
              </SequencePoints>
              <BranchPoints />
              <MethodPoint xsi:type="SequencePoint" vc="0" uspid="1392" ordinal="0" offset="0" sl="53" sc="9" el="53" ec="10" bec="0" bev="0" fileid="183" />
            </Method>
            <Method visited="false" cyclomaticComplexity="3" nPathComplexity="4" sequenceCoverage="0" branchCoverage="0" crapScore="12" isConstructor="false" isStatic="false" isGetter="false" isSetter="false">
              <Summary numSequencePoints="8" visitedSequencePoints="0" numBranchPoints="5" visitedBranchPoints="0" sequenceCoverage="0" branchCoverage="0" maxCyclomaticComplexity="3" minCyclomaticComplexity="3" maxCrapScore="12" minCrapScore="12" visitedClasses="0" numClasses="0" visitedMethods="0" numMethods="1" />
              <MetadataToken>100663350</MetadataToken>
              <Name>System.Void Projeto_NFe.Application.Features.Conveyors.ConveyorService::Delete(Projeto_NFe.Domain.Features.Conveyors.Conveyor)</Name>
              <FileRef uid="183" />
              <SequencePoints>
                <SequencePoint vc="0" uspid="1395" ordinal="0" offset="0" sl="58" sc="9" el="58" ec="10" bec="0" bev="0" fileid="183" />
                <SequencePoint vc="0" uspid="1396" ordinal="1" offset="1" sl="59" sc="13" el="59" ec="41" bec="2" bev="0" fileid="183" />
                <SequencePoint vc="0" uspid="1397" ordinal="2" offset="19" sl="60" sc="17" el="60" ec="58" bec="0" bev="0" fileid="183" />
                <SequencePoint vc="0" uspid="1398" ordinal="3" offset="25" sl="62" sc="13" el="62" ec="63" bec="2" bev="0" fileid="183" />
                <SequencePoint vc="0" uspid="1399" ordinal="4" offset="41" sl="63" sc="13" el="63" ec="14" bec="0" bev="0" fileid="183" />
                <SequencePoint vc="0" uspid="1400" ordinal="5" offset="42" sl="64" sc="17" el="64" ec="61" bec="0" bev="0" fileid="183" />
                <SequencePoint vc="0" uspid="1401" ordinal="6" offset="48" sl="66" sc="17" el="66" ec="54" bec="0" bev="0" fileid="183" />
                <SequencePoint vc="0" uspid="1402" ordinal="7" offset="61" sl="67" sc="9" el="67" ec="10" bec="0" bev="0" fileid="183" />
              </SequencePoints>
              <BranchPoints>
                <BranchPoint vc="0" uspid="1403" ordinal="0" offset="17" sl="59" path="0" offsetend="19" fileid="183" />
                <BranchPoint vc="0" uspid="1404" ordinal="1" offset="17" sl="59" path="1" offsetend="25" fileid="183" />
                <BranchPoint vc="0" uspid="1405" ordinal="2" offset="39" sl="62" path="0" offsetend="41" fileid="183" />
                <BranchPoint vc="0" uspid="1406" ordinal="3" offset="39" sl="62" path="1" offsetend="48" fileid="183" />
              </BranchPoints>
              <MethodPoint xsi:type="SequencePoint" vc="0" uspid="1395" ordinal="0" offset="0" sl="58" sc="9" el="58" ec="10" bec="0" bev="0" fileid="183" />
            </Method>
          </Methods>
        </Class>
        <Class>
          <Summary numSequencePoints="33" visitedSequencePoints="0" numBranchPoints="14" visitedBranchPoints="0" sequenceCoverage="0" branchCoverage="0" maxCyclomaticComplexity="3" minCyclomaticComplexity="1" maxCrapScore="12" minCrapScore="2" visitedClasses="0" numClasses="1" visitedMethods="0" numMethods="6" />
          <FullName>Projeto_NFe.Application.Features.Emitters.EmitterService</FullName>
          <Methods>
            <Method visited="false" cyclomaticComplexity="1" nPathComplexity="0" sequenceCoverage="0" branchCoverage="0" crapScore="2" isConstructor="true" isStatic="false" isGetter="false" isSetter="false">
              <Summary numSequencePoints="5" visitedSequencePoints="0" numBranchPoints="1" visitedBranchPoints="0" sequenceCoverage="0" branchCoverage="0" maxCyclomaticComplexity="1" minCyclomaticComplexity="1" maxCrapScore="2" minCrapScore="2" visitedClasses="0" numClasses="0" visitedMethods="0" numMethods="1" />
              <MetadataToken>100663356</MetadataToken>
              <Name>System.Void Projeto_NFe.Application.Features.Emitters.EmitterService::.ctor(Projeto_NFe.Domain.Features.Emitters.IEmitterRepository)</Name>
              <FileRef uid="184" />
              <SequencePoints>
                <SequencePoint vc="0" uspid="1407" ordinal="0" offset="0" sl="14" sc="9" el="14" ec="45" bec="0" bev="0" fileid="184" />
                <SequencePoint vc="0" uspid="1408" ordinal="1" offset="8" sl="18" sc="9" el="18" ec="68" bec="0" bev="0" fileid="184" />
                <SequencePoint vc="0" uspid="1409" ordinal="2" offset="15" sl="19" sc="9" el="19" ec="10" bec="0" bev="0" fileid="184" />
                <SequencePoint vc="0" uspid="1410" ordinal="3" offset="16" sl="20" sc="13" el="20" ec="52" bec="0" bev="0" fileid="184" />
                <SequencePoint vc="0" uspid="1411" ordinal="4" offset="23" sl="21" sc="9" el="21" ec="10" bec="0" bev="0" fileid="184" />
              </SequencePoints>
              <BranchPoints />
              <MethodPoint xsi:type="SequencePoint" vc="0" uspid="1407" ordinal="0" offset="0" sl="14" sc="9" el="14" ec="45" bec="0" bev="0" fileid="184" />
            </Method>
            <Method visited="false" cyclomaticComplexity="1" nPathComplexity="0" sequenceCoverage="0" branchCoverage="0" crapScore="2" isConstructor="false" isStatic="false" isGetter="false" isSetter="false">
              <Summary numSequencePoints="5" visitedSequencePoints="0" numBranchPoints="1" visitedBranchPoints="0" sequenceCoverage="0" branchCoverage="0" maxCyclomaticComplexity="1" minCyclomaticComplexity="1" maxCrapScore="2" minCrapScore="2" visitedClasses="0" numClasses="0" visitedMethods="0" numMethods="1" />
              <MetadataToken>100663357</MetadataToken>
              <Name>Projeto_NFe.Domain.Features.Emitters.Emitter Projeto_NFe.Application.Features.Emitters.EmitterService::Add(Projeto_NFe.Domain.Features.Emitters.Emitter)</Name>
              <FileRef uid="184" />
              <SequencePoints>
                <SequencePoint vc="0" uspid="1412" ordinal="0" offset="0" sl="24" sc="9" el="24" ec="10" bec="0" bev="0" fileid="184" />
                <SequencePoint vc="0" uspid="1413" ordinal="1" offset="1" sl="25" sc="13" el="25" ec="32" bec="0" bev="0" fileid="184" />
                <SequencePoint vc="0" uspid="1414" ordinal="2" offset="8" sl="26" sc="13" el="26" ec="56" bec="0" bev="0" fileid="184" />
                <SequencePoint vc="0" uspid="1415" ordinal="3" offset="22" sl="28" sc="13" el="28" ec="28" bec="0" bev="0" fileid="184" />
                <SequencePoint vc="0" uspid="1416" ordinal="4" offset="26" sl="29" sc="9" el="29" ec="10" bec="0" bev="0" fileid="184" />
              </SequencePoints>
              <BranchPoints />
              <MethodPoint xsi:type="SequencePoint" vc="0" uspid="1412" ordinal="0" offset="0" sl="24" sc="9" el="24" ec="10" bec="0" bev="0" fileid="184" />
            </Method>
            <Method visited="false" cyclomaticComplexity="2" nPathComplexity="2" sequenceCoverage="0" branchCoverage="0" crapScore="6" isConstructor="false" isStatic="false" isGetter="false" isSetter="false">
              <Summary numSequencePoints="7" visitedSequencePoints="0" numBranchPoints="3" visitedBranchPoints="0" sequenceCoverage="0" branchCoverage="0" maxCyclomaticComplexity="2" minCyclomaticComplexity="2" maxCrapScore="6" minCrapScore="6" visitedClasses="0" numClasses="0" visitedMethods="0" numMethods="1" />
              <MetadataToken>100663358</MetadataToken>
              <Name>Projeto_NFe.Domain.Features.Emitters.Emitter Projeto_NFe.Application.Features.Emitters.EmitterService::Update(Projeto_NFe.Domain.Features.Emitters.Emitter)</Name>
              <FileRef uid="184" />
              <SequencePoints>
                <SequencePoint vc="0" uspid="1417" ordinal="0" offset="0" sl="32" sc="9" el="32" ec="10" bec="0" bev="0" fileid="184" />
                <SequencePoint vc="0" uspid="1418" ordinal="1" offset="1" sl="33" sc="13" el="33" ec="40" bec="2" bev="0" fileid="184" />
                <SequencePoint vc="0" uspid="1419" ordinal="2" offset="19" sl="34" sc="17" el="34" ec="58" bec="0" bev="0" fileid="184" />
                <SequencePoint vc="0" uspid="1420" ordinal="3" offset="25" sl="36" sc="13" el="36" ec="32" bec="0" bev="0" fileid="184" />
                <SequencePoint vc="0" uspid="1421" ordinal="4" offset="32" sl="38" sc="13" el="38" ec="58" bec="0" bev="0" fileid="184" />
                <SequencePoint vc="0" uspid="1422" ordinal="5" offset="46" sl="40" sc="13" el="40" ec="28" bec="0" bev="0" fileid="184" />
                <SequencePoint vc="0" uspid="1423" ordinal="6" offset="50" sl="41" sc="9" el="41" ec="10" bec="0" bev="0" fileid="184" />
              </SequencePoints>
              <BranchPoints>
                <BranchPoint vc="0" uspid="1424" ordinal="0" offset="17" sl="33" path="0" offsetend="19" fileid="184" />
                <BranchPoint vc="0" uspid="1425" ordinal="1" offset="17" sl="33" path="1" offsetend="25" fileid="184" />
              </BranchPoints>
              <MethodPoint xsi:type="SequencePoint" vc="0" uspid="1417" ordinal="0" offset="0" sl="32" sc="9" el="32" ec="10" bec="0" bev="0" fileid="184" />
            </Method>
            <Method visited="false" cyclomaticComplexity="2" nPathComplexity="2" sequenceCoverage="0" branchCoverage="0" crapScore="6" isConstructor="false" isStatic="false" isGetter="false" isSetter="false">
              <Summary numSequencePoints="5" visitedSequencePoints="0" numBranchPoints="3" visitedBranchPoints="0" sequenceCoverage="0" branchCoverage="0" maxCyclomaticComplexity="2" minCyclomaticComplexity="2" maxCrapScore="6" minCrapScore="6" visitedClasses="0" numClasses="0" visitedMethods="0" numMethods="1" />
              <MetadataToken>100663359</MetadataToken>
              <Name>Projeto_NFe.Domain.Features.Emitters.Emitter Projeto_NFe.Application.Features.Emitters.EmitterService::Get(System.Int64)</Name>
              <FileRef uid="184" />
              <SequencePoints>
                <SequencePoint vc="0" uspid="1426" ordinal="0" offset="0" sl="44" sc="9" el="44" ec="10" bec="0" bev="0" fileid="184" />
                <SequencePoint vc="0" uspid="1427" ordinal="1" offset="1" sl="45" sc="13" el="45" ec="32" bec="2" bev="0" fileid="184" />
                <SequencePoint vc="0" uspid="1428" ordinal="2" offset="14" sl="46" sc="17" el="46" ec="58" bec="0" bev="0" fileid="184" />
                <SequencePoint vc="0" uspid="1429" ordinal="3" offset="20" sl="47" sc="13" el="47" ec="47" bec="0" bev="0" fileid="184" />
                <SequencePoint vc="0" uspid="1430" ordinal="4" offset="35" sl="48" sc="9" el="48" ec="10" bec="0" bev="0" fileid="184" />
              </SequencePoints>
              <BranchPoints>
                <BranchPoint vc="0" uspid="1431" ordinal="0" offset="12" sl="45" path="0" offsetend="14" fileid="184" />
                <BranchPoint vc="0" uspid="1432" ordinal="1" offset="12" sl="45" path="1" offsetend="20" fileid="184" />
              </BranchPoints>
              <MethodPoint xsi:type="SequencePoint" vc="0" uspid="1426" ordinal="0" offset="0" sl="44" sc="9" el="44" ec="10" bec="0" bev="0" fileid="184" />
            </Method>
            <Method visited="false" cyclomaticComplexity="1" nPathComplexity="0" sequenceCoverage="0" branchCoverage="0" crapScore="2" isConstructor="false" isStatic="false" isGetter="false" isSetter="false">
              <Summary numSequencePoints="3" visitedSequencePoints="0" numBranchPoints="1" visitedBranchPoints="0" sequenceCoverage="0" branchCoverage="0" maxCyclomaticComplexity="1" minCyclomaticComplexity="1" maxCrapScore="2" minCrapScore="2" visitedClasses="0" numClasses="0" visitedMethods="0" numMethods="1" />
              <MetadataToken>100663360</MetadataToken>
              <Name>System.Collections.Generic.IEnumerable`1&lt;Projeto_NFe.Domain.Features.Emitters.Emitter&gt; Projeto_NFe.Application.Features.Emitters.EmitterService::GetAll()</Name>
              <FileRef uid="184" />
              <SequencePoints>
                <SequencePoint vc="0" uspid="1433" ordinal="0" offset="0" sl="51" sc="9" el="51" ec="10" bec="0" bev="0" fileid="184" />
                <SequencePoint vc="0" uspid="1434" ordinal="1" offset="1" sl="52" sc="13" el="52" ec="48" bec="0" bev="0" fileid="184" />
                <SequencePoint vc="0" uspid="1435" ordinal="2" offset="15" sl="53" sc="9" el="53" ec="10" bec="0" bev="0" fileid="184" />
              </SequencePoints>
              <BranchPoints />
              <MethodPoint xsi:type="SequencePoint" vc="0" uspid="1433" ordinal="0" offset="0" sl="51" sc="9" el="51" ec="10" bec="0" bev="0" fileid="184" />
            </Method>
            <Method visited="false" cyclomaticComplexity="3" nPathComplexity="4" sequenceCoverage="0" branchCoverage="0" crapScore="12" isConstructor="false" isStatic="false" isGetter="false" isSetter="false">
              <Summary numSequencePoints="8" visitedSequencePoints="0" numBranchPoints="5" visitedBranchPoints="0" sequenceCoverage="0" branchCoverage="0" maxCyclomaticComplexity="3" minCyclomaticComplexity="3" maxCrapScore="12" minCrapScore="12" visitedClasses="0" numClasses="0" visitedMethods="0" numMethods="1" />
              <MetadataToken>100663361</MetadataToken>
              <Name>System.Void Projeto_NFe.Application.Features.Emitters.EmitterService::Delete(Projeto_NFe.Domain.Features.Emitters.Emitter)</Name>
              <FileRef uid="184" />
              <SequencePoints>
                <SequencePoint vc="0" uspid="1436" ordinal="0" offset="0" sl="56" sc="9" el="56" ec="10" bec="0" bev="0" fileid="184" />
                <SequencePoint vc="0" uspid="1437" ordinal="1" offset="1" sl="57" sc="13" el="57" ec="40" bec="2" bev="0" fileid="184" />
                <SequencePoint vc="0" uspid="1438" ordinal="2" offset="19" sl="58" sc="17" el="58" ec="58" bec="0" bev="0" fileid="184" />
                <SequencePoint vc="0" uspid="1439" ordinal="3" offset="25" sl="60" sc="13" el="60" ec="61" bec="2" bev="0" fileid="184" />
                <SequencePoint vc="0" uspid="1440" ordinal="4" offset="41" sl="61" sc="13" el="61" ec="14" bec="0" bev="0" fileid="184" />
                <SequencePoint vc="0" uspid="1441" ordinal="5" offset="42" sl="62" sc="17" el="62" ec="60" bec="0" bev="0" fileid="184" />
                <SequencePoint vc="0" uspid="1442" ordinal="6" offset="48" sl="65" sc="17" el="65" ec="52" bec="0" bev="0" fileid="184" />
                <SequencePoint vc="0" uspid="1443" ordinal="7" offset="61" sl="66" sc="9" el="66" ec="10" bec="0" bev="0" fileid="184" />
              </SequencePoints>
              <BranchPoints>
                <BranchPoint vc="0" uspid="1444" ordinal="0" offset="17" sl="57" path="0" offsetend="19" fileid="184" />
                <BranchPoint vc="0" uspid="1445" ordinal="1" offset="17" sl="57" path="1" offsetend="25" fileid="184" />
                <BranchPoint vc="0" uspid="1446" ordinal="2" offset="39" sl="60" path="0" offsetend="41" fileid="184" />
                <BranchPoint vc="0" uspid="1447" ordinal="3" offset="39" sl="60" path="1" offsetend="48" fileid="184" />
              </BranchPoints>
              <MethodPoint xsi:type="SequencePoint" vc="0" uspid="1436" ordinal="0" offset="0" sl="56" sc="9" el="56" ec="10" bec="0" bev="0" fileid="184" />
            </Method>
          </Methods>
        </Class>
      </Classes>
    </Module>
  </Modules>
</CoverageSession>