<?xml version="1.0" encoding="utf-8"?>
<CoverageSession xmlns:xsd="http://www.w3.org/2001/XMLSchema" xmlns:xsi="http://www.w3.org/2001/XMLSchema-instance" Version="4.6.0.0">
  <Summary numSequencePoints="951" visitedSequencePoints="170" numBranchPoints="271" visitedBranchPoints="64" sequenceCoverage="17.88" branchCoverage="23.62" maxCyclomaticComplexity="8" minCyclomaticComplexity="1" maxCrapScore="56" minCrapScore="1" visitedClasses="18" numClasses="80" visitedMethods="48" numMethods="209" />
  <Modules>
    <Module hash="B2-E6-35-2C-09-27-8E-53-4F-FB-47-44-B9-E2-A7-7F-3C-78-B7-E4">
      <Summary numSequencePoints="236" visitedSequencePoints="101" numBranchPoints="79" visitedBranchPoints="39" sequenceCoverage="42.80" branchCoverage="49.37" maxCyclomaticComplexity="7" minCyclomaticComplexity="1" maxCrapScore="56" minCrapScore="1" visitedClasses="4" numClasses="18" visitedMethods="23" numMethods="49" />
      <ModulePath>C:\academia\Apollo 4.1\Apollo4NFe\server\Projeto_NFe.Controller.Tests\bin\Debug\Projeto_NFe.WebApi.dll</ModulePath>
      <ModuleTime>2018-10-11T19:15:24.864728Z</ModuleTime>
      <ModuleName>Projeto_NFe.WebApi</ModuleName>
      <Files>
        <File uid="1" fullPath="C:\academia\Apollo 4.1\Apollo4NFe\server\Projeto_NFe.WebApi\Startup.cs" />
        <File uid="2" fullPath="C:\academia\Apollo 4.1\Apollo4NFe\server\Projeto_NFe.WebApi\Models\MediaTypes.cs" />
        <File uid="3" fullPath="C:\academia\Apollo 4.1\Apollo4NFe\server\Projeto_NFe.WebApi\IoC\SimpleInjectorContainer.cs" />
        <File uid="5" fullPath="C:\academia\Apollo 4.1\Apollo4NFe\server\Projeto_NFe.WebApi\Filters\ExceptionHandlerAttribute.cs" />
        <File uid="6" fullPath="C:\academia\Apollo 4.1\Apollo4NFe\server\Projeto_NFe.WebApi\Extensions\ExceptionHandlingExtensions.cs" />
        <File uid="7" fullPath="C:\academia\Apollo 4.1\Apollo4NFe\server\Projeto_NFe.WebApi\Extensions\ValidationFailureExtensions.cs" />
        <File uid="8" fullPath="C:\academia\Apollo 4.1\Apollo4NFe\server\Projeto_NFe.WebApi\Exceptions\PayLoadException.cs" />
        <File uid="9" fullPath="C:\academia\Apollo 4.1\Apollo4NFe\server\Projeto_NFe.WebApi\Controllers\Receivers\ReceiversController.cs" />
        <File uid="11" fullPath="C:\academia\Apollo 4.1\Apollo4NFe\server\Projeto_NFe.WebApi\Controllers\Products\ProductController.cs" />
        <File uid="13" fullPath="C:\academia\Apollo 4.1\Apollo4NFe\server\Projeto_NFe.WebApi\Controllers\Emitters\EmittersController.cs" />
        <File uid="14" fullPath="C:\academia\Apollo 4.1\Apollo4NFe\server\Projeto_NFe.WebApi\Controllers\Conveyors\ConveyorsController.cs" />
        <File uid="15" fullPath="C:\academia\Apollo 4.1\Apollo4NFe\server\Projeto_NFe.WebApi\Controllers\Common\ApiControllerBase.cs" />
        <File uid="16" fullPath="C:\academia\Apollo 4.1\Apollo4NFe\server\Projeto_NFe.WebApi\Controllers\Common\PublicController.cs" />
        <File uid="17" fullPath="C:\academia\Apollo 4.1\Apollo4NFe\server\Projeto_NFe.WebApi\App_Start\WebApiConfig.cs" />
      </Files>
      <Classes>
        <Class>
          <Summary numSequencePoints="0" visitedSequencePoints="0" numBranchPoints="0" visitedBranchPoints="0" sequenceCoverage="0" branchCoverage="0" maxCyclomaticComplexity="7" minCyclomaticComplexity="1" maxCrapScore="56" minCrapScore="2" visitedClasses="0" numClasses="0" visitedMethods="0" numMethods="0" />
          <FullName>&lt;&gt;f__AnonymousType0`2</FullName>
          <Methods>
            <Method visited="false" cyclomaticComplexity="1" nPathComplexity="0" sequenceCoverage="0" branchCoverage="0" crapScore="2" isConstructor="false" isStatic="false" isGetter="true" isSetter="false">
              <Summary numSequencePoints="0" visitedSequencePoints="0" numBranchPoints="0" visitedBranchPoints="0" sequenceCoverage="0" branchCoverage="0" maxCyclomaticComplexity="1" minCyclomaticComplexity="1" maxCrapScore="2" minCrapScore="2" visitedClasses="0" numClasses="0" visitedMethods="0" numMethods="0" />
              <MetadataToken>100663297</MetadataToken>
              <Name>&lt;id&gt;j__TPar &lt;&gt;f__AnonymousType0`2::get_id()</Name>
              <SequencePoints />
              <BranchPoints />
              <MethodPoint vc="0" uspid="1" ordinal="0" offset="0" />
            </Method>
            <Method visited="false" cyclomaticComplexity="1" nPathComplexity="0" sequenceCoverage="0" branchCoverage="0" crapScore="2" isConstructor="false" isStatic="false" isGetter="true" isSetter="false">
              <Summary numSequencePoints="0" visitedSequencePoints="0" numBranchPoints="0" visitedBranchPoints="0" sequenceCoverage="0" branchCoverage="0" maxCyclomaticComplexity="1" minCyclomaticComplexity="1" maxCrapScore="2" minCrapScore="2" visitedClasses="0" numClasses="0" visitedMethods="0" numMethods="0" />
              <MetadataToken>100663298</MetadataToken>
              <Name>&lt;action&gt;j__TPar &lt;&gt;f__AnonymousType0`2::get_action()</Name>
              <SequencePoints />
              <BranchPoints />
              <MethodPoint vc="0" uspid="2" ordinal="0" offset="0" />
            </Method>
            <Method visited="false" cyclomaticComplexity="1" nPathComplexity="0" sequenceCoverage="0" branchCoverage="0" crapScore="2" isConstructor="true" isStatic="false" isGetter="false" isSetter="false">
              <Summary numSequencePoints="0" visitedSequencePoints="0" numBranchPoints="0" visitedBranchPoints="0" sequenceCoverage="0" branchCoverage="0" maxCyclomaticComplexity="1" minCyclomaticComplexity="1" maxCrapScore="2" minCrapScore="2" visitedClasses="0" numClasses="0" visitedMethods="0" numMethods="0" />
              <MetadataToken>100663299</MetadataToken>
              <Name>System.Void &lt;&gt;f__AnonymousType0`2::.ctor(&lt;id&gt;j__TPar,&lt;action&gt;j__TPar)</Name>
              <SequencePoints />
              <BranchPoints />
              <MethodPoint vc="0" uspid="3" ordinal="0" offset="0" />
            </Method>
            <Method visited="false" cyclomaticComplexity="3" nPathComplexity="0" sequenceCoverage="0" branchCoverage="0" crapScore="12" isConstructor="false" isStatic="false" isGetter="false" isSetter="false">
              <Summary numSequencePoints="0" visitedSequencePoints="0" numBranchPoints="0" visitedBranchPoints="0" sequenceCoverage="0" branchCoverage="0" maxCyclomaticComplexity="3" minCyclomaticComplexity="3" maxCrapScore="12" minCrapScore="12" visitedClasses="0" numClasses="0" visitedMethods="0" numMethods="0" />
              <MetadataToken>100663300</MetadataToken>
              <Name>System.Boolean &lt;&gt;f__AnonymousType0`2::Equals(System.Object)</Name>
              <SequencePoints />
              <BranchPoints />
              <MethodPoint vc="0" uspid="4" ordinal="0" offset="0" />
            </Method>
            <Method visited="false" cyclomaticComplexity="1" nPathComplexity="0" sequenceCoverage="0" branchCoverage="0" crapScore="2" isConstructor="false" isStatic="false" isGetter="false" isSetter="false">
              <Summary numSequencePoints="0" visitedSequencePoints="0" numBranchPoints="0" visitedBranchPoints="0" sequenceCoverage="0" branchCoverage="0" maxCyclomaticComplexity="1" minCyclomaticComplexity="1" maxCrapScore="2" minCrapScore="2" visitedClasses="0" numClasses="0" visitedMethods="0" numMethods="0" />
              <MetadataToken>100663301</MetadataToken>
              <Name>System.Int32 &lt;&gt;f__AnonymousType0`2::GetHashCode()</Name>
              <SequencePoints />
              <BranchPoints />
              <MethodPoint vc="0" uspid="5" ordinal="0" offset="0" />
            </Method>
            <Method visited="false" cyclomaticComplexity="7" nPathComplexity="0" sequenceCoverage="0" branchCoverage="0" crapScore="56" isConstructor="false" isStatic="false" isGetter="false" isSetter="false">
              <Summary numSequencePoints="0" visitedSequencePoints="0" numBranchPoints="0" visitedBranchPoints="0" sequenceCoverage="0" branchCoverage="0" maxCyclomaticComplexity="7" minCyclomaticComplexity="7" maxCrapScore="56" minCrapScore="56" visitedClasses="0" numClasses="0" visitedMethods="0" numMethods="0" />
              <MetadataToken>100663302</MetadataToken>
              <Name>System.String &lt;&gt;f__AnonymousType0`2::ToString()</Name>
              <SequencePoints />
              <BranchPoints />
              <MethodPoint vc="0" uspid="6" ordinal="0" offset="0" />
            </Method>
          </Methods>
        </Class>
        <Class>
          <Summary numSequencePoints="7" visitedSequencePoints="0" numBranchPoints="1" visitedBranchPoints="0" sequenceCoverage="0" branchCoverage="0" maxCyclomaticComplexity="1" minCyclomaticComplexity="1" maxCrapScore="2" minCrapScore="2" visitedClasses="0" numClasses="1" visitedMethods="0" numMethods="1" />
          <FullName>Projeto_NFe.WebApi.Startup</FullName>
          <Methods>
            <Method visited="false" cyclomaticComplexity="1" nPathComplexity="0" sequenceCoverage="0" branchCoverage="0" crapScore="2" isConstructor="false" isStatic="false" isGetter="false" isSetter="false">
              <Summary numSequencePoints="7" visitedSequencePoints="0" numBranchPoints="1" visitedBranchPoints="0" sequenceCoverage="0" branchCoverage="0" maxCyclomaticComplexity="1" minCyclomaticComplexity="1" maxCrapScore="2" minCrapScore="2" visitedClasses="0" numClasses="0" visitedMethods="0" numMethods="1" />
              <MetadataToken>100663303</MetadataToken>
              <Name>System.Void Projeto_NFe.WebApi.Startup::Configuration(Owin.IAppBuilder)</Name>
              <FileRef uid="1" />
              <SequencePoints>
                <SequencePoint vc="0" uspid="7" ordinal="0" offset="0" sl="17" sc="3" el="17" ec="4" bec="0" bev="0" fileid="1" />
                <SequencePoint vc="0" uspid="8" ordinal="1" offset="1" sl="19" sc="4" el="19" ec="59" bec="0" bev="0" fileid="1" />
                <SequencePoint vc="0" uspid="9" ordinal="2" offset="19" sl="21" sc="4" el="21" ec="42" bec="0" bev="0" fileid="1" />
                <SequencePoint vc="0" uspid="10" ordinal="3" offset="25" sl="23" sc="13" el="23" ec="48" bec="0" bev="0" fileid="1" />
                <SequencePoint vc="0" uspid="11" ordinal="4" offset="31" sl="26" sc="13" el="26" ec="50" bec="0" bev="0" fileid="1" />
                <SequencePoint vc="0" uspid="12" ordinal="5" offset="37" sl="37" sc="13" el="37" ec="37" bec="0" bev="0" fileid="1" />
                <SequencePoint vc="0" uspid="13" ordinal="6" offset="45" sl="38" sc="9" el="38" ec="10" bec="0" bev="0" fileid="1" />
              </SequencePoints>
              <BranchPoints />
              <MethodPoint xsi:type="SequencePoint" vc="0" uspid="7" ordinal="0" offset="0" sl="17" sc="3" el="17" ec="4" bec="0" bev="0" fileid="1" />
            </Method>
            <Method visited="false" cyclomaticComplexity="1" nPathComplexity="0" sequenceCoverage="0" branchCoverage="0" crapScore="2" isConstructor="true" isStatic="false" isGetter="false" isSetter="false">
              <Summary numSequencePoints="0" visitedSequencePoints="0" numBranchPoints="0" visitedBranchPoints="0" sequenceCoverage="0" branchCoverage="0" maxCyclomaticComplexity="1" minCyclomaticComplexity="1" maxCrapScore="2" minCrapScore="2" visitedClasses="0" numClasses="0" visitedMethods="0" numMethods="0" />
              <MetadataToken>100663304</MetadataToken>
              <Name>System.Void Projeto_NFe.WebApi.Startup::.ctor()</Name>
              <SequencePoints />
              <BranchPoints />
              <MethodPoint vc="0" uspid="14" ordinal="0" offset="0" />
            </Method>
          </Methods>
        </Class>
        <Class>
          <Summary numSequencePoints="4" visitedSequencePoints="0" numBranchPoints="1" visitedBranchPoints="0" sequenceCoverage="0" branchCoverage="0" maxCyclomaticComplexity="1" minCyclomaticComplexity="1" maxCrapScore="2" minCrapScore="2" visitedClasses="0" numClasses="1" visitedMethods="0" numMethods="1" />
          <FullName>Projeto_NFe.WebApi.Models.MediaTypes</FullName>
          <Methods>
            <Method visited="false" cyclomaticComplexity="1" nPathComplexity="0" sequenceCoverage="0" branchCoverage="0" crapScore="2" isConstructor="true" isStatic="false" isGetter="false" isSetter="false">
              <Summary numSequencePoints="0" visitedSequencePoints="0" numBranchPoints="0" visitedBranchPoints="0" sequenceCoverage="0" branchCoverage="0" maxCyclomaticComplexity="1" minCyclomaticComplexity="1" maxCrapScore="2" minCrapScore="2" visitedClasses="0" numClasses="0" visitedMethods="0" numMethods="0" />
              <MetadataToken>100663305</MetadataToken>
              <Name>System.Void Projeto_NFe.WebApi.Models.MediaTypes::.ctor()</Name>
              <SequencePoints />
              <BranchPoints />
              <MethodPoint vc="0" uspid="15" ordinal="0" offset="0" />
            </Method>
            <Method visited="false" cyclomaticComplexity="1" nPathComplexity="0" sequenceCoverage="0" branchCoverage="0" crapScore="2" isConstructor="true" isStatic="true" isGetter="false" isSetter="false">
              <Summary numSequencePoints="4" visitedSequencePoints="0" numBranchPoints="1" visitedBranchPoints="0" sequenceCoverage="0" branchCoverage="0" maxCyclomaticComplexity="1" minCyclomaticComplexity="1" maxCrapScore="2" minCrapScore="2" visitedClasses="0" numClasses="0" visitedMethods="0" numMethods="1" />
              <MetadataToken>100663306</MetadataToken>
              <Name>System.Void Projeto_NFe.WebApi.Models.MediaTypes::.cctor()</Name>
              <FileRef uid="2" />
              <SequencePoints>
                <SequencePoint vc="0" uspid="16" ordinal="0" offset="0" sl="10" sc="3" el="10" ec="59" bec="0" bev="0" fileid="2" />
                <SequencePoint vc="0" uspid="17" ordinal="1" offset="10" sl="11" sc="3" el="11" ec="57" bec="0" bev="0" fileid="2" />
                <SequencePoint vc="0" uspid="18" ordinal="2" offset="20" sl="12" sc="3" el="12" ec="74" bec="0" bev="0" fileid="2" />
                <SequencePoint vc="0" uspid="19" ordinal="3" offset="30" sl="13" sc="3" el="13" ec="50" bec="0" bev="0" fileid="2" />
              </SequencePoints>
              <BranchPoints />
              <MethodPoint xsi:type="SequencePoint" vc="0" uspid="16" ordinal="0" offset="0" sl="10" sc="3" el="10" ec="59" bec="0" bev="0" fileid="2" />
            </Method>
          </Methods>
        </Class>
        <Class>
          <Summary numSequencePoints="19" visitedSequencePoints="0" numBranchPoints="2" visitedBranchPoints="0" sequenceCoverage="0" branchCoverage="0" maxCyclomaticComplexity="2" minCyclomaticComplexity="1" maxCrapScore="6" minCrapScore="2" visitedClasses="0" numClasses="1" visitedMethods="0" numMethods="2" />
          <FullName>Projeto_NFe.WebApi.IoC.SimpleInjectorContainer</FullName>
          <Methods>
            <Method skippedDueTo="AutoImplementedProperty" visited="false" cyclomaticComplexity="1" nPathComplexity="0" sequenceCoverage="0" branchCoverage="0" crapScore="0" isConstructor="false" isStatic="true" isGetter="true" isSetter="false">
              <MetadataToken>100663307</MetadataToken>
              <Name>SimpleInjector.Container Projeto_NFe.WebApi.IoC.SimpleInjectorContainer::get_ContainerInstance()</Name>
              <FileRef uid="3" />
              <SequencePoints />
              <BranchPoints />
            </Method>
            <Method skippedDueTo="AutoImplementedProperty" visited="false" cyclomaticComplexity="1" nPathComplexity="0" sequenceCoverage="0" branchCoverage="0" crapScore="0" isConstructor="false" isStatic="true" isGetter="false" isSetter="true">
              <MetadataToken>100663308</MetadataToken>
              <Name>System.Void Projeto_NFe.WebApi.IoC.SimpleInjectorContainer::set_ContainerInstance(SimpleInjector.Container)</Name>
              <FileRef uid="3" />
              <SequencePoints />
              <BranchPoints />
            </Method>
            <Method visited="false" cyclomaticComplexity="1" nPathComplexity="0" sequenceCoverage="0" branchCoverage="0" crapScore="2" isConstructor="false" isStatic="true" isGetter="false" isSetter="false">
              <Summary numSequencePoints="8" visitedSequencePoints="0" numBranchPoints="1" visitedBranchPoints="0" sequenceCoverage="0" branchCoverage="0" maxCyclomaticComplexity="1" minCyclomaticComplexity="1" maxCrapScore="2" minCrapScore="2" visitedClasses="0" numClasses="0" visitedMethods="0" numMethods="1" />
              <MetadataToken>100663309</MetadataToken>
              <Name>System.Void Projeto_NFe.WebApi.IoC.SimpleInjectorContainer::Initializer()</Name>
              <FileRef uid="3" />
              <SequencePoints>
                <SequencePoint vc="0" uspid="20" ordinal="0" offset="0" sl="25" sc="9" el="25" ec="10" bec="0" bev="0" fileid="3" />
                <SequencePoint vc="0" uspid="21" ordinal="1" offset="1" sl="26" sc="13" el="26" ec="49" bec="0" bev="0" fileid="3" />
                <SequencePoint vc="0" uspid="22" ordinal="2" offset="12" sl="28" sc="13" el="28" ec="91" bec="0" bev="0" fileid="3" />
                <SequencePoint vc="0" uspid="23" ordinal="3" offset="33" sl="30" sc="13" el="30" ec="25" bec="0" bev="0" fileid="3" />
                <SequencePoint vc="0" uspid="24" ordinal="4" offset="39" sl="32" sc="13" el="32" ec="92" bec="0" bev="0" fileid="3" />
                <SequencePoint vc="0" uspid="25" ordinal="5" offset="55" sl="34" sc="13" el="34" ec="40" bec="0" bev="0" fileid="3" />
                <SequencePoint vc="0" uspid="26" ordinal="6" offset="66" sl="36" sc="13" el="36" ec="130" bec="0" bev="0" fileid="3" />
                <SequencePoint vc="0" uspid="27" ordinal="7" offset="87" sl="37" sc="9" el="37" ec="10" bec="0" bev="0" fileid="3" />
              </SequencePoints>
              <BranchPoints />
              <MethodPoint xsi:type="SequencePoint" vc="0" uspid="20" ordinal="0" offset="0" sl="25" sc="9" el="25" ec="10" bec="0" bev="0" fileid="3" />
            </Method>
            <Method visited="false" cyclomaticComplexity="2" nPathComplexity="0" sequenceCoverage="0" branchCoverage="0" crapScore="6" isConstructor="false" isStatic="true" isGetter="false" isSetter="false">
              <Summary numSequencePoints="11" visitedSequencePoints="0" numBranchPoints="1" visitedBranchPoints="0" sequenceCoverage="0" branchCoverage="0" maxCyclomaticComplexity="2" minCyclomaticComplexity="2" maxCrapScore="6" minCrapScore="6" visitedClasses="0" numClasses="0" visitedMethods="0" numMethods="1" />
              <MetadataToken>100663310</MetadataToken>
              <Name>System.Void Projeto_NFe.WebApi.IoC.SimpleInjectorContainer::Registers()</Name>
              <FileRef uid="3" />
              <SequencePoints>
                <SequencePoint vc="0" uspid="28" ordinal="0" offset="0" sl="39" sc="9" el="39" ec="10" bec="0" bev="0" fileid="3" />
                <SequencePoint vc="0" uspid="29" ordinal="1" offset="1" sl="40" sc="13" el="40" ec="75" bec="0" bev="0" fileid="3" />
                <SequencePoint vc="0" uspid="30" ordinal="2" offset="12" sl="41" sc="13" el="41" ec="77" bec="0" bev="0" fileid="3" />
                <SequencePoint vc="0" uspid="31" ordinal="3" offset="23" sl="42" sc="13" el="42" ec="75" bec="0" bev="0" fileid="3" />
                <SequencePoint vc="0" uspid="32" ordinal="4" offset="34" sl="43" sc="13" el="43" ec="77" bec="0" bev="0" fileid="3" />
                <SequencePoint vc="0" uspid="33" ordinal="5" offset="45" sl="45" sc="13" el="45" ec="81" bec="0" bev="0" fileid="3" />
                <SequencePoint vc="0" uspid="34" ordinal="6" offset="56" sl="46" sc="13" el="46" ec="83" bec="0" bev="0" fileid="3" />
                <SequencePoint vc="0" uspid="35" ordinal="7" offset="67" sl="47" sc="13" el="47" ec="81" bec="0" bev="0" fileid="3" />
                <SequencePoint vc="0" uspid="36" ordinal="8" offset="78" sl="48" sc="13" el="48" ec="84" bec="0" bev="0" fileid="3" />
                <SequencePoint vc="0" uspid="37" ordinal="9" offset="89" sl="50" sc="13" el="50" ec="89" bec="0" bev="0" fileid="3" />
                <SequencePoint vc="0" uspid="38" ordinal="10" offset="136" sl="51" sc="9" el="51" ec="10" bec="0" bev="0" fileid="3" />
              </SequencePoints>
              <BranchPoints />
              <MethodPoint xsi:type="SequencePoint" vc="0" uspid="28" ordinal="0" offset="0" sl="39" sc="9" el="39" ec="10" bec="0" bev="0" fileid="3" />
            </Method>
          </Methods>
        </Class>
        <Class>
          <Summary numSequencePoints="1" visitedSequencePoints="0" numBranchPoints="1" visitedBranchPoints="0" sequenceCoverage="0" branchCoverage="0" maxCyclomaticComplexity="1" minCyclomaticComplexity="1" maxCrapScore="2" minCrapScore="2" visitedClasses="0" numClasses="1" visitedMethods="0" numMethods="1" />
          <FullName>Projeto_NFe.WebApi.IoC.SimpleInjectorContainer/&lt;&gt;c</FullName>
          <Methods>
            <Method visited="false" cyclomaticComplexity="1" nPathComplexity="0" sequenceCoverage="0" branchCoverage="0" crapScore="2" isConstructor="true" isStatic="true" isGetter="false" isSetter="false">
              <Summary numSequencePoints="0" visitedSequencePoints="0" numBranchPoints="0" visitedBranchPoints="0" sequenceCoverage="0" branchCoverage="0" maxCyclomaticComplexity="1" minCyclomaticComplexity="1" maxCrapScore="2" minCrapScore="2" visitedClasses="0" numClasses="0" visitedMethods="0" numMethods="0" />
              <MetadataToken>100663363</MetadataToken>
              <Name>System.Void Projeto_NFe.WebApi.IoC.SimpleInjectorContainer/&lt;&gt;c::.cctor()</Name>
              <SequencePoints />
              <BranchPoints />
              <MethodPoint vc="0" uspid="41" ordinal="0" offset="0" />
            </Method>
            <Method visited="false" cyclomaticComplexity="1" nPathComplexity="0" sequenceCoverage="0" branchCoverage="0" crapScore="2" isConstructor="true" isStatic="false" isGetter="false" isSetter="false">
              <Summary numSequencePoints="0" visitedSequencePoints="0" numBranchPoints="0" visitedBranchPoints="0" sequenceCoverage="0" branchCoverage="0" maxCyclomaticComplexity="1" minCyclomaticComplexity="1" maxCrapScore="2" minCrapScore="2" visitedClasses="0" numClasses="0" visitedMethods="0" numMethods="0" />
              <MetadataToken>100663364</MetadataToken>
              <Name>System.Void Projeto_NFe.WebApi.IoC.SimpleInjectorContainer/&lt;&gt;c::.ctor()</Name>
              <SequencePoints />
              <BranchPoints />
              <MethodPoint vc="0" uspid="42" ordinal="0" offset="0" />
            </Method>
            <Method visited="false" cyclomaticComplexity="1" nPathComplexity="0" sequenceCoverage="0" branchCoverage="0" crapScore="2" isConstructor="false" isStatic="false" isGetter="false" isSetter="false">
              <Summary numSequencePoints="1" visitedSequencePoints="0" numBranchPoints="1" visitedBranchPoints="0" sequenceCoverage="0" branchCoverage="0" maxCyclomaticComplexity="1" minCyclomaticComplexity="1" maxCrapScore="2" minCrapScore="2" visitedClasses="0" numClasses="0" visitedMethods="0" numMethods="1" />
              <MetadataToken>100663365</MetadataToken>
              <Name>Projeto_NFe.Infra.ORM.Context.ProjetoNFeContext Projeto_NFe.WebApi.IoC.SimpleInjectorContainer/&lt;&gt;c::&lt;Registers&gt;b__5_0()</Name>
              <FileRef uid="3" />
              <SequencePoints>
                <SequencePoint vc="0" uspid="43" ordinal="0" offset="0" sl="50" sc="46" el="50" ec="69" bec="0" bev="0" fileid="3" />
              </SequencePoints>
              <BranchPoints />
              <MethodPoint xsi:type="SequencePoint" vc="0" uspid="43" ordinal="0" offset="0" sl="50" sc="46" el="50" ec="69" bec="0" bev="0" fileid="3" />
            </Method>
          </Methods>
        </Class>
        <Class>
          <Summary numSequencePoints="3" visitedSequencePoints="0" numBranchPoints="1" visitedBranchPoints="0" sequenceCoverage="0" branchCoverage="0" maxCyclomaticComplexity="1" minCyclomaticComplexity="1" maxCrapScore="2" minCrapScore="2" visitedClasses="0" numClasses="1" visitedMethods="0" numMethods="1" />
          <FullName>Projeto_NFe.WebApi.Filters.ExceptionHandlerAttribute</FullName>
          <Methods>
            <Method visited="false" cyclomaticComplexity="1" nPathComplexity="0" sequenceCoverage="0" branchCoverage="0" crapScore="2" isConstructor="false" isStatic="false" isGetter="false" isSetter="false">
              <Summary numSequencePoints="3" visitedSequencePoints="0" numBranchPoints="1" visitedBranchPoints="0" sequenceCoverage="0" branchCoverage="0" maxCyclomaticComplexity="1" minCyclomaticComplexity="1" maxCrapScore="2" minCrapScore="2" visitedClasses="0" numClasses="0" visitedMethods="0" numMethods="1" />
              <MetadataToken>100663311</MetadataToken>
              <Name>System.Void Projeto_NFe.WebApi.Filters.ExceptionHandlerAttribute::OnException(System.Web.Http.Filters.HttpActionExecutedContext)</Name>
              <FileRef uid="5" />
              <SequencePoints>
                <SequencePoint vc="0" uspid="44" ordinal="0" offset="0" sl="13" sc="3" el="13" ec="4" bec="0" bev="0" fileid="5" />
                <SequencePoint vc="0" uspid="45" ordinal="1" offset="1" sl="14" sc="4" el="14" ec="64" bec="0" bev="0" fileid="5" />
                <SequencePoint vc="0" uspid="46" ordinal="2" offset="14" sl="15" sc="3" el="15" ec="4" bec="0" bev="0" fileid="5" />
              </SequencePoints>
              <BranchPoints />
              <MethodPoint xsi:type="SequencePoint" vc="0" uspid="44" ordinal="0" offset="0" sl="13" sc="3" el="13" ec="4" bec="0" bev="0" fileid="5" />
            </Method>
            <Method visited="false" cyclomaticComplexity="1" nPathComplexity="0" sequenceCoverage="0" branchCoverage="0" crapScore="2" isConstructor="true" isStatic="false" isGetter="false" isSetter="false">
              <Summary numSequencePoints="0" visitedSequencePoints="0" numBranchPoints="0" visitedBranchPoints="0" sequenceCoverage="0" branchCoverage="0" maxCyclomaticComplexity="1" minCyclomaticComplexity="1" maxCrapScore="2" minCrapScore="2" visitedClasses="0" numClasses="0" visitedMethods="0" numMethods="0" />
              <MetadataToken>100663312</MetadataToken>
              <Name>System.Void Projeto_NFe.WebApi.Filters.ExceptionHandlerAttribute::.ctor()</Name>
              <SequencePoints />
              <BranchPoints />
              <MethodPoint vc="0" uspid="47" ordinal="0" offset="0" />
            </Method>
          </Methods>
        </Class>
        <Class>
          <Summary numSequencePoints="3" visitedSequencePoints="0" numBranchPoints="1" visitedBranchPoints="0" sequenceCoverage="0" branchCoverage="0" maxCyclomaticComplexity="1" minCyclomaticComplexity="1" maxCrapScore="2" minCrapScore="2" visitedClasses="0" numClasses="1" visitedMethods="0" numMethods="1" />
          <FullName>Projeto_NFe.WebApi.Extensions.ExceptionHandlingExtensions</FullName>
          <Methods>
            <Method visited="false" cyclomaticComplexity="1" nPathComplexity="0" sequenceCoverage="0" branchCoverage="0" crapScore="2" isConstructor="false" isStatic="true" isGetter="false" isSetter="false">
              <Summary numSequencePoints="3" visitedSequencePoints="0" numBranchPoints="1" visitedBranchPoints="0" sequenceCoverage="0" branchCoverage="0" maxCyclomaticComplexity="1" minCyclomaticComplexity="1" maxCrapScore="2" minCrapScore="2" visitedClasses="0" numClasses="0" visitedMethods="0" numMethods="1" />
              <MetadataToken>100663315</MetadataToken>
              <Name>System.Net.Http.HttpResponseMessage Projeto_NFe.WebApi.Extensions.ExceptionHandlingExtensions::HandleExecutedContextException(System.Web.Http.Filters.HttpActionExecutedContext)</Name>
              <FileRef uid="6" />
              <SequencePoints>
                <SequencePoint vc="0" uspid="48" ordinal="0" offset="0" sl="22" sc="3" el="22" ec="4" bec="0" bev="0" fileid="6" />
                <SequencePoint vc="0" uspid="49" ordinal="1" offset="1" sl="24" sc="4" el="24" ec="123" bec="0" bev="0" fileid="6" />
                <SequencePoint vc="0" uspid="50" ordinal="2" offset="31" sl="25" sc="3" el="25" ec="4" bec="0" bev="0" fileid="6" />
              </SequencePoints>
              <BranchPoints />
              <MethodPoint xsi:type="SequencePoint" vc="0" uspid="48" ordinal="0" offset="0" sl="22" sc="3" el="22" ec="4" bec="0" bev="0" fileid="6" />
            </Method>
          </Methods>
        </Class>
        <Class>
          <Summary numSequencePoints="9" visitedSequencePoints="0" numBranchPoints="1" visitedBranchPoints="0" sequenceCoverage="0" branchCoverage="0" maxCyclomaticComplexity="3" minCyclomaticComplexity="3" maxCrapScore="12" minCrapScore="12" visitedClasses="0" numClasses="1" visitedMethods="0" numMethods="1" />
          <FullName>Projeto_NFe.WebApi.Extensions.ValidationFailureExtensions</FullName>
          <Methods>
            <Method visited="false" cyclomaticComplexity="3" nPathComplexity="0" sequenceCoverage="0" branchCoverage="0" crapScore="12" isConstructor="false" isStatic="true" isGetter="false" isSetter="false">
              <Summary numSequencePoints="9" visitedSequencePoints="0" numBranchPoints="1" visitedBranchPoints="0" sequenceCoverage="0" branchCoverage="0" maxCyclomaticComplexity="3" minCyclomaticComplexity="3" maxCrapScore="12" minCrapScore="12" visitedClasses="0" numClasses="0" visitedMethods="0" numMethods="1" />
              <MetadataToken>100663316</MetadataToken>
              <Name>System.String Projeto_NFe.WebApi.Extensions.ValidationFailureExtensions::Errors(System.Collections.Generic.IList`1&lt;T&gt;)</Name>
              <FileRef uid="7" />
              <SequencePoints>
                <SequencePoint vc="0" uspid="51" ordinal="0" offset="0" sl="13" sc="3" el="13" ec="4" bec="0" bev="0" fileid="7" />
                <SequencePoint vc="0" uspid="52" ordinal="1" offset="1" sl="14" sc="4" el="14" ec="43" bec="0" bev="0" fileid="7" />
                <SequencePoint vc="0" uspid="53" ordinal="2" offset="7" sl="16" sc="4" el="16" ec="11" bec="0" bev="0" fileid="7" />
                <SequencePoint vc="0" uspid="54" ordinal="3" offset="8" sl="16" sc="25" el="16" ec="43" bec="0" bev="0" fileid="7" />
                <SequencePoint vc="0" uspid="55" ordinal="4" offset="17" sl="16" sc="13" el="16" ec="21" bec="0" bev="0" fileid="7" />
                <SequencePoint vc="0" uspid="56" ordinal="5" offset="24" sl="17" sc="5" el="17" ec="43" bec="0" bev="0" fileid="7" />
                <SequencePoint vc="0" uspid="57" ordinal="6" offset="52" sl="16" sc="22" el="16" ec="24" bec="0" bev="0" fileid="7" />
                <SequencePoint vc="0" uspid="58" ordinal="7" offset="73" sl="19" sc="4" el="19" ec="25" bec="0" bev="0" fileid="7" />
                <SequencePoint vc="0" uspid="59" ordinal="8" offset="82" sl="20" sc="3" el="20" ec="4" bec="0" bev="0" fileid="7" />
              </SequencePoints>
              <BranchPoints />
              <MethodPoint xsi:type="SequencePoint" vc="0" uspid="51" ordinal="0" offset="0" sl="13" sc="3" el="13" ec="4" bec="0" bev="0" fileid="7" />
            </Method>
          </Methods>
        </Class>
        <Class>
          <Summary numSequencePoints="6" visitedSequencePoints="0" numBranchPoints="3" visitedBranchPoints="0" sequenceCoverage="0" branchCoverage="0" maxCyclomaticComplexity="2" minCyclomaticComplexity="1" maxCrapScore="6" minCrapScore="2" visitedClasses="0" numClasses="1" visitedMethods="0" numMethods="1" />
          <FullName>Projeto_NFe.WebApi.Exceptions.PayLoadException</FullName>
          <Methods>
            <Method skippedDueTo="AutoImplementedProperty" visited="false" cyclomaticComplexity="1" nPathComplexity="0" sequenceCoverage="0" branchCoverage="0" crapScore="0" isConstructor="false" isStatic="false" isGetter="true" isSetter="false">
              <MetadataToken>100663317</MetadataToken>
              <Name>System.Exception Projeto_NFe.WebApi.Exceptions.PayLoadException::get_Exception()</Name>
              <FileRef uid="8" />
              <SequencePoints />
              <BranchPoints />
            </Method>
            <Method skippedDueTo="AutoImplementedProperty" visited="false" cyclomaticComplexity="1" nPathComplexity="0" sequenceCoverage="0" branchCoverage="0" crapScore="0" isConstructor="false" isStatic="false" isGetter="false" isSetter="true">
              <MetadataToken>100663318</MetadataToken>
              <Name>System.Void Projeto_NFe.WebApi.Exceptions.PayLoadException::set_Exception(System.Exception)</Name>
              <FileRef uid="8" />
              <SequencePoints />
              <BranchPoints />
            </Method>
            <Method skippedDueTo="AutoImplementedProperty" visited="false" cyclomaticComplexity="1" nPathComplexity="0" sequenceCoverage="0" branchCoverage="0" crapScore="0" isConstructor="false" isStatic="false" isGetter="true" isSetter="false">
              <MetadataToken>100663319</MetadataToken>
              <Name>System.Int32 Projeto_NFe.WebApi.Exceptions.PayLoadException::get_ErrorCode()</Name>
              <FileRef uid="8" />
              <SequencePoints />
              <BranchPoints />
            </Method>
            <Method skippedDueTo="AutoImplementedProperty" visited="false" cyclomaticComplexity="1" nPathComplexity="0" sequenceCoverage="0" branchCoverage="0" crapScore="0" isConstructor="false" isStatic="false" isGetter="false" isSetter="true">
              <MetadataToken>100663320</MetadataToken>
              <Name>System.Void Projeto_NFe.WebApi.Exceptions.PayLoadException::set_ErrorCode(System.Int32)</Name>
              <FileRef uid="8" />
              <SequencePoints />
              <BranchPoints />
            </Method>
            <Method skippedDueTo="AutoImplementedProperty" visited="false" cyclomaticComplexity="1" nPathComplexity="0" sequenceCoverage="0" branchCoverage="0" crapScore="0" isConstructor="false" isStatic="false" isGetter="true" isSetter="false">
              <MetadataToken>100663321</MetadataToken>
              <Name>System.String Projeto_NFe.WebApi.Exceptions.PayLoadException::get_ErrorMessage()</Name>
              <FileRef uid="8" />
              <SequencePoints />
              <BranchPoints />
            </Method>
            <Method skippedDueTo="AutoImplementedProperty" visited="false" cyclomaticComplexity="1" nPathComplexity="0" sequenceCoverage="0" branchCoverage="0" crapScore="0" isConstructor="false" isStatic="false" isGetter="false" isSetter="true">
              <MetadataToken>100663322</MetadataToken>
              <Name>System.Void Projeto_NFe.WebApi.Exceptions.PayLoadException::set_ErrorMessage(System.String)</Name>
              <FileRef uid="8" />
              <SequencePoints />
              <BranchPoints />
            </Method>
            <Method visited="false" cyclomaticComplexity="2" nPathComplexity="2" sequenceCoverage="0" branchCoverage="0" crapScore="6" isConstructor="false" isStatic="true" isGetter="false" isSetter="false">
              <Summary numSequencePoints="6" visitedSequencePoints="0" numBranchPoints="3" visitedBranchPoints="0" sequenceCoverage="0" branchCoverage="0" maxCyclomaticComplexity="2" minCyclomaticComplexity="2" maxCrapScore="6" minCrapScore="6" visitedClasses="0" numClasses="0" visitedMethods="0" numMethods="1" />
              <MetadataToken>100663323</MetadataToken>
              <Name>Projeto_NFe.WebApi.Exceptions.PayLoadException Projeto_NFe.WebApi.Exceptions.PayLoadException::New(T)</Name>
              <FileRef uid="8" />
              <SequencePoints>
                <SequencePoint vc="0" uspid="62" ordinal="0" offset="0" sl="15" sc="3" el="15" ec="4" bec="0" bev="0" fileid="8" />
                <SequencePoint vc="0" uspid="63" ordinal="1" offset="1" sl="17" sc="4" el="17" ec="39" bec="2" bev="0" fileid="8" />
                <SequencePoint vc="0" uspid="64" ordinal="2" offset="19" sl="18" sc="5" el="18" ec="76" bec="0" bev="0" fileid="8" />
                <SequencePoint vc="0" uspid="65" ordinal="3" offset="52" sl="20" sc="5" el="20" ec="52" bec="0" bev="0" fileid="8" />
                <SequencePoint vc="0" uspid="66" ordinal="4" offset="72" sl="21" sc="4" el="24" ec="6" bec="0" bev="0" fileid="8" />
                <SequencePoint vc="0" uspid="67" ordinal="5" offset="106" sl="25" sc="3" el="25" ec="4" bec="0" bev="0" fileid="8" />
              </SequencePoints>
              <BranchPoints>
                <BranchPoint vc="0" uspid="68" ordinal="0" offset="17" sl="17" path="0" offsetend="19" fileid="8" />
                <BranchPoint vc="0" uspid="69" ordinal="1" offset="17" sl="17" path="1" offsetend="52" fileid="8" />
              </BranchPoints>
              <MethodPoint xsi:type="SequencePoint" vc="0" uspid="62" ordinal="0" offset="0" sl="15" sc="3" el="15" ec="4" bec="0" bev="0" fileid="8" />
            </Method>
            <Method visited="false" cyclomaticComplexity="1" nPathComplexity="0" sequenceCoverage="0" branchCoverage="0" crapScore="2" isConstructor="true" isStatic="false" isGetter="false" isSetter="false">
              <Summary numSequencePoints="0" visitedSequencePoints="0" numBranchPoints="0" visitedBranchPoints="0" sequenceCoverage="0" branchCoverage="0" maxCyclomaticComplexity="1" minCyclomaticComplexity="1" maxCrapScore="2" minCrapScore="2" visitedClasses="0" numClasses="0" visitedMethods="0" numMethods="0" />
              <MetadataToken>100663324</MetadataToken>
              <Name>System.Void Projeto_NFe.WebApi.Exceptions.PayLoadException::.ctor()</Name>
              <SequencePoints />
              <BranchPoints />
              <MethodPoint vc="0" uspid="70" ordinal="0" offset="0" />
            </Method>
          </Methods>
        </Class>
        <Class>
          <Summary numSequencePoints="36" visitedSequencePoints="0" numBranchPoints="14" visitedBranchPoints="0" sequenceCoverage="0" branchCoverage="0" maxCyclomaticComplexity="4" minCyclomaticComplexity="1" maxCrapScore="20" minCrapScore="2" visitedClasses="0" numClasses="1" visitedMethods="0" numMethods="6" />
          <FullName>Projeto_NFe.WebApi.Controllers.Receivers.ReceiversController</FullName>
          <Methods>
            <Method visited="false" cyclomaticComplexity="1" nPathComplexity="0" sequenceCoverage="0" branchCoverage="0" crapScore="2" isConstructor="true" isStatic="false" isGetter="false" isSetter="false">
              <Summary numSequencePoints="4" visitedSequencePoints="0" numBranchPoints="1" visitedBranchPoints="0" sequenceCoverage="0" branchCoverage="0" maxCyclomaticComplexity="1" minCyclomaticComplexity="1" maxCrapScore="2" minCrapScore="2" visitedClasses="0" numClasses="0" visitedMethods="0" numMethods="1" />
              <MetadataToken>100663325</MetadataToken>
              <Name>System.Void Projeto_NFe.WebApi.Controllers.Receivers.ReceiversController::.ctor(Projeto_NFe.Application.Features.Receivers.IReceiverService)</Name>
              <FileRef uid="9" />
              <SequencePoints>
                <SequencePoint vc="0" uspid="71" ordinal="0" offset="0" sl="21" sc="58" el="21" ec="64" bec="0" bev="0" fileid="9" />
                <SequencePoint vc="0" uspid="72" ordinal="1" offset="7" sl="22" sc="3" el="22" ec="4" bec="0" bev="0" fileid="9" />
                <SequencePoint vc="0" uspid="73" ordinal="2" offset="8" sl="23" sc="4" el="23" ec="28" bec="0" bev="0" fileid="9" />
                <SequencePoint vc="0" uspid="74" ordinal="3" offset="15" sl="24" sc="3" el="24" ec="4" bec="0" bev="0" fileid="9" />
              </SequencePoints>
              <BranchPoints />
              <MethodPoint xsi:type="SequencePoint" vc="0" uspid="71" ordinal="0" offset="0" sl="21" sc="58" el="21" ec="64" bec="0" bev="0" fileid="9" />
            </Method>
            <Method visited="false" cyclomaticComplexity="2" nPathComplexity="2" sequenceCoverage="0" branchCoverage="0" crapScore="6" isConstructor="false" isStatic="false" isGetter="false" isSetter="false">
              <Summary numSequencePoints="6" visitedSequencePoints="0" numBranchPoints="3" visitedBranchPoints="0" sequenceCoverage="0" branchCoverage="0" maxCyclomaticComplexity="2" minCyclomaticComplexity="2" maxCrapScore="6" minCrapScore="6" visitedClasses="0" numClasses="0" visitedMethods="0" numMethods="1" />
              <MetadataToken>100663326</MetadataToken>
              <Name>System.Web.Http.IHttpActionResult Projeto_NFe.WebApi.Controllers.Receivers.ReceiversController::Add(Projeto_NFe.Application.Features.Receivers.Commands.ReceiverRegisterCommand)</Name>
              <FileRef uid="9" />
              <SequencePoints>
                <SequencePoint vc="0" uspid="75" ordinal="0" offset="0" sl="30" sc="3" el="30" ec="4" bec="0" bev="0" fileid="9" />
                <SequencePoint vc="0" uspid="76" ordinal="1" offset="1" sl="31" sc="4" el="31" ec="59" bec="0" bev="0" fileid="9" />
                <SequencePoint vc="0" uspid="77" ordinal="2" offset="8" sl="33" sc="4" el="33" ec="34" bec="2" bev="0" fileid="9" />
                <SequencePoint vc="0" uspid="78" ordinal="3" offset="21" sl="34" sc="5" el="34" ec="63" bec="0" bev="0" fileid="9" />
                <SequencePoint vc="0" uspid="79" ordinal="4" offset="36" sl="36" sc="4" el="36" ec="53" bec="0" bev="0" fileid="9" />
                <SequencePoint vc="0" uspid="80" ordinal="5" offset="57" sl="37" sc="3" el="37" ec="4" bec="0" bev="0" fileid="9" />
              </SequencePoints>
              <BranchPoints>
                <BranchPoint vc="0" uspid="81" ordinal="0" offset="19" sl="33" path="0" offsetend="21" fileid="9" />
                <BranchPoint vc="0" uspid="82" ordinal="1" offset="19" sl="33" path="1" offsetend="36" fileid="9" />
              </BranchPoints>
              <MethodPoint xsi:type="SequencePoint" vc="0" uspid="75" ordinal="0" offset="0" sl="30" sc="3" el="30" ec="4" bec="0" bev="0" fileid="9" />
            </Method>
            <Method visited="false" cyclomaticComplexity="2" nPathComplexity="2" sequenceCoverage="0" branchCoverage="0" crapScore="6" isConstructor="false" isStatic="false" isGetter="false" isSetter="false">
              <Summary numSequencePoints="6" visitedSequencePoints="0" numBranchPoints="3" visitedBranchPoints="0" sequenceCoverage="0" branchCoverage="0" maxCyclomaticComplexity="2" minCyclomaticComplexity="2" maxCrapScore="6" minCrapScore="6" visitedClasses="0" numClasses="0" visitedMethods="0" numMethods="1" />
              <MetadataToken>100663327</MetadataToken>
              <Name>System.Web.Http.IHttpActionResult Projeto_NFe.WebApi.Controllers.Receivers.ReceiversController::Update(Projeto_NFe.Application.Features.Receivers.Commands.ReceiverUpdateCommand)</Name>
              <FileRef uid="9" />
              <SequencePoints>
                <SequencePoint vc="0" uspid="83" ordinal="0" offset="0" sl="45" sc="3" el="45" ec="4" bec="0" bev="0" fileid="9" />
                <SequencePoint vc="0" uspid="84" ordinal="1" offset="1" sl="46" sc="4" el="46" ec="59" bec="0" bev="0" fileid="9" />
                <SequencePoint vc="0" uspid="85" ordinal="2" offset="8" sl="48" sc="4" el="48" ec="34" bec="2" bev="0" fileid="9" />
                <SequencePoint vc="0" uspid="86" ordinal="3" offset="21" sl="49" sc="5" el="49" ec="63" bec="0" bev="0" fileid="9" />
                <SequencePoint vc="0" uspid="87" ordinal="4" offset="36" sl="51" sc="4" el="51" ec="56" bec="0" bev="0" fileid="9" />
                <SequencePoint vc="0" uspid="88" ordinal="5" offset="57" sl="52" sc="3" el="52" ec="4" bec="0" bev="0" fileid="9" />
              </SequencePoints>
              <BranchPoints>
                <BranchPoint vc="0" uspid="89" ordinal="0" offset="19" sl="48" path="0" offsetend="21" fileid="9" />
                <BranchPoint vc="0" uspid="90" ordinal="1" offset="19" sl="48" path="1" offsetend="36" fileid="9" />
              </BranchPoints>
              <MethodPoint xsi:type="SequencePoint" vc="0" uspid="83" ordinal="0" offset="0" sl="45" sc="3" el="45" ec="4" bec="0" bev="0" fileid="9" />
            </Method>
            <Method visited="false" cyclomaticComplexity="4" nPathComplexity="2" sequenceCoverage="0" branchCoverage="0" crapScore="20" isConstructor="false" isStatic="false" isGetter="false" isSetter="false">
              <Summary numSequencePoints="11" visitedSequencePoints="0" numBranchPoints="3" visitedBranchPoints="0" sequenceCoverage="0" branchCoverage="0" maxCyclomaticComplexity="4" minCyclomaticComplexity="4" maxCrapScore="20" minCrapScore="20" visitedClasses="0" numClasses="0" visitedMethods="0" numMethods="1" />
              <MetadataToken>100663328</MetadataToken>
              <Name>System.Web.Http.IHttpActionResult Projeto_NFe.WebApi.Controllers.Receivers.ReceiversController::GetAll(Microsoft.AspNet.OData.Query.ODataQueryOptions`1&lt;Projeto_NFe.Domain.Features.Receivers.Receiver&gt;)</Name>
              <FileRef uid="9" />
              <SequencePoints>
                <SequencePoint vc="0" uspid="91" ordinal="0" offset="0" sl="61" sc="3" el="61" ec="4" bec="0" bev="0" fileid="9" />
                <SequencePoint vc="0" uspid="92" ordinal="1" offset="1" sl="62" sc="4" el="64" ec="28" bec="0" bev="0" fileid="9" />
                <SequencePoint vc="0" uspid="93" ordinal="2" offset="54" sl="66" sc="4" el="66" ec="48" bec="0" bev="0" fileid="9" />
                <SequencePoint vc="0" uspid="94" ordinal="3" offset="56" sl="67" sc="4" el="67" ec="17" bec="0" bev="0" fileid="9" />
                <SequencePoint vc="0" uspid="95" ordinal="4" offset="58" sl="68" sc="4" el="68" ec="79" bec="2" bev="0" fileid="9" />
                <SequencePoint vc="0" uspid="96" ordinal="5" offset="88" sl="68" sc="80" el="68" ec="81" bec="0" bev="0" fileid="9" />
                <SequencePoint vc="0" uspid="97" ordinal="6" offset="89" sl="69" sc="5" el="69" ec="58" bec="0" bev="0" fileid="9" />
                <SequencePoint vc="0" uspid="98" ordinal="7" offset="107" sl="70" sc="4" el="70" ec="5" bec="0" bev="0" fileid="9" />
                <SequencePoint vc="0" uspid="99" ordinal="8" offset="110" sl="71" sc="5" el="71" ec="31" bec="0" bev="0" fileid="9" />
                <SequencePoint vc="0" uspid="100" ordinal="9" offset="122" sl="73" sc="4" el="73" ec="79" bec="0" bev="0" fileid="9" />
                <SequencePoint vc="0" uspid="101" ordinal="10" offset="134" sl="74" sc="3" el="74" ec="4" bec="0" bev="0" fileid="9" />
              </SequencePoints>
              <BranchPoints>
                <BranchPoint vc="0" uspid="106" ordinal="4" offset="86" sl="68" path="0" offsetend="88" fileid="9" />
                <BranchPoint vc="0" uspid="107" ordinal="5" offset="86" sl="68" path="1" offsetend="110" fileid="9" />
              </BranchPoints>
              <MethodPoint xsi:type="SequencePoint" vc="0" uspid="91" ordinal="0" offset="0" sl="61" sc="3" el="61" ec="4" bec="0" bev="0" fileid="9" />
            </Method>
            <Method visited="false" cyclomaticComplexity="1" nPathComplexity="0" sequenceCoverage="0" branchCoverage="0" crapScore="2" isConstructor="false" isStatic="false" isGetter="false" isSetter="false">
              <Summary numSequencePoints="3" visitedSequencePoints="0" numBranchPoints="1" visitedBranchPoints="0" sequenceCoverage="0" branchCoverage="0" maxCyclomaticComplexity="1" minCyclomaticComplexity="1" maxCrapScore="2" minCrapScore="2" visitedClasses="0" numClasses="0" visitedMethods="0" numMethods="1" />
              <MetadataToken>100663329</MetadataToken>
              <Name>System.Web.Http.IHttpActionResult Projeto_NFe.WebApi.Controllers.Receivers.ReceiversController::GetById(System.Int64)</Name>
              <FileRef uid="9" />
              <SequencePoints>
                <SequencePoint vc="0" uspid="108" ordinal="0" offset="0" sl="79" sc="3" el="79" ec="4" bec="0" bev="0" fileid="9" />
                <SequencePoint vc="0" uspid="109" ordinal="1" offset="1" sl="80" sc="4" el="80" ec="74" bec="0" bev="0" fileid="9" />
                <SequencePoint vc="0" uspid="110" ordinal="2" offset="22" sl="81" sc="3" el="81" ec="4" bec="0" bev="0" fileid="9" />
              </SequencePoints>
              <BranchPoints />
              <MethodPoint xsi:type="SequencePoint" vc="0" uspid="108" ordinal="0" offset="0" sl="79" sc="3" el="79" ec="4" bec="0" bev="0" fileid="9" />
            </Method>
            <Method visited="false" cyclomaticComplexity="2" nPathComplexity="2" sequenceCoverage="0" branchCoverage="0" crapScore="6" isConstructor="false" isStatic="false" isGetter="false" isSetter="false">
              <Summary numSequencePoints="6" visitedSequencePoints="0" numBranchPoints="3" visitedBranchPoints="0" sequenceCoverage="0" branchCoverage="0" maxCyclomaticComplexity="2" minCyclomaticComplexity="2" maxCrapScore="6" minCrapScore="6" visitedClasses="0" numClasses="0" visitedMethods="0" numMethods="1" />
              <MetadataToken>100663330</MetadataToken>
              <Name>System.Web.Http.IHttpActionResult Projeto_NFe.WebApi.Controllers.Receivers.ReceiversController::Delete(Projeto_NFe.Application.Features.Receivers.Commands.ReceiverDeleteCommand)</Name>
              <FileRef uid="9" />
              <SequencePoints>
                <SequencePoint vc="0" uspid="111" ordinal="0" offset="0" sl="89" sc="3" el="89" ec="4" bec="0" bev="0" fileid="9" />
                <SequencePoint vc="0" uspid="112" ordinal="1" offset="1" sl="90" sc="4" el="90" ec="59" bec="0" bev="0" fileid="9" />
                <SequencePoint vc="0" uspid="113" ordinal="2" offset="8" sl="92" sc="4" el="92" ec="34" bec="2" bev="0" fileid="9" />
                <SequencePoint vc="0" uspid="114" ordinal="3" offset="21" sl="93" sc="5" el="93" ec="63" bec="0" bev="0" fileid="9" />
                <SequencePoint vc="0" uspid="115" ordinal="4" offset="36" sl="95" sc="4" el="95" ec="56" bec="0" bev="0" fileid="9" />
                <SequencePoint vc="0" uspid="116" ordinal="5" offset="57" sl="96" sc="3" el="96" ec="4" bec="0" bev="0" fileid="9" />
              </SequencePoints>
              <BranchPoints>
                <BranchPoint vc="0" uspid="117" ordinal="0" offset="19" sl="92" path="0" offsetend="21" fileid="9" />
                <BranchPoint vc="0" uspid="118" ordinal="1" offset="19" sl="92" path="1" offsetend="36" fileid="9" />
              </BranchPoints>
              <MethodPoint xsi:type="SequencePoint" vc="0" uspid="111" ordinal="0" offset="0" sl="89" sc="3" el="89" ec="4" bec="0" bev="0" fileid="9" />
            </Method>
          </Methods>
        </Class>
        <Class>
          <Summary numSequencePoints="1" visitedSequencePoints="0" numBranchPoints="1" visitedBranchPoints="0" sequenceCoverage="0" branchCoverage="0" maxCyclomaticComplexity="1" minCyclomaticComplexity="1" maxCrapScore="2" minCrapScore="2" visitedClasses="0" numClasses="1" visitedMethods="0" numMethods="1" />
          <FullName>Projeto_NFe.WebApi.Controllers.Receivers.ReceiversController/&lt;&gt;c</FullName>
          <Methods>
            <Method visited="false" cyclomaticComplexity="1" nPathComplexity="0" sequenceCoverage="0" branchCoverage="0" crapScore="2" isConstructor="true" isStatic="true" isGetter="false" isSetter="false">
              <Summary numSequencePoints="0" visitedSequencePoints="0" numBranchPoints="0" visitedBranchPoints="0" sequenceCoverage="0" branchCoverage="0" maxCyclomaticComplexity="1" minCyclomaticComplexity="1" maxCrapScore="2" minCrapScore="2" visitedClasses="0" numClasses="0" visitedMethods="0" numMethods="0" />
              <MetadataToken>100663370</MetadataToken>
              <Name>System.Void Projeto_NFe.WebApi.Controllers.Receivers.ReceiversController/&lt;&gt;c::.cctor()</Name>
              <SequencePoints />
              <BranchPoints />
              <MethodPoint vc="0" uspid="119" ordinal="0" offset="0" />
            </Method>
            <Method visited="false" cyclomaticComplexity="1" nPathComplexity="0" sequenceCoverage="0" branchCoverage="0" crapScore="2" isConstructor="true" isStatic="false" isGetter="false" isSetter="false">
              <Summary numSequencePoints="0" visitedSequencePoints="0" numBranchPoints="0" visitedBranchPoints="0" sequenceCoverage="0" branchCoverage="0" maxCyclomaticComplexity="1" minCyclomaticComplexity="1" maxCrapScore="2" minCrapScore="2" visitedClasses="0" numClasses="0" visitedMethods="0" numMethods="0" />
              <MetadataToken>100663371</MetadataToken>
              <Name>System.Void Projeto_NFe.WebApi.Controllers.Receivers.ReceiversController/&lt;&gt;c::.ctor()</Name>
              <SequencePoints />
              <BranchPoints />
              <MethodPoint vc="0" uspid="120" ordinal="0" offset="0" />
            </Method>
            <Method visited="false" cyclomaticComplexity="1" nPathComplexity="0" sequenceCoverage="0" branchCoverage="0" crapScore="2" isConstructor="false" isStatic="false" isGetter="false" isSetter="false">
              <Summary numSequencePoints="1" visitedSequencePoints="0" numBranchPoints="1" visitedBranchPoints="0" sequenceCoverage="0" branchCoverage="0" maxCyclomaticComplexity="1" minCyclomaticComplexity="1" maxCrapScore="2" minCrapScore="2" visitedClasses="0" numClasses="0" visitedMethods="0" numMethods="1" />
              <MetadataToken>100663372</MetadataToken>
              <Name>System.Boolean Projeto_NFe.WebApi.Controllers.Receivers.ReceiversController/&lt;&gt;c::&lt;GetAll&gt;b__4_0(System.Collections.Generic.KeyValuePair`2&lt;System.String,System.String&gt;)</Name>
              <FileRef uid="9" />
              <SequencePoints>
                <SequencePoint vc="0" uspid="121" ordinal="0" offset="0" sl="63" sc="23" el="63" ec="45" bec="0" bev="0" fileid="9" />
              </SequencePoints>
              <BranchPoints />
              <MethodPoint xsi:type="SequencePoint" vc="0" uspid="121" ordinal="0" offset="0" sl="63" sc="23" el="63" ec="45" bec="0" bev="0" fileid="9" />
            </Method>
          </Methods>
        </Class>
        <Class>
          <Summary numSequencePoints="36" visitedSequencePoints="30" numBranchPoints="14" visitedBranchPoints="10" sequenceCoverage="83.33" branchCoverage="71.43" maxCyclomaticComplexity="4" minCyclomaticComplexity="1" maxCrapScore="4.32" minCrapScore="1" visitedClasses="1" numClasses="1" visitedMethods="6" numMethods="6" />
          <FullName>Projeto_NFe.WebApi.Controllers.Features.Products.ProductsController</FullName>
          <Methods>
            <Method visited="true" cyclomaticComplexity="1" nPathComplexity="0" sequenceCoverage="100" branchCoverage="100" crapScore="1" isConstructor="true" isStatic="false" isGetter="false" isSetter="false">
              <Summary numSequencePoints="4" visitedSequencePoints="4" numBranchPoints="1" visitedBranchPoints="1" sequenceCoverage="100" branchCoverage="100" maxCyclomaticComplexity="1" minCyclomaticComplexity="1" maxCrapScore="1" minCrapScore="1" visitedClasses="0" numClasses="0" visitedMethods="1" numMethods="1" />
              <MetadataToken>100663331</MetadataToken>
              <Name>System.Void Projeto_NFe.WebApi.Controllers.Features.Products.ProductsController::.ctor(Projeto_NFe.Application.Features.Products.IProductService)</Name>
              <FileRef uid="11" />
              <SequencePoints>
                <SequencePoint vc="5" uspid="122" ordinal="0" offset="0" sl="20" sc="69" el="20" ec="75" bec="0" bev="0" fileid="11" />
                <SequencePoint vc="5" uspid="123" ordinal="1" offset="7" sl="21" sc="9" el="21" ec="10" bec="0" bev="0" fileid="11" />
                <SequencePoint vc="5" uspid="124" ordinal="2" offset="8" sl="22" sc="13" el="22" ec="46" bec="0" bev="0" fileid="11" />
                <SequencePoint vc="5" uspid="125" ordinal="3" offset="15" sl="23" sc="9" el="23" ec="10" bec="0" bev="0" fileid="11" />
              </SequencePoints>
              <BranchPoints />
              <MethodPoint xsi:type="SequencePoint" vc="5" uspid="122" ordinal="0" offset="0" sl="20" sc="69" el="20" ec="75" bec="0" bev="0" fileid="11" />
            </Method>
            <Method visited="true" cyclomaticComplexity="4" nPathComplexity="2" sequenceCoverage="72.73" branchCoverage="66.67" crapScore="4.32" isConstructor="false" isStatic="false" isGetter="false" isSetter="false">
              <Summary numSequencePoints="11" visitedSequencePoints="8" numBranchPoints="3" visitedBranchPoints="2" sequenceCoverage="72.73" branchCoverage="66.67" maxCyclomaticComplexity="4" minCyclomaticComplexity="4" maxCrapScore="4.32" minCrapScore="4.32" visitedClasses="0" numClasses="0" visitedMethods="1" numMethods="1" />
              <MetadataToken>100663332</MetadataToken>
              <Name>System.Web.Http.IHttpActionResult Projeto_NFe.WebApi.Controllers.Features.Products.ProductsController::Get(Microsoft.AspNet.OData.Query.ODataQueryOptions`1&lt;Projeto_NFe.Domain.Features.Products.Product&gt;)</Name>
              <FileRef uid="11" />
              <SequencePoints>
                <SequencePoint vc="1" uspid="126" ordinal="0" offset="0" sl="29" sc="9" el="29" ec="10" bec="0" bev="0" fileid="11" />
                <SequencePoint vc="1" uspid="127" ordinal="1" offset="1" sl="30" sc="13" el="32" ec="54" bec="0" bev="0" fileid="11" />
                <SequencePoint vc="1" uspid="128" ordinal="2" offset="54" sl="34" sc="13" el="34" ec="54" bec="0" bev="0" fileid="11" />
                <SequencePoint vc="1" uspid="129" ordinal="3" offset="56" sl="35" sc="13" el="35" ec="26" bec="0" bev="0" fileid="11" />
                <SequencePoint vc="1" uspid="130" ordinal="4" offset="58" sl="36" sc="13" el="36" ec="86" bec="2" bev="1" fileid="11" />
                <SequencePoint vc="0" uspid="131" ordinal="5" offset="88" sl="37" sc="13" el="37" ec="14" bec="0" bev="0" fileid="11" />
                <SequencePoint vc="0" uspid="132" ordinal="6" offset="89" sl="38" sc="17" el="38" ec="72" bec="0" bev="0" fileid="11" />
                <SequencePoint vc="0" uspid="133" ordinal="7" offset="107" sl="39" sc="13" el="39" ec="14" bec="0" bev="0" fileid="11" />
                <SequencePoint vc="1" uspid="134" ordinal="8" offset="110" sl="41" sc="17" el="41" ec="50" bec="0" bev="0" fileid="11" />
                <SequencePoint vc="1" uspid="135" ordinal="9" offset="122" sl="43" sc="13" el="43" ec="84" bec="0" bev="0" fileid="11" />
                <SequencePoint vc="1" uspid="136" ordinal="10" offset="134" sl="44" sc="9" el="44" ec="10" bec="0" bev="0" fileid="11" />
              </SequencePoints>
              <BranchPoints>
                <BranchPoint vc="0" uspid="141" ordinal="4" offset="86" sl="36" path="0" offsetend="88" fileid="11" />
                <BranchPoint vc="1" uspid="142" ordinal="5" offset="86" sl="36" path="1" offsetend="110" fileid="11" />
              </BranchPoints>
              <MethodPoint xsi:type="SequencePoint" vc="1" uspid="126" ordinal="0" offset="0" sl="29" sc="9" el="29" ec="10" bec="0" bev="0" fileid="11" />
            </Method>
            <Method visited="true" cyclomaticComplexity="1" nPathComplexity="0" sequenceCoverage="100" branchCoverage="100" crapScore="1" isConstructor="false" isStatic="false" isGetter="false" isSetter="false">
              <Summary numSequencePoints="3" visitedSequencePoints="3" numBranchPoints="1" visitedBranchPoints="1" sequenceCoverage="100" branchCoverage="100" maxCyclomaticComplexity="1" minCyclomaticComplexity="1" maxCrapScore="1" minCrapScore="1" visitedClasses="0" numClasses="0" visitedMethods="1" numMethods="1" />
              <MetadataToken>100663333</MetadataToken>
              <Name>System.Web.Http.IHttpActionResult Projeto_NFe.WebApi.Controllers.Features.Products.ProductsController::GetById(System.Int32)</Name>
              <FileRef uid="11" />
              <SequencePoints>
                <SequencePoint vc="1" uspid="143" ordinal="0" offset="0" sl="48" sc="9" el="48" ec="10" bec="0" bev="0" fileid="11" />
                <SequencePoint vc="1" uspid="144" ordinal="1" offset="1" sl="49" sc="13" el="49" ec="84" bec="0" bev="0" fileid="11" />
                <SequencePoint vc="1" uspid="145" ordinal="2" offset="23" sl="50" sc="9" el="50" ec="10" bec="0" bev="0" fileid="11" />
              </SequencePoints>
              <BranchPoints />
              <MethodPoint xsi:type="SequencePoint" vc="1" uspid="143" ordinal="0" offset="0" sl="48" sc="9" el="48" ec="10" bec="0" bev="0" fileid="11" />
            </Method>
            <Method visited="true" cyclomaticComplexity="2" nPathComplexity="2" sequenceCoverage="83.33" branchCoverage="66.67" crapScore="2.02" isConstructor="false" isStatic="false" isGetter="false" isSetter="false">
              <Summary numSequencePoints="6" visitedSequencePoints="5" numBranchPoints="3" visitedBranchPoints="2" sequenceCoverage="83.33" branchCoverage="66.67" maxCyclomaticComplexity="2" minCyclomaticComplexity="2" maxCrapScore="2.02" minCrapScore="2.02" visitedClasses="0" numClasses="0" visitedMethods="1" numMethods="1" />
              <MetadataToken>100663334</MetadataToken>
              <Name>System.Web.Http.IHttpActionResult Projeto_NFe.WebApi.Controllers.Features.Products.ProductsController::Post(Projeto_NFe.Application.Features.Products.Commands.ProductCommandRegister)</Name>
              <FileRef uid="11" />
              <SequencePoints>
                <SequencePoint vc="1" uspid="146" ordinal="0" offset="0" sl="56" sc="9" el="56" ec="10" bec="0" bev="0" fileid="11" />
                <SequencePoint vc="1" uspid="147" ordinal="1" offset="1" sl="57" sc="13" el="57" ec="51" bec="0" bev="0" fileid="11" />
                <SequencePoint vc="1" uspid="148" ordinal="2" offset="8" sl="58" sc="13" el="58" ec="36" bec="2" bev="1" fileid="11" />
                <SequencePoint vc="0" uspid="149" ordinal="3" offset="21" sl="59" sc="17" el="59" ec="66" bec="0" bev="0" fileid="11" />
                <SequencePoint vc="1" uspid="150" ordinal="4" offset="36" sl="61" sc="13" el="61" ec="68" bec="0" bev="0" fileid="11" />
                <SequencePoint vc="1" uspid="151" ordinal="5" offset="57" sl="62" sc="9" el="62" ec="10" bec="0" bev="0" fileid="11" />
              </SequencePoints>
              <BranchPoints>
                <BranchPoint vc="0" uspid="152" ordinal="0" offset="19" sl="58" path="0" offsetend="21" fileid="11" />
                <BranchPoint vc="1" uspid="153" ordinal="1" offset="19" sl="58" path="1" offsetend="36" fileid="11" />
              </BranchPoints>
              <MethodPoint xsi:type="SequencePoint" vc="1" uspid="146" ordinal="0" offset="0" sl="56" sc="9" el="56" ec="10" bec="0" bev="0" fileid="11" />
            </Method>
            <Method visited="true" cyclomaticComplexity="2" nPathComplexity="2" sequenceCoverage="83.33" branchCoverage="66.67" crapScore="2.02" isConstructor="false" isStatic="false" isGetter="false" isSetter="false">
              <Summary numSequencePoints="6" visitedSequencePoints="5" numBranchPoints="3" visitedBranchPoints="2" sequenceCoverage="83.33" branchCoverage="66.67" maxCyclomaticComplexity="2" minCyclomaticComplexity="2" maxCrapScore="2.02" minCrapScore="2.02" visitedClasses="0" numClasses="0" visitedMethods="1" numMethods="1" />
              <MetadataToken>100663335</MetadataToken>
              <Name>System.Web.Http.IHttpActionResult Projeto_NFe.WebApi.Controllers.Features.Products.ProductsController::Update(Projeto_NFe.Application.Features.Products.Commands.ProductCommandUpdate)</Name>
              <FileRef uid="11" />
              <SequencePoints>
                <SequencePoint vc="1" uspid="154" ordinal="0" offset="0" sl="69" sc="9" el="69" ec="10" bec="0" bev="0" fileid="11" />
                <SequencePoint vc="1" uspid="155" ordinal="1" offset="1" sl="70" sc="13" el="70" ec="48" bec="0" bev="0" fileid="11" />
                <SequencePoint vc="1" uspid="156" ordinal="2" offset="8" sl="72" sc="13" el="72" ec="36" bec="2" bev="1" fileid="11" />
                <SequencePoint vc="0" uspid="157" ordinal="3" offset="21" sl="73" sc="17" el="73" ec="66" bec="0" bev="0" fileid="11" />
                <SequencePoint vc="1" uspid="158" ordinal="4" offset="36" sl="75" sc="13" el="75" ec="68" bec="0" bev="0" fileid="11" />
                <SequencePoint vc="1" uspid="159" ordinal="5" offset="57" sl="76" sc="9" el="76" ec="10" bec="0" bev="0" fileid="11" />
              </SequencePoints>
              <BranchPoints>
                <BranchPoint vc="0" uspid="160" ordinal="0" offset="19" sl="72" path="0" offsetend="21" fileid="11" />
                <BranchPoint vc="1" uspid="161" ordinal="1" offset="19" sl="72" path="1" offsetend="36" fileid="11" />
              </BranchPoints>
              <MethodPoint xsi:type="SequencePoint" vc="1" uspid="154" ordinal="0" offset="0" sl="69" sc="9" el="69" ec="10" bec="0" bev="0" fileid="11" />
            </Method>
            <Method visited="true" cyclomaticComplexity="2" nPathComplexity="2" sequenceCoverage="83.33" branchCoverage="66.67" crapScore="2.02" isConstructor="false" isStatic="false" isGetter="false" isSetter="false">
              <Summary numSequencePoints="6" visitedSequencePoints="5" numBranchPoints="3" visitedBranchPoints="2" sequenceCoverage="83.33" branchCoverage="66.67" maxCyclomaticComplexity="2" minCyclomaticComplexity="2" maxCrapScore="2.02" minCrapScore="2.02" visitedClasses="0" numClasses="0" visitedMethods="1" numMethods="1" />
              <MetadataToken>100663336</MetadataToken>
              <Name>System.Web.Http.IHttpActionResult Projeto_NFe.WebApi.Controllers.Features.Products.ProductsController::Delete(Projeto_NFe.Application.Features.Products.Commands.ProductCommandDelete)</Name>
              <FileRef uid="11" />
              <SequencePoints>
                <SequencePoint vc="1" uspid="162" ordinal="0" offset="0" sl="83" sc="9" el="83" ec="10" bec="0" bev="0" fileid="11" />
                <SequencePoint vc="1" uspid="163" ordinal="1" offset="1" sl="84" sc="13" el="84" ec="48" bec="0" bev="0" fileid="11" />
                <SequencePoint vc="1" uspid="164" ordinal="2" offset="8" sl="86" sc="13" el="86" ec="36" bec="2" bev="1" fileid="11" />
                <SequencePoint vc="0" uspid="165" ordinal="3" offset="21" sl="87" sc="17" el="87" ec="66" bec="0" bev="0" fileid="11" />
                <SequencePoint vc="1" uspid="166" ordinal="4" offset="36" sl="89" sc="13" el="89" ec="68" bec="0" bev="0" fileid="11" />
                <SequencePoint vc="1" uspid="167" ordinal="5" offset="57" sl="90" sc="9" el="90" ec="10" bec="0" bev="0" fileid="11" />
              </SequencePoints>
              <BranchPoints>
                <BranchPoint vc="0" uspid="168" ordinal="0" offset="19" sl="86" path="0" offsetend="21" fileid="11" />
                <BranchPoint vc="1" uspid="169" ordinal="1" offset="19" sl="86" path="1" offsetend="36" fileid="11" />
              </BranchPoints>
              <MethodPoint xsi:type="SequencePoint" vc="1" uspid="162" ordinal="0" offset="0" sl="83" sc="9" el="83" ec="10" bec="0" bev="0" fileid="11" />
            </Method>
          </Methods>
        </Class>
        <Class>
          <Summary numSequencePoints="1" visitedSequencePoints="0" numBranchPoints="1" visitedBranchPoints="0" sequenceCoverage="0" branchCoverage="0" maxCyclomaticComplexity="1" minCyclomaticComplexity="1" maxCrapScore="2" minCrapScore="2" visitedClasses="0" numClasses="1" visitedMethods="0" numMethods="1" />
          <FullName>Projeto_NFe.WebApi.Controllers.Features.Products.ProductsController/&lt;&gt;c</FullName>
          <Methods>
            <Method visited="false" cyclomaticComplexity="1" nPathComplexity="0" sequenceCoverage="0" branchCoverage="0" crapScore="2" isConstructor="true" isStatic="true" isGetter="false" isSetter="false">
              <Summary numSequencePoints="0" visitedSequencePoints="0" numBranchPoints="0" visitedBranchPoints="0" sequenceCoverage="0" branchCoverage="0" maxCyclomaticComplexity="1" minCyclomaticComplexity="1" maxCrapScore="2" minCrapScore="2" visitedClasses="0" numClasses="0" visitedMethods="0" numMethods="0" />
              <MetadataToken>100663373</MetadataToken>
              <Name>System.Void Projeto_NFe.WebApi.Controllers.Features.Products.ProductsController/&lt;&gt;c::.cctor()</Name>
              <SequencePoints />
              <BranchPoints />
              <MethodPoint vc="0" uspid="170" ordinal="0" offset="0" />
            </Method>
            <Method visited="false" cyclomaticComplexity="1" nPathComplexity="0" sequenceCoverage="0" branchCoverage="0" crapScore="2" isConstructor="true" isStatic="false" isGetter="false" isSetter="false">
              <Summary numSequencePoints="0" visitedSequencePoints="0" numBranchPoints="0" visitedBranchPoints="0" sequenceCoverage="0" branchCoverage="0" maxCyclomaticComplexity="1" minCyclomaticComplexity="1" maxCrapScore="2" minCrapScore="2" visitedClasses="0" numClasses="0" visitedMethods="0" numMethods="0" />
              <MetadataToken>100663374</MetadataToken>
              <Name>System.Void Projeto_NFe.WebApi.Controllers.Features.Products.ProductsController/&lt;&gt;c::.ctor()</Name>
              <SequencePoints />
              <BranchPoints />
              <MethodPoint vc="0" uspid="171" ordinal="0" offset="0" />
            </Method>
            <Method visited="false" cyclomaticComplexity="1" nPathComplexity="0" sequenceCoverage="0" branchCoverage="0" crapScore="2" isConstructor="false" isStatic="false" isGetter="false" isSetter="false">
              <Summary numSequencePoints="1" visitedSequencePoints="0" numBranchPoints="1" visitedBranchPoints="0" sequenceCoverage="0" branchCoverage="0" maxCyclomaticComplexity="1" minCyclomaticComplexity="1" maxCrapScore="2" minCrapScore="2" visitedClasses="0" numClasses="0" visitedMethods="0" numMethods="1" />
              <MetadataToken>100663375</MetadataToken>
              <Name>System.Boolean Projeto_NFe.WebApi.Controllers.Features.Products.ProductsController/&lt;&gt;c::&lt;Get&gt;b__2_0(System.Collections.Generic.KeyValuePair`2&lt;System.String,System.String&gt;)</Name>
              <FileRef uid="11" />
              <SequencePoints>
                <SequencePoint vc="0" uspid="172" ordinal="0" offset="0" sl="31" sc="48" el="31" ec="68" bec="0" bev="0" fileid="11" />
              </SequencePoints>
              <BranchPoints />
              <MethodPoint xsi:type="SequencePoint" vc="0" uspid="172" ordinal="0" offset="0" sl="31" sc="48" el="31" ec="68" bec="0" bev="0" fileid="11" />
            </Method>
          </Methods>
        </Class>
        <Class>
          <Summary numSequencePoints="28" visitedSequencePoints="28" numBranchPoints="12" visitedBranchPoints="12" sequenceCoverage="100" branchCoverage="100" maxCyclomaticComplexity="2" minCyclomaticComplexity="1" maxCrapScore="2" minCrapScore="1" visitedClasses="1" numClasses="1" visitedMethods="6" numMethods="6" />
          <FullName>Projeto_NFe.WebApi.Controllers.Emitters.EmittersController</FullName>
          <Methods>
            <Method visited="true" cyclomaticComplexity="1" nPathComplexity="0" sequenceCoverage="100" branchCoverage="100" crapScore="1" isConstructor="true" isStatic="false" isGetter="false" isSetter="false">
              <Summary numSequencePoints="4" visitedSequencePoints="4" numBranchPoints="1" visitedBranchPoints="1" sequenceCoverage="100" branchCoverage="100" maxCyclomaticComplexity="1" minCyclomaticComplexity="1" maxCrapScore="1" minCrapScore="1" visitedClasses="0" numClasses="0" visitedMethods="1" numMethods="1" />
              <MetadataToken>100663337</MetadataToken>
              <Name>System.Void Projeto_NFe.WebApi.Controllers.Emitters.EmittersController::.ctor(Projeto_NFe.Application.Features.Emitters.IEmitterService)</Name>
              <FileRef uid="13" />
              <SequencePoints>
                <SequencePoint vc="8" uspid="173" ordinal="0" offset="0" sl="21" sc="56" el="21" ec="62" bec="0" bev="0" fileid="13" />
                <SequencePoint vc="8" uspid="174" ordinal="1" offset="7" sl="22" sc="3" el="22" ec="4" bec="0" bev="0" fileid="13" />
                <SequencePoint vc="8" uspid="175" ordinal="2" offset="8" sl="23" sc="4" el="23" ec="27" bec="0" bev="0" fileid="13" />
                <SequencePoint vc="8" uspid="176" ordinal="3" offset="15" sl="24" sc="3" el="24" ec="4" bec="0" bev="0" fileid="13" />
              </SequencePoints>
              <BranchPoints />
              <MethodPoint xsi:type="SequencePoint" vc="8" uspid="173" ordinal="0" offset="0" sl="21" sc="56" el="21" ec="62" bec="0" bev="0" fileid="13" />
            </Method>
            <Method visited="true" cyclomaticComplexity="2" nPathComplexity="2" sequenceCoverage="100" branchCoverage="100" crapScore="2" isConstructor="false" isStatic="false" isGetter="false" isSetter="false">
              <Summary numSequencePoints="6" visitedSequencePoints="6" numBranchPoints="3" visitedBranchPoints="3" sequenceCoverage="100" branchCoverage="100" maxCyclomaticComplexity="2" minCyclomaticComplexity="2" maxCrapScore="2" minCrapScore="2" visitedClasses="0" numClasses="0" visitedMethods="1" numMethods="1" />
              <MetadataToken>100663338</MetadataToken>
              <Name>System.Web.Http.IHttpActionResult Projeto_NFe.WebApi.Controllers.Emitters.EmittersController::Add(Projeto_NFe.Application.Features.Emitters.Commands.EmitterRegisterCommand)</Name>
              <FileRef uid="13" />
              <SequencePoints>
                <SequencePoint vc="2" uspid="177" ordinal="0" offset="0" sl="30" sc="3" el="30" ec="4" bec="0" bev="0" fileid="13" />
                <SequencePoint vc="2" uspid="178" ordinal="1" offset="1" sl="31" sc="4" el="31" ec="59" bec="0" bev="0" fileid="13" />
                <SequencePoint vc="2" uspid="179" ordinal="2" offset="8" sl="33" sc="4" el="33" ec="34" bec="2" bev="2" fileid="13" />
                <SequencePoint vc="1" uspid="180" ordinal="3" offset="21" sl="34" sc="5" el="34" ec="61" bec="0" bev="0" fileid="13" />
                <SequencePoint vc="1" uspid="181" ordinal="4" offset="36" sl="36" sc="4" el="36" ec="48" bec="0" bev="0" fileid="13" />
                <SequencePoint vc="2" uspid="182" ordinal="5" offset="57" sl="37" sc="3" el="37" ec="4" bec="0" bev="0" fileid="13" />
              </SequencePoints>
              <BranchPoints>
                <BranchPoint vc="1" uspid="183" ordinal="0" offset="19" sl="33" path="0" offsetend="21" fileid="13" />
                <BranchPoint vc="1" uspid="184" ordinal="1" offset="19" sl="33" path="1" offsetend="36" fileid="13" />
              </BranchPoints>
              <MethodPoint xsi:type="SequencePoint" vc="2" uspid="177" ordinal="0" offset="0" sl="30" sc="3" el="30" ec="4" bec="0" bev="0" fileid="13" />
            </Method>
            <Method visited="true" cyclomaticComplexity="2" nPathComplexity="2" sequenceCoverage="100" branchCoverage="100" crapScore="2" isConstructor="false" isStatic="false" isGetter="false" isSetter="false">
              <Summary numSequencePoints="6" visitedSequencePoints="6" numBranchPoints="3" visitedBranchPoints="3" sequenceCoverage="100" branchCoverage="100" maxCyclomaticComplexity="2" minCyclomaticComplexity="2" maxCrapScore="2" minCrapScore="2" visitedClasses="0" numClasses="0" visitedMethods="1" numMethods="1" />
              <MetadataToken>100663339</MetadataToken>
              <Name>System.Web.Http.IHttpActionResult Projeto_NFe.WebApi.Controllers.Emitters.EmittersController::Update(Projeto_NFe.Application.Features.Emitters.Commands.EmitterUpdateCommand)</Name>
              <FileRef uid="13" />
              <SequencePoints>
                <SequencePoint vc="2" uspid="185" ordinal="0" offset="0" sl="45" sc="3" el="45" ec="4" bec="0" bev="0" fileid="13" />
                <SequencePoint vc="2" uspid="186" ordinal="1" offset="1" sl="46" sc="4" el="46" ec="59" bec="0" bev="0" fileid="13" />
                <SequencePoint vc="2" uspid="187" ordinal="2" offset="8" sl="48" sc="4" el="48" ec="34" bec="2" bev="2" fileid="13" />
                <SequencePoint vc="1" uspid="188" ordinal="3" offset="21" sl="49" sc="5" el="49" ec="61" bec="0" bev="0" fileid="13" />
                <SequencePoint vc="1" uspid="189" ordinal="4" offset="36" sl="51" sc="4" el="51" ec="51" bec="0" bev="0" fileid="13" />
                <SequencePoint vc="2" uspid="190" ordinal="5" offset="57" sl="52" sc="3" el="52" ec="4" bec="0" bev="0" fileid="13" />
              </SequencePoints>
              <BranchPoints>
                <BranchPoint vc="1" uspid="191" ordinal="0" offset="19" sl="48" path="0" offsetend="21" fileid="13" />
                <BranchPoint vc="1" uspid="192" ordinal="1" offset="19" sl="48" path="1" offsetend="36" fileid="13" />
              </BranchPoints>
              <MethodPoint xsi:type="SequencePoint" vc="2" uspid="185" ordinal="0" offset="0" sl="45" sc="3" el="45" ec="4" bec="0" bev="0" fileid="13" />
            </Method>
            <Method visited="true" cyclomaticComplexity="1" nPathComplexity="0" sequenceCoverage="100" branchCoverage="100" crapScore="1" isConstructor="false" isStatic="false" isGetter="false" isSetter="false">
              <Summary numSequencePoints="3" visitedSequencePoints="3" numBranchPoints="1" visitedBranchPoints="1" sequenceCoverage="100" branchCoverage="100" maxCyclomaticComplexity="1" minCyclomaticComplexity="1" maxCrapScore="1" minCrapScore="1" visitedClasses="0" numClasses="0" visitedMethods="1" numMethods="1" />
              <MetadataToken>100663340</MetadataToken>
              <Name>System.Web.Http.IHttpActionResult Projeto_NFe.WebApi.Controllers.Emitters.EmittersController::Get(Microsoft.AspNet.OData.Query.ODataQueryOptions`1&lt;Projeto_NFe.Domain.Features.Emitters.Emitter&gt;)</Name>
              <FileRef uid="13" />
              <SequencePoints>
                <SequencePoint vc="1" uspid="193" ordinal="0" offset="0" sl="61" sc="3" el="61" ec="4" bec="0" bev="0" fileid="13" />
                <SequencePoint vc="1" uspid="194" ordinal="1" offset="1" sl="62" sc="4" el="62" ec="86" bec="0" bev="0" fileid="13" />
                <SequencePoint vc="1" uspid="195" ordinal="2" offset="22" sl="63" sc="3" el="63" ec="4" bec="0" bev="0" fileid="13" />
              </SequencePoints>
              <BranchPoints />
              <MethodPoint xsi:type="SequencePoint" vc="1" uspid="193" ordinal="0" offset="0" sl="61" sc="3" el="61" ec="4" bec="0" bev="0" fileid="13" />
            </Method>
            <Method visited="true" cyclomaticComplexity="1" nPathComplexity="0" sequenceCoverage="100" branchCoverage="100" crapScore="1" isConstructor="false" isStatic="false" isGetter="false" isSetter="false">
              <Summary numSequencePoints="3" visitedSequencePoints="3" numBranchPoints="1" visitedBranchPoints="1" sequenceCoverage="100" branchCoverage="100" maxCyclomaticComplexity="1" minCyclomaticComplexity="1" maxCrapScore="1" minCrapScore="1" visitedClasses="0" numClasses="0" visitedMethods="1" numMethods="1" />
              <MetadataToken>100663341</MetadataToken>
              <Name>System.Web.Http.IHttpActionResult Projeto_NFe.WebApi.Controllers.Emitters.EmittersController::GetById(System.Int32)</Name>
              <FileRef uid="13" />
              <SequencePoints>
                <SequencePoint vc="1" uspid="196" ordinal="0" offset="0" sl="68" sc="3" el="68" ec="4" bec="0" bev="0" fileid="13" />
                <SequencePoint vc="1" uspid="197" ordinal="1" offset="1" sl="69" sc="4" el="69" ec="67" bec="0" bev="0" fileid="13" />
                <SequencePoint vc="1" uspid="198" ordinal="2" offset="23" sl="70" sc="3" el="70" ec="4" bec="0" bev="0" fileid="13" />
              </SequencePoints>
              <BranchPoints />
              <MethodPoint xsi:type="SequencePoint" vc="1" uspid="196" ordinal="0" offset="0" sl="68" sc="3" el="68" ec="4" bec="0" bev="0" fileid="13" />
            </Method>
[...]
          <FullName>Projeto_NFe.Infra.ORM.Features.Conveyors.ConveyorsConfiguration</FullName>
          <Methods>
            <Method visited="false" cyclomaticComplexity="1" nPathComplexity="0" sequenceCoverage="0" branchCoverage="0" crapScore="2" isConstructor="true" isStatic="false" isGetter="false" isSetter="false">
              <Summary numSequencePoints="14" visitedSequencePoints="0" numBranchPoints="1" visitedBranchPoints="0" sequenceCoverage="0" branchCoverage="0" maxCyclomaticComplexity="1" minCyclomaticComplexity="1" maxCrapScore="2" minCrapScore="2" visitedClasses="0" numClasses="0" visitedMethods="0" numMethods="1" />
              <MetadataToken>100663334</MetadataToken>
              <Name>System.Void Projeto_NFe.Infra.ORM.Features.Conveyors.ConveyorsConfiguration::.ctor()</Name>
              <FileRef uid="176" />
              <SequencePoints>
                <SequencePoint vc="0" uspid="1133" ordinal="0" offset="0" sl="13" sc="9" el="13" ec="40" bec="0" bev="0" fileid="176" />
                <SequencePoint vc="0" uspid="1134" ordinal="1" offset="7" sl="14" sc="9" el="14" ec="10" bec="0" bev="0" fileid="176" />
                <SequencePoint vc="0" uspid="1135" ordinal="2" offset="8" sl="15" sc="13" el="15" ec="35" bec="0" bev="0" fileid="176" />
                <SequencePoint vc="0" uspid="1136" ordinal="3" offset="20" sl="16" sc="13" el="16" ec="61" bec="0" bev="0" fileid="176" />
                <SequencePoint vc="0" uspid="1137" ordinal="4" offset="94" sl="17" sc="13" el="17" ec="65" bec="0" bev="0" fileid="176" />
                <SequencePoint vc="0" uspid="1138" ordinal="5" offset="163" sl="18" sc="13" el="18" ec="48" bec="0" bev="0" fileid="176" />
                <SequencePoint vc="0" uspid="1139" ordinal="6" offset="232" sl="19" sc="13" el="19" ec="51" bec="0" bev="0" fileid="176" />
                <SequencePoint vc="0" uspid="1140" ordinal="7" offset="301" sl="20" sc="13" el="20" ec="59" bec="0" bev="0" fileid="176" />
                <SequencePoint vc="0" uspid="1141" ordinal="8" offset="370" sl="21" sc="13" el="21" ec="58" bec="0" bev="0" fileid="176" />
                <SequencePoint vc="0" uspid="1142" ordinal="9" offset="459" sl="22" sc="13" el="22" ec="58" bec="0" bev="0" fileid="176" />
                <SequencePoint vc="0" uspid="1143" ordinal="10" offset="548" sl="23" sc="13" el="23" ec="65" bec="0" bev="0" fileid="176" />
                <SequencePoint vc="0" uspid="1144" ordinal="11" offset="637" sl="24" sc="13" el="24" ec="56" bec="0" bev="0" fileid="176" />
                <SequencePoint vc="0" uspid="1145" ordinal="12" offset="726" sl="25" sc="13" el="25" ec="57" bec="0" bev="0" fileid="176" />
                <SequencePoint vc="0" uspid="1146" ordinal="13" offset="815" sl="26" sc="9" el="26" ec="10" bec="0" bev="0" fileid="176" />
              </SequencePoints>
              <BranchPoints />
              <MethodPoint xsi:type="SequencePoint" vc="0" uspid="1133" ordinal="0" offset="0" sl="13" sc="9" el="13" ec="40" bec="0" bev="0" fileid="176" />
            </Method>
          </Methods>
        </Class>
        <Class>
          <Summary numSequencePoints="0" visitedSequencePoints="0" numBranchPoints="0" visitedBranchPoints="0" sequenceCoverage="0" branchCoverage="0" maxCyclomaticComplexity="1" minCyclomaticComplexity="1" maxCrapScore="2" minCrapScore="2" visitedClasses="0" numClasses="0" visitedMethods="0" numMethods="0" />
          <FullName>Projeto_NFe.Infra.ORM.Features.Conveyors.ConveyorsConfiguration/&lt;&gt;c</FullName>
          <Methods>
            <Method visited="false" cyclomaticComplexity="1" nPathComplexity="0" sequenceCoverage="0" branchCoverage="0" crapScore="2" isConstructor="true" isStatic="true" isGetter="false" isSetter="false">
              <Summary numSequencePoints="0" visitedSequencePoints="0" numBranchPoints="0" visitedBranchPoints="0" sequenceCoverage="0" branchCoverage="0" maxCyclomaticComplexity="1" minCyclomaticComplexity="1" maxCrapScore="2" minCrapScore="2" visitedClasses="0" numClasses="0" visitedMethods="0" numMethods="0" />
              <MetadataToken>100663371</MetadataToken>
              <Name>System.Void Projeto_NFe.Infra.ORM.Features.Conveyors.ConveyorsConfiguration/&lt;&gt;c::.cctor()</Name>
              <SequencePoints />
              <BranchPoints />
              <MethodPoint vc="0" uspid="1147" ordinal="0" offset="0" />
            </Method>
            <Method visited="false" cyclomaticComplexity="1" nPathComplexity="0" sequenceCoverage="0" branchCoverage="0" crapScore="2" isConstructor="true" isStatic="false" isGetter="false" isSetter="false">
              <Summary numSequencePoints="0" visitedSequencePoints="0" numBranchPoints="0" visitedBranchPoints="0" sequenceCoverage="0" branchCoverage="0" maxCyclomaticComplexity="1" minCyclomaticComplexity="1" maxCrapScore="2" minCrapScore="2" visitedClasses="0" numClasses="0" visitedMethods="0" numMethods="0" />
              <MetadataToken>100663372</MetadataToken>
              <Name>System.Void Projeto_NFe.Infra.ORM.Features.Conveyors.ConveyorsConfiguration/&lt;&gt;c::.ctor()</Name>
              <SequencePoints />
              <BranchPoints />
              <MethodPoint vc="0" uspid="1148" ordinal="0" offset="0" />
            </Method>
          </Methods>
        </Class>
        <Class>
          <Summary numSequencePoints="20" visitedSequencePoints="0" numBranchPoints="4" visitedBranchPoints="0" sequenceCoverage="0" branchCoverage="0" maxCyclomaticComplexity="1" minCyclomaticComplexity="1" maxCrapScore="2" minCrapScore="2" visitedClasses="0" numClasses="1" visitedMethods="0" numMethods="4" />
          <FullName>Projeto_NFe.Infra.ORM.Context.ProjetoNFeContext</FullName>
          <Methods>
            <Method skippedDueTo="AutoImplementedProperty" visited="false" cyclomaticComplexity="1" nPathComplexity="0" sequenceCoverage="0" branchCoverage="0" crapScore="0" isConstructor="false" isStatic="false" isGetter="true" isSetter="false">
              <MetadataToken>100663341</MetadataToken>
              <Name>System.Data.Entity.DbSet`1&lt;Projeto_NFe.Domain.Features.Conveyors.Conveyor&gt; Projeto_NFe.Infra.ORM.Context.ProjetoNFeContext::get_Conveyors()</Name>
              <FileRef uid="177" />
              <SequencePoints />
              <BranchPoints />
            </Method>
            <Method skippedDueTo="AutoImplementedProperty" visited="false" cyclomaticComplexity="1" nPathComplexity="0" sequenceCoverage="0" branchCoverage="0" crapScore="0" isConstructor="false" isStatic="false" isGetter="false" isSetter="true">
              <MetadataToken>100663342</MetadataToken>
              <Name>System.Void Projeto_NFe.Infra.ORM.Context.ProjetoNFeContext::set_Conveyors(System.Data.Entity.DbSet`1&lt;Projeto_NFe.Domain.Features.Conveyors.Conveyor&gt;)</Name>
              <FileRef uid="177" />
              <SequencePoints />
              <BranchPoints />
            </Method>
            <Method skippedDueTo="AutoImplementedProperty" visited="false" cyclomaticComplexity="1" nPathComplexity="0" sequenceCoverage="0" branchCoverage="0" crapScore="0" isConstructor="false" isStatic="false" isGetter="true" isSetter="false">
              <MetadataToken>100663343</MetadataToken>
              <Name>System.Data.Entity.DbSet`1&lt;Projeto_NFe.Domain.Features.Emitters.Emitter&gt; Projeto_NFe.Infra.ORM.Context.ProjetoNFeContext::get_Emitters()</Name>
              <FileRef uid="177" />
              <SequencePoints />
              <BranchPoints />
            </Method>
            <Method skippedDueTo="AutoImplementedProperty" visited="false" cyclomaticComplexity="1" nPathComplexity="0" sequenceCoverage="0" branchCoverage="0" crapScore="0" isConstructor="false" isStatic="false" isGetter="false" isSetter="true">
              <MetadataToken>100663344</MetadataToken>
              <Name>System.Void Projeto_NFe.Infra.ORM.Context.ProjetoNFeContext::set_Emitters(System.Data.Entity.DbSet`1&lt;Projeto_NFe.Domain.Features.Emitters.Emitter&gt;)</Name>
              <FileRef uid="177" />
              <SequencePoints />
              <BranchPoints />
            </Method>
            <Method skippedDueTo="AutoImplementedProperty" visited="false" cyclomaticComplexity="1" nPathComplexity="0" sequenceCoverage="0" branchCoverage="0" crapScore="0" isConstructor="false" isStatic="false" isGetter="true" isSetter="false">
              <MetadataToken>100663345</MetadataToken>
              <Name>System.Data.Entity.DbSet`1&lt;Projeto_NFe.Domain.Features.Invoices.InvoiceInProcess&gt; Projeto_NFe.Infra.ORM.Context.ProjetoNFeContext::get_InvoicesProcess()</Name>
              <FileRef uid="177" />
              <SequencePoints />
              <BranchPoints />
            </Method>
            <Method skippedDueTo="AutoImplementedProperty" visited="false" cyclomaticComplexity="1" nPathComplexity="0" sequenceCoverage="0" branchCoverage="0" crapScore="0" isConstructor="false" isStatic="false" isGetter="false" isSetter="true">
              <MetadataToken>100663346</MetadataToken>
              <Name>System.Void Projeto_NFe.Infra.ORM.Context.ProjetoNFeContext::set_InvoicesProcess(System.Data.Entity.DbSet`1&lt;Projeto_NFe.Domain.Features.Invoices.InvoiceInProcess&gt;)</Name>
              <FileRef uid="177" />
              <SequencePoints />
              <BranchPoints />
            </Method>
            <Method skippedDueTo="AutoImplementedProperty" visited="false" cyclomaticComplexity="1" nPathComplexity="0" sequenceCoverage="0" branchCoverage="0" crapScore="0" isConstructor="false" isStatic="false" isGetter="true" isSetter="false">
              <MetadataToken>100663347</MetadataToken>
              <Name>System.Data.Entity.DbSet`1&lt;Projeto_NFe.Domain.Features.ItemInvoices.ItemInvoice&gt; Projeto_NFe.Infra.ORM.Context.ProjetoNFeContext::get_ItemInvoices()</Name>
              <FileRef uid="177" />
              <SequencePoints />
              <BranchPoints />
            </Method>
            <Method skippedDueTo="AutoImplementedProperty" visited="false" cyclomaticComplexity="1" nPathComplexity="0" sequenceCoverage="0" branchCoverage="0" crapScore="0" isConstructor="false" isStatic="false" isGetter="false" isSetter="true">
              <MetadataToken>100663348</MetadataToken>
              <Name>System.Void Projeto_NFe.Infra.ORM.Context.ProjetoNFeContext::set_ItemInvoices(System.Data.Entity.DbSet`1&lt;Projeto_NFe.Domain.Features.ItemInvoices.ItemInvoice&gt;)</Name>
              <FileRef uid="177" />
              <SequencePoints />
              <BranchPoints />
            </Method>
            <Method skippedDueTo="AutoImplementedProperty" visited="false" cyclomaticComplexity="1" nPathComplexity="0" sequenceCoverage="0" branchCoverage="0" crapScore="0" isConstructor="false" isStatic="false" isGetter="true" isSetter="false">
              <MetadataToken>100663349</MetadataToken>
              <Name>System.Data.Entity.DbSet`1&lt;Projeto_NFe.Domain.Features.Products.Product&gt; Projeto_NFe.Infra.ORM.Context.ProjetoNFeContext::get_Products()</Name>
              <FileRef uid="177" />
              <SequencePoints />
              <BranchPoints />
            </Method>
            <Method skippedDueTo="AutoImplementedProperty" visited="false" cyclomaticComplexity="1" nPathComplexity="0" sequenceCoverage="0" branchCoverage="0" crapScore="0" isConstructor="false" isStatic="false" isGetter="false" isSetter="true">
              <MetadataToken>100663350</MetadataToken>
              <Name>System.Void Projeto_NFe.Infra.ORM.Context.ProjetoNFeContext::set_Products(System.Data.Entity.DbSet`1&lt;Projeto_NFe.Domain.Features.Products.Product&gt;)</Name>
              <FileRef uid="177" />
              <SequencePoints />
              <BranchPoints />
            </Method>
            <Method skippedDueTo="AutoImplementedProperty" visited="false" cyclomaticComplexity="1" nPathComplexity="0" sequenceCoverage="0" branchCoverage="0" crapScore="0" isConstructor="false" isStatic="false" isGetter="true" isSetter="false">
              <MetadataToken>100663351</MetadataToken>
              <Name>System.Data.Entity.DbSet`1&lt;Projeto_NFe.Domain.Features.Receivers.Receiver&gt; Projeto_NFe.Infra.ORM.Context.ProjetoNFeContext::get_Receivers()</Name>
              <FileRef uid="177" />
              <SequencePoints />
              <BranchPoints />
            </Method>
            <Method skippedDueTo="AutoImplementedProperty" visited="false" cyclomaticComplexity="1" nPathComplexity="0" sequenceCoverage="0" branchCoverage="0" crapScore="0" isConstructor="false" isStatic="false" isGetter="false" isSetter="true">
              <MetadataToken>100663352</MetadataToken>
              <Name>System.Void Projeto_NFe.Infra.ORM.Context.ProjetoNFeContext::set_Receivers(System.Data.Entity.DbSet`1&lt;Projeto_NFe.Domain.Features.Receivers.Receiver&gt;)</Name>
              <FileRef uid="177" />
              <SequencePoints />
              <BranchPoints />
            </Method>
            <Method visited="false" cyclomaticComplexity="1" nPathComplexity="0" sequenceCoverage="0" branchCoverage="0" crapScore="2" isConstructor="true" isStatic="false" isGetter="false" isSetter="false">
              <Summary numSequencePoints="5" visitedSequencePoints="0" numBranchPoints="1" visitedBranchPoints="0" sequenceCoverage="0" branchCoverage="0" maxCyclomaticComplexity="1" minCyclomaticComplexity="1" maxCrapScore="2" minCrapScore="2" visitedClasses="0" numClasses="0" visitedMethods="0" numMethods="1" />
              <MetadataToken>100663337</MetadataToken>
              <Name>System.Void Projeto_NFe.Infra.ORM.Context.ProjetoNFeContext::.ctor()</Name>
              <FileRef uid="177" />
              <SequencePoints>
                <SequencePoint vc="0" uspid="1149" ordinal="0" offset="0" sl="19" sc="32" el="19" ec="55" bec="0" bev="0" fileid="177" />
                <SequencePoint vc="0" uspid="1150" ordinal="1" offset="12" sl="20" sc="3" el="20" ec="4" bec="0" bev="0" fileid="177" />
                <SequencePoint vc="0" uspid="1151" ordinal="2" offset="13" sl="21" sc="4" el="21" ec="45" bec="0" bev="0" fileid="177" />
                <SequencePoint vc="0" uspid="1152" ordinal="3" offset="26" sl="22" sc="4" el="22" ec="47" bec="0" bev="0" fileid="177" />
                <SequencePoint vc="0" uspid="1153" ordinal="4" offset="39" sl="23" sc="3" el="23" ec="4" bec="0" bev="0" fileid="177" />
              </SequencePoints>
              <BranchPoints />
              <MethodPoint xsi:type="SequencePoint" vc="0" uspid="1149" ordinal="0" offset="0" sl="19" sc="32" el="19" ec="55" bec="0" bev="0" fileid="177" />
            </Method>
            <Method visited="false" cyclomaticComplexity="1" nPathComplexity="0" sequenceCoverage="0" branchCoverage="0" crapScore="2" isConstructor="true" isStatic="false" isGetter="false" isSetter="false">
              <Summary numSequencePoints="3" visitedSequencePoints="0" numBranchPoints="1" visitedBranchPoints="0" sequenceCoverage="0" branchCoverage="0" maxCyclomaticComplexity="1" minCyclomaticComplexity="1" maxCrapScore="2" minCrapScore="2" visitedClasses="0" numClasses="0" visitedMethods="0" numMethods="1" />
              <MetadataToken>100663338</MetadataToken>
              <Name>System.Void Projeto_NFe.Infra.ORM.Context.ProjetoNFeContext::.ctor(System.Data.Common.DbConnection)</Name>
              <FileRef uid="177" />
              <SequencePoints>
                <SequencePoint vc="0" uspid="1154" ordinal="0" offset="0" sl="25" sc="58" el="25" ec="82" bec="0" bev="0" fileid="177" />
                <SequencePoint vc="0" uspid="1155" ordinal="1" offset="9" sl="25" sc="83" el="25" ec="84" bec="0" bev="0" fileid="177" />
                <SequencePoint vc="0" uspid="1156" ordinal="2" offset="10" sl="25" sc="85" el="25" ec="86" bec="0" bev="0" fileid="177" />
              </SequencePoints>
              <BranchPoints />
              <MethodPoint xsi:type="SequencePoint" vc="0" uspid="1154" ordinal="0" offset="0" sl="25" sc="58" el="25" ec="82" bec="0" bev="0" fileid="177" />
            </Method>
            <Method visited="false" cyclomaticComplexity="1" nPathComplexity="0" sequenceCoverage="0" branchCoverage="0" crapScore="2" isConstructor="false" isStatic="false" isGetter="false" isSetter="false">
              <Summary numSequencePoints="4" visitedSequencePoints="0" numBranchPoints="1" visitedBranchPoints="0" sequenceCoverage="0" branchCoverage="0" maxCyclomaticComplexity="1" minCyclomaticComplexity="1" maxCrapScore="2" minCrapScore="2" visitedClasses="0" numClasses="0" visitedMethods="0" numMethods="1" />
              <MetadataToken>100663339</MetadataToken>
              <Name>System.Void Projeto_NFe.Infra.ORM.Context.ProjetoNFeContext::OnModelCreating(System.Data.Entity.DbModelBuilder)</Name>
              <FileRef uid="177" />
              <SequencePoints>
                <SequencePoint vc="0" uspid="1157" ordinal="0" offset="0" sl="28" sc="3" el="28" ec="4" bec="0" bev="0" fileid="177" />
                <SequencePoint vc="0" uspid="1158" ordinal="1" offset="1" sl="29" sc="4" el="29" ec="101" bec="0" bev="0" fileid="177" />
                <SequencePoint vc="0" uspid="1159" ordinal="2" offset="18" sl="30" sc="4" el="30" ec="41" bec="0" bev="0" fileid="177" />
                <SequencePoint vc="0" uspid="1160" ordinal="3" offset="26" sl="31" sc="3" el="31" ec="4" bec="0" bev="0" fileid="177" />
              </SequencePoints>
              <BranchPoints />
              <MethodPoint xsi:type="SequencePoint" vc="0" uspid="1157" ordinal="0" offset="0" sl="28" sc="3" el="28" ec="4" bec="0" bev="0" fileid="177" />
            </Method>
            <Method visited="false" cyclomaticComplexity="1" nPathComplexity="0" sequenceCoverage="0" branchCoverage="0" crapScore="2" isConstructor="false" isStatic="false" isGetter="false" isSetter="false">
              <Summary numSequencePoints="8" visitedSequencePoints="0" numBranchPoints="1" visitedBranchPoints="0" sequenceCoverage="0" branchCoverage="0" maxCyclomaticComplexity="1" minCyclomaticComplexity="1" maxCrapScore="2" minCrapScore="2" visitedClasses="0" numClasses="0" visitedMethods="0" numMethods="1" />
              <MetadataToken>100663340</MetadataToken>
              <Name>System.Int32 Projeto_NFe.Infra.ORM.Context.ProjetoNFeContext::SaveChanges()</Name>
              <FileRef uid="177" />
              <SequencePoints>
                <SequencePoint vc="0" uspid="1161" ordinal="0" offset="0" sl="34" sc="3" el="34" ec="4" bec="0" bev="0" fileid="177" />
                <SequencePoint vc="0" uspid="1162" ordinal="1" offset="1" sl="35" sc="8" el="35" ec="9" bec="0" bev="0" fileid="177" />
                <SequencePoint vc="0" uspid="1163" ordinal="2" offset="2" sl="36" sc="5" el="36" ec="31" bec="0" bev="0" fileid="177" />
                <SequencePoint vc="0" uspid="1164" ordinal="3" offset="11" sl="37" sc="6" el="37" ec="43" bec="0" bev="0" fileid="177" />
                <SequencePoint vc="0" uspid="1165" ordinal="4" offset="12" sl="37" sc="44" el="37" ec="45" bec="0" bev="0" fileid="177" />
                <SequencePoint vc="0" uspid="1166" ordinal="5" offset="13" sl="38" sc="5" el="38" ec="70" bec="0" bev="0" fileid="177" />
                <SequencePoint vc="0" uspid="1167" ordinal="6" offset="20" sl="39" sc="5" el="39" ec="24" bec="0" bev="0" fileid="177" />
                <SequencePoint vc="0" uspid="1168" ordinal="7" offset="22" sl="41" sc="3" el="41" ec="4" bec="0" bev="0" fileid="177" />
              </SequencePoints>
              <BranchPoints />
              <MethodPoint xsi:type="SequencePoint" vc="0" uspid="1161" ordinal="0" offset="0" sl="34" sc="3" el="34" ec="4" bec="0" bev="0" fileid="177" />
            </Method>
          </Methods>
        </Class>
      </Classes>
    </Module>
  </Modules>
</CoverageSession>